<?xml version="1.0" encoding="UTF-8" ?>
<testsuite errors="0" failures="0" name="fr.expression4j.test.ComplexTest" tests="16" time="0.31">
  <properties>
    <property name="java.runtime.name" value="Java(TM) 2 Runtime Environment, Standard Edition"></property>
    <property name="sun.boot.library.path" value="/home/sginer/tools/jdk1.5.0_07/jre/lib/i386"></property>
    <property name="java.vm.version" value="1.5.0_07-b03"></property>
    <property name="ant.library.dir" value="/home/sginer/tools/eclipse/plugins/org.apache.ant_1.6.5/lib"></property>
    <property name="test.home" value="/home/sginer/workspace/expression4j/image/test"></property>
    <property name="image" value="/home/sginer/workspace/expression4j/image"></property>
    <property name="extlib" value="/home/sginer/workspace/expression4j/extLib"></property>
    <property name="ant.version" value="Apache Ant version 1.6.5 compiled on June 2 2005"></property>
    <property name="ant.java.version" value="1.5"></property>
    <property name="java.vm.vendor" value="Sun Microsystems Inc."></property>
    <property name="java.vendor.url" value="http://java.sun.com/"></property>
    <property name="path.separator" value=":"></property>
    <property name="doc" value="/home/sginer/workspace/expression4j/image/doc"></property>
    <property name="java.vm.name" value="Java HotSpot(TM) Client VM"></property>
    <property name="file.encoding.pkg" value="sun.io"></property>
    <property name="user.country" value="FR"></property>
    <property name="sun.os.patch.level" value="unknown"></property>
    <property name="ant.file.null" value="/home/sginer/workspace/expression4j/build/build.xml"></property>
    <property name="test" value="/home/sginer/workspace/expression4j/image/test"></property>
    <property name="java.vm.specification.name" value="Java Virtual Machine Specification"></property>
    <property name="user.dir" value="/home/sginer/workspace/expression4j"></property>
    <property name="lib" value="/home/sginer/workspace/expression4j/image/lib"></property>
    <property name="java.runtime.version" value="1.5.0_07-b03"></property>
    <property name="java.awt.graphicsenv" value="sun.awt.X11GraphicsEnvironment"></property>
    <property name="basedir" value="/home/sginer/workspace/expression4j/build"></property>
    <property name="java.endorsed.dirs" value="/home/sginer/tools/jdk1.5.0_07/jre/lib/endorsed"></property>
    <property name="os.arch" value="i386"></property>
    <property name="sample" value="/home/sginer/workspace/expression4j/image/sample"></property>
    <property name="java.io.tmpdir" value="/tmp"></property>
    <property name="line.separator" value="
"></property>
    <property name="java.vm.specification.vendor" value="Sun Microsystems Inc."></property>
    <property name="os.name" value="Linux"></property>
    <property name="home.src" value="/home/sginer/workspace/expression4j/src"></property>
    <property name="ant.home" value="/home/sginer/tools/eclipse/plugins/org.apache.ant_1.6.5"></property>
    <property name="ant.project.name" value="Expression4J"></property>
    <property name="sun.jnu.encoding" value="UTF-8"></property>
    <property name="java.library.path" value="/home/sginer/tools/jdk1.5.0_07/jre/lib/i386/client:/home/sginer/tools/jdk1.5.0_07/jre/lib/i386:/home/sginer/tools/jdk1.5.0_07/jre/../lib/i386:/home/sginer/tools/eclipse/configuration/org.eclipse.osgi/bundles/293/1/.cp"></property>
    <property name="src" value="/home/sginer/workspace/expression4j/image/src"></property>
    <property name="java.specification.name" value="Java Platform API Specification"></property>
    <property name="java.class.version" value="49.0"></property>
    <property name="sun.management.compiler" value="HotSpot Client Compiler"></property>
    <property name="os.version" value="2.6.15-26-386"></property>
    <property name="ant.file" value="/home/sginer/workspace/expression4j/test/build.xml"></property>
    <property name="user.home" value="/home/sginer"></property>
    <property name="expression4j.test.home" value="/home/sginer/workspace/expression4j/image/test"></property>
    <property name="user.timezone" value=""></property>
    <property name="java.awt.printerjob" value="sun.print.PSPrinterJob"></property>
    <property name="java.specification.version" value="1.5"></property>
    <property name="file.encoding" value="UTF-8"></property>
    <property name="user.name" value="sginer"></property>
    <property name="java.class.path" value="/home/sginer/tools/eclipse/plugins/org.apache.ant_1.6.5/lib/ant.jar:/home/sginer/tools/eclipse/plugins/org.apache.ant_1.6.5/lib/ant-antlr.jar:/home/sginer/tools/eclipse/plugins/org.apache.ant_1.6.5/lib/ant-apache-bcel.jar:/home/sginer/tools/eclipse/plugins/org.apache.ant_1.6.5/lib/ant-apache-bsf.jar:/home/sginer/tools/eclipse/plugins/org.apache.ant_1.6.5/lib/ant-apache-log4j.jar:/home/sginer/tools/eclipse/plugins/org.apache.ant_1.6.5/lib/ant-apache-oro.jar:/home/sginer/tools/eclipse/plugins/org.apache.ant_1.6.5/lib/ant-apache-regexp.jar:/home/sginer/tools/eclipse/plugins/org.apache.ant_1.6.5/lib/ant-apache-resolver.jar:/home/sginer/tools/eclipse/plugins/org.apache.ant_1.6.5/lib/ant-commons-logging.jar:/home/sginer/tools/eclipse/plugins/org.apache.ant_1.6.5/lib/ant-commons-net.jar:/home/sginer/tools/eclipse/plugins/org.apache.ant_1.6.5/lib/ant-icontract.jar:/home/sginer/tools/eclipse/plugins/org.apache.ant_1.6.5/lib/ant-jai.jar:/home/sginer/tools/eclipse/plugins/org.apache.ant_1.6.5/lib/ant-javamail.jar:/home/sginer/tools/eclipse/plugins/org.apache.ant_1.6.5/lib/ant-jdepend.jar:/home/sginer/tools/eclipse/plugins/org.apache.ant_1.6.5/lib/ant-jmf.jar:/home/sginer/tools/eclipse/plugins/org.apache.ant_1.6.5/lib/ant-jsch.jar:/home/sginer/tools/eclipse/plugins/org.apache.ant_1.6.5/lib/ant-junit.jar:/home/sginer/tools/eclipse/plugins/org.apache.ant_1.6.5/lib/ant-launcher.jar:/home/sginer/tools/eclipse/plugins/org.apache.ant_1.6.5/lib/ant-netrexx.jar:/home/sginer/tools/eclipse/plugins/org.apache.ant_1.6.5/lib/ant-nodeps.jar:/home/sginer/tools/eclipse/plugins/org.apache.ant_1.6.5/lib/ant-starteam.jar:/home/sginer/tools/eclipse/plugins/org.apache.ant_1.6.5/lib/ant-stylebook.jar:/home/sginer/tools/eclipse/plugins/org.apache.ant_1.6.5/lib/ant-swing.jar:/home/sginer/tools/eclipse/plugins/org.apache.ant_1.6.5/lib/ant-trax.jar:/home/sginer/tools/eclipse/plugins/org.apache.ant_1.6.5/lib/ant-vaj.jar:/home/sginer/tools/eclipse/plugins/org.apache.ant_1.6.5/lib/ant-weblogic.jar:/home/sginer/tools/eclipse/plugins/org.apache.ant_1.6.5/lib/ant-xalan1.jar:/home/sginer/tools/eclipse/plugins/org.apache.ant_1.6.5/lib/ant-xslp.jar:/home/sginer/tools/eclipse/configuration/org.eclipse.osgi/bundles/245/1/.cp/lib/remoteAnt.jar:/home/sginer/tools/jdk1.5.0_07/lib/tools.jar:/home/sginer/tools/eclipse/plugins/org.eclipse.swt.gtk.linux.x86_3.1.1.jar:/home/sginer/workspace/expression4j/extLib/expression4jCFG.jar:/home/sginer/tools/java/junit/junit4.1/junit-4.1.jar:/home/sginer/tools/java/xmlBeans/xmlbeans-2.2.0/lib/jsr173_1.0_api.jar:/home/sginer/tools/java/xmlBeans/xmlbeans-2.2.0/lib/xbean.jar:/home/sginer/tools/java/log4j/logging-log4j-1.2.13/dist/lib/log4j-1.2.13.jar"></property>
    <property name="expression4j.home" value="/home/sginer/workspace/expression4j"></property>
    <property name="java.vm.specification.version" value="1.0"></property>
    <property name="java.home" value="/home/sginer/tools/jdk1.5.0_07/jre"></property>
    <property name="sun.arch.data.model" value="32"></property>
    <property name="java.specification.vendor" value="Sun Microsystems Inc."></property>
    <property name="user.language" value="fr"></property>
    <property name="build" value="/home/sginer/workspace/expression4j/image/build"></property>
    <property name="java.vm.info" value="mixed mode, sharing"></property>
    <property name="java.version" value="1.5.0_07"></property>
    <property name="java.ext.dirs" value="/home/sginer/tools/jdk1.5.0_07/jre/lib/ext"></property>
    <property name="ant.file.Expression4J" value="/home/sginer/workspace/expression4j/test/build.xml"></property>
    <property name="sun.boot.class.path" value="/home/sginer/tools/jdk1.5.0_07/jre/lib/rt.jar:/home/sginer/tools/jdk1.5.0_07/jre/lib/i18n.jar:/home/sginer/tools/jdk1.5.0_07/jre/lib/sunrsasign.jar:/home/sginer/tools/jdk1.5.0_07/jre/lib/jsse.jar:/home/sginer/tools/jdk1.5.0_07/jre/lib/jce.jar:/home/sginer/tools/jdk1.5.0_07/jre/lib/charsets.jar:/home/sginer/tools/jdk1.5.0_07/jre/classes"></property>
    <property name="tmp" value="/home/sginer/workspace/expression4j/image/tmp"></property>
    <property name="java.vendor" value="Sun Microsystems Inc."></property>
    <property name="file.separator" value="/"></property>
    <property name="java.vendor.url.bug" value="http://java.sun.com/cgi-bin/bugreport.cgi"></property>
    <property name="sun.cpu.endian" value="little"></property>
    <property name="sun.io.unicode.encoding" value="UnicodeLittle"></property>
    <property name="sun.cpu.isalist" value=""></property>
  </properties>
  <testcase classname="fr.expression4j.test.complex.TestVariable" name="testEmptyCatalog" time="0.033"></testcase>
  <testcase classname="fr.expression4j.test.complex.TestVariable" name="testSmallVariable" time="0.089"></testcase>
  <testcase classname="fr.expression4j.test.complex.TestVariable" name="testLageNumberOfVariable" time="0.025"></testcase>
  <testcase classname="fr.expression4j.test.complex.TestVariable" name="testBigVariable" time="0.0020"></testcase>
  <testcase classname="fr.expression4j.test.complex.TestVariable" name="testMoreVariable" time="0.0030"></testcase>
  <testcase classname="fr.expression4j.test.complex.TestVariable" name="testInvalidVariableName" time="0.0010"></testcase>
  <testcase classname="fr.expression4j.test.complex.TestVariable" name="testInvalidVariableNumber" time="0.0030"></testcase>
  <testcase classname="fr.expression4j.test.complex.TestEvaluationWithVariable" name="testEmptyCatalog" time="0.0"></testcase>
  <testcase classname="fr.expression4j.test.complex.TestEvaluationWithVariable" name="testEvaluationSmallVariable" time="0.033"></testcase>
  <testcase classname="fr.expression4j.test.complex.TestEvaluationWithVariable" name="testEvaluationBigVariable" time="0.0030"></testcase>
  <testcase classname="fr.expression4j.test.complex.TestEvaluationWithVariable" name="testEvaluationVariableMoreThanOne" time="0.0090"></testcase>
  <testcase classname="fr.expression4j.test.complex.TestEvaluationWithVariable" name="testTranslateVariableName" time="0.055"></testcase>
  <testcase classname="fr.expression4j.test.complex.TestFunction" name="testSimpleFunction" time="0.0040"></testcase>
  <testcase classname="fr.expression4j.test.complex.TestFunction" name="testPredefinedFunction" time="0.0050"></testcase>
  <testcase classname="fr.expression4j.test.complex.TestFunction" name="testInvalidCatalog" time="0.0030"></testcase>
  <testcase classname="fr.expression4j.test.complex.TestFunction" name="testFunctionWithGivenCatalog" time="0.0070"></testcase>
  <system-out><![CDATA[1955 [main] DEBUG fr.expression4j.factory.ExpressionFactory  - Initialize factory
1955 [main] DEBUG fr.expression4j.factory.ExpressionFactory  - Initialize factory
1955 [main] DEBUG fr.expression4j.factory.ExpressionFactory  - Initialize factory
1980 [main] DEBUG fr.expression4j.factory.ExpressionFactory  - Factory initialised
1980 [main] DEBUG fr.expression4j.factory.ExpressionFactory  - Factory initialised
1980 [main] DEBUG fr.expression4j.factory.ExpressionFactory  - Factory initialised
1981 [main] DEBUG fr.expression4j.factory.ExpressionFactory  - Create catalog: Catalog
1981 [main] DEBUG fr.expression4j.factory.ExpressionFactory  - Create catalog: Catalog
1981 [main] DEBUG fr.expression4j.factory.ExpressionFactory  - Create catalog: Catalog
2008 [main] DEBUG fr.expression4j.factory.ExpressionFactory  - Create expression.
2008 [main] DEBUG fr.expression4j.factory.ExpressionFactory  - Create expression.
2008 [main] DEBUG fr.expression4j.factory.ExpressionFactory  - Create expression.
2010 [main] DEBUG fr.expression4j.factory.ExpressionFactory  - Expression to create: f(x)=1+2*x
2010 [main] DEBUG fr.expression4j.factory.ExpressionFactory  - Expression to create: f(x)=1+2*x
2010 [main] DEBUG fr.expression4j.factory.ExpressionFactory  - Expression to create: f(x)=1+2*x
2014 [main] DEBUG fr.expression4j.factory.ExpressionFactory  - Catalog: general
2014 [main] DEBUG fr.expression4j.factory.ExpressionFactory  - Catalog: general
2014 [main] DEBUG fr.expression4j.factory.ExpressionFactory  - Catalog: general
2014 [main] DEBUG fr.expression4j.factory.ExpressionFactory  - Model: default
2014 [main] DEBUG fr.expression4j.factory.ExpressionFactory  - Model: default
2014 [main] DEBUG fr.expression4j.factory.ExpressionFactory  - Model: default
2028 [main] DEBUG fr.expression4j.basic.impl.ComplexOrRealExpressionElement  - In parseElement
2028 [main] DEBUG fr.expression4j.basic.impl.ComplexOrRealExpressionElement  - In parseElement
2028 [main] DEBUG fr.expression4j.basic.impl.ComplexOrRealExpressionElement  - In parseElement
2028 [main] DEBUG fr.expression4j.basic.impl.ComplexOrRealExpressionElement  - start position: 5
2028 [main] DEBUG fr.expression4j.basic.impl.ComplexOrRealExpressionElement  - start position: 5
2028 [main] DEBUG fr.expression4j.basic.impl.ComplexOrRealExpressionElement  - start position: 5
2038 [main] DEBUG fr.expression4j.basic.impl.BinaryOperatorExpressionElement  - In parseElement.
2038 [main] DEBUG fr.expression4j.basic.impl.BinaryOperatorExpressionElement  - In parseElement.
2038 [main] DEBUG fr.expression4j.basic.impl.BinaryOperatorExpressionElement  - In parseElement.
2038 [main] DEBUG fr.expression4j.basic.impl.BinaryOperatorExpressionElement  - Current end position: 6
2038 [main] DEBUG fr.expression4j.basic.impl.BinaryOperatorExpressionElement  - Current end position: 6
2038 [main] DEBUG fr.expression4j.basic.impl.BinaryOperatorExpressionElement  - Current end position: 6
2038 [main] DEBUG fr.expression4j.basic.impl.BinaryOperatorExpressionElement  - In checkOperator.
2038 [main] DEBUG fr.expression4j.basic.impl.BinaryOperatorExpressionElement  - In checkOperator.
2038 [main] DEBUG fr.expression4j.basic.impl.BinaryOperatorExpressionElement  - In checkOperator.
2038 [main] DEBUG fr.expression4j.basic.impl.BinaryOperatorExpressionElement  - Operator Pow not found.
2038 [main] DEBUG fr.expression4j.basic.impl.BinaryOperatorExpressionElement  - Operator Pow not found.
2038 [main] DEBUG fr.expression4j.basic.impl.BinaryOperatorExpressionElement  - Operator Pow not found.
2038 [main] DEBUG fr.expression4j.basic.impl.BinaryOperatorExpressionElement  - No operator found.
2038 [main] DEBUG fr.expression4j.basic.impl.BinaryOperatorExpressionElement  - No operator found.
2038 [main] DEBUG fr.expression4j.basic.impl.BinaryOperatorExpressionElement  - No operator found.
2038 [main] DEBUG fr.expression4j.basic.impl.BinaryOperatorExpressionElement  - In parseElement.
2038 [main] DEBUG fr.expression4j.basic.impl.BinaryOperatorExpressionElement  - In parseElement.
2038 [main] DEBUG fr.expression4j.basic.impl.BinaryOperatorExpressionElement  - In parseElement.
2039 [main] DEBUG fr.expression4j.basic.impl.BinaryOperatorExpressionElement  - Current end position: 6
2039 [main] DEBUG fr.expression4j.basic.impl.BinaryOperatorExpressionElement  - Current end position: 6
2039 [main] DEBUG fr.expression4j.basic.impl.BinaryOperatorExpressionElement  - Current end position: 6
2039 [main] DEBUG fr.expression4j.basic.impl.BinaryOperatorExpressionElement  - In checkOperator.
2039 [main] DEBUG fr.expression4j.basic.impl.BinaryOperatorExpressionElement  - In checkOperator.
2039 [main] DEBUG fr.expression4j.basic.impl.BinaryOperatorExpressionElement  - In checkOperator.
2039 [main] DEBUG fr.expression4j.basic.impl.BinaryOperatorExpressionElement  - Operator Multiply not found.
2039 [main] DEBUG fr.expression4j.basic.impl.BinaryOperatorExpressionElement  - Operator Multiply not found.
2039 [main] DEBUG fr.expression4j.basic.impl.BinaryOperatorExpressionElement  - Operator Multiply not found.
2039 [main] DEBUG fr.expression4j.basic.impl.BinaryOperatorExpressionElement  - In checkOperator.
2039 [main] DEBUG fr.expression4j.basic.impl.BinaryOperatorExpressionElement  - In checkOperator.
2039 [main] DEBUG fr.expression4j.basic.impl.BinaryOperatorExpressionElement  - In checkOperator.
2039 [main] DEBUG fr.expression4j.basic.impl.BinaryOperatorExpressionElement  - Operator Divide not found.
2039 [main] DEBUG fr.expression4j.basic.impl.BinaryOperatorExpressionElement  - Operator Divide not found.
2039 [main] DEBUG fr.expression4j.basic.impl.BinaryOperatorExpressionElement  - Operator Divide not found.
2039 [main] DEBUG fr.expression4j.basic.impl.BinaryOperatorExpressionElement  - No operator found.
2039 [main] DEBUG fr.expression4j.basic.impl.BinaryOperatorExpressionElement  - No operator found.
2039 [main] DEBUG fr.expression4j.basic.impl.BinaryOperatorExpressionElement  - No operator found.
2039 [main] DEBUG fr.expression4j.basic.impl.BinaryOperatorExpressionElement  - In parseElement.
2039 [main] DEBUG fr.expression4j.basic.impl.BinaryOperatorExpressionElement  - In parseElement.
2039 [main] DEBUG fr.expression4j.basic.impl.BinaryOperatorExpressionElement  - In parseElement.
2039 [main] DEBUG fr.expression4j.basic.impl.BinaryOperatorExpressionElement  - Current end position: 6
2039 [main] DEBUG fr.expression4j.basic.impl.BinaryOperatorExpressionElement  - Current end position: 6
2039 [main] DEBUG fr.expression4j.basic.impl.BinaryOperatorExpressionElement  - Current end position: 6
2039 [main] DEBUG fr.expression4j.basic.impl.BinaryOperatorExpressionElement  - In checkOperator.
2039 [main] DEBUG fr.expression4j.basic.impl.BinaryOperatorExpressionElement  - In checkOperator.
2039 [main] DEBUG fr.expression4j.basic.impl.BinaryOperatorExpressionElement  - In checkOperator.
2039 [main] DEBUG fr.expression4j.basic.impl.BinaryOperatorExpressionElement  - Operator Plus found.
2039 [main] DEBUG fr.expression4j.basic.impl.BinaryOperatorExpressionElement  - Operator Plus found.
2039 [main] DEBUG fr.expression4j.basic.impl.BinaryOperatorExpressionElement  - Operator Plus found.
2039 [main] DEBUG fr.expression4j.basic.impl.BinaryOperatorExpressionElement  - Found operator Plus
2039 [main] DEBUG fr.expression4j.basic.impl.BinaryOperatorExpressionElement  - Found operator Plus
2039 [main] DEBUG fr.expression4j.basic.impl.BinaryOperatorExpressionElement  - Found operator Plus
2039 [main] DEBUG fr.expression4j.basic.impl.ComplexOrRealExpressionElement  - In parseElement
2039 [main] DEBUG fr.expression4j.basic.impl.ComplexOrRealExpressionElement  - In parseElement
2039 [main] DEBUG fr.expression4j.basic.impl.ComplexOrRealExpressionElement  - In parseElement
2039 [main] DEBUG fr.expression4j.basic.impl.ComplexOrRealExpressionElement  - start position: 7
2039 [main] DEBUG fr.expression4j.basic.impl.ComplexOrRealExpressionElement  - start position: 7
2039 [main] DEBUG fr.expression4j.basic.impl.ComplexOrRealExpressionElement  - start position: 7
2042 [main] DEBUG fr.expression4j.basic.impl.BinaryOperatorExpressionElement  - In parseElement.
2042 [main] DEBUG fr.expression4j.basic.impl.BinaryOperatorExpressionElement  - In parseElement.
2042 [main] DEBUG fr.expression4j.basic.impl.BinaryOperatorExpressionElement  - In parseElement.
2042 [main] DEBUG fr.expression4j.basic.impl.BinaryOperatorExpressionElement  - Current end position: 8
2042 [main] DEBUG fr.expression4j.basic.impl.BinaryOperatorExpressionElement  - Current end position: 8
2042 [main] DEBUG fr.expression4j.basic.impl.BinaryOperatorExpressionElement  - Current end position: 8
2042 [main] DEBUG fr.expression4j.basic.impl.BinaryOperatorExpressionElement  - In checkOperator.
2042 [main] DEBUG fr.expression4j.basic.impl.BinaryOperatorExpressionElement  - In checkOperator.
2042 [main] DEBUG fr.expression4j.basic.impl.BinaryOperatorExpressionElement  - In checkOperator.
2042 [main] DEBUG fr.expression4j.basic.impl.BinaryOperatorExpressionElement  - Operator Pow not found.
2042 [main] DEBUG fr.expression4j.basic.impl.BinaryOperatorExpressionElement  - Operator Pow not found.
2042 [main] DEBUG fr.expression4j.basic.impl.BinaryOperatorExpressionElement  - Operator Pow not found.
2042 [main] DEBUG fr.expression4j.basic.impl.BinaryOperatorExpressionElement  - No operator found.
2042 [main] DEBUG fr.expression4j.basic.impl.BinaryOperatorExpressionElement  - No operator found.
2042 [main] DEBUG fr.expression4j.basic.impl.BinaryOperatorExpressionElement  - No operator found.
2042 [main] DEBUG fr.expression4j.basic.impl.BinaryOperatorExpressionElement  - In parseElement.
2042 [main] DEBUG fr.expression4j.basic.impl.BinaryOperatorExpressionElement  - In parseElement.
2042 [main] DEBUG fr.expression4j.basic.impl.BinaryOperatorExpressionElement  - In parseElement.
2042 [main] DEBUG fr.expression4j.basic.impl.BinaryOperatorExpressionElement  - Current end position: 8
2042 [main] DEBUG fr.expression4j.basic.impl.BinaryOperatorExpressionElement  - Current end position: 8
2042 [main] DEBUG fr.expression4j.basic.impl.BinaryOperatorExpressionElement  - Current end position: 8
2043 [main] DEBUG fr.expression4j.basic.impl.BinaryOperatorExpressionElement  - In checkOperator.
2043 [main] DEBUG fr.expression4j.basic.impl.BinaryOperatorExpressionElement  - In checkOperator.
2043 [main] DEBUG fr.expression4j.basic.impl.BinaryOperatorExpressionElement  - In checkOperator.
2043 [main] DEBUG fr.expression4j.basic.impl.BinaryOperatorExpressionElement  - Operator Multiply found.
2043 [main] DEBUG fr.expression4j.basic.impl.BinaryOperatorExpressionElement  - Operator Multiply found.
2043 [main] DEBUG fr.expression4j.basic.impl.BinaryOperatorExpressionElement  - Operator Multiply found.
2043 [main] DEBUG fr.expression4j.basic.impl.BinaryOperatorExpressionElement  - Found operator Multiply
2043 [main] DEBUG fr.expression4j.basic.impl.BinaryOperatorExpressionElement  - Found operator Multiply
2043 [main] DEBUG fr.expression4j.basic.impl.BinaryOperatorExpressionElement  - Found operator Multiply
2068 [main] DEBUG fr.expression4j.basic.impl.ComplexOrRealExpressionElement  - In parseElement
2068 [main] DEBUG fr.expression4j.basic.impl.ComplexOrRealExpressionElement  - In parseElement
2068 [main] DEBUG fr.expression4j.basic.impl.ComplexOrRealExpressionElement  - In parseElement
2068 [main] DEBUG fr.expression4j.basic.impl.ComplexOrRealExpressionElement  - start position: 9
2068 [main] DEBUG fr.expression4j.basic.impl.ComplexOrRealExpressionElement  - start position: 9
2068 [main] DEBUG fr.expression4j.basic.impl.ComplexOrRealExpressionElement  - start position: 9
2070 [main] DEBUG fr.expression4j.factory.ExpressionFactory  - Expression created
2070 [main] DEBUG fr.expression4j.factory.ExpressionFactory  - Expression created
2070 [main] DEBUG fr.expression4j.factory.ExpressionFactory  - Expression created
2070 [main] DEBUG fr.expression4j.factory.ExpressionFactory  - Create expression.
2070 [main] DEBUG fr.expression4j.factory.ExpressionFactory  - Create expression.
2070 [main] DEBUG fr.expression4j.factory.ExpressionFactory  - Create expression.
2070 [main] DEBUG fr.expression4j.factory.ExpressionFactory  - Expression to create: f(a,b,c,d,e,f,g,h,i,j,k,l,m,n,o)=a+b+c+d+e+f+g+h+i+j+k+l+m+n+o
2070 [main] DEBUG fr.expression4j.factory.ExpressionFactory  - Expression to create: f(a,b,c,d,e,f,g,h,i,j,k,l,m,n,o)=a+b+c+d+e+f+g+h+i+j+k+l+m+n+o
2070 [main] DEBUG fr.expression4j.factory.ExpressionFactory  - Expression to create: f(a,b,c,d,e,f,g,h,i,j,k,l,m,n,o)=a+b+c+d+e+f+g+h+i+j+k+l+m+n+o
2070 [main] DEBUG fr.expression4j.factory.ExpressionFactory  - Catalog: general
2070 [main] DEBUG fr.expression4j.factory.ExpressionFactory  - Catalog: general
2070 [main] DEBUG fr.expression4j.factory.ExpressionFactory  - Catalog: general
2070 [main] DEBUG fr.expression4j.factory.ExpressionFactory  - Model: default
2070 [main] DEBUG fr.expression4j.factory.ExpressionFactory  - Model: default
2070 [main] DEBUG fr.expression4j.factory.ExpressionFactory  - Model: default
2070 [main] DEBUG fr.expression4j.basic.impl.ComplexOrRealExpressionElement  - In parseElement
2070 [main] DEBUG fr.expression4j.basic.impl.ComplexOrRealExpressionElement  - In parseElement
2070 [main] DEBUG fr.expression4j.basic.impl.ComplexOrRealExpressionElement  - In parseElement
2070 [main] DEBUG fr.expression4j.basic.impl.ComplexOrRealExpressionElement  - start position: 33
2070 [main] DEBUG fr.expression4j.basic.impl.ComplexOrRealExpressionElement  - start position: 33
2070 [main] DEBUG fr.expression4j.basic.impl.ComplexOrRealExpressionElement  - start position: 33
2071 [main] DEBUG fr.expression4j.basic.impl.BinaryOperatorExpressionElement  - In parseElement.
2071 [main] DEBUG fr.expression4j.basic.impl.BinaryOperatorExpressionElement  - In parseElement.
2071 [main] DEBUG fr.expression4j.basic.impl.BinaryOperatorExpressionElement  - In parseElement.
2071 [main] DEBUG fr.expression4j.basic.impl.BinaryOperatorExpressionElement  - Current end position: 34
2071 [main] DEBUG fr.expression4j.basic.impl.BinaryOperatorExpressionElement  - Current end position: 34
2071 [main] DEBUG fr.expression4j.basic.impl.BinaryOperatorExpressionElement  - Current end position: 34
2071 [main] DEBUG fr.expression4j.basic.impl.BinaryOperatorExpressionElement  - In checkOperator.
2071 [main] DEBUG fr.expression4j.basic.impl.BinaryOperatorExpressionElement  - In checkOperator.
2071 [main] DEBUG fr.expression4j.basic.impl.BinaryOperatorExpressionElement  - In checkOperator.
2071 [main] DEBUG fr.expression4j.basic.impl.BinaryOperatorExpressionElement  - Operator Pow not found.
2071 [main] DEBUG fr.expression4j.basic.impl.BinaryOperatorExpressionElement  - Operator Pow not found.
2071 [main] DEBUG fr.expression4j.basic.impl.BinaryOperatorExpressionElement  - Operator Pow not found.
2071 [main] DEBUG fr.expression4j.basic.impl.BinaryOperatorExpressionElement  - No operator found.
2071 [main] DEBUG fr.expression4j.basic.impl.BinaryOperatorExpressionElement  - No operator found.
2071 [main] DEBUG fr.expression4j.basic.impl.BinaryOperatorExpressionElement  - No operator found.
2071 [main] DEBUG fr.expression4j.basic.impl.BinaryOperatorExpressionElement  - In parseElement.
2071 [main] DEBUG fr.expression4j.basic.impl.BinaryOperatorExpressionElement  - In parseElement.
2071 [main] DEBUG fr.expression4j.basic.impl.BinaryOperatorExpressionElement  - In parseElement.
2071 [main] DEBUG fr.expression4j.basic.impl.BinaryOperatorExpressionElement  - Current end position: 34
2071 [main] DEBUG fr.expression4j.basic.impl.BinaryOperatorExpressionElement  - Current end position: 34
2071 [main] DEBUG fr.expression4j.basic.impl.BinaryOperatorExpressionElement  - Current end position: 34
2071 [main] DEBUG fr.expression4j.basic.impl.BinaryOperatorExpressionElement  - In checkOperator.
2071 [main] DEBUG fr.expression4j.basic.impl.BinaryOperatorExpressionElement  - In checkOperator.
2071 [main] DEBUG fr.expression4j.basic.impl.BinaryOperatorExpressionElement  - In checkOperator.
2071 [main] DEBUG fr.expression4j.basic.impl.BinaryOperatorExpressionElement  - Operator Multiply not found.
2071 [main] DEBUG fr.expression4j.basic.impl.BinaryOperatorExpressionElement  - Operator Multiply not found.
2071 [main] DEBUG fr.expression4j.basic.impl.BinaryOperatorExpressionElement  - Operator Multiply not found.
2071 [main] DEBUG fr.expression4j.basic.impl.BinaryOperatorExpressionElement  - In checkOperator.
2071 [main] DEBUG fr.expression4j.basic.impl.BinaryOperatorExpressionElement  - In checkOperator.
2071 [main] DEBUG fr.expression4j.basic.impl.BinaryOperatorExpressionElement  - In checkOperator.
2071 [main] DEBUG fr.expression4j.basic.impl.BinaryOperatorExpressionElement  - Operator Divide not found.
2071 [main] DEBUG fr.expression4j.basic.impl.BinaryOperatorExpressionElement  - Operator Divide not found.
2071 [main] DEBUG fr.expression4j.basic.impl.BinaryOperatorExpressionElement  - Operator Divide not found.
2071 [main] DEBUG fr.expression4j.basic.impl.BinaryOperatorExpressionElement  - No operator found.
2071 [main] DEBUG fr.expression4j.basic.impl.BinaryOperatorExpressionElement  - No operator found.
2071 [main] DEBUG fr.expression4j.basic.impl.BinaryOperatorExpressionElement  - No operator found.
2071 [main] DEBUG fr.expression4j.basic.impl.BinaryOperatorExpressionElement  - In parseElement.
2071 [main] DEBUG fr.expression4j.basic.impl.BinaryOperatorExpressionElement  - In parseElement.
2071 [main] DEBUG fr.expression4j.basic.impl.BinaryOperatorExpressionElement  - In parseElement.
2072 [main] DEBUG fr.expression4j.basic.impl.BinaryOperatorExpressionElement  - Current end position: 34
2072 [main] DEBUG fr.expression4j.basic.impl.BinaryOperatorExpressionElement  - Current end position: 34
2072 [main] DEBUG fr.expression4j.basic.impl.BinaryOperatorExpressionElement  - Current end position: 34
2072 [main] DEBUG fr.expression4j.basic.impl.BinaryOperatorExpressionElement  - In checkOperator.
2072 [main] DEBUG fr.expression4j.basic.impl.BinaryOperatorExpressionElement  - In checkOperator.
2072 [main] DEBUG fr.expression4j.basic.impl.BinaryOperatorExpressionElement  - In checkOperator.
2072 [main] DEBUG fr.expression4j.basic.impl.BinaryOperatorExpressionElement  - Operator Plus found.
2072 [main] DEBUG fr.expression4j.basic.impl.BinaryOperatorExpressionElement  - Operator Plus found.
2072 [main] DEBUG fr.expression4j.basic.impl.BinaryOperatorExpressionElement  - Operator Plus found.
2072 [main] DEBUG fr.expression4j.basic.impl.BinaryOperatorExpressionElement  - Found operator Plus
2072 [main] DEBUG fr.expression4j.basic.impl.BinaryOperatorExpressionElement  - Found operator Plus
2072 [main] DEBUG fr.expression4j.basic.impl.BinaryOperatorExpressionElement  - Found operator Plus
2072 [main] DEBUG fr.expression4j.basic.impl.ComplexOrRealExpressionElement  - In parseElement
2072 [main] DEBUG fr.expression4j.basic.impl.ComplexOrRealExpressionElement  - In parseElement
2072 [main] DEBUG fr.expression4j.basic.impl.ComplexOrRealExpressionElement  - In parseElement
2072 [main] DEBUG fr.expression4j.basic.impl.ComplexOrRealExpressionElement  - start position: 35
2072 [main] DEBUG fr.expression4j.basic.impl.ComplexOrRealExpressionElement  - start position: 35
2072 [main] DEBUG fr.expression4j.basic.impl.ComplexOrRealExpressionElement  - start position: 35
2072 [main] DEBUG fr.expression4j.basic.impl.BinaryOperatorExpressionElement  - In parseElement.
2072 [main] DEBUG fr.expression4j.basic.impl.BinaryOperatorExpressionElement  - In parseElement.
2072 [main] DEBUG fr.expression4j.basic.impl.BinaryOperatorExpressionElement  - In parseElement.
2073 [main] DEBUG fr.expression4j.basic.impl.BinaryOperatorExpressionElement  - Current end position: 36
2073 [main] DEBUG fr.expression4j.basic.impl.BinaryOperatorExpressionElement  - Current end position: 36
2073 [main] DEBUG fr.expression4j.basic.impl.BinaryOperatorExpressionElement  - Current end position: 36
2073 [main] DEBUG fr.expression4j.basic.impl.BinaryOperatorExpressionElement  - In checkOperator.
2073 [main] DEBUG fr.expression4j.basic.impl.BinaryOperatorExpressionElement  - In checkOperator.
2073 [main] DEBUG fr.expression4j.basic.impl.BinaryOperatorExpressionElement  - In checkOperator.
2073 [main] DEBUG fr.expression4j.basic.impl.BinaryOperatorExpressionElement  - Operator Pow not found.
2073 [main] DEBUG fr.expression4j.basic.impl.BinaryOperatorExpressionElement  - Operator Pow not found.
2073 [main] DEBUG fr.expression4j.basic.impl.BinaryOperatorExpressionElement  - Operator Pow not found.
2073 [main] DEBUG fr.expression4j.basic.impl.BinaryOperatorExpressionElement  - No operator found.
2073 [main] DEBUG fr.expression4j.basic.impl.BinaryOperatorExpressionElement  - No operator found.
2073 [main] DEBUG fr.expression4j.basic.impl.BinaryOperatorExpressionElement  - No operator found.
2073 [main] DEBUG fr.expression4j.basic.impl.BinaryOperatorExpressionElement  - In parseElement.
2073 [main] DEBUG fr.expression4j.basic.impl.BinaryOperatorExpressionElement  - In parseElement.
2073 [main] DEBUG fr.expression4j.basic.impl.BinaryOperatorExpressionElement  - In parseElement.
2073 [main] DEBUG fr.expression4j.basic.impl.BinaryOperatorExpressionElement  - Current end position: 36
2073 [main] DEBUG fr.expression4j.basic.impl.BinaryOperatorExpressionElement  - Current end position: 36
2073 [main] DEBUG fr.expression4j.basic.impl.BinaryOperatorExpressionElement  - Current end position: 36
2073 [main] DEBUG fr.expression4j.basic.impl.BinaryOperatorExpressionElement  - In checkOperator.
2073 [main] DEBUG fr.expression4j.basic.impl.BinaryOperatorExpressionElement  - In checkOperator.
2073 [main] DEBUG fr.expression4j.basic.impl.BinaryOperatorExpressionElement  - In checkOperator.
2073 [main] DEBUG fr.expression4j.basic.impl.BinaryOperatorExpressionElement  - Operator Multiply not found.
2073 [main] DEBUG fr.expression4j.basic.impl.BinaryOperatorExpressionElement  - Operator Multiply not found.
2073 [main] DEBUG fr.expression4j.basic.impl.BinaryOperatorExpressionElement  - Operator Multiply not found.
2073 [main] DEBUG fr.expression4j.basic.impl.BinaryOperatorExpressionElement  - In checkOperator.
2073 [main] DEBUG fr.expression4j.basic.impl.BinaryOperatorExpressionElement  - In checkOperator.
2073 [main] DEBUG fr.expression4j.basic.impl.BinaryOperatorExpressionElement  - In checkOperator.
2073 [main] DEBUG fr.expression4j.basic.impl.BinaryOperatorExpressionElement  - Operator Divide not found.
2073 [main] DEBUG fr.expression4j.basic.impl.BinaryOperatorExpressionElement  - Operator Divide not found.
2073 [main] DEBUG fr.expression4j.basic.impl.BinaryOperatorExpressionElement  - Operator Divide not found.
2073 [main] DEBUG fr.expression4j.basic.impl.BinaryOperatorExpressionElement  - No operator found.
2073 [main] DEBUG fr.expression4j.basic.impl.BinaryOperatorExpressionElement  - No operator found.
2073 [main] DEBUG fr.expression4j.basic.impl.BinaryOperatorExpressionElement  - No operator found.
2073 [main] DEBUG fr.expression4j.basic.impl.BinaryOperatorExpressionElement  - In parseElement.
2073 [main] DEBUG fr.expression4j.basic.impl.BinaryOperatorExpressionElement  - In parseElement.
2073 [main] DEBUG fr.expression4j.basic.impl.BinaryOperatorExpressionElement  - In parseElement.
2073 [main] DEBUG fr.expression4j.basic.impl.BinaryOperatorExpressionElement  - Current end position: 36
2073 [main] DEBUG fr.expression4j.basic.impl.BinaryOperatorExpressionElement  - Current end position: 36
2073 [main] DEBUG fr.expression4j.basic.impl.BinaryOperatorExpressionElement  - Current end position: 36
2073 [main] DEBUG fr.expression4j.basic.impl.BinaryOperatorExpressionElement  - In checkOperator.
2073 [main] DEBUG fr.expression4j.basic.impl.BinaryOperatorExpressionElement  - In checkOperator.
2073 [main] DEBUG fr.expression4j.basic.impl.BinaryOperatorExpressionElement  - In checkOperator.
2073 [main] DEBUG fr.expression4j.basic.impl.BinaryOperatorExpressionElement  - Operator Plus found.
2073 [main] DEBUG fr.expression4j.basic.impl.BinaryOperatorExpressionElement  - Operator Plus found.
2073 [main] DEBUG fr.expression4j.basic.impl.BinaryOperatorExpressionElement  - Operator Plus found.
2073 [main] DEBUG fr.expression4j.basic.impl.BinaryOperatorExpressionElement  - Found operator Plus
2073 [main] DEBUG fr.expression4j.basic.impl.BinaryOperatorExpressionElement  - Found operator Plus
2073 [main] DEBUG fr.expression4j.basic.impl.BinaryOperatorExpressionElement  - Found operator Plus
2073 [main] DEBUG fr.expression4j.basic.impl.ComplexOrRealExpressionElement  - In parseElement
2073 [main] DEBUG fr.expression4j.basic.impl.ComplexOrRealExpressionElement  - In parseElement
2073 [main] DEBUG fr.expression4j.basic.impl.ComplexOrRealExpressionElement  - In parseElement
2073 [main] DEBUG fr.expression4j.basic.impl.ComplexOrRealExpressionElement  - start position: 37
2073 [main] DEBUG fr.expression4j.basic.impl.ComplexOrRealExpressionElement  - start position: 37
2073 [main] DEBUG fr.expression4j.basic.impl.ComplexOrRealExpressionElement  - start position: 37
2074 [main] DEBUG fr.expression4j.basic.impl.BinaryOperatorExpressionElement  - In parseElement.
2074 [main] DEBUG fr.expression4j.basic.impl.BinaryOperatorExpressionElement  - In parseElement.
2074 [main] DEBUG fr.expression4j.basic.impl.BinaryOperatorExpressionElement  - In parseElement.
2074 [main] DEBUG fr.expression4j.basic.impl.BinaryOperatorExpressionElement  - Current end position: 38
2074 [main] DEBUG fr.expression4j.basic.impl.BinaryOperatorExpressionElement  - Current end position: 38
2074 [main] DEBUG fr.expression4j.basic.impl.BinaryOperatorExpressionElement  - Current end position: 38
2074 [main] DEBUG fr.expression4j.basic.impl.BinaryOperatorExpressionElement  - In checkOperator.
2074 [main] DEBUG fr.expression4j.basic.impl.BinaryOperatorExpressionElement  - In checkOperator.
2074 [main] DEBUG fr.expression4j.basic.impl.BinaryOperatorExpressionElement  - In checkOperator.
2074 [main] DEBUG fr.expression4j.basic.impl.BinaryOperatorExpressionElement  - Operator Pow not found.
2074 [main] DEBUG fr.expression4j.basic.impl.BinaryOperatorExpressionElement  - Operator Pow not found.
2074 [main] DEBUG fr.expression4j.basic.impl.BinaryOperatorExpressionElement  - Operator Pow not found.
2074 [main] DEBUG fr.expression4j.basic.impl.BinaryOperatorExpressionElement  - No operator found.
2074 [main] DEBUG fr.expression4j.basic.impl.BinaryOperatorExpressionElement  - No operator found.
2074 [main] DEBUG fr.expression4j.basic.impl.BinaryOperatorExpressionElement  - No operator found.
2074 [main] DEBUG fr.expression4j.basic.impl.BinaryOperatorExpressionElement  - In parseElement.
2074 [main] DEBUG fr.expression4j.basic.impl.BinaryOperatorExpressionElement  - In parseElement.
2074 [main] DEBUG fr.expression4j.basic.impl.BinaryOperatorExpressionElement  - In parseElement.
2074 [main] DEBUG fr.expression4j.basic.impl.BinaryOperatorExpressionElement  - Current end position: 38
2074 [main] DEBUG fr.expression4j.basic.impl.BinaryOperatorExpressionElement  - Current end position: 38
2074 [main] DEBUG fr.expression4j.basic.impl.BinaryOperatorExpressionElement  - Current end position: 38
2074 [main] DEBUG fr.expression4j.basic.impl.BinaryOperatorExpressionElement  - In checkOperator.
2074 [main] DEBUG fr.expression4j.basic.impl.BinaryOperatorExpressionElement  - In checkOperator.
2074 [main] DEBUG fr.expression4j.basic.impl.BinaryOperatorExpressionElement  - In checkOperator.
2074 [main] DEBUG fr.expression4j.basic.impl.BinaryOperatorExpressionElement  - Operator Multiply not found.
2074 [main] DEBUG fr.expression4j.basic.impl.BinaryOperatorExpressionElement  - Operator Multiply not found.
2074 [main] DEBUG fr.expression4j.basic.impl.BinaryOperatorExpressionElement  - Operator Multiply not found.
2074 [main] DEBUG fr.expression4j.basic.impl.BinaryOperatorExpressionElement  - In checkOperator.
2074 [main] DEBUG fr.expression4j.basic.impl.BinaryOperatorExpressionElement  - In checkOperator.
2074 [main] DEBUG fr.expression4j.basic.impl.BinaryOperatorExpressionElement  - In checkOperator.
2074 [main] DEBUG fr.expression4j.basic.impl.BinaryOperatorExpressionElement  - Operator Divide not found.
2074 [main] DEBUG fr.expression4j.basic.impl.BinaryOperatorExpressionElement  - Operator Divide not found.
2074 [main] DEBUG fr.expression4j.basic.impl.BinaryOperatorExpressionElement  - Operator Divide not found.
2074 [main] DEBUG fr.expression4j.basic.impl.BinaryOperatorExpressionElement  - No operator found.
2074 [main] DEBUG fr.expression4j.basic.impl.BinaryOperatorExpressionElement  - No operator found.
2074 [main] DEBUG fr.expression4j.basic.impl.BinaryOperatorExpressionElement  - No operator found.
2074 [main] DEBUG fr.expression4j.basic.impl.BinaryOperatorExpressionElement  - In parseElement.
2074 [main] DEBUG fr.expression4j.basic.impl.BinaryOperatorExpressionElement  - In parseElement.
2074 [main] DEBUG fr.expression4j.basic.impl.BinaryOperatorExpressionElement  - In parseElement.
2074 [main] DEBUG fr.expression4j.basic.impl.BinaryOperatorExpressionElement  - Current end position: 38
2074 [main] DEBUG fr.expression4j.basic.impl.BinaryOperatorExpressionElement  - Current end position: 38
2074 [main] DEBUG fr.expression4j.basic.impl.BinaryOperatorExpressionElement  - Current end position: 38
2074 [main] DEBUG fr.expression4j.basic.impl.BinaryOperatorExpressionElement  - In checkOperator.
2074 [main] DEBUG fr.expression4j.basic.impl.BinaryOperatorExpressionElement  - In checkOperator.
2074 [main] DEBUG fr.expression4j.basic.impl.BinaryOperatorExpressionElement  - In checkOperator.
2074 [main] DEBUG fr.expression4j.basic.impl.BinaryOperatorExpressionElement  - Operator Plus found.
2074 [main] DEBUG fr.expression4j.basic.impl.BinaryOperatorExpressionElement  - Operator Plus found.
2074 [main] DEBUG fr.expression4j.basic.impl.BinaryOperatorExpressionElement  - Operator Plus found.
2074 [main] DEBUG fr.expression4j.basic.impl.BinaryOperatorExpressionElement  - Found operator Plus
2074 [main] DEBUG fr.expression4j.basic.impl.BinaryOperatorExpressionElement  - Found operator Plus
2074 [main] DEBUG fr.expression4j.basic.impl.BinaryOperatorExpressionElement  - Found operator Plus
2074 [main] DEBUG fr.expression4j.basic.impl.ComplexOrRealExpressionElement  - In parseElement
2074 [main] DEBUG fr.expression4j.basic.impl.ComplexOrRealExpressionElement  - In parseElement
2074 [main] DEBUG fr.expression4j.basic.impl.ComplexOrRealExpressionElement  - In parseElement
2074 [main] DEBUG fr.expression4j.basic.impl.ComplexOrRealExpressionElement  - start position: 39
2074 [main] DEBUG fr.expression4j.basic.impl.ComplexOrRealExpressionElement  - start position: 39
2074 [main] DEBUG fr.expression4j.basic.impl.ComplexOrRealExpressionElement  - start position: 39
2074 [main] DEBUG fr.expression4j.basic.impl.BinaryOperatorExpressionElement  - In parseElement.
2074 [main] DEBUG fr.expression4j.basic.impl.BinaryOperatorExpressionElement  - In parseElement.
2074 [main] DEBUG fr.expression4j.basic.impl.BinaryOperatorExpressionElement  - In parseElement.
2075 [main] DEBUG fr.expression4j.basic.impl.BinaryOperatorExpressionElement  - Current end position: 40
2075 [main] DEBUG fr.expression4j.basic.impl.BinaryOperatorExpressionElement  - Current end position: 40
2075 [main] DEBUG fr.expression4j.basic.impl.BinaryOperatorExpressionElement  - Current end position: 40
2075 [main] DEBUG fr.expression4j.basic.impl.BinaryOperatorExpressionElement  - In checkOperator.
2075 [main] DEBUG fr.expression4j.basic.impl.BinaryOperatorExpressionElement  - In checkOperator.
2075 [main] DEBUG fr.expression4j.basic.impl.BinaryOperatorExpressionElement  - In checkOperator.
2075 [main] DEBUG fr.expression4j.basic.impl.BinaryOperatorExpressionElement  - Operator Pow not found.
2075 [main] DEBUG fr.expression4j.basic.impl.BinaryOperatorExpressionElement  - Operator Pow not found.
2075 [main] DEBUG fr.expression4j.basic.impl.BinaryOperatorExpressionElement  - Operator Pow not found.
2075 [main] DEBUG fr.expression4j.basic.impl.BinaryOperatorExpressionElement  - No operator found.
2075 [main] DEBUG fr.expression4j.basic.impl.BinaryOperatorExpressionElement  - No operator found.
2075 [main] DEBUG fr.expression4j.basic.impl.BinaryOperatorExpressionElement  - No operator found.
2075 [main] DEBUG fr.expression4j.basic.impl.BinaryOperatorExpressionElement  - In parseElement.
2075 [main] DEBUG fr.expression4j.basic.impl.BinaryOperatorExpressionElement  - In parseElement.
2075 [main] DEBUG fr.expression4j.basic.impl.BinaryOperatorExpressionElement  - In parseElement.
2075 [main] DEBUG fr.expression4j.basic.impl.BinaryOperatorExpressionElement  - Current end position: 40
2075 [main] DEBUG fr.expression4j.basic.impl.BinaryOperatorExpressionElement  - Current end position: 40
2075 [main] DEBUG fr.expression4j.basic.impl.BinaryOperatorExpressionElement  - Current end position: 40
2075 [main] DEBUG fr.expression4j.basic.impl.BinaryOperatorExpressionElement  - In checkOperator.
2075 [main] DEBUG fr.expression4j.basic.impl.BinaryOperatorExpressionElement  - In checkOperator.
2075 [main] DEBUG fr.expression4j.basic.impl.BinaryOperatorExpressionElement  - In checkOperator.
2075 [main] DEBUG fr.expression4j.basic.impl.BinaryOperatorExpressionElement  - Operator Multiply not found.
2075 [main] DEBUG fr.expression4j.basic.impl.BinaryOperatorExpressionElement  - Operator Multiply not found.
2075 [main] DEBUG fr.expression4j.basic.impl.BinaryOperatorExpressionElement  - Operator Multiply not found.
2075 [main] DEBUG fr.expression4j.basic.impl.BinaryOperatorExpressionElement  - In checkOperator.
2075 [main] DEBUG fr.expression4j.basic.impl.BinaryOperatorExpressionElement  - In checkOperator.
2075 [main] DEBUG fr.expression4j.basic.impl.BinaryOperatorExpressionElement  - In checkOperator.
2078 [main] DEBUG fr.expression4j.basic.impl.BinaryOperatorExpressionElement  - Operator Divide not found.
2078 [main] DEBUG fr.expression4j.basic.impl.BinaryOperatorExpressionElement  - Operator Divide not found.
2078 [main] DEBUG fr.expression4j.basic.impl.BinaryOperatorExpressionElement  - Operator Divide not found.
2078 [main] DEBUG fr.expression4j.basic.impl.BinaryOperatorExpressionElement  - No operator found.
2078 [main] DEBUG fr.expression4j.basic.impl.BinaryOperatorExpressionElement  - No operator found.
2078 [main] DEBUG fr.expression4j.basic.impl.BinaryOperatorExpressionElement  - No operator found.
2078 [main] DEBUG fr.expression4j.basic.impl.BinaryOperatorExpressionElement  - In parseElement.
2078 [main] DEBUG fr.expression4j.basic.impl.BinaryOperatorExpressionElement  - In parseElement.
2078 [main] DEBUG fr.expression4j.basic.impl.BinaryOperatorExpressionElement  - In parseElement.
2078 [main] DEBUG fr.expression4j.basic.impl.BinaryOperatorExpressionElement  - Current end position: 40
2078 [main] DEBUG fr.expression4j.basic.impl.BinaryOperatorExpressionElement  - Current end position: 40
2078 [main] DEBUG fr.expression4j.basic.impl.BinaryOperatorExpressionElement  - Current end position: 40
2078 [main] DEBUG fr.expression4j.basic.impl.BinaryOperatorExpressionElement  - In checkOperator.
2078 [main] DEBUG fr.expression4j.basic.impl.BinaryOperatorExpressionElement  - In checkOperator.
2078 [main] DEBUG fr.expression4j.basic.impl.BinaryOperatorExpressionElement  - In checkOperator.
2078 [main] DEBUG fr.expression4j.basic.impl.BinaryOperatorExpressionElement  - Operator Plus found.
2078 [main] DEBUG fr.expression4j.basic.impl.BinaryOperatorExpressionElement  - Operator Plus found.
2078 [main] DEBUG fr.expression4j.basic.impl.BinaryOperatorExpressionElement  - Operator Plus found.
2078 [main] DEBUG fr.expression4j.basic.impl.BinaryOperatorExpressionElement  - Found operator Plus
2078 [main] DEBUG fr.expression4j.basic.impl.BinaryOperatorExpressionElement  - Found operator Plus
2078 [main] DEBUG fr.expression4j.basic.impl.BinaryOperatorExpressionElement  - Found operator Plus
2079 [main] DEBUG fr.expression4j.basic.impl.ComplexOrRealExpressionElement  - In parseElement
2079 [main] DEBUG fr.expression4j.basic.impl.ComplexOrRealExpressionElement  - In parseElement
2079 [main] DEBUG fr.expression4j.basic.impl.ComplexOrRealExpressionElement  - In parseElement
2079 [main] DEBUG fr.expression4j.basic.impl.ComplexOrRealExpressionElement  - start position: 41
2079 [main] DEBUG fr.expression4j.basic.impl.ComplexOrRealExpressionElement  - start position: 41
2079 [main] DEBUG fr.expression4j.basic.impl.ComplexOrRealExpressionElement  - start position: 41
2079 [main] DEBUG fr.expression4j.basic.impl.BinaryOperatorExpressionElement  - In parseElement.
2079 [main] DEBUG fr.expression4j.basic.impl.BinaryOperatorExpressionElement  - In parseElement.
2079 [main] DEBUG fr.expression4j.basic.impl.BinaryOperatorExpressionElement  - In parseElement.
2079 [main] DEBUG fr.expression4j.basic.impl.BinaryOperatorExpressionElement  - Current end position: 42
2079 [main] DEBUG fr.expression4j.basic.impl.BinaryOperatorExpressionElement  - Current end position: 42
2079 [main] DEBUG fr.expression4j.basic.impl.BinaryOperatorExpressionElement  - Current end position: 42
2079 [main] DEBUG fr.expression4j.basic.impl.BinaryOperatorExpressionElement  - In checkOperator.
2079 [main] DEBUG fr.expression4j.basic.impl.BinaryOperatorExpressionElement  - In checkOperator.
2079 [main] DEBUG fr.expression4j.basic.impl.BinaryOperatorExpressionElement  - In checkOperator.
2079 [main] DEBUG fr.expression4j.basic.impl.BinaryOperatorExpressionElement  - Operator Pow not found.
2079 [main] DEBUG fr.expression4j.basic.impl.BinaryOperatorExpressionElement  - Operator Pow not found.
2079 [main] DEBUG fr.expression4j.basic.impl.BinaryOperatorExpressionElement  - Operator Pow not found.
2079 [main] DEBUG fr.expression4j.basic.impl.BinaryOperatorExpressionElement  - No operator found.
2079 [main] DEBUG fr.expression4j.basic.impl.BinaryOperatorExpressionElement  - No operator found.
2079 [main] DEBUG fr.expression4j.basic.impl.BinaryOperatorExpressionElement  - No operator found.
2079 [main] DEBUG fr.expression4j.basic.impl.BinaryOperatorExpressionElement  - In parseElement.
2079 [main] DEBUG fr.expression4j.basic.impl.BinaryOperatorExpressionElement  - In parseElement.
2079 [main] DEBUG fr.expression4j.basic.impl.BinaryOperatorExpressionElement  - In parseElement.
2079 [main] DEBUG fr.expression4j.basic.impl.BinaryOperatorExpressionElement  - Current end position: 42
2079 [main] DEBUG fr.expression4j.basic.impl.BinaryOperatorExpressionElement  - Current end position: 42
2079 [main] DEBUG fr.expression4j.basic.impl.BinaryOperatorExpressionElement  - Current end position: 42
2079 [main] DEBUG fr.expression4j.basic.impl.BinaryOperatorExpressionElement  - In checkOperator.
2079 [main] DEBUG fr.expression4j.basic.impl.BinaryOperatorExpressionElement  - In checkOperator.
2079 [main] DEBUG fr.expression4j.basic.impl.BinaryOperatorExpressionElement  - In checkOperator.
2079 [main] DEBUG fr.expression4j.basic.impl.BinaryOperatorExpressionElement  - Operator Multiply not found.
2079 [main] DEBUG fr.expression4j.basic.impl.BinaryOperatorExpressionElement  - Operator Multiply not found.
2079 [main] DEBUG fr.expression4j.basic.impl.BinaryOperatorExpressionElement  - Operator Multiply not found.
2079 [main] DEBUG fr.expression4j.basic.impl.BinaryOperatorExpressionElement  - In checkOperator.
2079 [main] DEBUG fr.expression4j.basic.impl.BinaryOperatorExpressionElement  - In checkOperator.
2079 [main] DEBUG fr.expression4j.basic.impl.BinaryOperatorExpressionElement  - In checkOperator.
2079 [main] DEBUG fr.expression4j.basic.impl.BinaryOperatorExpressionElement  - Operator Divide not found.
2079 [main] DEBUG fr.expression4j.basic.impl.BinaryOperatorExpressionElement  - Operator Divide not found.
2079 [main] DEBUG fr.expression4j.basic.impl.BinaryOperatorExpressionElement  - Operator Divide not found.
2079 [main] DEBUG fr.expression4j.basic.impl.BinaryOperatorExpressionElement  - No operator found.
2079 [main] DEBUG fr.expression4j.basic.impl.BinaryOperatorExpressionElement  - No operator found.
2079 [main] DEBUG fr.expression4j.basic.impl.BinaryOperatorExpressionElement  - No operator found.
2079 [main] DEBUG fr.expression4j.basic.impl.BinaryOperatorExpressionElement  - In parseElement.
2079 [main] DEBUG fr.expression4j.basic.impl.BinaryOperatorExpressionElement  - In parseElement.
2079 [main] DEBUG fr.expression4j.basic.impl.BinaryOperatorExpressionElement  - In parseElement.
2079 [main] DEBUG fr.expression4j.basic.impl.BinaryOperatorExpressionElement  - Current end position: 42
2079 [main] DEBUG fr.expression4j.basic.impl.BinaryOperatorExpressionElement  - Current end position: 42
2079 [main] DEBUG fr.expression4j.basic.impl.BinaryOperatorExpressionElement  - Current end position: 42
2079 [main] DEBUG fr.expression4j.basic.impl.BinaryOperatorExpressionElement  - In checkOperator.
2079 [main] DEBUG fr.expression4j.basic.impl.BinaryOperatorExpressionElement  - In checkOperator.
2079 [main] DEBUG fr.expression4j.basic.impl.BinaryOperatorExpressionElement  - In checkOperator.
2079 [main] DEBUG fr.expression4j.basic.impl.BinaryOperatorExpressionElement  - Operator Plus found.
2079 [main] DEBUG fr.expression4j.basic.impl.BinaryOperatorExpressionElement  - Operator Plus found.
2079 [main] DEBUG fr.expression4j.basic.impl.BinaryOperatorExpressionElement  - Operator Plus found.
2080 [main] DEBUG fr.expression4j.basic.impl.BinaryOperatorExpressionElement  - Found operator Plus
2080 [main] DEBUG fr.expression4j.basic.impl.BinaryOperatorExpressionElement  - Found operator Plus
2080 [main] DEBUG fr.expression4j.basic.impl.BinaryOperatorExpressionElement  - Found operator Plus
2080 [main] DEBUG fr.expression4j.basic.impl.ComplexOrRealExpressionElement  - In parseElement
2080 [main] DEBUG fr.expression4j.basic.impl.ComplexOrRealExpressionElement  - In parseElement
2080 [main] DEBUG fr.expression4j.basic.impl.ComplexOrRealExpressionElement  - In parseElement
2080 [main] DEBUG fr.expression4j.basic.impl.ComplexOrRealExpressionElement  - start position: 43
2080 [main] DEBUG fr.expression4j.basic.impl.ComplexOrRealExpressionElement  - start position: 43
2080 [main] DEBUG fr.expression4j.basic.impl.ComplexOrRealExpressionElement  - start position: 43
2080 [main] DEBUG fr.expression4j.basic.impl.BinaryOperatorExpressionElement  - In parseElement.
2080 [main] DEBUG fr.expression4j.basic.impl.BinaryOperatorExpressionElement  - In parseElement.
2080 [main] DEBUG fr.expression4j.basic.impl.BinaryOperatorExpressionElement  - In parseElement.
2080 [main] DEBUG fr.expression4j.basic.impl.BinaryOperatorExpressionElement  - Current end position: 44
2080 [main] DEBUG fr.expression4j.basic.impl.BinaryOperatorExpressionElement  - Current end position: 44
2080 [main] DEBUG fr.expression4j.basic.impl.BinaryOperatorExpressionElement  - Current end position: 44
2080 [main] DEBUG fr.expression4j.basic.impl.BinaryOperatorExpressionElement  - In checkOperator.
2080 [main] DEBUG fr.expression4j.basic.impl.BinaryOperatorExpressionElement  - In checkOperator.
2080 [main] DEBUG fr.expression4j.basic.impl.BinaryOperatorExpressionElement  - In checkOperator.
2080 [main] DEBUG fr.expression4j.basic.impl.BinaryOperatorExpressionElement  - Operator Pow not found.
2080 [main] DEBUG fr.expression4j.basic.impl.BinaryOperatorExpressionElement  - Operator Pow not found.
2080 [main] DEBUG fr.expression4j.basic.impl.BinaryOperatorExpressionElement  - Operator Pow not found.
2080 [main] DEBUG fr.expression4j.basic.impl.BinaryOperatorExpressionElement  - No operator found.
2080 [main] DEBUG fr.expression4j.basic.impl.BinaryOperatorExpressionElement  - No operator found.
2080 [main] DEBUG fr.expression4j.basic.impl.BinaryOperatorExpressionElement  - No operator found.
2080 [main] DEBUG fr.expression4j.basic.impl.BinaryOperatorExpressionElement  - In parseElement.
2080 [main] DEBUG fr.expression4j.basic.impl.BinaryOperatorExpressionElement  - In parseElement.
2080 [main] DEBUG fr.expression4j.basic.impl.BinaryOperatorExpressionElement  - In parseElement.
2080 [main] DEBUG fr.expression4j.basic.impl.BinaryOperatorExpressionElement  - Current end position: 44
2080 [main] DEBUG fr.expression4j.basic.impl.BinaryOperatorExpressionElement  - Current end position: 44
2080 [main] DEBUG fr.expression4j.basic.impl.BinaryOperatorExpressionElement  - Current end position: 44
2080 [main] DEBUG fr.expression4j.basic.impl.BinaryOperatorExpressionElement  - In checkOperator.
2080 [main] DEBUG fr.expression4j.basic.impl.BinaryOperatorExpressionElement  - In checkOperator.
2080 [main] DEBUG fr.expression4j.basic.impl.BinaryOperatorExpressionElement  - In checkOperator.
2080 [main] DEBUG fr.expression4j.basic.impl.BinaryOperatorExpressionElement  - Operator Multiply not found.
2080 [main] DEBUG fr.expression4j.basic.impl.BinaryOperatorExpressionElement  - Operator Multiply not found.
2080 [main] DEBUG fr.expression4j.basic.impl.BinaryOperatorExpressionElement  - Operator Multiply not found.
2080 [main] DEBUG fr.expression4j.basic.impl.BinaryOperatorExpressionElement  - In checkOperator.
2080 [main] DEBUG fr.expression4j.basic.impl.BinaryOperatorExpressionElement  - In checkOperator.
2080 [main] DEBUG fr.expression4j.basic.impl.BinaryOperatorExpressionElement  - In checkOperator.
2080 [main] DEBUG fr.expression4j.basic.impl.BinaryOperatorExpressionElement  - Operator Divide not found.
2080 [main] DEBUG fr.expression4j.basic.impl.BinaryOperatorExpressionElement  - Operator Divide not found.
2080 [main] DEBUG fr.expression4j.basic.impl.BinaryOperatorExpressionElement  - Operator Divide not found.
2080 [main] DEBUG fr.expression4j.basic.impl.BinaryOperatorExpressionElement  - No operator found.
2080 [main] DEBUG fr.expression4j.basic.impl.BinaryOperatorExpressionElement  - No operator found.
2080 [main] DEBUG fr.expression4j.basic.impl.BinaryOperatorExpressionElement  - No operator found.
2081 [main] DEBUG fr.expression4j.basic.impl.BinaryOperatorExpressionElement  - In parseElement.
2081 [main] DEBUG fr.expression4j.basic.impl.BinaryOperatorExpressionElement  - In parseElement.
2081 [main] DEBUG fr.expression4j.basic.impl.BinaryOperatorExpressionElement  - In parseElement.
2081 [main] DEBUG fr.expression4j.basic.impl.BinaryOperatorExpressionElement  - Current end position: 44
2081 [main] DEBUG fr.expression4j.basic.impl.BinaryOperatorExpressionElement  - Current end position: 44
2081 [main] DEBUG fr.expression4j.basic.impl.BinaryOperatorExpressionElement  - Current end position: 44
2081 [main] DEBUG fr.expression4j.basic.impl.BinaryOperatorExpressionElement  - In checkOperator.
2081 [main] DEBUG fr.expression4j.basic.impl.BinaryOperatorExpressionElement  - In checkOperator.
2081 [main] DEBUG fr.expression4j.basic.impl.BinaryOperatorExpressionElement  - In checkOperator.
2081 [main] DEBUG fr.expression4j.basic.impl.BinaryOperatorExpressionElement  - Operator Plus found.
2081 [main] DEBUG fr.expression4j.basic.impl.BinaryOperatorExpressionElement  - Operator Plus found.
2081 [main] DEBUG fr.expression4j.basic.impl.BinaryOperatorExpressionElement  - Operator Plus found.
2081 [main] DEBUG fr.expression4j.basic.impl.BinaryOperatorExpressionElement  - Found operator Plus
2081 [main] DEBUG fr.expression4j.basic.impl.BinaryOperatorExpressionElement  - Found operator Plus
2081 [main] DEBUG fr.expression4j.basic.impl.BinaryOperatorExpressionElement  - Found operator Plus
2081 [main] DEBUG fr.expression4j.basic.impl.ComplexOrRealExpressionElement  - In parseElement
2081 [main] DEBUG fr.expression4j.basic.impl.ComplexOrRealExpressionElement  - In parseElement
2081 [main] DEBUG fr.expression4j.basic.impl.ComplexOrRealExpressionElement  - In parseElement
2082 [main] DEBUG fr.expression4j.basic.impl.ComplexOrRealExpressionElement  - start position: 45
2082 [main] DEBUG fr.expression4j.basic.impl.ComplexOrRealExpressionElement  - start position: 45
2082 [main] DEBUG fr.expression4j.basic.impl.ComplexOrRealExpressionElement  - start position: 45
2082 [main] DEBUG fr.expression4j.basic.impl.BinaryOperatorExpressionElement  - In parseElement.
2082 [main] DEBUG fr.expression4j.basic.impl.BinaryOperatorExpressionElement  - In parseElement.
2082 [main] DEBUG fr.expression4j.basic.impl.BinaryOperatorExpressionElement  - In parseElement.
2082 [main] DEBUG fr.expression4j.basic.impl.BinaryOperatorExpressionElement  - Current end position: 46
2082 [main] DEBUG fr.expression4j.basic.impl.BinaryOperatorExpressionElement  - Current end position: 46
2082 [main] DEBUG fr.expression4j.basic.impl.BinaryOperatorExpressionElement  - Current end position: 46
2082 [main] DEBUG fr.expression4j.basic.impl.BinaryOperatorExpressionElement  - In checkOperator.
2082 [main] DEBUG fr.expression4j.basic.impl.BinaryOperatorExpressionElement  - In checkOperator.
2082 [main] DEBUG fr.expression4j.basic.impl.BinaryOperatorExpressionElement  - In checkOperator.
2082 [main] DEBUG fr.expression4j.basic.impl.BinaryOperatorExpressionElement  - Operator Pow not found.
2082 [main] DEBUG fr.expression4j.basic.impl.BinaryOperatorExpressionElement  - Operator Pow not found.
2082 [main] DEBUG fr.expression4j.basic.impl.BinaryOperatorExpressionElement  - Operator Pow not found.
2082 [main] DEBUG fr.expression4j.basic.impl.BinaryOperatorExpressionElement  - No operator found.
2082 [main] DEBUG fr.expression4j.basic.impl.BinaryOperatorExpressionElement  - No operator found.
2082 [main] DEBUG fr.expression4j.basic.impl.BinaryOperatorExpressionElement  - No operator found.
2082 [main] DEBUG fr.expression4j.basic.impl.BinaryOperatorExpressionElement  - In parseElement.
2082 [main] DEBUG fr.expression4j.basic.impl.BinaryOperatorExpressionElement  - In parseElement.
2082 [main] DEBUG fr.expression4j.basic.impl.BinaryOperatorExpressionElement  - In parseElement.
2082 [main] DEBUG fr.expression4j.basic.impl.BinaryOperatorExpressionElement  - Current end position: 46
2082 [main] DEBUG fr.expression4j.basic.impl.BinaryOperatorExpressionElement  - Current end position: 46
2082 [main] DEBUG fr.expression4j.basic.impl.BinaryOperatorExpressionElement  - Current end position: 46
2082 [main] DEBUG fr.expression4j.basic.impl.BinaryOperatorExpressionElement  - In checkOperator.
2082 [main] DEBUG fr.expression4j.basic.impl.BinaryOperatorExpressionElement  - In checkOperator.
2082 [main] DEBUG fr.expression4j.basic.impl.BinaryOperatorExpressionElement  - In checkOperator.
2082 [main] DEBUG fr.expression4j.basic.impl.BinaryOperatorExpressionElement  - Operator Multiply not found.
2082 [main] DEBUG fr.expression4j.basic.impl.BinaryOperatorExpressionElement  - Operator Multiply not found.
2082 [main] DEBUG fr.expression4j.basic.impl.BinaryOperatorExpressionElement  - Operator Multiply not found.
2082 [main] DEBUG fr.expression4j.basic.impl.BinaryOperatorExpressionElement  - In checkOperator.
2082 [main] DEBUG fr.expression4j.basic.impl.BinaryOperatorExpressionElement  - In checkOperator.
2082 [main] DEBUG fr.expression4j.basic.impl.BinaryOperatorExpressionElement  - In checkOperator.
2082 [main] DEBUG fr.expression4j.basic.impl.BinaryOperatorExpressionElement  - Operator Divide not found.
2082 [main] DEBUG fr.expression4j.basic.impl.BinaryOperatorExpressionElement  - Operator Divide not found.
2082 [main] DEBUG fr.expression4j.basic.impl.BinaryOperatorExpressionElement  - Operator Divide not found.
2082 [main] DEBUG fr.expression4j.basic.impl.BinaryOperatorExpressionElement  - No operator found.
2082 [main] DEBUG fr.expression4j.basic.impl.BinaryOperatorExpressionElement  - No operator found.
2082 [main] DEBUG fr.expression4j.basic.impl.BinaryOperatorExpressionElement  - No operator found.
2082 [main] DEBUG fr.expression4j.basic.impl.BinaryOperatorExpressionElement  - In parseElement.
2082 [main] DEBUG fr.expression4j.basic.impl.BinaryOperatorExpressionElement  - In parseElement.
2082 [main] DEBUG fr.expression4j.basic.impl.BinaryOperatorExpressionElement  - In parseElement.
2082 [main] DEBUG fr.expression4j.basic.impl.BinaryOperatorExpressionElement  - Current end position: 46
2082 [main] DEBUG fr.expression4j.basic.impl.BinaryOperatorExpressionElement  - Current end position: 46
2082 [main] DEBUG fr.expression4j.basic.impl.BinaryOperatorExpressionElement  - Current end position: 46
2082 [main] DEBUG fr.expression4j.basic.impl.BinaryOperatorExpressionElement  - In checkOperator.
2082 [main] DEBUG fr.expression4j.basic.impl.BinaryOperatorExpressionElement  - In checkOperator.
2082 [main] DEBUG fr.expression4j.basic.impl.BinaryOperatorExpressionElement  - In checkOperator.
2082 [main] DEBUG fr.expression4j.basic.impl.BinaryOperatorExpressionElement  - Operator Plus found.
2082 [main] DEBUG fr.expression4j.basic.impl.BinaryOperatorExpressionElement  - Operator Plus found.
2082 [main] DEBUG fr.expression4j.basic.impl.BinaryOperatorExpressionElement  - Operator Plus found.
2082 [main] DEBUG fr.expression4j.basic.impl.BinaryOperatorExpressionElement  - Found operator Plus
2082 [main] DEBUG fr.expression4j.basic.impl.BinaryOperatorExpressionElement  - Found operator Plus
2082 [main] DEBUG fr.expression4j.basic.impl.BinaryOperatorExpressionElement  - Found operator Plus
2083 [main] DEBUG fr.expression4j.basic.impl.ComplexOrRealExpressionElement  - In parseElement
2083 [main] DEBUG fr.expression4j.basic.impl.ComplexOrRealExpressionElement  - In parseElement
2083 [main] DEBUG fr.expression4j.basic.impl.ComplexOrRealExpressionElement  - In parseElement
2083 [main] DEBUG fr.expression4j.basic.impl.ComplexOrRealExpressionElement  - start position: 47
2083 [main] DEBUG fr.expression4j.basic.impl.ComplexOrRealExpressionElement  - start position: 47
2083 [main] DEBUG fr.expression4j.basic.impl.ComplexOrRealExpressionElement  - start position: 47
2083 [main] DEBUG fr.expression4j.basic.impl.BinaryOperatorExpressionElement  - In parseElement.
2083 [main] DEBUG fr.expression4j.basic.impl.BinaryOperatorExpressionElement  - In parseElement.
2083 [main] DEBUG fr.expression4j.basic.impl.BinaryOperatorExpressionElement  - In parseElement.
2083 [main] DEBUG fr.expression4j.basic.impl.BinaryOperatorExpressionElement  - Current end position: 48
2083 [main] DEBUG fr.expression4j.basic.impl.BinaryOperatorExpressionElement  - Current end position: 48
2083 [main] DEBUG fr.expression4j.basic.impl.BinaryOperatorExpressionElement  - Current end position: 48
2083 [main] DEBUG fr.expression4j.basic.impl.BinaryOperatorExpressionElement  - In checkOperator.
2083 [main] DEBUG fr.expression4j.basic.impl.BinaryOperatorExpressionElement  - In checkOperator.
2083 [main] DEBUG fr.expression4j.basic.impl.BinaryOperatorExpressionElement  - In checkOperator.
2083 [main] DEBUG fr.expression4j.basic.impl.BinaryOperatorExpressionElement  - Operator Pow not found.
2083 [main] DEBUG fr.expression4j.basic.impl.BinaryOperatorExpressionElement  - Operator Pow not found.
2083 [main] DEBUG fr.expression4j.basic.impl.BinaryOperatorExpressionElement  - Operator Pow not found.
2083 [main] DEBUG fr.expression4j.basic.impl.BinaryOperatorExpressionElement  - No operator found.
2083 [main] DEBUG fr.expression4j.basic.impl.BinaryOperatorExpressionElement  - No operator found.
2083 [main] DEBUG fr.expression4j.basic.impl.BinaryOperatorExpressionElement  - No operator found.
2083 [main] DEBUG fr.expression4j.basic.impl.BinaryOperatorExpressionElement  - In parseElement.
2083 [main] DEBUG fr.expression4j.basic.impl.BinaryOperatorExpressionElement  - In parseElement.
2083 [main] DEBUG fr.expression4j.basic.impl.BinaryOperatorExpressionElement  - In parseElement.
2083 [main] DEBUG fr.expression4j.basic.impl.BinaryOperatorExpressionElement  - Current end position: 48
2083 [main] DEBUG fr.expression4j.basic.impl.BinaryOperatorExpressionElement  - Current end position: 48
2083 [main] DEBUG fr.expression4j.basic.impl.BinaryOperatorExpressionElement  - Current end position: 48
2083 [main] DEBUG fr.expression4j.basic.impl.BinaryOperatorExpressionElement  - In checkOperator.
2083 [main] DEBUG fr.expression4j.basic.impl.BinaryOperatorExpressionElement  - In checkOperator.
2083 [main] DEBUG fr.expression4j.basic.impl.BinaryOperatorExpressionElement  - In checkOperator.
2083 [main] DEBUG fr.expression4j.basic.impl.BinaryOperatorExpressionElement  - Operator Multiply not found.
2083 [main] DEBUG fr.expression4j.basic.impl.BinaryOperatorExpressionElement  - Operator Multiply not found.
2083 [main] DEBUG fr.expression4j.basic.impl.BinaryOperatorExpressionElement  - Operator Multiply not found.
2083 [main] DEBUG fr.expression4j.basic.impl.BinaryOperatorExpressionElement  - In checkOperator.
2083 [main] DEBUG fr.expression4j.basic.impl.BinaryOperatorExpressionElement  - In checkOperator.
2083 [main] DEBUG fr.expression4j.basic.impl.BinaryOperatorExpressionElement  - In checkOperator.
2083 [main] DEBUG fr.expression4j.basic.impl.BinaryOperatorExpressionElement  - Operator Divide not found.
2083 [main] DEBUG fr.expression4j.basic.impl.BinaryOperatorExpressionElement  - Operator Divide not found.
2083 [main] DEBUG fr.expression4j.basic.impl.BinaryOperatorExpressionElement  - Operator Divide not found.
2083 [main] DEBUG fr.expression4j.basic.impl.BinaryOperatorExpressionElement  - No operator found.
2083 [main] DEBUG fr.expression4j.basic.impl.BinaryOperatorExpressionElement  - No operator found.
2083 [main] DEBUG fr.expression4j.basic.impl.BinaryOperatorExpressionElement  - No operator found.
2083 [main] DEBUG fr.expression4j.basic.impl.BinaryOperatorExpressionElement  - In parseElement.
2083 [main] DEBUG fr.expression4j.basic.impl.BinaryOperatorExpressionElement  - In parseElement.
2083 [main] DEBUG fr.expression4j.basic.impl.BinaryOperatorExpressionElement  - In parseElement.
2083 [main] DEBUG fr.expression4j.basic.impl.BinaryOperatorExpressionElement  - Current end position: 48
2083 [main] DEBUG fr.expression4j.basic.impl.BinaryOperatorExpressionElement  - Current end position: 48
2083 [main] DEBUG fr.expression4j.basic.impl.BinaryOperatorExpressionElement  - Current end position: 48
2083 [main] DEBUG fr.expression4j.basic.impl.BinaryOperatorExpressionElement  - In checkOperator.
2083 [main] DEBUG fr.expression4j.basic.impl.BinaryOperatorExpressionElement  - In checkOperator.
2083 [main] DEBUG fr.expression4j.basic.impl.BinaryOperatorExpressionElement  - In checkOperator.
2083 [main] DEBUG fr.expression4j.basic.impl.BinaryOperatorExpressionElement  - Operator Plus found.
2083 [main] DEBUG fr.expression4j.basic.impl.BinaryOperatorExpressionElement  - Operator Plus found.
2083 [main] DEBUG fr.expression4j.basic.impl.BinaryOperatorExpressionElement  - Operator Plus found.
2083 [main] DEBUG fr.expression4j.basic.impl.BinaryOperatorExpressionElement  - Found operator Plus
2083 [main] DEBUG fr.expression4j.basic.impl.BinaryOperatorExpressionElement  - Found operator Plus
2083 [main] DEBUG fr.expression4j.basic.impl.BinaryOperatorExpressionElement  - Found operator Plus
2083 [main] DEBUG fr.expression4j.basic.impl.ComplexOrRealExpressionElement  - In parseElement
2083 [main] DEBUG fr.expression4j.basic.impl.ComplexOrRealExpressionElement  - In parseElement
2083 [main] DEBUG fr.expression4j.basic.impl.ComplexOrRealExpressionElement  - In parseElement
2084 [main] DEBUG fr.expression4j.basic.impl.ComplexOrRealExpressionElement  - start position: 49
2084 [main] DEBUG fr.expression4j.basic.impl.ComplexOrRealExpressionElement  - start position: 49
2084 [main] DEBUG fr.expression4j.basic.impl.ComplexOrRealExpressionElement  - start position: 49
2084 [main] DEBUG fr.expression4j.basic.impl.BinaryOperatorExpressionElement  - In parseElement.
2084 [main] DEBUG fr.expression4j.basic.impl.BinaryOperatorExpressionElement  - In parseElement.
2084 [main] DEBUG fr.expression4j.basic.impl.BinaryOperatorExpressionElement  - In parseElement.
2084 [main] DEBUG fr.expression4j.basic.impl.BinaryOperatorExpressionElement  - Current end position: 50
2084 [main] DEBUG fr.expression4j.basic.impl.BinaryOperatorExpressionElement  - Current end position: 50
2084 [main] DEBUG fr.expression4j.basic.impl.BinaryOperatorExpressionElement  - Current end position: 50
2084 [main] DEBUG fr.expression4j.basic.impl.BinaryOperatorExpressionElement  - In checkOperator.
2084 [main] DEBUG fr.expression4j.basic.impl.BinaryOperatorExpressionElement  - In checkOperator.
2084 [main] DEBUG fr.expression4j.basic.impl.BinaryOperatorExpressionElement  - In checkOperator.
2084 [main] DEBUG fr.expression4j.basic.impl.BinaryOperatorExpressionElement  - Operator Pow not found.
2084 [main] DEBUG fr.expression4j.basic.impl.BinaryOperatorExpressionElement  - Operator Pow not found.
2084 [main] DEBUG fr.expression4j.basic.impl.BinaryOperatorExpressionElement  - Operator Pow not found.
2084 [main] DEBUG fr.expression4j.basic.impl.BinaryOperatorExpressionElement  - No operator found.
2084 [main] DEBUG fr.expression4j.basic.impl.BinaryOperatorExpressionElement  - No operator found.
2084 [main] DEBUG fr.expression4j.basic.impl.BinaryOperatorExpressionElement  - No operator found.
2084 [main] DEBUG fr.expression4j.basic.impl.BinaryOperatorExpressionElement  - In parseElement.
2084 [main] DEBUG fr.expression4j.basic.impl.BinaryOperatorExpressionElement  - In parseElement.
2084 [main] DEBUG fr.expression4j.basic.impl.BinaryOperatorExpressionElement  - In parseElement.
2084 [main] DEBUG fr.expression4j.basic.impl.BinaryOperatorExpressionElement  - Current end position: 50
2084 [main] DEBUG fr.expression4j.basic.impl.BinaryOperatorExpressionElement  - Current end position: 50
2084 [main] DEBUG fr.expression4j.basic.impl.BinaryOperatorExpressionElement  - Current end position: 50
2084 [main] DEBUG fr.expression4j.basic.impl.BinaryOperatorExpressionElement  - In checkOperator.
2084 [main] DEBUG fr.expression4j.basic.impl.BinaryOperatorExpressionElement  - In checkOperator.
2084 [main] DEBUG fr.expression4j.basic.impl.BinaryOperatorExpressionElement  - In checkOperator.
2084 [main] DEBUG fr.expression4j.basic.impl.BinaryOperatorExpressionElement  - Operator Multiply not found.
2084 [main] DEBUG fr.expression4j.basic.impl.BinaryOperatorExpressionElement  - Operator Multiply not found.
2084 [main] DEBUG fr.expression4j.basic.impl.BinaryOperatorExpressionElement  - Operator Multiply not found.
2084 [main] DEBUG fr.expression4j.basic.impl.BinaryOperatorExpressionElement  - In checkOperator.
2084 [main] DEBUG fr.expression4j.basic.impl.BinaryOperatorExpressionElement  - In checkOperator.
2084 [main] DEBUG fr.expression4j.basic.impl.BinaryOperatorExpressionElement  - In checkOperator.
2084 [main] DEBUG fr.expression4j.basic.impl.BinaryOperatorExpressionElement  - Operator Divide not found.
2084 [main] DEBUG fr.expression4j.basic.impl.BinaryOperatorExpressionElement  - Operator Divide not found.
2084 [main] DEBUG fr.expression4j.basic.impl.BinaryOperatorExpressionElement  - Operator Divide not found.
2084 [main] DEBUG fr.expression4j.basic.impl.BinaryOperatorExpressionElement  - No operator found.
2084 [main] DEBUG fr.expression4j.basic.impl.BinaryOperatorExpressionElement  - No operator found.
2084 [main] DEBUG fr.expression4j.basic.impl.BinaryOperatorExpressionElement  - No operator found.
2084 [main] DEBUG fr.expression4j.basic.impl.BinaryOperatorExpressionElement  - In parseElement.
2084 [main] DEBUG fr.expression4j.basic.impl.BinaryOperatorExpressionElement  - In parseElement.
2084 [main] DEBUG fr.expression4j.basic.impl.BinaryOperatorExpressionElement  - In parseElement.
2084 [main] DEBUG fr.expression4j.basic.impl.BinaryOperatorExpressionElement  - Current end position: 50
2084 [main] DEBUG fr.expression4j.basic.impl.BinaryOperatorExpressionElement  - Current end position: 50
2084 [main] DEBUG fr.expression4j.basic.impl.BinaryOperatorExpressionElement  - Current end position: 50
2084 [main] DEBUG fr.expression4j.basic.impl.BinaryOperatorExpressionElement  - In checkOperator.
2084 [main] DEBUG fr.expression4j.basic.impl.BinaryOperatorExpressionElement  - In checkOperator.
2084 [main] DEBUG fr.expression4j.basic.impl.BinaryOperatorExpressionElement  - In checkOperator.
2084 [main] DEBUG fr.expression4j.basic.impl.BinaryOperatorExpressionElement  - Operator Plus found.
2084 [main] DEBUG fr.expression4j.basic.impl.BinaryOperatorExpressionElement  - Operator Plus found.
2084 [main] DEBUG fr.expression4j.basic.impl.BinaryOperatorExpressionElement  - Operator Plus found.
2084 [main] DEBUG fr.expression4j.basic.impl.BinaryOperatorExpressionElement  - Found operator Plus
2084 [main] DEBUG fr.expression4j.basic.impl.BinaryOperatorExpressionElement  - Found operator Plus
2084 [main] DEBUG fr.expression4j.basic.impl.BinaryOperatorExpressionElement  - Found operator Plus
2084 [main] DEBUG fr.expression4j.basic.impl.ComplexOrRealExpressionElement  - In parseElement
2084 [main] DEBUG fr.expression4j.basic.impl.ComplexOrRealExpressionElement  - In parseElement
2084 [main] DEBUG fr.expression4j.basic.impl.ComplexOrRealExpressionElement  - In parseElement
2084 [main] DEBUG fr.expression4j.basic.impl.ComplexOrRealExpressionElement  - start position: 51
2084 [main] DEBUG fr.expression4j.basic.impl.ComplexOrRealExpressionElement  - start position: 51
2084 [main] DEBUG fr.expression4j.basic.impl.ComplexOrRealExpressionElement  - start position: 51
2085 [main] DEBUG fr.expression4j.basic.impl.BinaryOperatorExpressionElement  - In parseElement.
2085 [main] DEBUG fr.expression4j.basic.impl.BinaryOperatorExpressionElement  - In parseElement.
2085 [main] DEBUG fr.expression4j.basic.impl.BinaryOperatorExpressionElement  - In parseElement.
2085 [main] DEBUG fr.expression4j.basic.impl.BinaryOperatorExpressionElement  - Current end position: 52
2085 [main] DEBUG fr.expression4j.basic.impl.BinaryOperatorExpressionElement  - Current end position: 52
2085 [main] DEBUG fr.expression4j.basic.impl.BinaryOperatorExpressionElement  - Current end position: 52
2085 [main] DEBUG fr.expression4j.basic.impl.BinaryOperatorExpressionElement  - In checkOperator.
2085 [main] DEBUG fr.expression4j.basic.impl.BinaryOperatorExpressionElement  - In checkOperator.
2085 [main] DEBUG fr.expression4j.basic.impl.BinaryOperatorExpressionElement  - In checkOperator.
2085 [main] DEBUG fr.expression4j.basic.impl.BinaryOperatorExpressionElement  - Operator Pow not found.
2085 [main] DEBUG fr.expression4j.basic.impl.BinaryOperatorExpressionElement  - Operator Pow not found.
2085 [main] DEBUG fr.expression4j.basic.impl.BinaryOperatorExpressionElement  - Operator Pow not found.
2085 [main] DEBUG fr.expression4j.basic.impl.BinaryOperatorExpressionElement  - No operator found.
2085 [main] DEBUG fr.expression4j.basic.impl.BinaryOperatorExpressionElement  - No operator found.
2085 [main] DEBUG fr.expression4j.basic.impl.BinaryOperatorExpressionElement  - No operator found.
2085 [main] DEBUG fr.expression4j.basic.impl.BinaryOperatorExpressionElement  - In parseElement.
2085 [main] DEBUG fr.expression4j.basic.impl.BinaryOperatorExpressionElement  - In parseElement.
2085 [main] DEBUG fr.expression4j.basic.impl.BinaryOperatorExpressionElement  - In parseElement.
2085 [main] DEBUG fr.expression4j.basic.impl.BinaryOperatorExpressionElement  - Current end position: 52
2085 [main] DEBUG fr.expression4j.basic.impl.BinaryOperatorExpressionElement  - Current end position: 52
2085 [main] DEBUG fr.expression4j.basic.impl.BinaryOperatorExpressionElement  - Current end position: 52
2085 [main] DEBUG fr.expression4j.basic.impl.BinaryOperatorExpressionElement  - In checkOperator.
2085 [main] DEBUG fr.expression4j.basic.impl.BinaryOperatorExpressionElement  - In checkOperator.
2085 [main] DEBUG fr.expression4j.basic.impl.BinaryOperatorExpressionElement  - In checkOperator.
2085 [main] DEBUG fr.expression4j.basic.impl.BinaryOperatorExpressionElement  - Operator Multiply not found.
2085 [main] DEBUG fr.expression4j.basic.impl.BinaryOperatorExpressionElement  - Operator Multiply not found.
2085 [main] DEBUG fr.expression4j.basic.impl.BinaryOperatorExpressionElement  - Operator Multiply not found.
2085 [main] DEBUG fr.expression4j.basic.impl.BinaryOperatorExpressionElement  - In checkOperator.
2085 [main] DEBUG fr.expression4j.basic.impl.BinaryOperatorExpressionElement  - In checkOperator.
2085 [main] DEBUG fr.expression4j.basic.impl.BinaryOperatorExpressionElement  - In checkOperator.
2085 [main] DEBUG fr.expression4j.basic.impl.BinaryOperatorExpressionElement  - Operator Divide not found.
2085 [main] DEBUG fr.expression4j.basic.impl.BinaryOperatorExpressionElement  - Operator Divide not found.
2085 [main] DEBUG fr.expression4j.basic.impl.BinaryOperatorExpressionElement  - Operator Divide not found.
2085 [main] DEBUG fr.expression4j.basic.impl.BinaryOperatorExpressionElement  - No operator found.
2085 [main] DEBUG fr.expression4j.basic.impl.BinaryOperatorExpressionElement  - No operator found.
2085 [main] DEBUG fr.expression4j.basic.impl.BinaryOperatorExpressionElement  - No operator found.
2085 [main] DEBUG fr.expression4j.basic.impl.BinaryOperatorExpressionElement  - In parseElement.
2085 [main] DEBUG fr.expression4j.basic.impl.BinaryOperatorExpressionElement  - In parseElement.
2085 [main] DEBUG fr.expression4j.basic.impl.BinaryOperatorExpressionElement  - In parseElement.
2085 [main] DEBUG fr.expression4j.basic.impl.BinaryOperatorExpressionElement  - Current end position: 52
2085 [main] DEBUG fr.expression4j.basic.impl.BinaryOperatorExpressionElement  - Current end position: 52
2085 [main] DEBUG fr.expression4j.basic.impl.BinaryOperatorExpressionElement  - Current end position: 52
2085 [main] DEBUG fr.expression4j.basic.impl.BinaryOperatorExpressionElement  - In checkOperator.
2085 [main] DEBUG fr.expression4j.basic.impl.BinaryOperatorExpressionElement  - In checkOperator.
2085 [main] DEBUG fr.expression4j.basic.impl.BinaryOperatorExpressionElement  - In checkOperator.
2085 [main] DEBUG fr.expression4j.basic.impl.BinaryOperatorExpressionElement  - Operator Plus found.
2085 [main] DEBUG fr.expression4j.basic.impl.BinaryOperatorExpressionElement  - Operator Plus found.
2085 [main] DEBUG fr.expression4j.basic.impl.BinaryOperatorExpressionElement  - Operator Plus found.
2085 [main] DEBUG fr.expression4j.basic.impl.BinaryOperatorExpressionElement  - Found operator Plus
2085 [main] DEBUG fr.expression4j.basic.impl.BinaryOperatorExpressionElement  - Found operator Plus
2085 [main] DEBUG fr.expression4j.basic.impl.BinaryOperatorExpressionElement  - Found operator Plus
2085 [main] DEBUG fr.expression4j.basic.impl.ComplexOrRealExpressionElement  - In parseElement
2085 [main] DEBUG fr.expression4j.basic.impl.ComplexOrRealExpressionElement  - In parseElement
2085 [main] DEBUG fr.expression4j.basic.impl.ComplexOrRealExpressionElement  - In parseElement
2085 [main] DEBUG fr.expression4j.basic.impl.ComplexOrRealExpressionElement  - start position: 53
2085 [main] DEBUG fr.expression4j.basic.impl.ComplexOrRealExpressionElement  - start position: 53
2085 [main] DEBUG fr.expression4j.basic.impl.ComplexOrRealExpressionElement  - start position: 53
2085 [main] DEBUG fr.expression4j.basic.impl.BinaryOperatorExpressionElement  - In parseElement.
2085 [main] DEBUG fr.expression4j.basic.impl.BinaryOperatorExpressionElement  - In parseElement.
2085 [main] DEBUG fr.expression4j.basic.impl.BinaryOperatorExpressionElement  - In parseElement.
2086 [main] DEBUG fr.expression4j.basic.impl.BinaryOperatorExpressionElement  - Current end position: 54
2086 [main] DEBUG fr.expression4j.basic.impl.BinaryOperatorExpressionElement  - Current end position: 54
2086 [main] DEBUG fr.expression4j.basic.impl.BinaryOperatorExpressionElement  - Current end position: 54
2086 [main] DEBUG fr.expression4j.basic.impl.BinaryOperatorExpressionElement  - In checkOperator.
2086 [main] DEBUG fr.expression4j.basic.impl.BinaryOperatorExpressionElement  - In checkOperator.
2086 [main] DEBUG fr.expression4j.basic.impl.BinaryOperatorExpressionElement  - In checkOperator.
2086 [main] DEBUG fr.expression4j.basic.impl.BinaryOperatorExpressionElement  - Operator Pow not found.
2086 [main] DEBUG fr.expression4j.basic.impl.BinaryOperatorExpressionElement  - Operator Pow not found.
2086 [main] DEBUG fr.expression4j.basic.impl.BinaryOperatorExpressionElement  - Operator Pow not found.
2086 [main] DEBUG fr.expression4j.basic.impl.BinaryOperatorExpressionElement  - No operator found.
2086 [main] DEBUG fr.expression4j.basic.impl.BinaryOperatorExpressionElement  - No operator found.
2086 [main] DEBUG fr.expression4j.basic.impl.BinaryOperatorExpressionElement  - No operator found.
2086 [main] DEBUG fr.expression4j.basic.impl.BinaryOperatorExpressionElement  - In parseElement.
2086 [main] DEBUG fr.expression4j.basic.impl.BinaryOperatorExpressionElement  - In parseElement.
2086 [main] DEBUG fr.expression4j.basic.impl.BinaryOperatorExpressionElement  - In parseElement.
2086 [main] DEBUG fr.expression4j.basic.impl.BinaryOperatorExpressionElement  - Current end position: 54
2086 [main] DEBUG fr.expression4j.basic.impl.BinaryOperatorExpressionElement  - Current end position: 54
2086 [main] DEBUG fr.expression4j.basic.impl.BinaryOperatorExpressionElement  - Current end position: 54
2086 [main] DEBUG fr.expression4j.basic.impl.BinaryOperatorExpressionElement  - In checkOperator.
2086 [main] DEBUG fr.expression4j.basic.impl.BinaryOperatorExpressionElement  - In checkOperator.
2086 [main] DEBUG fr.expression4j.basic.impl.BinaryOperatorExpressionElement  - In checkOperator.
2086 [main] DEBUG fr.expression4j.basic.impl.BinaryOperatorExpressionElement  - Operator Multiply not found.
2086 [main] DEBUG fr.expression4j.basic.impl.BinaryOperatorExpressionElement  - Operator Multiply not found.
2086 [main] DEBUG fr.expression4j.basic.impl.BinaryOperatorExpressionElement  - Operator Multiply not found.
2086 [main] DEBUG fr.expression4j.basic.impl.BinaryOperatorExpressionElement  - In checkOperator.
2086 [main] DEBUG fr.expression4j.basic.impl.BinaryOperatorExpressionElement  - In checkOperator.
2086 [main] DEBUG fr.expression4j.basic.impl.BinaryOperatorExpressionElement  - In checkOperator.
2086 [main] DEBUG fr.expression4j.basic.impl.BinaryOperatorExpressionElement  - Operator Divide not found.
2086 [main] DEBUG fr.expression4j.basic.impl.BinaryOperatorExpressionElement  - Operator Divide not found.
2086 [main] DEBUG fr.expression4j.basic.impl.BinaryOperatorExpressionElement  - Operator Divide not found.
2086 [main] DEBUG fr.expression4j.basic.impl.BinaryOperatorExpressionElement  - No operator found.
2086 [main] DEBUG fr.expression4j.basic.impl.BinaryOperatorExpressionElement  - No operator found.
2086 [main] DEBUG fr.expression4j.basic.impl.BinaryOperatorExpressionElement  - No operator found.
2086 [main] DEBUG fr.expression4j.basic.impl.BinaryOperatorExpressionElement  - In parseElement.
2086 [main] DEBUG fr.expression4j.basic.impl.BinaryOperatorExpressionElement  - In parseElement.
2086 [main] DEBUG fr.expression4j.basic.impl.BinaryOperatorExpressionElement  - In parseElement.
2086 [main] DEBUG fr.expression4j.basic.impl.BinaryOperatorExpressionElement  - Current end position: 54
2086 [main] DEBUG fr.expression4j.basic.impl.BinaryOperatorExpressionElement  - Current end position: 54
2086 [main] DEBUG fr.expression4j.basic.impl.BinaryOperatorExpressionElement  - Current end position: 54
2086 [main] DEBUG fr.expression4j.basic.impl.BinaryOperatorExpressionElement  - In checkOperator.
2086 [main] DEBUG fr.expression4j.basic.impl.BinaryOperatorExpressionElement  - In checkOperator.
2086 [main] DEBUG fr.expression4j.basic.impl.BinaryOperatorExpressionElement  - In checkOperator.
2086 [main] DEBUG fr.expression4j.basic.impl.BinaryOperatorExpressionElement  - Operator Plus found.
2086 [main] DEBUG fr.expression4j.basic.impl.BinaryOperatorExpressionElement  - Operator Plus found.
2086 [main] DEBUG fr.expression4j.basic.impl.BinaryOperatorExpressionElement  - Operator Plus found.
2086 [main] DEBUG fr.expression4j.basic.impl.BinaryOperatorExpressionElement  - Found operator Plus
2086 [main] DEBUG fr.expression4j.basic.impl.BinaryOperatorExpressionElement  - Found operator Plus
2086 [main] DEBUG fr.expression4j.basic.impl.BinaryOperatorExpressionElement  - Found operator Plus
2086 [main] DEBUG fr.expression4j.basic.impl.ComplexOrRealExpressionElement  - In parseElement
2086 [main] DEBUG fr.expression4j.basic.impl.ComplexOrRealExpressionElement  - In parseElement
2086 [main] DEBUG fr.expression4j.basic.impl.ComplexOrRealExpressionElement  - In parseElement
2086 [main] DEBUG fr.expression4j.basic.impl.ComplexOrRealExpressionElement  - start position: 55
2086 [main] DEBUG fr.expression4j.basic.impl.ComplexOrRealExpressionElement  - start position: 55
2086 [main] DEBUG fr.expression4j.basic.impl.ComplexOrRealExpressionElement  - start position: 55
2086 [main] DEBUG fr.expression4j.basic.impl.BinaryOperatorExpressionElement  - In parseElement.
2086 [main] DEBUG fr.expression4j.basic.impl.BinaryOperatorExpressionElement  - In parseElement.
2086 [main] DEBUG fr.expression4j.basic.impl.BinaryOperatorExpressionElement  - In parseElement.
2086 [main] DEBUG fr.expression4j.basic.impl.BinaryOperatorExpressionElement  - Current end position: 56
2086 [main] DEBUG fr.expression4j.basic.impl.BinaryOperatorExpressionElement  - Current end position: 56
2086 [main] DEBUG fr.expression4j.basic.impl.BinaryOperatorExpressionElement  - Current end position: 56
2087 [main] DEBUG fr.expression4j.basic.impl.BinaryOperatorExpressionElement  - In checkOperator.
2087 [main] DEBUG fr.expression4j.basic.impl.BinaryOperatorExpressionElement  - In checkOperator.
2087 [main] DEBUG fr.expression4j.basic.impl.BinaryOperatorExpressionElement  - In checkOperator.
2087 [main] DEBUG fr.expression4j.basic.impl.BinaryOperatorExpressionElement  - Operator Pow not found.
2087 [main] DEBUG fr.expression4j.basic.impl.BinaryOperatorExpressionElement  - Operator Pow not found.
2087 [main] DEBUG fr.expression4j.basic.impl.BinaryOperatorExpressionElement  - Operator Pow not found.
2087 [main] DEBUG fr.expression4j.basic.impl.BinaryOperatorExpressionElement  - No operator found.
2087 [main] DEBUG fr.expression4j.basic.impl.BinaryOperatorExpressionElement  - No operator found.
2087 [main] DEBUG fr.expression4j.basic.impl.BinaryOperatorExpressionElement  - No operator found.
2087 [main] DEBUG fr.expression4j.basic.impl.BinaryOperatorExpressionElement  - In parseElement.
2087 [main] DEBUG fr.expression4j.basic.impl.BinaryOperatorExpressionElement  - In parseElement.
2087 [main] DEBUG fr.expression4j.basic.impl.BinaryOperatorExpressionElement  - In parseElement.
2087 [main] DEBUG fr.expression4j.basic.impl.BinaryOperatorExpressionElement  - Current end position: 56
2087 [main] DEBUG fr.expression4j.basic.impl.BinaryOperatorExpressionElement  - Current end position: 56
2087 [main] DEBUG fr.expression4j.basic.impl.BinaryOperatorExpressionElement  - Current end position: 56
2087 [main] DEBUG fr.expression4j.basic.impl.BinaryOperatorExpressionElement  - In checkOperator.
2087 [main] DEBUG fr.expression4j.basic.impl.BinaryOperatorExpressionElement  - In checkOperator.
2087 [main] DEBUG fr.expression4j.basic.impl.BinaryOperatorExpressionElement  - In checkOperator.
2087 [main] DEBUG fr.expression4j.basic.impl.BinaryOperatorExpressionElement  - Operator Multiply not found.
2087 [main] DEBUG fr.expression4j.basic.impl.BinaryOperatorExpressionElement  - Operator Multiply not found.
2087 [main] DEBUG fr.expression4j.basic.impl.BinaryOperatorExpressionElement  - Operator Multiply not found.
2087 [main] DEBUG fr.expression4j.basic.impl.BinaryOperatorExpressionElement  - In checkOperator.
2087 [main] DEBUG fr.expression4j.basic.impl.BinaryOperatorExpressionElement  - In checkOperator.
2087 [main] DEBUG fr.expression4j.basic.impl.BinaryOperatorExpressionElement  - In checkOperator.
2087 [main] DEBUG fr.expression4j.basic.impl.BinaryOperatorExpressionElement  - Operator Divide not found.
2087 [main] DEBUG fr.expression4j.basic.impl.BinaryOperatorExpressionElement  - Operator Divide not found.
2087 [main] DEBUG fr.expression4j.basic.impl.BinaryOperatorExpressionElement  - Operator Divide not found.
2087 [main] DEBUG fr.expression4j.basic.impl.BinaryOperatorExpressionElement  - No operator found.
2087 [main] DEBUG fr.expression4j.basic.impl.BinaryOperatorExpressionElement  - No operator found.
2087 [main] DEBUG fr.expression4j.basic.impl.BinaryOperatorExpressionElement  - No operator found.
2087 [main] DEBUG fr.expression4j.basic.impl.BinaryOperatorExpressionElement  - In parseElement.
2087 [main] DEBUG fr.expression4j.basic.impl.BinaryOperatorExpressionElement  - In parseElement.
2087 [main] DEBUG fr.expression4j.basic.impl.BinaryOperatorExpressionElement  - In parseElement.
2087 [main] DEBUG fr.expression4j.basic.impl.BinaryOperatorExpressionElement  - Current end position: 56
2087 [main] DEBUG fr.expression4j.basic.impl.BinaryOperatorExpressionElement  - Current end position: 56
2087 [main] DEBUG fr.expression4j.basic.impl.BinaryOperatorExpressionElement  - Current end position: 56
2087 [main] DEBUG fr.expression4j.basic.impl.BinaryOperatorExpressionElement  - In checkOperator.
2087 [main] DEBUG fr.expression4j.basic.impl.BinaryOperatorExpressionElement  - In checkOperator.
2087 [main] DEBUG fr.expression4j.basic.impl.BinaryOperatorExpressionElement  - In checkOperator.
2087 [main] DEBUG fr.expression4j.basic.impl.BinaryOperatorExpressionElement  - Operator Plus found.
2087 [main] DEBUG fr.expression4j.basic.impl.BinaryOperatorExpressionElement  - Operator Plus found.
2087 [main] DEBUG fr.expression4j.basic.impl.BinaryOperatorExpressionElement  - Operator Plus found.
2087 [main] DEBUG fr.expression4j.basic.impl.BinaryOperatorExpressionElement  - Found operator Plus
2087 [main] DEBUG fr.expression4j.basic.impl.BinaryOperatorExpressionElement  - Found operator Plus
2087 [main] DEBUG fr.expression4j.basic.impl.BinaryOperatorExpressionElement  - Found operator Plus
2087 [main] DEBUG fr.expression4j.basic.impl.ComplexOrRealExpressionElement  - In parseElement
2087 [main] DEBUG fr.expression4j.basic.impl.ComplexOrRealExpressionElement  - In parseElement
2087 [main] DEBUG fr.expression4j.basic.impl.ComplexOrRealExpressionElement  - In parseElement
2087 [main] DEBUG fr.expression4j.basic.impl.ComplexOrRealExpressionElement  - start position: 57
2087 [main] DEBUG fr.expression4j.basic.impl.ComplexOrRealExpressionElement  - start position: 57
2087 [main] DEBUG fr.expression4j.basic.impl.ComplexOrRealExpressionElement  - start position: 57
2087 [main] DEBUG fr.expression4j.basic.impl.BinaryOperatorExpressionElement  - In parseElement.
2087 [main] DEBUG fr.expression4j.basic.impl.BinaryOperatorExpressionElement  - In parseElement.
2087 [main] DEBUG fr.expression4j.basic.impl.BinaryOperatorExpressionElement  - In parseElement.
2087 [main] DEBUG fr.expression4j.basic.impl.BinaryOperatorExpressionElement  - Current end position: 58
2087 [main] DEBUG fr.expression4j.basic.impl.BinaryOperatorExpressionElement  - Current end position: 58
2087 [main] DEBUG fr.expression4j.basic.impl.BinaryOperatorExpressionElement  - Current end position: 58
2088 [main] DEBUG fr.expression4j.basic.impl.BinaryOperatorExpressionElement  - In checkOperator.
2088 [main] DEBUG fr.expression4j.basic.impl.BinaryOperatorExpressionElement  - In checkOperator.
2088 [main] DEBUG fr.expression4j.basic.impl.BinaryOperatorExpressionElement  - In checkOperator.
2088 [main] DEBUG fr.expression4j.basic.impl.BinaryOperatorExpressionElement  - Operator Pow not found.
2088 [main] DEBUG fr.expression4j.basic.impl.BinaryOperatorExpressionElement  - Operator Pow not found.
2088 [main] DEBUG fr.expression4j.basic.impl.BinaryOperatorExpressionElement  - Operator Pow not found.
2088 [main] DEBUG fr.expression4j.basic.impl.BinaryOperatorExpressionElement  - No operator found.
2088 [main] DEBUG fr.expression4j.basic.impl.BinaryOperatorExpressionElement  - No operator found.
2088 [main] DEBUG fr.expression4j.basic.impl.BinaryOperatorExpressionElement  - No operator found.
2088 [main] DEBUG fr.expression4j.basic.impl.BinaryOperatorExpressionElement  - In parseElement.
2088 [main] DEBUG fr.expression4j.basic.impl.BinaryOperatorExpressionElement  - In parseElement.
2088 [main] DEBUG fr.expression4j.basic.impl.BinaryOperatorExpressionElement  - In parseElement.
2091 [main] DEBUG fr.expression4j.basic.impl.BinaryOperatorExpressionElement  - Current end position: 58
2091 [main] DEBUG fr.expression4j.basic.impl.BinaryOperatorExpressionElement  - Current end position: 58
2091 [main] DEBUG fr.expression4j.basic.impl.BinaryOperatorExpressionElement  - Current end position: 58
2091 [main] DEBUG fr.expression4j.basic.impl.BinaryOperatorExpressionElement  - In checkOperator.
2091 [main] DEBUG fr.expression4j.basic.impl.BinaryOperatorExpressionElement  - In checkOperator.
2091 [main] DEBUG fr.expression4j.basic.impl.BinaryOperatorExpressionElement  - In checkOperator.
2091 [main] DEBUG fr.expression4j.basic.impl.BinaryOperatorExpressionElement  - Operator Multiply not found.
2091 [main] DEBUG fr.expression4j.basic.impl.BinaryOperatorExpressionElement  - Operator Multiply not found.
2091 [main] DEBUG fr.expression4j.basic.impl.BinaryOperatorExpressionElement  - Operator Multiply not found.
2091 [main] DEBUG fr.expression4j.basic.impl.BinaryOperatorExpressionElement  - In checkOperator.
2091 [main] DEBUG fr.expression4j.basic.impl.BinaryOperatorExpressionElement  - In checkOperator.
2091 [main] DEBUG fr.expression4j.basic.impl.BinaryOperatorExpressionElement  - In checkOperator.
2091 [main] DEBUG fr.expression4j.basic.impl.BinaryOperatorExpressionElement  - Operator Divide not found.
2091 [main] DEBUG fr.expression4j.basic.impl.BinaryOperatorExpressionElement  - Operator Divide not found.
2091 [main] DEBUG fr.expression4j.basic.impl.BinaryOperatorExpressionElement  - Operator Divide not found.
2091 [main] DEBUG fr.expression4j.basic.impl.BinaryOperatorExpressionElement  - No operator found.
2091 [main] DEBUG fr.expression4j.basic.impl.BinaryOperatorExpressionElement  - No operator found.
2091 [main] DEBUG fr.expression4j.basic.impl.BinaryOperatorExpressionElement  - No operator found.
2091 [main] DEBUG fr.expression4j.basic.impl.BinaryOperatorExpressionElement  - In parseElement.
2091 [main] DEBUG fr.expression4j.basic.impl.BinaryOperatorExpressionElement  - In parseElement.
2091 [main] DEBUG fr.expression4j.basic.impl.BinaryOperatorExpressionElement  - In parseElement.
2091 [main] DEBUG fr.expression4j.basic.impl.BinaryOperatorExpressionElement  - Current end position: 58
2091 [main] DEBUG fr.expression4j.basic.impl.BinaryOperatorExpressionElement  - Current end position: 58
2091 [main] DEBUG fr.expression4j.basic.impl.BinaryOperatorExpressionElement  - Current end position: 58
2091 [main] DEBUG fr.expression4j.basic.impl.BinaryOperatorExpressionElement  - In checkOperator.
2091 [main] DEBUG fr.expression4j.basic.impl.BinaryOperatorExpressionElement  - In checkOperator.
2091 [main] DEBUG fr.expression4j.basic.impl.BinaryOperatorExpressionElement  - In checkOperator.
2091 [main] DEBUG fr.expression4j.basic.impl.BinaryOperatorExpressionElement  - Operator Plus found.
2091 [main] DEBUG fr.expression4j.basic.impl.BinaryOperatorExpressionElement  - Operator Plus found.
2091 [main] DEBUG fr.expression4j.basic.impl.BinaryOperatorExpressionElement  - Operator Plus found.
2091 [main] DEBUG fr.expression4j.basic.impl.BinaryOperatorExpressionElement  - Found operator Plus
2091 [main] DEBUG fr.expression4j.basic.impl.BinaryOperatorExpressionElement  - Found operator Plus
2091 [main] DEBUG fr.expression4j.basic.impl.BinaryOperatorExpressionElement  - Found operator Plus
2092 [main] DEBUG fr.expression4j.basic.impl.ComplexOrRealExpressionElement  - In parseElement
2092 [main] DEBUG fr.expression4j.basic.impl.ComplexOrRealExpressionElement  - In parseElement
2092 [main] DEBUG fr.expression4j.basic.impl.ComplexOrRealExpressionElement  - In parseElement
2092 [main] DEBUG fr.expression4j.basic.impl.ComplexOrRealExpressionElement  - start position: 59
2092 [main] DEBUG fr.expression4j.basic.impl.ComplexOrRealExpressionElement  - start position: 59
2092 [main] DEBUG fr.expression4j.basic.impl.ComplexOrRealExpressionElement  - start position: 59
2092 [main] DEBUG fr.expression4j.basic.impl.BinaryOperatorExpressionElement  - In parseElement.
2092 [main] DEBUG fr.expression4j.basic.impl.BinaryOperatorExpressionElement  - In parseElement.
2092 [main] DEBUG fr.expression4j.basic.impl.BinaryOperatorExpressionElement  - In parseElement.
2092 [main] DEBUG fr.expression4j.basic.impl.BinaryOperatorExpressionElement  - Current end position: 60
2092 [main] DEBUG fr.expression4j.basic.impl.BinaryOperatorExpressionElement  - Current end position: 60
2092 [main] DEBUG fr.expression4j.basic.impl.BinaryOperatorExpressionElement  - Current end position: 60
2092 [main] DEBUG fr.expression4j.basic.impl.BinaryOperatorExpressionElement  - In checkOperator.
2092 [main] DEBUG fr.expression4j.basic.impl.BinaryOperatorExpressionElement  - In checkOperator.
2092 [main] DEBUG fr.expression4j.basic.impl.BinaryOperatorExpressionElement  - In checkOperator.
2092 [main] DEBUG fr.expression4j.basic.impl.BinaryOperatorExpressionElement  - Operator Pow not found.
2092 [main] DEBUG fr.expression4j.basic.impl.BinaryOperatorExpressionElement  - Operator Pow not found.
2092 [main] DEBUG fr.expression4j.basic.impl.BinaryOperatorExpressionElement  - Operator Pow not found.
2092 [main] DEBUG fr.expression4j.basic.impl.BinaryOperatorExpressionElement  - No operator found.
2092 [main] DEBUG fr.expression4j.basic.impl.BinaryOperatorExpressionElement  - No operator found.
2092 [main] DEBUG fr.expression4j.basic.impl.BinaryOperatorExpressionElement  - No operator found.
2092 [main] DEBUG fr.expression4j.basic.impl.BinaryOperatorExpressionElement  - In parseElement.
2092 [main] DEBUG fr.expression4j.basic.impl.BinaryOperatorExpressionElement  - In parseElement.
2092 [main] DEBUG fr.expression4j.basic.impl.BinaryOperatorExpressionElement  - In parseElement.
2092 [main] DEBUG fr.expression4j.basic.impl.BinaryOperatorExpressionElement  - Current end position: 60
2092 [main] DEBUG fr.expression4j.basic.impl.BinaryOperatorExpressionElement  - Current end position: 60
2092 [main] DEBUG fr.expression4j.basic.impl.BinaryOperatorExpressionElement  - Current end position: 60
2092 [main] DEBUG fr.expression4j.basic.impl.BinaryOperatorExpressionElement  - In checkOperator.
2092 [main] DEBUG fr.expression4j.basic.impl.BinaryOperatorExpressionElement  - In checkOperator.
2092 [main] DEBUG fr.expression4j.basic.impl.BinaryOperatorExpressionElement  - In checkOperator.
2092 [main] DEBUG fr.expression4j.basic.impl.BinaryOperatorExpressionElement  - Operator Multiply not found.
2092 [main] DEBUG fr.expression4j.basic.impl.BinaryOperatorExpressionElement  - Operator Multiply not found.
2092 [main] DEBUG fr.expression4j.basic.impl.BinaryOperatorExpressionElement  - Operator Multiply not found.
2092 [main] DEBUG fr.expression4j.basic.impl.BinaryOperatorExpressionElement  - In checkOperator.
2092 [main] DEBUG fr.expression4j.basic.impl.BinaryOperatorExpressionElement  - In checkOperator.
2092 [main] DEBUG fr.expression4j.basic.impl.BinaryOperatorExpressionElement  - In checkOperator.
2092 [main] DEBUG fr.expression4j.basic.impl.BinaryOperatorExpressionElement  - Operator Divide not found.
2092 [main] DEBUG fr.expression4j.basic.impl.BinaryOperatorExpressionElement  - Operator Divide not found.
2092 [main] DEBUG fr.expression4j.basic.impl.BinaryOperatorExpressionElement  - Operator Divide not found.
2092 [main] DEBUG fr.expression4j.basic.impl.BinaryOperatorExpressionElement  - No operator found.
2092 [main] DEBUG fr.expression4j.basic.impl.BinaryOperatorExpressionElement  - No operator found.
2092 [main] DEBUG fr.expression4j.basic.impl.BinaryOperatorExpressionElement  - No operator found.
2092 [main] DEBUG fr.expression4j.basic.impl.BinaryOperatorExpressionElement  - In parseElement.
2092 [main] DEBUG fr.expression4j.basic.impl.BinaryOperatorExpressionElement  - In parseElement.
2092 [main] DEBUG fr.expression4j.basic.impl.BinaryOperatorExpressionElement  - In parseElement.
2092 [main] DEBUG fr.expression4j.basic.impl.BinaryOperatorExpressionElement  - Current end position: 60
2092 [main] DEBUG fr.expression4j.basic.impl.BinaryOperatorExpressionElement  - Current end position: 60
2092 [main] DEBUG fr.expression4j.basic.impl.BinaryOperatorExpressionElement  - Current end position: 60
2092 [main] DEBUG fr.expression4j.basic.impl.BinaryOperatorExpressionElement  - In checkOperator.
2092 [main] DEBUG fr.expression4j.basic.impl.BinaryOperatorExpressionElement  - In checkOperator.
2092 [main] DEBUG fr.expression4j.basic.impl.BinaryOperatorExpressionElement  - In checkOperator.
2092 [main] DEBUG fr.expression4j.basic.impl.BinaryOperatorExpressionElement  - Operator Plus found.
2092 [main] DEBUG fr.expression4j.basic.impl.BinaryOperatorExpressionElement  - Operator Plus found.
2092 [main] DEBUG fr.expression4j.basic.impl.BinaryOperatorExpressionElement  - Operator Plus found.
2092 [main] DEBUG fr.expression4j.basic.impl.BinaryOperatorExpressionElement  - Found operator Plus
2092 [main] DEBUG fr.expression4j.basic.impl.BinaryOperatorExpressionElement  - Found operator Plus
2092 [main] DEBUG fr.expression4j.basic.impl.BinaryOperatorExpressionElement  - Found operator Plus
2093 [main] DEBUG fr.expression4j.basic.impl.ComplexOrRealExpressionElement  - In parseElement
2093 [main] DEBUG fr.expression4j.basic.impl.ComplexOrRealExpressionElement  - In parseElement
2093 [main] DEBUG fr.expression4j.basic.impl.ComplexOrRealExpressionElement  - In parseElement
2093 [main] DEBUG fr.expression4j.basic.impl.ComplexOrRealExpressionElement  - start position: 61
2093 [main] DEBUG fr.expression4j.basic.impl.ComplexOrRealExpressionElement  - start position: 61
2093 [main] DEBUG fr.expression4j.basic.impl.ComplexOrRealExpressionElement  - start position: 61
2093 [main] DEBUG fr.expression4j.factory.ExpressionFactory  - Expression created
2093 [main] DEBUG fr.expression4j.factory.ExpressionFactory  - Expression created
2093 [main] DEBUG fr.expression4j.factory.ExpressionFactory  - Expression created
2095 [main] DEBUG fr.expression4j.factory.ExpressionFactory  - Create expression.
2095 [main] DEBUG fr.expression4j.factory.ExpressionFactory  - Create expression.
2095 [main] DEBUG fr.expression4j.factory.ExpressionFactory  - Create expression.
2095 [main] DEBUG fr.expression4j.factory.ExpressionFactory  - Expression to create: f(abcdefghijklmno)=abcdefghijklmno+abcdefghijklmno
2095 [main] DEBUG fr.expression4j.factory.ExpressionFactory  - Expression to create: f(abcdefghijklmno)=abcdefghijklmno+abcdefghijklmno
2095 [main] DEBUG fr.expression4j.factory.ExpressionFactory  - Expression to create: f(abcdefghijklmno)=abcdefghijklmno+abcdefghijklmno
2095 [main] DEBUG fr.expression4j.factory.ExpressionFactory  - Catalog: general
2095 [main] DEBUG fr.expression4j.factory.ExpressionFactory  - Catalog: general
2095 [main] DEBUG fr.expression4j.factory.ExpressionFactory  - Catalog: general
2095 [main] DEBUG fr.expression4j.factory.ExpressionFactory  - Model: default
2095 [main] DEBUG fr.expression4j.factory.ExpressionFactory  - Model: default
2095 [main] DEBUG fr.expression4j.factory.ExpressionFactory  - Model: default
2095 [main] DEBUG fr.expression4j.basic.impl.ComplexOrRealExpressionElement  - In parseElement
2095 [main] DEBUG fr.expression4j.basic.impl.ComplexOrRealExpressionElement  - In parseElement
2095 [main] DEBUG fr.expression4j.basic.impl.ComplexOrRealExpressionElement  - In parseElement
2095 [main] DEBUG fr.expression4j.basic.impl.ComplexOrRealExpressionElement  - start position: 19
2095 [main] DEBUG fr.expression4j.basic.impl.ComplexOrRealExpressionElement  - start position: 19
2095 [main] DEBUG fr.expression4j.basic.impl.ComplexOrRealExpressionElement  - start position: 19
2095 [main] DEBUG fr.expression4j.basic.impl.BinaryOperatorExpressionElement  - In parseElement.
2095 [main] DEBUG fr.expression4j.basic.impl.BinaryOperatorExpressionElement  - In parseElement.
2095 [main] DEBUG fr.expression4j.basic.impl.BinaryOperatorExpressionElement  - In parseElement.
2095 [main] DEBUG fr.expression4j.basic.impl.BinaryOperatorExpressionElement  - Current end position: 34
2095 [main] DEBUG fr.expression4j.basic.impl.BinaryOperatorExpressionElement  - Current end position: 34
2095 [main] DEBUG fr.expression4j.basic.impl.BinaryOperatorExpressionElement  - Current end position: 34
2096 [main] DEBUG fr.expression4j.basic.impl.BinaryOperatorExpressionElement  - In checkOperator.
2096 [main] DEBUG fr.expression4j.basic.impl.BinaryOperatorExpressionElement  - In checkOperator.
2096 [main] DEBUG fr.expression4j.basic.impl.BinaryOperatorExpressionElement  - In checkOperator.
2096 [main] DEBUG fr.expression4j.basic.impl.BinaryOperatorExpressionElement  - Operator Pow not found.
2096 [main] DEBUG fr.expression4j.basic.impl.BinaryOperatorExpressionElement  - Operator Pow not found.
2096 [main] DEBUG fr.expression4j.basic.impl.BinaryOperatorExpressionElement  - Operator Pow not found.
2096 [main] DEBUG fr.expression4j.basic.impl.BinaryOperatorExpressionElement  - No operator found.
2096 [main] DEBUG fr.expression4j.basic.impl.BinaryOperatorExpressionElement  - No operator found.
2096 [main] DEBUG fr.expression4j.basic.impl.BinaryOperatorExpressionElement  - No operator found.
2096 [main] DEBUG fr.expression4j.basic.impl.BinaryOperatorExpressionElement  - In parseElement.
2096 [main] DEBUG fr.expression4j.basic.impl.BinaryOperatorExpressionElement  - In parseElement.
2096 [main] DEBUG fr.expression4j.basic.impl.BinaryOperatorExpressionElement  - In parseElement.
2096 [main] DEBUG fr.expression4j.basic.impl.BinaryOperatorExpressionElement  - Current end position: 34
2096 [main] DEBUG fr.expression4j.basic.impl.BinaryOperatorExpressionElement  - Current end position: 34
2096 [main] DEBUG fr.expression4j.basic.impl.BinaryOperatorExpressionElement  - Current end position: 34
2096 [main] DEBUG fr.expression4j.basic.impl.BinaryOperatorExpressionElement  - In checkOperator.
2096 [main] DEBUG fr.expression4j.basic.impl.BinaryOperatorExpressionElement  - In checkOperator.
2096 [main] DEBUG fr.expression4j.basic.impl.BinaryOperatorExpressionElement  - In checkOperator.
2096 [main] DEBUG fr.expression4j.basic.impl.BinaryOperatorExpressionElement  - Operator Multiply not found.
2096 [main] DEBUG fr.expression4j.basic.impl.BinaryOperatorExpressionElement  - Operator Multiply not found.
2096 [main] DEBUG fr.expression4j.basic.impl.BinaryOperatorExpressionElement  - Operator Multiply not found.
2096 [main] DEBUG fr.expression4j.basic.impl.BinaryOperatorExpressionElement  - In checkOperator.
2096 [main] DEBUG fr.expression4j.basic.impl.BinaryOperatorExpressionElement  - In checkOperator.
2096 [main] DEBUG fr.expression4j.basic.impl.BinaryOperatorExpressionElement  - In checkOperator.
2096 [main] DEBUG fr.expression4j.basic.impl.BinaryOperatorExpressionElement  - Operator Divide not found.
2096 [main] DEBUG fr.expression4j.basic.impl.BinaryOperatorExpressionElement  - Operator Divide not found.
2096 [main] DEBUG fr.expression4j.basic.impl.BinaryOperatorExpressionElement  - Operator Divide not found.
2096 [main] DEBUG fr.expression4j.basic.impl.BinaryOperatorExpressionElement  - No operator found.
2096 [main] DEBUG fr.expression4j.basic.impl.BinaryOperatorExpressionElement  - No operator found.
2096 [main] DEBUG fr.expression4j.basic.impl.BinaryOperatorExpressionElement  - No operator found.
2096 [main] DEBUG fr.expression4j.basic.impl.BinaryOperatorExpressionElement  - In parseElement.
2096 [main] DEBUG fr.expression4j.basic.impl.BinaryOperatorExpressionElement  - In parseElement.
2096 [main] DEBUG fr.expression4j.basic.impl.BinaryOperatorExpressionElement  - In parseElement.
2096 [main] DEBUG fr.expression4j.basic.impl.BinaryOperatorExpressionElement  - Current end position: 34
2096 [main] DEBUG fr.expression4j.basic.impl.BinaryOperatorExpressionElement  - Current end position: 34
2096 [main] DEBUG fr.expression4j.basic.impl.BinaryOperatorExpressionElement  - Current end position: 34
2096 [main] DEBUG fr.expression4j.basic.impl.BinaryOperatorExpressionElement  - In checkOperator.
2096 [main] DEBUG fr.expression4j.basic.impl.BinaryOperatorExpressionElement  - In checkOperator.
2096 [main] DEBUG fr.expression4j.basic.impl.BinaryOperatorExpressionElement  - In checkOperator.
2096 [main] DEBUG fr.expression4j.basic.impl.BinaryOperatorExpressionElement  - Operator Plus found.
2096 [main] DEBUG fr.expression4j.basic.impl.BinaryOperatorExpressionElement  - Operator Plus found.
2096 [main] DEBUG fr.expression4j.basic.impl.BinaryOperatorExpressionElement  - Operator Plus found.
2096 [main] DEBUG fr.expression4j.basic.impl.BinaryOperatorExpressionElement  - Found operator Plus
2096 [main] DEBUG fr.expression4j.basic.impl.BinaryOperatorExpressionElement  - Found operator Plus
2096 [main] DEBUG fr.expression4j.basic.impl.BinaryOperatorExpressionElement  - Found operator Plus
2096 [main] DEBUG fr.expression4j.basic.impl.ComplexOrRealExpressionElement  - In parseElement
2096 [main] DEBUG fr.expression4j.basic.impl.ComplexOrRealExpressionElement  - In parseElement
2096 [main] DEBUG fr.expression4j.basic.impl.ComplexOrRealExpressionElement  - In parseElement
2096 [main] DEBUG fr.expression4j.basic.impl.ComplexOrRealExpressionElement  - start position: 35
2096 [main] DEBUG fr.expression4j.basic.impl.ComplexOrRealExpressionElement  - start position: 35
2096 [main] DEBUG fr.expression4j.basic.impl.ComplexOrRealExpressionElement  - start position: 35
2096 [main] DEBUG fr.expression4j.factory.ExpressionFactory  - Expression created
2096 [main] DEBUG fr.expression4j.factory.ExpressionFactory  - Expression created
2096 [main] DEBUG fr.expression4j.factory.ExpressionFactory  - Expression created
2097 [main] DEBUG fr.expression4j.factory.ExpressionFactory  - Create expression.
2097 [main] DEBUG fr.expression4j.factory.ExpressionFactory  - Create expression.
2097 [main] DEBUG fr.expression4j.factory.ExpressionFactory  - Create expression.
2097 [main] DEBUG fr.expression4j.factory.ExpressionFactory  - Expression to create: f(a,b,c)=a+b-a
2097 [main] DEBUG fr.expression4j.factory.ExpressionFactory  - Expression to create: f(a,b,c)=a+b-a
2097 [main] DEBUG fr.expression4j.factory.ExpressionFactory  - Expression to create: f(a,b,c)=a+b-a
2097 [main] DEBUG fr.expression4j.factory.ExpressionFactory  - Catalog: general
2097 [main] DEBUG fr.expression4j.factory.ExpressionFactory  - Catalog: general
2097 [main] DEBUG fr.expression4j.factory.ExpressionFactory  - Catalog: general
2097 [main] DEBUG fr.expression4j.factory.ExpressionFactory  - Model: default
2097 [main] DEBUG fr.expression4j.factory.ExpressionFactory  - Model: default
2097 [main] DEBUG fr.expression4j.factory.ExpressionFactory  - Model: default
2097 [main] DEBUG fr.expression4j.basic.impl.ComplexOrRealExpressionElement  - In parseElement
2097 [main] DEBUG fr.expression4j.basic.impl.ComplexOrRealExpressionElement  - In parseElement
2097 [main] DEBUG fr.expression4j.basic.impl.ComplexOrRealExpressionElement  - In parseElement
2097 [main] DEBUG fr.expression4j.basic.impl.ComplexOrRealExpressionElement  - start position: 9
2097 [main] DEBUG fr.expression4j.basic.impl.ComplexOrRealExpressionElement  - start position: 9
2097 [main] DEBUG fr.expression4j.basic.impl.ComplexOrRealExpressionElement  - start position: 9
2097 [main] DEBUG fr.expression4j.basic.impl.BinaryOperatorExpressionElement  - In parseElement.
2097 [main] DEBUG fr.expression4j.basic.impl.BinaryOperatorExpressionElement  - In parseElement.
2097 [main] DEBUG fr.expression4j.basic.impl.BinaryOperatorExpressionElement  - In parseElement.
2097 [main] DEBUG fr.expression4j.basic.impl.BinaryOperatorExpressionElement  - Current end position: 10
2097 [main] DEBUG fr.expression4j.basic.impl.BinaryOperatorExpressionElement  - Current end position: 10
2097 [main] DEBUG fr.expression4j.basic.impl.BinaryOperatorExpressionElement  - Current end position: 10
2097 [main] DEBUG fr.expression4j.basic.impl.BinaryOperatorExpressionElement  - In checkOperator.
2097 [main] DEBUG fr.expression4j.basic.impl.BinaryOperatorExpressionElement  - In checkOperator.
2097 [main] DEBUG fr.expression4j.basic.impl.BinaryOperatorExpressionElement  - In checkOperator.
2097 [main] DEBUG fr.expression4j.basic.impl.BinaryOperatorExpressionElement  - Operator Pow not found.
2097 [main] DEBUG fr.expression4j.basic.impl.BinaryOperatorExpressionElement  - Operator Pow not found.
2097 [main] DEBUG fr.expression4j.basic.impl.BinaryOperatorExpressionElement  - Operator Pow not found.
2097 [main] DEBUG fr.expression4j.basic.impl.BinaryOperatorExpressionElement  - No operator found.
2097 [main] DEBUG fr.expression4j.basic.impl.BinaryOperatorExpressionElement  - No operator found.
2097 [main] DEBUG fr.expression4j.basic.impl.BinaryOperatorExpressionElement  - No operator found.
2098 [main] DEBUG fr.expression4j.basic.impl.BinaryOperatorExpressionElement  - In parseElement.
2098 [main] DEBUG fr.expression4j.basic.impl.BinaryOperatorExpressionElement  - In parseElement.
2098 [main] DEBUG fr.expression4j.basic.impl.BinaryOperatorExpressionElement  - In parseElement.
2098 [main] DEBUG fr.expression4j.basic.impl.BinaryOperatorExpressionElement  - Current end position: 10
2098 [main] DEBUG fr.expression4j.basic.impl.BinaryOperatorExpressionElement  - Current end position: 10
2098 [main] DEBUG fr.expression4j.basic.impl.BinaryOperatorExpressionElement  - Current end position: 10
2098 [main] DEBUG fr.expression4j.basic.impl.BinaryOperatorExpressionElement  - In checkOperator.
2098 [main] DEBUG fr.expression4j.basic.impl.BinaryOperatorExpressionElement  - In checkOperator.
2098 [main] DEBUG fr.expression4j.basic.impl.BinaryOperatorExpressionElement  - In checkOperator.
2098 [main] DEBUG fr.expression4j.basic.impl.BinaryOperatorExpressionElement  - Operator Multiply not found.
2098 [main] DEBUG fr.expression4j.basic.impl.BinaryOperatorExpressionElement  - Operator Multiply not found.
2098 [main] DEBUG fr.expression4j.basic.impl.BinaryOperatorExpressionElement  - Operator Multiply not found.
2098 [main] DEBUG fr.expression4j.basic.impl.BinaryOperatorExpressionElement  - In checkOperator.
2098 [main] DEBUG fr.expression4j.basic.impl.BinaryOperatorExpressionElement  - In checkOperator.
2098 [main] DEBUG fr.expression4j.basic.impl.BinaryOperatorExpressionElement  - In checkOperator.
2098 [main] DEBUG fr.expression4j.basic.impl.BinaryOperatorExpressionElement  - Operator Divide not found.
2098 [main] DEBUG fr.expression4j.basic.impl.BinaryOperatorExpressionElement  - Operator Divide not found.
2098 [main] DEBUG fr.expression4j.basic.impl.BinaryOperatorExpressionElement  - Operator Divide not found.
2098 [main] DEBUG fr.expression4j.basic.impl.BinaryOperatorExpressionElement  - No operator found.
2098 [main] DEBUG fr.expression4j.basic.impl.BinaryOperatorExpressionElement  - No operator found.
2098 [main] DEBUG fr.expression4j.basic.impl.BinaryOperatorExpressionElement  - No operator found.
2098 [main] DEBUG fr.expression4j.basic.impl.BinaryOperatorExpressionElement  - In parseElement.
2098 [main] DEBUG fr.expression4j.basic.impl.BinaryOperatorExpressionElement  - In parseElement.
2098 [main] DEBUG fr.expression4j.basic.impl.BinaryOperatorExpressionElement  - In parseElement.
2098 [main] DEBUG fr.expression4j.basic.impl.BinaryOperatorExpressionElement  - Current end position: 10
2098 [main] DEBUG fr.expression4j.basic.impl.BinaryOperatorExpressionElement  - Current end position: 10
2098 [main] DEBUG fr.expression4j.basic.impl.BinaryOperatorExpressionElement  - Current end position: 10
2098 [main] DEBUG fr.expression4j.basic.impl.BinaryOperatorExpressionElement  - In checkOperator.
2098 [main] DEBUG fr.expression4j.basic.impl.BinaryOperatorExpressionElement  - In checkOperator.
2098 [main] DEBUG fr.expression4j.basic.impl.BinaryOperatorExpressionElement  - In checkOperator.
2098 [main] DEBUG fr.expression4j.basic.impl.BinaryOperatorExpressionElement  - Operator Plus found.
2098 [main] DEBUG fr.expression4j.basic.impl.BinaryOperatorExpressionElement  - Operator Plus found.
2098 [main] DEBUG fr.expression4j.basic.impl.BinaryOperatorExpressionElement  - Operator Plus found.
2098 [main] DEBUG fr.expression4j.basic.impl.BinaryOperatorExpressionElement  - Found operator Plus
2098 [main] DEBUG fr.expression4j.basic.impl.BinaryOperatorExpressionElement  - Found operator Plus
2098 [main] DEBUG fr.expression4j.basic.impl.BinaryOperatorExpressionElement  - Found operator Plus
2098 [main] DEBUG fr.expression4j.basic.impl.ComplexOrRealExpressionElement  - In parseElement
2098 [main] DEBUG fr.expression4j.basic.impl.ComplexOrRealExpressionElement  - In parseElement
2098 [main] DEBUG fr.expression4j.basic.impl.ComplexOrRealExpressionElement  - In parseElement
2098 [main] DEBUG fr.expression4j.basic.impl.ComplexOrRealExpressionElement  - start position: 11
2098 [main] DEBUG fr.expression4j.basic.impl.ComplexOrRealExpressionElement  - start position: 11
2098 [main] DEBUG fr.expression4j.basic.impl.ComplexOrRealExpressionElement  - start position: 11
2098 [main] DEBUG fr.expression4j.basic.impl.BinaryOperatorExpressionElement  - In parseElement.
2098 [main] DEBUG fr.expression4j.basic.impl.BinaryOperatorExpressionElement  - In parseElement.
2098 [main] DEBUG fr.expression4j.basic.impl.BinaryOperatorExpressionElement  - In parseElement.
2098 [main] DEBUG fr.expression4j.basic.impl.BinaryOperatorExpressionElement  - Current end position: 12
2098 [main] DEBUG fr.expression4j.basic.impl.BinaryOperatorExpressionElement  - Current end position: 12
2098 [main] DEBUG fr.expression4j.basic.impl.BinaryOperatorExpressionElement  - Current end position: 12
2098 [main] DEBUG fr.expression4j.basic.impl.BinaryOperatorExpressionElement  - In checkOperator.
2098 [main] DEBUG fr.expression4j.basic.impl.BinaryOperatorExpressionElement  - In checkOperator.
2098 [main] DEBUG fr.expression4j.basic.impl.BinaryOperatorExpressionElement  - In checkOperator.
2098 [main] DEBUG fr.expression4j.basic.impl.BinaryOperatorExpressionElement  - Operator Pow not found.
2098 [main] DEBUG fr.expression4j.basic.impl.BinaryOperatorExpressionElement  - Operator Pow not found.
2098 [main] DEBUG fr.expression4j.basic.impl.BinaryOperatorExpressionElement  - Operator Pow not found.
2098 [main] DEBUG fr.expression4j.basic.impl.BinaryOperatorExpressionElement  - No operator found.
2098 [main] DEBUG fr.expression4j.basic.impl.BinaryOperatorExpressionElement  - No operator found.
2098 [main] DEBUG fr.expression4j.basic.impl.BinaryOperatorExpressionElement  - No operator found.
2098 [main] DEBUG fr.expression4j.basic.impl.BinaryOperatorExpressionElement  - In parseElement.
2098 [main] DEBUG fr.expression4j.basic.impl.BinaryOperatorExpressionElement  - In parseElement.
2098 [main] DEBUG fr.expression4j.basic.impl.BinaryOperatorExpressionElement  - In parseElement.
2099 [main] DEBUG fr.expression4j.basic.impl.BinaryOperatorExpressionElement  - Current end position: 12
2099 [main] DEBUG fr.expression4j.basic.impl.BinaryOperatorExpressionElement  - Current end position: 12
2099 [main] DEBUG fr.expression4j.basic.impl.BinaryOperatorExpressionElement  - Current end position: 12
2099 [main] DEBUG fr.expression4j.basic.impl.BinaryOperatorExpressionElement  - In checkOperator.
2099 [main] DEBUG fr.expression4j.basic.impl.BinaryOperatorExpressionElement  - In checkOperator.
2099 [main] DEBUG fr.expression4j.basic.impl.BinaryOperatorExpressionElement  - In checkOperator.
2099 [main] DEBUG fr.expression4j.basic.impl.BinaryOperatorExpressionElement  - Operator Multiply not found.
2099 [main] DEBUG fr.expression4j.basic.impl.BinaryOperatorExpressionElement  - Operator Multiply not found.
2099 [main] DEBUG fr.expression4j.basic.impl.BinaryOperatorExpressionElement  - Operator Multiply not found.
2099 [main] DEBUG fr.expression4j.basic.impl.BinaryOperatorExpressionElement  - In checkOperator.
2099 [main] DEBUG fr.expression4j.basic.impl.BinaryOperatorExpressionElement  - In checkOperator.
2099 [main] DEBUG fr.expression4j.basic.impl.BinaryOperatorExpressionElement  - In checkOperator.
2099 [main] DEBUG fr.expression4j.basic.impl.BinaryOperatorExpressionElement  - Operator Divide not found.
2099 [main] DEBUG fr.expression4j.basic.impl.BinaryOperatorExpressionElement  - Operator Divide not found.
2099 [main] DEBUG fr.expression4j.basic.impl.BinaryOperatorExpressionElement  - Operator Divide not found.
2099 [main] DEBUG fr.expression4j.basic.impl.BinaryOperatorExpressionElement  - No operator found.
2099 [main] DEBUG fr.expression4j.basic.impl.BinaryOperatorExpressionElement  - No operator found.
2099 [main] DEBUG fr.expression4j.basic.impl.BinaryOperatorExpressionElement  - No operator found.
2099 [main] DEBUG fr.expression4j.basic.impl.BinaryOperatorExpressionElement  - In parseElement.
2099 [main] DEBUG fr.expression4j.basic.impl.BinaryOperatorExpressionElement  - In parseElement.
2099 [main] DEBUG fr.expression4j.basic.impl.BinaryOperatorExpressionElement  - In parseElement.
2099 [main] DEBUG fr.expression4j.basic.impl.BinaryOperatorExpressionElement  - Current end position: 12
2099 [main] DEBUG fr.expression4j.basic.impl.BinaryOperatorExpressionElement  - Current end position: 12
2099 [main] DEBUG fr.expression4j.basic.impl.BinaryOperatorExpressionElement  - Current end position: 12
2099 [main] DEBUG fr.expression4j.basic.impl.BinaryOperatorExpressionElement  - In checkOperator.
2099 [main] DEBUG fr.expression4j.basic.impl.BinaryOperatorExpressionElement  - In checkOperator.
2099 [main] DEBUG fr.expression4j.basic.impl.BinaryOperatorExpressionElement  - In checkOperator.
2099 [main] DEBUG fr.expression4j.basic.impl.BinaryOperatorExpressionElement  - Operator Plus not found.
2099 [main] DEBUG fr.expression4j.basic.impl.BinaryOperatorExpressionElement  - Operator Plus not found.
2099 [main] DEBUG fr.expression4j.basic.impl.BinaryOperatorExpressionElement  - Operator Plus not found.
2099 [main] DEBUG fr.expression4j.basic.impl.BinaryOperatorExpressionElement  - In checkOperator.
2099 [main] DEBUG fr.expression4j.basic.impl.BinaryOperatorExpressionElement  - In checkOperator.
2099 [main] DEBUG fr.expression4j.basic.impl.BinaryOperatorExpressionElement  - In checkOperator.
2099 [main] DEBUG fr.expression4j.basic.impl.BinaryOperatorExpressionElement  - Operator Minus found.
2099 [main] DEBUG fr.expression4j.basic.impl.BinaryOperatorExpressionElement  - Operator Minus found.
2099 [main] DEBUG fr.expression4j.basic.impl.BinaryOperatorExpressionElement  - Operator Minus found.
2099 [main] DEBUG fr.expression4j.basic.impl.BinaryOperatorExpressionElement  - Found operator Minus
2099 [main] DEBUG fr.expression4j.basic.impl.BinaryOperatorExpressionElement  - Found operator Minus
2099 [main] DEBUG fr.expression4j.basic.impl.BinaryOperatorExpressionElement  - Found operator Minus
2100 [main] DEBUG fr.expression4j.basic.impl.ComplexOrRealExpressionElement  - In parseElement
2100 [main] DEBUG fr.expression4j.basic.impl.ComplexOrRealExpressionElement  - In parseElement
2100 [main] DEBUG fr.expression4j.basic.impl.ComplexOrRealExpressionElement  - In parseElement
2100 [main] DEBUG fr.expression4j.basic.impl.ComplexOrRealExpressionElement  - start position: 13
2100 [main] DEBUG fr.expression4j.basic.impl.ComplexOrRealExpressionElement  - start position: 13
2100 [main] DEBUG fr.expression4j.basic.impl.ComplexOrRealExpressionElement  - start position: 13
2100 [main] DEBUG fr.expression4j.factory.ExpressionFactory  - Expression created
2100 [main] DEBUG fr.expression4j.factory.ExpressionFactory  - Expression created
2100 [main] DEBUG fr.expression4j.factory.ExpressionFactory  - Expression created
2100 [main] DEBUG fr.expression4j.factory.ExpressionFactory  - Create expression.
2100 [main] DEBUG fr.expression4j.factory.ExpressionFactory  - Create expression.
2100 [main] DEBUG fr.expression4j.factory.ExpressionFactory  - Create expression.
2100 [main] DEBUG fr.expression4j.factory.ExpressionFactory  - Expression to create: f(2ab)=2ab+c
2100 [main] DEBUG fr.expression4j.factory.ExpressionFactory  - Expression to create: f(2ab)=2ab+c
2100 [main] DEBUG fr.expression4j.factory.ExpressionFactory  - Expression to create: f(2ab)=2ab+c
2100 [main] DEBUG fr.expression4j.factory.ExpressionFactory  - Catalog: general
2100 [main] DEBUG fr.expression4j.factory.ExpressionFactory  - Catalog: general
2100 [main] DEBUG fr.expression4j.factory.ExpressionFactory  - Catalog: general
2100 [main] DEBUG fr.expression4j.factory.ExpressionFactory  - Model: default
2100 [main] DEBUG fr.expression4j.factory.ExpressionFactory  - Model: default
2100 [main] DEBUG fr.expression4j.factory.ExpressionFactory  - Model: default
2101 [main] DEBUG fr.expression4j.factory.ExpressionFactory  - Create expression.
2101 [main] DEBUG fr.expression4j.factory.ExpressionFactory  - Create expression.
2101 [main] DEBUG fr.expression4j.factory.ExpressionFactory  - Create expression.
2101 [main] DEBUG fr.expression4j.factory.ExpressionFactory  - Expression to create: f(a,b)=a+b+c
2101 [main] DEBUG fr.expression4j.factory.ExpressionFactory  - Expression to create: f(a,b)=a+b+c
2101 [main] DEBUG fr.expression4j.factory.ExpressionFactory  - Expression to create: f(a,b)=a+b+c
2101 [main] DEBUG fr.expression4j.factory.ExpressionFactory  - Catalog: general
2101 [main] DEBUG fr.expression4j.factory.ExpressionFactory  - Catalog: general
2101 [main] DEBUG fr.expression4j.factory.ExpressionFactory  - Catalog: general
2101 [main] DEBUG fr.expression4j.factory.ExpressionFactory  - Model: default
2101 [main] DEBUG fr.expression4j.factory.ExpressionFactory  - Model: default
2101 [main] DEBUG fr.expression4j.factory.ExpressionFactory  - Model: default
2101 [main] DEBUG fr.expression4j.basic.impl.ComplexOrRealExpressionElement  - In parseElement
2101 [main] DEBUG fr.expression4j.basic.impl.ComplexOrRealExpressionElement  - In parseElement
2101 [main] DEBUG fr.expression4j.basic.impl.ComplexOrRealExpressionElement  - In parseElement
2101 [main] DEBUG fr.expression4j.basic.impl.ComplexOrRealExpressionElement  - start position: 7
2101 [main] DEBUG fr.expression4j.basic.impl.ComplexOrRealExpressionElement  - start position: 7
2101 [main] DEBUG fr.expression4j.basic.impl.ComplexOrRealExpressionElement  - start position: 7
2101 [main] DEBUG fr.expression4j.basic.impl.BinaryOperatorExpressionElement  - In parseElement.
2101 [main] DEBUG fr.expression4j.basic.impl.BinaryOperatorExpressionElement  - In parseElement.
2101 [main] DEBUG fr.expression4j.basic.impl.BinaryOperatorExpressionElement  - In parseElement.
2102 [main] DEBUG fr.expression4j.basic.impl.BinaryOperatorExpressionElement  - Current end position: 8
2102 [main] DEBUG fr.expression4j.basic.impl.BinaryOperatorExpressionElement  - Current end position: 8
2102 [main] DEBUG fr.expression4j.basic.impl.BinaryOperatorExpressionElement  - Current end position: 8
2102 [main] DEBUG fr.expression4j.basic.impl.BinaryOperatorExpressionElement  - In checkOperator.
2102 [main] DEBUG fr.expression4j.basic.impl.BinaryOperatorExpressionElement  - In checkOperator.
2102 [main] DEBUG fr.expression4j.basic.impl.BinaryOperatorExpressionElement  - In checkOperator.
2102 [main] DEBUG fr.expression4j.basic.impl.BinaryOperatorExpressionElement  - Operator Pow not found.
2102 [main] DEBUG fr.expression4j.basic.impl.BinaryOperatorExpressionElement  - Operator Pow not found.
2102 [main] DEBUG fr.expression4j.basic.impl.BinaryOperatorExpressionElement  - Operator Pow not found.
2102 [main] DEBUG fr.expression4j.basic.impl.BinaryOperatorExpressionElement  - No operator found.
2102 [main] DEBUG fr.expression4j.basic.impl.BinaryOperatorExpressionElement  - No operator found.
2102 [main] DEBUG fr.expression4j.basic.impl.BinaryOperatorExpressionElement  - No operator found.
2102 [main] DEBUG fr.expression4j.basic.impl.BinaryOperatorExpressionElement  - In parseElement.
2102 [main] DEBUG fr.expression4j.basic.impl.BinaryOperatorExpressionElement  - In parseElement.
2102 [main] DEBUG fr.expression4j.basic.impl.BinaryOperatorExpressionElement  - In parseElement.
2102 [main] DEBUG fr.expression4j.basic.impl.BinaryOperatorExpressionElement  - Current end position: 8
2102 [main] DEBUG fr.expression4j.basic.impl.BinaryOperatorExpressionElement  - Current end position: 8
2102 [main] DEBUG fr.expression4j.basic.impl.BinaryOperatorExpressionElement  - Current end position: 8
2102 [main] DEBUG fr.expression4j.basic.impl.BinaryOperatorExpressionElement  - In checkOperator.
2102 [main] DEBUG fr.expression4j.basic.impl.BinaryOperatorExpressionElement  - In checkOperator.
2102 [main] DEBUG fr.expression4j.basic.impl.BinaryOperatorExpressionElement  - In checkOperator.
2102 [main] DEBUG fr.expression4j.basic.impl.BinaryOperatorExpressionElement  - Operator Multiply not found.
2102 [main] DEBUG fr.expression4j.basic.impl.BinaryOperatorExpressionElement  - Operator Multiply not found.
2102 [main] DEBUG fr.expression4j.basic.impl.BinaryOperatorExpressionElement  - Operator Multiply not found.
2102 [main] DEBUG fr.expression4j.basic.impl.BinaryOperatorExpressionElement  - In checkOperator.
2102 [main] DEBUG fr.expression4j.basic.impl.BinaryOperatorExpressionElement  - In checkOperator.
2102 [main] DEBUG fr.expression4j.basic.impl.BinaryOperatorExpressionElement  - In checkOperator.
2102 [main] DEBUG fr.expression4j.basic.impl.BinaryOperatorExpressionElement  - Operator Divide not found.
2102 [main] DEBUG fr.expression4j.basic.impl.BinaryOperatorExpressionElement  - Operator Divide not found.
2102 [main] DEBUG fr.expression4j.basic.impl.BinaryOperatorExpressionElement  - Operator Divide not found.
2102 [main] DEBUG fr.expression4j.basic.impl.BinaryOperatorExpressionElement  - No operator found.
2102 [main] DEBUG fr.expression4j.basic.impl.BinaryOperatorExpressionElement  - No operator found.
2102 [main] DEBUG fr.expression4j.basic.impl.BinaryOperatorExpressionElement  - No operator found.
2102 [main] DEBUG fr.expression4j.basic.impl.BinaryOperatorExpressionElement  - In parseElement.
2102 [main] DEBUG fr.expression4j.basic.impl.BinaryOperatorExpressionElement  - In parseElement.
2102 [main] DEBUG fr.expression4j.basic.impl.BinaryOperatorExpressionElement  - In parseElement.
2102 [main] DEBUG fr.expression4j.basic.impl.BinaryOperatorExpressionElement  - Current end position: 8
2102 [main] DEBUG fr.expression4j.basic.impl.BinaryOperatorExpressionElement  - Current end position: 8
2102 [main] DEBUG fr.expression4j.basic.impl.BinaryOperatorExpressionElement  - Current end position: 8
2102 [main] DEBUG fr.expression4j.basic.impl.BinaryOperatorExpressionElement  - In checkOperator.
2102 [main] DEBUG fr.expression4j.basic.impl.BinaryOperatorExpressionElement  - In checkOperator.
2102 [main] DEBUG fr.expression4j.basic.impl.BinaryOperatorExpressionElement  - In checkOperator.
2102 [main] DEBUG fr.expression4j.basic.impl.BinaryOperatorExpressionElement  - Operator Plus found.
2102 [main] DEBUG fr.expression4j.basic.impl.BinaryOperatorExpressionElement  - Operator Plus found.
2102 [main] DEBUG fr.expression4j.basic.impl.BinaryOperatorExpressionElement  - Operator Plus found.
2102 [main] DEBUG fr.expression4j.basic.impl.BinaryOperatorExpressionElement  - Found operator Plus
2102 [main] DEBUG fr.expression4j.basic.impl.BinaryOperatorExpressionElement  - Found operator Plus
2102 [main] DEBUG fr.expression4j.basic.impl.BinaryOperatorExpressionElement  - Found operator Plus
2102 [main] DEBUG fr.expression4j.basic.impl.ComplexOrRealExpressionElement  - In parseElement
2102 [main] DEBUG fr.expression4j.basic.impl.ComplexOrRealExpressionElement  - In parseElement
2102 [main] DEBUG fr.expression4j.basic.impl.ComplexOrRealExpressionElement  - In parseElement
2102 [main] DEBUG fr.expression4j.basic.impl.ComplexOrRealExpressionElement  - start position: 9
2102 [main] DEBUG fr.expression4j.basic.impl.ComplexOrRealExpressionElement  - start position: 9
2102 [main] DEBUG fr.expression4j.basic.impl.ComplexOrRealExpressionElement  - start position: 9
2102 [main] DEBUG fr.expression4j.basic.impl.BinaryOperatorExpressionElement  - In parseElement.
2102 [main] DEBUG fr.expression4j.basic.impl.BinaryOperatorExpressionElement  - In parseElement.
2102 [main] DEBUG fr.expression4j.basic.impl.BinaryOperatorExpressionElement  - In parseElement.
2102 [main] DEBUG fr.expression4j.basic.impl.BinaryOperatorExpressionElement  - Current end position: 10
2102 [main] DEBUG fr.expression4j.basic.impl.BinaryOperatorExpressionElement  - Current end position: 10
2102 [main] DEBUG fr.expression4j.basic.impl.BinaryOperatorExpressionElement  - Current end position: 10
2103 [main] DEBUG fr.expression4j.basic.impl.BinaryOperatorExpressionElement  - In checkOperator.
2103 [main] DEBUG fr.expression4j.basic.impl.BinaryOperatorExpressionElement  - In checkOperator.
2103 [main] DEBUG fr.expression4j.basic.impl.BinaryOperatorExpressionElement  - In checkOperator.
2103 [main] DEBUG fr.expression4j.basic.impl.BinaryOperatorExpressionElement  - Operator Pow not found.
2103 [main] DEBUG fr.expression4j.basic.impl.BinaryOperatorExpressionElement  - Operator Pow not found.
2103 [main] DEBUG fr.expression4j.basic.impl.BinaryOperatorExpressionElement  - Operator Pow not found.
2103 [main] DEBUG fr.expression4j.basic.impl.BinaryOperatorExpressionElement  - No operator found.
2103 [main] DEBUG fr.expression4j.basic.impl.BinaryOperatorExpressionElement  - No operator found.
2103 [main] DEBUG fr.expression4j.basic.impl.BinaryOperatorExpressionElement  - No operator found.
2103 [main] DEBUG fr.expression4j.basic.impl.BinaryOperatorExpressionElement  - In parseElement.
2103 [main] DEBUG fr.expression4j.basic.impl.BinaryOperatorExpressionElement  - In parseElement.
2103 [main] DEBUG fr.expression4j.basic.impl.BinaryOperatorExpressionElement  - In parseElement.
2103 [main] DEBUG fr.expression4j.basic.impl.BinaryOperatorExpressionElement  - Current end position: 10
2103 [main] DEBUG fr.expression4j.basic.impl.BinaryOperatorExpressionElement  - Current end position: 10
2103 [main] DEBUG fr.expression4j.basic.impl.BinaryOperatorExpressionElement  - Current end position: 10
2103 [main] DEBUG fr.expression4j.basic.impl.BinaryOperatorExpressionElement  - In checkOperator.
2103 [main] DEBUG fr.expression4j.basic.impl.BinaryOperatorExpressionElement  - In checkOperator.
2103 [main] DEBUG fr.expression4j.basic.impl.BinaryOperatorExpressionElement  - In checkOperator.
2103 [main] DEBUG fr.expression4j.basic.impl.BinaryOperatorExpressionElement  - Operator Multiply not found.
2103 [main] DEBUG fr.expression4j.basic.impl.BinaryOperatorExpressionElement  - Operator Multiply not found.
2103 [main] DEBUG fr.expression4j.basic.impl.BinaryOperatorExpressionElement  - Operator Multiply not found.
2103 [main] DEBUG fr.expression4j.basic.impl.BinaryOperatorExpressionElement  - In checkOperator.
2103 [main] DEBUG fr.expression4j.basic.impl.BinaryOperatorExpressionElement  - In checkOperator.
2103 [main] DEBUG fr.expression4j.basic.impl.BinaryOperatorExpressionElement  - In checkOperator.
2103 [main] DEBUG fr.expression4j.basic.impl.BinaryOperatorExpressionElement  - Operator Divide not found.
2103 [main] DEBUG fr.expression4j.basic.impl.BinaryOperatorExpressionElement  - Operator Divide not found.
2103 [main] DEBUG fr.expression4j.basic.impl.BinaryOperatorExpressionElement  - Operator Divide not found.
2103 [main] DEBUG fr.expression4j.basic.impl.BinaryOperatorExpressionElement  - No operator found.
2103 [main] DEBUG fr.expression4j.basic.impl.BinaryOperatorExpressionElement  - No operator found.
2103 [main] DEBUG fr.expression4j.basic.impl.BinaryOperatorExpressionElement  - No operator found.
2103 [main] DEBUG fr.expression4j.basic.impl.BinaryOperatorExpressionElement  - In parseElement.
2103 [main] DEBUG fr.expression4j.basic.impl.BinaryOperatorExpressionElement  - In parseElement.
2103 [main] DEBUG fr.expression4j.basic.impl.BinaryOperatorExpressionElement  - In parseElement.
2103 [main] DEBUG fr.expression4j.basic.impl.BinaryOperatorExpressionElement  - Current end position: 10
2103 [main] DEBUG fr.expression4j.basic.impl.BinaryOperatorExpressionElement  - Current end position: 10
2103 [main] DEBUG fr.expression4j.basic.impl.BinaryOperatorExpressionElement  - Current end position: 10
2103 [main] DEBUG fr.expression4j.basic.impl.BinaryOperatorExpressionElement  - In checkOperator.
2103 [main] DEBUG fr.expression4j.basic.impl.BinaryOperatorExpressionElement  - In checkOperator.
2103 [main] DEBUG fr.expression4j.basic.impl.BinaryOperatorExpressionElement  - In checkOperator.
2103 [main] DEBUG fr.expression4j.basic.impl.BinaryOperatorExpressionElement  - Operator Plus found.
2103 [main] DEBUG fr.expression4j.basic.impl.BinaryOperatorExpressionElement  - Operator Plus found.
2103 [main] DEBUG fr.expression4j.basic.impl.BinaryOperatorExpressionElement  - Operator Plus found.
2103 [main] DEBUG fr.expression4j.basic.impl.BinaryOperatorExpressionElement  - Found operator Plus
2103 [main] DEBUG fr.expression4j.basic.impl.BinaryOperatorExpressionElement  - Found operator Plus
2103 [main] DEBUG fr.expression4j.basic.impl.BinaryOperatorExpressionElement  - Found operator Plus
2103 [main] DEBUG fr.expression4j.basic.impl.ComplexOrRealExpressionElement  - In parseElement
2103 [main] DEBUG fr.expression4j.basic.impl.ComplexOrRealExpressionElement  - In parseElement
2103 [main] DEBUG fr.expression4j.basic.impl.ComplexOrRealExpressionElement  - In parseElement
2103 [main] DEBUG fr.expression4j.basic.impl.ComplexOrRealExpressionElement  - start position: 11
2103 [main] DEBUG fr.expression4j.basic.impl.ComplexOrRealExpressionElement  - start position: 11
2103 [main] DEBUG fr.expression4j.basic.impl.ComplexOrRealExpressionElement  - start position: 11
2104 [main] DEBUG fr.expression4j.factory.ExpressionFactory  - Create catalog: Catalog
2104 [main] DEBUG fr.expression4j.factory.ExpressionFactory  - Create catalog: Catalog
2104 [main] DEBUG fr.expression4j.factory.ExpressionFactory  - Create catalog: Catalog
2104 [main] WARN fr.expression4j.factory.ExpressionFactory  - Catalog Catalog already exist.
2104 [main] WARN fr.expression4j.factory.ExpressionFactory  - Catalog Catalog already exist.
2104 [main] WARN fr.expression4j.factory.ExpressionFactory  - Catalog Catalog already exist.
2104 [main] DEBUG fr.expression4j.factory.ExpressionFactory  - Create expression.
2104 [main] DEBUG fr.expression4j.factory.ExpressionFactory  - Create expression.
2104 [main] DEBUG fr.expression4j.factory.ExpressionFactory  - Create expression.
2104 [main] DEBUG fr.expression4j.factory.ExpressionFactory  - Expression to create: f(x)=1+2*x
2104 [main] DEBUG fr.expression4j.factory.ExpressionFactory  - Expression to create: f(x)=1+2*x
2104 [main] DEBUG fr.expression4j.factory.ExpressionFactory  - Expression to create: f(x)=1+2*x
2105 [main] DEBUG fr.expression4j.factory.ExpressionFactory  - Catalog: general
2105 [main] DEBUG fr.expression4j.factory.ExpressionFactory  - Catalog: general
2105 [main] DEBUG fr.expression4j.factory.ExpressionFactory  - Catalog: general
2107 [main] DEBUG fr.expression4j.factory.ExpressionFactory  - Model: default
2107 [main] DEBUG fr.expression4j.factory.ExpressionFactory  - Model: default
2107 [main] DEBUG fr.expression4j.factory.ExpressionFactory  - Model: default
2107 [main] DEBUG fr.expression4j.basic.impl.ComplexOrRealExpressionElement  - In parseElement
2107 [main] DEBUG fr.expression4j.basic.impl.ComplexOrRealExpressionElement  - In parseElement
2107 [main] DEBUG fr.expression4j.basic.impl.ComplexOrRealExpressionElement  - In parseElement
2107 [main] DEBUG fr.expression4j.basic.impl.ComplexOrRealExpressionElement  - start position: 5
2107 [main] DEBUG fr.expression4j.basic.impl.ComplexOrRealExpressionElement  - start position: 5
2107 [main] DEBUG fr.expression4j.basic.impl.ComplexOrRealExpressionElement  - start position: 5
2107 [main] DEBUG fr.expression4j.basic.impl.BinaryOperatorExpressionElement  - In parseElement.
2107 [main] DEBUG fr.expression4j.basic.impl.BinaryOperatorExpressionElement  - In parseElement.
2107 [main] DEBUG fr.expression4j.basic.impl.BinaryOperatorExpressionElement  - In parseElement.
2107 [main] DEBUG fr.expression4j.basic.impl.BinaryOperatorExpressionElement  - Current end position: 6
2107 [main] DEBUG fr.expression4j.basic.impl.BinaryOperatorExpressionElement  - Current end position: 6
2107 [main] DEBUG fr.expression4j.basic.impl.BinaryOperatorExpressionElement  - Current end position: 6
2107 [main] DEBUG fr.expression4j.basic.impl.BinaryOperatorExpressionElement  - In checkOperator.
2107 [main] DEBUG fr.expression4j.basic.impl.BinaryOperatorExpressionElement  - In checkOperator.
2107 [main] DEBUG fr.expression4j.basic.impl.BinaryOperatorExpressionElement  - In checkOperator.
2107 [main] DEBUG fr.expression4j.basic.impl.BinaryOperatorExpressionElement  - Operator Pow not found.
2107 [main] DEBUG fr.expression4j.basic.impl.BinaryOperatorExpressionElement  - Operator Pow not found.
2107 [main] DEBUG fr.expression4j.basic.impl.BinaryOperatorExpressionElement  - Operator Pow not found.
2107 [main] DEBUG fr.expression4j.basic.impl.BinaryOperatorExpressionElement  - No operator found.
2107 [main] DEBUG fr.expression4j.basic.impl.BinaryOperatorExpressionElement  - No operator found.
2107 [main] DEBUG fr.expression4j.basic.impl.BinaryOperatorExpressionElement  - No operator found.
2108 [main] DEBUG fr.expression4j.basic.impl.BinaryOperatorExpressionElement  - In parseElement.
2108 [main] DEBUG fr.expression4j.basic.impl.BinaryOperatorExpressionElement  - In parseElement.
2108 [main] DEBUG fr.expression4j.basic.impl.BinaryOperatorExpressionElement  - In parseElement.
2108 [main] DEBUG fr.expression4j.basic.impl.BinaryOperatorExpressionElement  - Current end position: 6
2108 [main] DEBUG fr.expression4j.basic.impl.BinaryOperatorExpressionElement  - Current end position: 6
2108 [main] DEBUG fr.expression4j.basic.impl.BinaryOperatorExpressionElement  - Current end position: 6
2108 [main] DEBUG fr.expression4j.basic.impl.BinaryOperatorExpressionElement  - In checkOperator.
2108 [main] DEBUG fr.expression4j.basic.impl.BinaryOperatorExpressionElement  - In checkOperator.
2108 [main] DEBUG fr.expression4j.basic.impl.BinaryOperatorExpressionElement  - In checkOperator.
2108 [main] DEBUG fr.expression4j.basic.impl.BinaryOperatorExpressionElement  - Operator Multiply not found.
2108 [main] DEBUG fr.expression4j.basic.impl.BinaryOperatorExpressionElement  - Operator Multiply not found.
2108 [main] DEBUG fr.expression4j.basic.impl.BinaryOperatorExpressionElement  - Operator Multiply not found.
2108 [main] DEBUG fr.expression4j.basic.impl.BinaryOperatorExpressionElement  - In checkOperator.
2108 [main] DEBUG fr.expression4j.basic.impl.BinaryOperatorExpressionElement  - In checkOperator.
2108 [main] DEBUG fr.expression4j.basic.impl.BinaryOperatorExpressionElement  - In checkOperator.
2108 [main] DEBUG fr.expression4j.basic.impl.BinaryOperatorExpressionElement  - Operator Divide not found.
2108 [main] DEBUG fr.expression4j.basic.impl.BinaryOperatorExpressionElement  - Operator Divide not found.
2108 [main] DEBUG fr.expression4j.basic.impl.BinaryOperatorExpressionElement  - Operator Divide not found.
2108 [main] DEBUG fr.expression4j.basic.impl.BinaryOperatorExpressionElement  - No operator found.
2108 [main] DEBUG fr.expression4j.basic.impl.BinaryOperatorExpressionElement  - No operator found.
2108 [main] DEBUG fr.expression4j.basic.impl.BinaryOperatorExpressionElement  - No operator found.
2108 [main] DEBUG fr.expression4j.basic.impl.BinaryOperatorExpressionElement  - In parseElement.
2108 [main] DEBUG fr.expression4j.basic.impl.BinaryOperatorExpressionElement  - In parseElement.
2108 [main] DEBUG fr.expression4j.basic.impl.BinaryOperatorExpressionElement  - In parseElement.
2108 [main] DEBUG fr.expression4j.basic.impl.BinaryOperatorExpressionElement  - Current end position: 6
2108 [main] DEBUG fr.expression4j.basic.impl.BinaryOperatorExpressionElement  - Current end position: 6
2108 [main] DEBUG fr.expression4j.basic.impl.BinaryOperatorExpressionElement  - Current end position: 6
2108 [main] DEBUG fr.expression4j.basic.impl.BinaryOperatorExpressionElement  - In checkOperator.
2108 [main] DEBUG fr.expression4j.basic.impl.BinaryOperatorExpressionElement  - In checkOperator.
2108 [main] DEBUG fr.expression4j.basic.impl.BinaryOperatorExpressionElement  - In checkOperator.
2108 [main] DEBUG fr.expression4j.basic.impl.BinaryOperatorExpressionElement  - Operator Plus found.
2108 [main] DEBUG fr.expression4j.basic.impl.BinaryOperatorExpressionElement  - Operator Plus found.
2108 [main] DEBUG fr.expression4j.basic.impl.BinaryOperatorExpressionElement  - Operator Plus found.
2108 [main] DEBUG fr.expression4j.basic.impl.BinaryOperatorExpressionElement  - Found operator Plus
2108 [main] DEBUG fr.expression4j.basic.impl.BinaryOperatorExpressionElement  - Found operator Plus
2108 [main] DEBUG fr.expression4j.basic.impl.BinaryOperatorExpressionElement  - Found operator Plus
2108 [main] DEBUG fr.expression4j.basic.impl.ComplexOrRealExpressionElement  - In parseElement
2108 [main] DEBUG fr.expression4j.basic.impl.ComplexOrRealExpressionElement  - In parseElement
2108 [main] DEBUG fr.expression4j.basic.impl.ComplexOrRealExpressionElement  - In parseElement
2108 [main] DEBUG fr.expression4j.basic.impl.ComplexOrRealExpressionElement  - start position: 7
2108 [main] DEBUG fr.expression4j.basic.impl.ComplexOrRealExpressionElement  - start position: 7
2108 [main] DEBUG fr.expression4j.basic.impl.ComplexOrRealExpressionElement  - start position: 7
2108 [main] DEBUG fr.expression4j.basic.impl.BinaryOperatorExpressionElement  - In parseElement.
2108 [main] DEBUG fr.expression4j.basic.impl.BinaryOperatorExpressionElement  - In parseElement.
2108 [main] DEBUG fr.expression4j.basic.impl.BinaryOperatorExpressionElement  - In parseElement.
2108 [main] DEBUG fr.expression4j.basic.impl.BinaryOperatorExpressionElement  - Current end position: 8
2108 [main] DEBUG fr.expression4j.basic.impl.BinaryOperatorExpressionElement  - Current end position: 8
2108 [main] DEBUG fr.expression4j.basic.impl.BinaryOperatorExpressionElement  - Current end position: 8
2108 [main] DEBUG fr.expression4j.basic.impl.BinaryOperatorExpressionElement  - In checkOperator.
2108 [main] DEBUG fr.expression4j.basic.impl.BinaryOperatorExpressionElement  - In checkOperator.
2108 [main] DEBUG fr.expression4j.basic.impl.BinaryOperatorExpressionElement  - In checkOperator.
2108 [main] DEBUG fr.expression4j.basic.impl.BinaryOperatorExpressionElement  - Operator Pow not found.
2108 [main] DEBUG fr.expression4j.basic.impl.BinaryOperatorExpressionElement  - Operator Pow not found.
2108 [main] DEBUG fr.expression4j.basic.impl.BinaryOperatorExpressionElement  - Operator Pow not found.
2108 [main] DEBUG fr.expression4j.basic.impl.BinaryOperatorExpressionElement  - No operator found.
2108 [main] DEBUG fr.expression4j.basic.impl.BinaryOperatorExpressionElement  - No operator found.
2108 [main] DEBUG fr.expression4j.basic.impl.BinaryOperatorExpressionElement  - No operator found.
2108 [main] DEBUG fr.expression4j.basic.impl.BinaryOperatorExpressionElement  - In parseElement.
2108 [main] DEBUG fr.expression4j.basic.impl.BinaryOperatorExpressionElement  - In parseElement.
2108 [main] DEBUG fr.expression4j.basic.impl.BinaryOperatorExpressionElement  - In parseElement.
2109 [main] DEBUG fr.expression4j.basic.impl.BinaryOperatorExpressionElement  - Current end position: 8
2109 [main] DEBUG fr.expression4j.basic.impl.BinaryOperatorExpressionElement  - Current end position: 8
2109 [main] DEBUG fr.expression4j.basic.impl.BinaryOperatorExpressionElement  - Current end position: 8
2109 [main] DEBUG fr.expression4j.basic.impl.BinaryOperatorExpressionElement  - In checkOperator.
2109 [main] DEBUG fr.expression4j.basic.impl.BinaryOperatorExpressionElement  - In checkOperator.
2109 [main] DEBUG fr.expression4j.basic.impl.BinaryOperatorExpressionElement  - In checkOperator.
2109 [main] DEBUG fr.expression4j.basic.impl.BinaryOperatorExpressionElement  - Operator Multiply found.
2109 [main] DEBUG fr.expression4j.basic.impl.BinaryOperatorExpressionElement  - Operator Multiply found.
2109 [main] DEBUG fr.expression4j.basic.impl.BinaryOperatorExpressionElement  - Operator Multiply found.
2109 [main] DEBUG fr.expression4j.basic.impl.BinaryOperatorExpressionElement  - Found operator Multiply
2109 [main] DEBUG fr.expression4j.basic.impl.BinaryOperatorExpressionElement  - Found operator Multiply
2109 [main] DEBUG fr.expression4j.basic.impl.BinaryOperatorExpressionElement  - Found operator Multiply
2109 [main] DEBUG fr.expression4j.basic.impl.ComplexOrRealExpressionElement  - In parseElement
2109 [main] DEBUG fr.expression4j.basic.impl.ComplexOrRealExpressionElement  - In parseElement
2109 [main] DEBUG fr.expression4j.basic.impl.ComplexOrRealExpressionElement  - In parseElement
2109 [main] DEBUG fr.expression4j.basic.impl.ComplexOrRealExpressionElement  - start position: 9
2109 [main] DEBUG fr.expression4j.basic.impl.ComplexOrRealExpressionElement  - start position: 9
2109 [main] DEBUG fr.expression4j.basic.impl.ComplexOrRealExpressionElement  - start position: 9
2109 [main] DEBUG fr.expression4j.factory.ExpressionFactory  - Expression created
2109 [main] DEBUG fr.expression4j.factory.ExpressionFactory  - Expression created
2109 [main] DEBUG fr.expression4j.factory.ExpressionFactory  - Expression created
2138 [main] DEBUG fr.expression4j.factory.ExpressionFactory  - Create expression.
2138 [main] DEBUG fr.expression4j.factory.ExpressionFactory  - Create expression.
2138 [main] DEBUG fr.expression4j.factory.ExpressionFactory  - Create expression.
2138 [main] DEBUG fr.expression4j.factory.ExpressionFactory  - Expression to create: f(ABCDEFGHIJKLMNO45)=1+2*ABCDEFGHIJKLMNO45
2138 [main] DEBUG fr.expression4j.factory.ExpressionFactory  - Expression to create: f(ABCDEFGHIJKLMNO45)=1+2*ABCDEFGHIJKLMNO45
2138 [main] DEBUG fr.expression4j.factory.ExpressionFactory  - Expression to create: f(ABCDEFGHIJKLMNO45)=1+2*ABCDEFGHIJKLMNO45
2138 [main] DEBUG fr.expression4j.factory.ExpressionFactory  - Catalog: general
2138 [main] DEBUG fr.expression4j.factory.ExpressionFactory  - Catalog: general
2138 [main] DEBUG fr.expression4j.factory.ExpressionFactory  - Catalog: general
2138 [main] DEBUG fr.expression4j.factory.ExpressionFactory  - Model: default
2138 [main] DEBUG fr.expression4j.factory.ExpressionFactory  - Model: default
2138 [main] DEBUG fr.expression4j.factory.ExpressionFactory  - Model: default
2138 [main] DEBUG fr.expression4j.basic.impl.ComplexOrRealExpressionElement  - In parseElement
2138 [main] DEBUG fr.expression4j.basic.impl.ComplexOrRealExpressionElement  - In parseElement
2138 [main] DEBUG fr.expression4j.basic.impl.ComplexOrRealExpressionElement  - In parseElement
2138 [main] DEBUG fr.expression4j.basic.impl.ComplexOrRealExpressionElement  - start position: 21
2138 [main] DEBUG fr.expression4j.basic.impl.ComplexOrRealExpressionElement  - start position: 21
2138 [main] DEBUG fr.expression4j.basic.impl.ComplexOrRealExpressionElement  - start position: 21
2138 [main] DEBUG fr.expression4j.basic.impl.BinaryOperatorExpressionElement  - In parseElement.
2138 [main] DEBUG fr.expression4j.basic.impl.BinaryOperatorExpressionElement  - In parseElement.
2138 [main] DEBUG fr.expression4j.basic.impl.BinaryOperatorExpressionElement  - In parseElement.
2138 [main] DEBUG fr.expression4j.basic.impl.BinaryOperatorExpressionElement  - Current end position: 22
2138 [main] DEBUG fr.expression4j.basic.impl.BinaryOperatorExpressionElement  - Current end position: 22
2138 [main] DEBUG fr.expression4j.basic.impl.BinaryOperatorExpressionElement  - Current end position: 22
2138 [main] DEBUG fr.expression4j.basic.impl.BinaryOperatorExpressionElement  - In checkOperator.
2138 [main] DEBUG fr.expression4j.basic.impl.BinaryOperatorExpressionElement  - In checkOperator.
2138 [main] DEBUG fr.expression4j.basic.impl.BinaryOperatorExpressionElement  - In checkOperator.
2138 [main] DEBUG fr.expression4j.basic.impl.BinaryOperatorExpressionElement  - Operator Pow not found.
2138 [main] DEBUG fr.expression4j.basic.impl.BinaryOperatorExpressionElement  - Operator Pow not found.
2138 [main] DEBUG fr.expression4j.basic.impl.BinaryOperatorExpressionElement  - Operator Pow not found.
2138 [main] DEBUG fr.expression4j.basic.impl.BinaryOperatorExpressionElement  - No operator found.
2138 [main] DEBUG fr.expression4j.basic.impl.BinaryOperatorExpressionElement  - No operator found.
2138 [main] DEBUG fr.expression4j.basic.impl.BinaryOperatorExpressionElement  - No operator found.
2138 [main] DEBUG fr.expression4j.basic.impl.BinaryOperatorExpressionElement  - In parseElement.
2138 [main] DEBUG fr.expression4j.basic.impl.BinaryOperatorExpressionElement  - In parseElement.
2138 [main] DEBUG fr.expression4j.basic.impl.BinaryOperatorExpressionElement  - In parseElement.
2138 [main] DEBUG fr.expression4j.basic.impl.BinaryOperatorExpressionElement  - Current end position: 22
2138 [main] DEBUG fr.expression4j.basic.impl.BinaryOperatorExpressionElement  - Current end position: 22
2138 [main] DEBUG fr.expression4j.basic.impl.BinaryOperatorExpressionElement  - Current end position: 22
2138 [main] DEBUG fr.expression4j.basic.impl.BinaryOperatorExpressionElement  - In checkOperator.
2138 [main] DEBUG fr.expression4j.basic.impl.BinaryOperatorExpressionElement  - In checkOperator.
2138 [main] DEBUG fr.expression4j.basic.impl.BinaryOperatorExpressionElement  - In checkOperator.
2139 [main] DEBUG fr.expression4j.basic.impl.BinaryOperatorExpressionElement  - Operator Multiply not found.
2139 [main] DEBUG fr.expression4j.basic.impl.BinaryOperatorExpressionElement  - Operator Multiply not found.
2139 [main] DEBUG fr.expression4j.basic.impl.BinaryOperatorExpressionElement  - Operator Multiply not found.
2139 [main] DEBUG fr.expression4j.basic.impl.BinaryOperatorExpressionElement  - In checkOperator.
2139 [main] DEBUG fr.expression4j.basic.impl.BinaryOperatorExpressionElement  - In checkOperator.
2139 [main] DEBUG fr.expression4j.basic.impl.BinaryOperatorExpressionElement  - In checkOperator.
2139 [main] DEBUG fr.expression4j.basic.impl.BinaryOperatorExpressionElement  - Operator Divide not found.
2139 [main] DEBUG fr.expression4j.basic.impl.BinaryOperatorExpressionElement  - Operator Divide not found.
2139 [main] DEBUG fr.expression4j.basic.impl.BinaryOperatorExpressionElement  - Operator Divide not found.
2139 [main] DEBUG fr.expression4j.basic.impl.BinaryOperatorExpressionElement  - No operator found.
2139 [main] DEBUG fr.expression4j.basic.impl.BinaryOperatorExpressionElement  - No operator found.
2139 [main] DEBUG fr.expression4j.basic.impl.BinaryOperatorExpressionElement  - No operator found.
2139 [main] DEBUG fr.expression4j.basic.impl.BinaryOperatorExpressionElement  - In parseElement.
2139 [main] DEBUG fr.expression4j.basic.impl.BinaryOperatorExpressionElement  - In parseElement.
2139 [main] DEBUG fr.expression4j.basic.impl.BinaryOperatorExpressionElement  - In parseElement.
2139 [main] DEBUG fr.expression4j.basic.impl.BinaryOperatorExpressionElement  - Current end position: 22
2139 [main] DEBUG fr.expression4j.basic.impl.BinaryOperatorExpressionElement  - Current end position: 22
2139 [main] DEBUG fr.expression4j.basic.impl.BinaryOperatorExpressionElement  - Current end position: 22
2139 [main] DEBUG fr.expression4j.basic.impl.BinaryOperatorExpressionElement  - In checkOperator.
2139 [main] DEBUG fr.expression4j.basic.impl.BinaryOperatorExpressionElement  - In checkOperator.
2139 [main] DEBUG fr.expression4j.basic.impl.BinaryOperatorExpressionElement  - In checkOperator.
2139 [main] DEBUG fr.expression4j.basic.impl.BinaryOperatorExpressionElement  - Operator Plus found.
2139 [main] DEBUG fr.expression4j.basic.impl.BinaryOperatorExpressionElement  - Operator Plus found.
2139 [main] DEBUG fr.expression4j.basic.impl.BinaryOperatorExpressionElement  - Operator Plus found.
2139 [main] DEBUG fr.expression4j.basic.impl.BinaryOperatorExpressionElement  - Found operator Plus
2139 [main] DEBUG fr.expression4j.basic.impl.BinaryOperatorExpressionElement  - Found operator Plus
2139 [main] DEBUG fr.expression4j.basic.impl.BinaryOperatorExpressionElement  - Found operator Plus
2139 [main] DEBUG fr.expression4j.basic.impl.ComplexOrRealExpressionElement  - In parseElement
2139 [main] DEBUG fr.expression4j.basic.impl.ComplexOrRealExpressionElement  - In parseElement
2139 [main] DEBUG fr.expression4j.basic.impl.ComplexOrRealExpressionElement  - In parseElement
2139 [main] DEBUG fr.expression4j.basic.impl.ComplexOrRealExpressionElement  - start position: 23
2139 [main] DEBUG fr.expression4j.basic.impl.ComplexOrRealExpressionElement  - start position: 23
2139 [main] DEBUG fr.expression4j.basic.impl.ComplexOrRealExpressionElement  - start position: 23
2139 [main] DEBUG fr.expression4j.basic.impl.BinaryOperatorExpressionElement  - In parseElement.
2139 [main] DEBUG fr.expression4j.basic.impl.BinaryOperatorExpressionElement  - In parseElement.
2139 [main] DEBUG fr.expression4j.basic.impl.BinaryOperatorExpressionElement  - In parseElement.
2139 [main] DEBUG fr.expression4j.basic.impl.BinaryOperatorExpressionElement  - Current end position: 24
2139 [main] DEBUG fr.expression4j.basic.impl.BinaryOperatorExpressionElement  - Current end position: 24
2139 [main] DEBUG fr.expression4j.basic.impl.BinaryOperatorExpressionElement  - Current end position: 24
2139 [main] DEBUG fr.expression4j.basic.impl.BinaryOperatorExpressionElement  - In checkOperator.
2139 [main] DEBUG fr.expression4j.basic.impl.BinaryOperatorExpressionElement  - In checkOperator.
2139 [main] DEBUG fr.expression4j.basic.impl.BinaryOperatorExpressionElement  - In checkOperator.
2140 [main] DEBUG fr.expression4j.basic.impl.BinaryOperatorExpressionElement  - Operator Pow not found.
2140 [main] DEBUG fr.expression4j.basic.impl.BinaryOperatorExpressionElement  - Operator Pow not found.
2140 [main] DEBUG fr.expression4j.basic.impl.BinaryOperatorExpressionElement  - Operator Pow not found.
2140 [main] DEBUG fr.expression4j.basic.impl.BinaryOperatorExpressionElement  - No operator found.
2140 [main] DEBUG fr.expression4j.basic.impl.BinaryOperatorExpressionElement  - No operator found.
2140 [main] DEBUG fr.expression4j.basic.impl.BinaryOperatorExpressionElement  - No operator found.
2140 [main] DEBUG fr.expression4j.basic.impl.BinaryOperatorExpressionElement  - In parseElement.
2140 [main] DEBUG fr.expression4j.basic.impl.BinaryOperatorExpressionElement  - In parseElement.
2140 [main] DEBUG fr.expression4j.basic.impl.BinaryOperatorExpressionElement  - In parseElement.
2140 [main] DEBUG fr.expression4j.basic.impl.BinaryOperatorExpressionElement  - Current end position: 24
2140 [main] DEBUG fr.expression4j.basic.impl.BinaryOperatorExpressionElement  - Current end position: 24
2140 [main] DEBUG fr.expression4j.basic.impl.BinaryOperatorExpressionElement  - Current end position: 24
2140 [main] DEBUG fr.expression4j.basic.impl.BinaryOperatorExpressionElement  - In checkOperator.
2140 [main] DEBUG fr.expression4j.basic.impl.BinaryOperatorExpressionElement  - In checkOperator.
2140 [main] DEBUG fr.expression4j.basic.impl.BinaryOperatorExpressionElement  - In checkOperator.
2140 [main] DEBUG fr.expression4j.basic.impl.BinaryOperatorExpressionElement  - Operator Multiply found.
2140 [main] DEBUG fr.expression4j.basic.impl.BinaryOperatorExpressionElement  - Operator Multiply found.
2140 [main] DEBUG fr.expression4j.basic.impl.BinaryOperatorExpressionElement  - Operator Multiply found.
2140 [main] DEBUG fr.expression4j.basic.impl.BinaryOperatorExpressionElement  - Found operator Multiply
2140 [main] DEBUG fr.expression4j.basic.impl.BinaryOperatorExpressionElement  - Found operator Multiply
2140 [main] DEBUG fr.expression4j.basic.impl.BinaryOperatorExpressionElement  - Found operator Multiply
2140 [main] DEBUG fr.expression4j.basic.impl.ComplexOrRealExpressionElement  - In parseElement
2140 [main] DEBUG fr.expression4j.basic.impl.ComplexOrRealExpressionElement  - In parseElement
2140 [main] DEBUG fr.expression4j.basic.impl.ComplexOrRealExpressionElement  - In parseElement
2140 [main] DEBUG fr.expression4j.basic.impl.ComplexOrRealExpressionElement  - start position: 25
2140 [main] DEBUG fr.expression4j.basic.impl.ComplexOrRealExpressionElement  - start position: 25
2140 [main] DEBUG fr.expression4j.basic.impl.ComplexOrRealExpressionElement  - start position: 25
2140 [main] DEBUG fr.expression4j.factory.ExpressionFactory  - Expression created
2140 [main] DEBUG fr.expression4j.factory.ExpressionFactory  - Expression created
2140 [main] DEBUG fr.expression4j.factory.ExpressionFactory  - Expression created
2141 [main] DEBUG fr.expression4j.factory.ExpressionFactory  - Create expression.
2141 [main] DEBUG fr.expression4j.factory.ExpressionFactory  - Create expression.
2141 [main] DEBUG fr.expression4j.factory.ExpressionFactory  - Create expression.
2141 [main] DEBUG fr.expression4j.factory.ExpressionFactory  - Expression to create: f(x)=1+2*x+x/2
2141 [main] DEBUG fr.expression4j.factory.ExpressionFactory  - Expression to create: f(x)=1+2*x+x/2
2141 [main] DEBUG fr.expression4j.factory.ExpressionFactory  - Expression to create: f(x)=1+2*x+x/2
2141 [main] DEBUG fr.expression4j.factory.ExpressionFactory  - Catalog: general
2141 [main] DEBUG fr.expression4j.factory.ExpressionFactory  - Catalog: general
2141 [main] DEBUG fr.expression4j.factory.ExpressionFactory  - Catalog: general
2141 [main] DEBUG fr.expression4j.factory.ExpressionFactory  - Model: default
2141 [main] DEBUG fr.expression4j.factory.ExpressionFactory  - Model: default
2141 [main] DEBUG fr.expression4j.factory.ExpressionFactory  - Model: default
2141 [main] DEBUG fr.expression4j.basic.impl.ComplexOrRealExpressionElement  - In parseElement
2141 [main] DEBUG fr.expression4j.basic.impl.ComplexOrRealExpressionElement  - In parseElement
2141 [main] DEBUG fr.expression4j.basic.impl.ComplexOrRealExpressionElement  - In parseElement
2141 [main] DEBUG fr.expression4j.basic.impl.ComplexOrRealExpressionElement  - start position: 5
2141 [main] DEBUG fr.expression4j.basic.impl.ComplexOrRealExpressionElement  - start position: 5
2141 [main] DEBUG fr.expression4j.basic.impl.ComplexOrRealExpressionElement  - start position: 5
2141 [main] DEBUG fr.expression4j.basic.impl.BinaryOperatorExpressionElement  - In parseElement.
2141 [main] DEBUG fr.expression4j.basic.impl.BinaryOperatorExpressionElement  - In parseElement.
2141 [main] DEBUG fr.expression4j.basic.impl.BinaryOperatorExpressionElement  - In parseElement.
2141 [main] DEBUG fr.expression4j.basic.impl.BinaryOperatorExpressionElement  - Current end position: 6
2141 [main] DEBUG fr.expression4j.basic.impl.BinaryOperatorExpressionElement  - Current end position: 6
2141 [main] DEBUG fr.expression4j.basic.impl.BinaryOperatorExpressionElement  - Current end position: 6
2141 [main] DEBUG fr.expression4j.basic.impl.BinaryOperatorExpressionElement  - In checkOperator.
2141 [main] DEBUG fr.expression4j.basic.impl.BinaryOperatorExpressionElement  - In checkOperator.
2141 [main] DEBUG fr.expression4j.basic.impl.BinaryOperatorExpressionElement  - In checkOperator.
2141 [main] DEBUG fr.expression4j.basic.impl.BinaryOperatorExpressionElement  - Operator Pow not found.
2141 [main] DEBUG fr.expression4j.basic.impl.BinaryOperatorExpressionElement  - Operator Pow not found.
2141 [main] DEBUG fr.expression4j.basic.impl.BinaryOperatorExpressionElement  - Operator Pow not found.
2141 [main] DEBUG fr.expression4j.basic.impl.BinaryOperatorExpressionElement  - No operator found.
2141 [main] DEBUG fr.expression4j.basic.impl.BinaryOperatorExpressionElement  - No operator found.
2141 [main] DEBUG fr.expression4j.basic.impl.BinaryOperatorExpressionElement  - No operator found.
2141 [main] DEBUG fr.expression4j.basic.impl.BinaryOperatorExpressionElement  - In parseElement.
2141 [main] DEBUG fr.expression4j.basic.impl.BinaryOperatorExpressionElement  - In parseElement.
2141 [main] DEBUG fr.expression4j.basic.impl.BinaryOperatorExpressionElement  - In parseElement.
2141 [main] DEBUG fr.expression4j.basic.impl.BinaryOperatorExpressionElement  - Current end position: 6
2141 [main] DEBUG fr.expression4j.basic.impl.BinaryOperatorExpressionElement  - Current end position: 6
2141 [main] DEBUG fr.expression4j.basic.impl.BinaryOperatorExpressionElement  - Current end position: 6
2141 [main] DEBUG fr.expression4j.basic.impl.BinaryOperatorExpressionElement  - In checkOperator.
2141 [main] DEBUG fr.expression4j.basic.impl.BinaryOperatorExpressionElement  - In checkOperator.
2141 [main] DEBUG fr.expression4j.basic.impl.BinaryOperatorExpressionElement  - In checkOperator.
2141 [main] DEBUG fr.expression4j.basic.impl.BinaryOperatorExpressionElement  - Operator Multiply not found.
2141 [main] DEBUG fr.expression4j.basic.impl.BinaryOperatorExpressionElement  - Operator Multiply not found.
2141 [main] DEBUG fr.expression4j.basic.impl.BinaryOperatorExpressionElement  - Operator Multiply not found.
2141 [main] DEBUG fr.expression4j.basic.impl.BinaryOperatorExpressionElement  - In checkOperator.
2141 [main] DEBUG fr.expression4j.basic.impl.BinaryOperatorExpressionElement  - In checkOperator.
2141 [main] DEBUG fr.expression4j.basic.impl.BinaryOperatorExpressionElement  - In checkOperator.
2141 [main] DEBUG fr.expression4j.basic.impl.BinaryOperatorExpressionElement  - Operator Divide not found.
2141 [main] DEBUG fr.expression4j.basic.impl.BinaryOperatorExpressionElement  - Operator Divide not found.
2141 [main] DEBUG fr.expression4j.basic.impl.BinaryOperatorExpressionElement  - Operator Divide not found.
2142 [main] DEBUG fr.expression4j.basic.impl.BinaryOperatorExpressionElement  - No operator found.
2142 [main] DEBUG fr.expression4j.basic.impl.BinaryOperatorExpressionElement  - No operator found.
2142 [main] DEBUG fr.expression4j.basic.impl.BinaryOperatorExpressionElement  - No operator found.
2142 [main] DEBUG fr.expression4j.basic.impl.BinaryOperatorExpressionElement  - In parseElement.
2142 [main] DEBUG fr.expression4j.basic.impl.BinaryOperatorExpressionElement  - In parseElement.
2142 [main] DEBUG fr.expression4j.basic.impl.BinaryOperatorExpressionElement  - In parseElement.
2142 [main] DEBUG fr.expression4j.basic.impl.BinaryOperatorExpressionElement  - Current end position: 6
2142 [main] DEBUG fr.expression4j.basic.impl.BinaryOperatorExpressionElement  - Current end position: 6
2142 [main] DEBUG fr.expression4j.basic.impl.BinaryOperatorExpressionElement  - Current end position: 6
2142 [main] DEBUG fr.expression4j.basic.impl.BinaryOperatorExpressionElement  - In checkOperator.
2142 [main] DEBUG fr.expression4j.basic.impl.BinaryOperatorExpressionElement  - In checkOperator.
2142 [main] DEBUG fr.expression4j.basic.impl.BinaryOperatorExpressionElement  - In checkOperator.
2142 [main] DEBUG fr.expression4j.basic.impl.BinaryOperatorExpressionElement  - Operator Plus found.
2142 [main] DEBUG fr.expression4j.basic.impl.BinaryOperatorExpressionElement  - Operator Plus found.
2142 [main] DEBUG fr.expression4j.basic.impl.BinaryOperatorExpressionElement  - Operator Plus found.
2142 [main] DEBUG fr.expression4j.basic.impl.BinaryOperatorExpressionElement  - Found operator Plus
2142 [main] DEBUG fr.expression4j.basic.impl.BinaryOperatorExpressionElement  - Found operator Plus
2142 [main] DEBUG fr.expression4j.basic.impl.BinaryOperatorExpressionElement  - Found operator Plus
2142 [main] DEBUG fr.expression4j.basic.impl.ComplexOrRealExpressionElement  - In parseElement
2142 [main] DEBUG fr.expression4j.basic.impl.ComplexOrRealExpressionElement  - In parseElement
2142 [main] DEBUG fr.expression4j.basic.impl.ComplexOrRealExpressionElement  - In parseElement
2142 [main] DEBUG fr.expression4j.basic.impl.ComplexOrRealExpressionElement  - start position: 7
2142 [main] DEBUG fr.expression4j.basic.impl.ComplexOrRealExpressionElement  - start position: 7
2142 [main] DEBUG fr.expression4j.basic.impl.ComplexOrRealExpressionElement  - start position: 7
2142 [main] DEBUG fr.expression4j.basic.impl.BinaryOperatorExpressionElement  - In parseElement.
2142 [main] DEBUG fr.expression4j.basic.impl.BinaryOperatorExpressionElement  - In parseElement.
2142 [main] DEBUG fr.expression4j.basic.impl.BinaryOperatorExpressionElement  - In parseElement.
2142 [main] DEBUG fr.expression4j.basic.impl.BinaryOperatorExpressionElement  - Current end position: 8
2142 [main] DEBUG fr.expression4j.basic.impl.BinaryOperatorExpressionElement  - Current end position: 8
2142 [main] DEBUG fr.expression4j.basic.impl.BinaryOperatorExpressionElement  - Current end position: 8
2142 [main] DEBUG fr.expression4j.basic.impl.BinaryOperatorExpressionElement  - In checkOperator.
2142 [main] DEBUG fr.expression4j.basic.impl.BinaryOperatorExpressionElement  - In checkOperator.
2142 [main] DEBUG fr.expression4j.basic.impl.BinaryOperatorExpressionElement  - In checkOperator.
2142 [main] DEBUG fr.expression4j.basic.impl.BinaryOperatorExpressionElement  - Operator Pow not found.
2142 [main] DEBUG fr.expression4j.basic.impl.BinaryOperatorExpressionElement  - Operator Pow not found.
2142 [main] DEBUG fr.expression4j.basic.impl.BinaryOperatorExpressionElement  - Operator Pow not found.
2142 [main] DEBUG fr.expression4j.basic.impl.BinaryOperatorExpressionElement  - No operator found.
2142 [main] DEBUG fr.expression4j.basic.impl.BinaryOperatorExpressionElement  - No operator found.
2142 [main] DEBUG fr.expression4j.basic.impl.BinaryOperatorExpressionElement  - No operator found.
2145 [main] DEBUG fr.expression4j.basic.impl.BinaryOperatorExpressionElement  - In parseElement.
2145 [main] DEBUG fr.expression4j.basic.impl.BinaryOperatorExpressionElement  - In parseElement.
2145 [main] DEBUG fr.expression4j.basic.impl.BinaryOperatorExpressionElement  - In parseElement.
2145 [main] DEBUG fr.expression4j.basic.impl.BinaryOperatorExpressionElement  - Current end position: 8
2145 [main] DEBUG fr.expression4j.basic.impl.BinaryOperatorExpressionElement  - Current end position: 8
2145 [main] DEBUG fr.expression4j.basic.impl.BinaryOperatorExpressionElement  - Current end position: 8
2145 [main] DEBUG fr.expression4j.basic.impl.BinaryOperatorExpressionElement  - In checkOperator.
2145 [main] DEBUG fr.expression4j.basic.impl.BinaryOperatorExpressionElement  - In checkOperator.
2145 [main] DEBUG fr.expression4j.basic.impl.BinaryOperatorExpressionElement  - In checkOperator.
2145 [main] DEBUG fr.expression4j.basic.impl.BinaryOperatorExpressionElement  - Operator Multiply found.
2145 [main] DEBUG fr.expression4j.basic.impl.BinaryOperatorExpressionElement  - Operator Multiply found.
2145 [main] DEBUG fr.expression4j.basic.impl.BinaryOperatorExpressionElement  - Operator Multiply found.
2145 [main] DEBUG fr.expression4j.basic.impl.BinaryOperatorExpressionElement  - Found operator Multiply
2145 [main] DEBUG fr.expression4j.basic.impl.BinaryOperatorExpressionElement  - Found operator Multiply
2145 [main] DEBUG fr.expression4j.basic.impl.BinaryOperatorExpressionElement  - Found operator Multiply
2145 [main] DEBUG fr.expression4j.basic.impl.ComplexOrRealExpressionElement  - In parseElement
2145 [main] DEBUG fr.expression4j.basic.impl.ComplexOrRealExpressionElement  - In parseElement
2145 [main] DEBUG fr.expression4j.basic.impl.ComplexOrRealExpressionElement  - In parseElement
2145 [main] DEBUG fr.expression4j.basic.impl.ComplexOrRealExpressionElement  - start position: 9
2145 [main] DEBUG fr.expression4j.basic.impl.ComplexOrRealExpressionElement  - start position: 9
2145 [main] DEBUG fr.expression4j.basic.impl.ComplexOrRealExpressionElement  - start position: 9
2145 [main] DEBUG fr.expression4j.basic.impl.BinaryOperatorExpressionElement  - In parseElement.
2145 [main] DEBUG fr.expression4j.basic.impl.BinaryOperatorExpressionElement  - In parseElement.
2145 [main] DEBUG fr.expression4j.basic.impl.BinaryOperatorExpressionElement  - In parseElement.
2145 [main] DEBUG fr.expression4j.basic.impl.BinaryOperatorExpressionElement  - Current end position: 10
2145 [main] DEBUG fr.expression4j.basic.impl.BinaryOperatorExpressionElement  - Current end position: 10
2145 [main] DEBUG fr.expression4j.basic.impl.BinaryOperatorExpressionElement  - Current end position: 10
2145 [main] DEBUG fr.expression4j.basic.impl.BinaryOperatorExpressionElement  - In checkOperator.
2145 [main] DEBUG fr.expression4j.basic.impl.BinaryOperatorExpressionElement  - In checkOperator.
2145 [main] DEBUG fr.expression4j.basic.impl.BinaryOperatorExpressionElement  - In checkOperator.
2145 [main] DEBUG fr.expression4j.basic.impl.BinaryOperatorExpressionElement  - Operator Pow not found.
2145 [main] DEBUG fr.expression4j.basic.impl.BinaryOperatorExpressionElement  - Operator Pow not found.
2145 [main] DEBUG fr.expression4j.basic.impl.BinaryOperatorExpressionElement  - Operator Pow not found.
2145 [main] DEBUG fr.expression4j.basic.impl.BinaryOperatorExpressionElement  - No operator found.
2145 [main] DEBUG fr.expression4j.basic.impl.BinaryOperatorExpressionElement  - No operator found.
2145 [main] DEBUG fr.expression4j.basic.impl.BinaryOperatorExpressionElement  - No operator found.
2145 [main] DEBUG fr.expression4j.basic.impl.BinaryOperatorExpressionElement  - In parseElement.
2145 [main] DEBUG fr.expression4j.basic.impl.BinaryOperatorExpressionElement  - In parseElement.
2145 [main] DEBUG fr.expression4j.basic.impl.BinaryOperatorExpressionElement  - In parseElement.
2146 [main] DEBUG fr.expression4j.basic.impl.BinaryOperatorExpressionElement  - Current end position: 10
2146 [main] DEBUG fr.expression4j.basic.impl.BinaryOperatorExpressionElement  - Current end position: 10
2146 [main] DEBUG fr.expression4j.basic.impl.BinaryOperatorExpressionElement  - Current end position: 10
2146 [main] DEBUG fr.expression4j.basic.impl.BinaryOperatorExpressionElement  - In checkOperator.
2146 [main] DEBUG fr.expression4j.basic.impl.BinaryOperatorExpressionElement  - In checkOperator.
2146 [main] DEBUG fr.expression4j.basic.impl.BinaryOperatorExpressionElement  - In checkOperator.
2146 [main] DEBUG fr.expression4j.basic.impl.BinaryOperatorExpressionElement  - Operator Multiply not found.
2146 [main] DEBUG fr.expression4j.basic.impl.BinaryOperatorExpressionElement  - Operator Multiply not found.
2146 [main] DEBUG fr.expression4j.basic.impl.BinaryOperatorExpressionElement  - Operator Multiply not found.
2146 [main] DEBUG fr.expression4j.basic.impl.BinaryOperatorExpressionElement  - In checkOperator.
2146 [main] DEBUG fr.expression4j.basic.impl.BinaryOperatorExpressionElement  - In checkOperator.
2146 [main] DEBUG fr.expression4j.basic.impl.BinaryOperatorExpressionElement  - In checkOperator.
2146 [main] DEBUG fr.expression4j.basic.impl.BinaryOperatorExpressionElement  - Operator Divide not found.
2146 [main] DEBUG fr.expression4j.basic.impl.BinaryOperatorExpressionElement  - Operator Divide not found.
2146 [main] DEBUG fr.expression4j.basic.impl.BinaryOperatorExpressionElement  - Operator Divide not found.
2146 [main] DEBUG fr.expression4j.basic.impl.BinaryOperatorExpressionElement  - No operator found.
2146 [main] DEBUG fr.expression4j.basic.impl.BinaryOperatorExpressionElement  - No operator found.
2146 [main] DEBUG fr.expression4j.basic.impl.BinaryOperatorExpressionElement  - No operator found.
2146 [main] DEBUG fr.expression4j.basic.impl.BinaryOperatorExpressionElement  - In parseElement.
2146 [main] DEBUG fr.expression4j.basic.impl.BinaryOperatorExpressionElement  - In parseElement.
2146 [main] DEBUG fr.expression4j.basic.impl.BinaryOperatorExpressionElement  - In parseElement.
2146 [main] DEBUG fr.expression4j.basic.impl.BinaryOperatorExpressionElement  - Current end position: 10
2146 [main] DEBUG fr.expression4j.basic.impl.BinaryOperatorExpressionElement  - Current end position: 10
2146 [main] DEBUG fr.expression4j.basic.impl.BinaryOperatorExpressionElement  - Current end position: 10
2146 [main] DEBUG fr.expression4j.basic.impl.BinaryOperatorExpressionElement  - In checkOperator.
2146 [main] DEBUG fr.expression4j.basic.impl.BinaryOperatorExpressionElement  - In checkOperator.
2146 [main] DEBUG fr.expression4j.basic.impl.BinaryOperatorExpressionElement  - In checkOperator.
2147 [main] DEBUG fr.expression4j.basic.impl.BinaryOperatorExpressionElement  - Operator Plus found.
2147 [main] DEBUG fr.expression4j.basic.impl.BinaryOperatorExpressionElement  - Operator Plus found.
2147 [main] DEBUG fr.expression4j.basic.impl.BinaryOperatorExpressionElement  - Operator Plus found.
2147 [main] DEBUG fr.expression4j.basic.impl.BinaryOperatorExpressionElement  - Found operator Plus
2147 [main] DEBUG fr.expression4j.basic.impl.BinaryOperatorExpressionElement  - Found operator Plus
2147 [main] DEBUG fr.expression4j.basic.impl.BinaryOperatorExpressionElement  - Found operator Plus
2147 [main] DEBUG fr.expression4j.basic.impl.ComplexOrRealExpressionElement  - In parseElement
2147 [main] DEBUG fr.expression4j.basic.impl.ComplexOrRealExpressionElement  - In parseElement
2147 [main] DEBUG fr.expression4j.basic.impl.ComplexOrRealExpressionElement  - In parseElement
2147 [main] DEBUG fr.expression4j.basic.impl.ComplexOrRealExpressionElement  - start position: 11
2147 [main] DEBUG fr.expression4j.basic.impl.ComplexOrRealExpressionElement  - start position: 11
2147 [main] DEBUG fr.expression4j.basic.impl.ComplexOrRealExpressionElement  - start position: 11
2148 [main] DEBUG fr.expression4j.basic.impl.BinaryOperatorExpressionElement  - In parseElement.
2148 [main] DEBUG fr.expression4j.basic.impl.BinaryOperatorExpressionElement  - In parseElement.
2148 [main] DEBUG fr.expression4j.basic.impl.BinaryOperatorExpressionElement  - In parseElement.
2148 [main] DEBUG fr.expression4j.basic.impl.BinaryOperatorExpressionElement  - Current end position: 12
2148 [main] DEBUG fr.expression4j.basic.impl.BinaryOperatorExpressionElement  - Current end position: 12
2148 [main] DEBUG fr.expression4j.basic.impl.BinaryOperatorExpressionElement  - Current end position: 12
2148 [main] DEBUG fr.expression4j.basic.impl.BinaryOperatorExpressionElement  - In checkOperator.
2148 [main] DEBUG fr.expression4j.basic.impl.BinaryOperatorExpressionElement  - In checkOperator.
2148 [main] DEBUG fr.expression4j.basic.impl.BinaryOperatorExpressionElement  - In checkOperator.
2148 [main] DEBUG fr.expression4j.basic.impl.BinaryOperatorExpressionElement  - Operator Pow not found.
2148 [main] DEBUG fr.expression4j.basic.impl.BinaryOperatorExpressionElement  - Operator Pow not found.
2148 [main] DEBUG fr.expression4j.basic.impl.BinaryOperatorExpressionElement  - Operator Pow not found.
2148 [main] DEBUG fr.expression4j.basic.impl.BinaryOperatorExpressionElement  - No operator found.
2148 [main] DEBUG fr.expression4j.basic.impl.BinaryOperatorExpressionElement  - No operator found.
2148 [main] DEBUG fr.expression4j.basic.impl.BinaryOperatorExpressionElement  - No operator found.
2148 [main] DEBUG fr.expression4j.basic.impl.BinaryOperatorExpressionElement  - In parseElement.
2148 [main] DEBUG fr.expression4j.basic.impl.BinaryOperatorExpressionElement  - In parseElement.
2148 [main] DEBUG fr.expression4j.basic.impl.BinaryOperatorExpressionElement  - In parseElement.
2148 [main] DEBUG fr.expression4j.basic.impl.BinaryOperatorExpressionElement  - Current end position: 12
2148 [main] DEBUG fr.expression4j.basic.impl.BinaryOperatorExpressionElement  - Current end position: 12
2148 [main] DEBUG fr.expression4j.basic.impl.BinaryOperatorExpressionElement  - Current end position: 12
2148 [main] DEBUG fr.expression4j.basic.impl.BinaryOperatorExpressionElement  - In checkOperator.
2148 [main] DEBUG fr.expression4j.basic.impl.BinaryOperatorExpressionElement  - In checkOperator.
2148 [main] DEBUG fr.expression4j.basic.impl.BinaryOperatorExpressionElement  - In checkOperator.
2148 [main] DEBUG fr.expression4j.basic.impl.BinaryOperatorExpressionElement  - Operator Multiply not found.
2148 [main] DEBUG fr.expression4j.basic.impl.BinaryOperatorExpressionElement  - Operator Multiply not found.
2148 [main] DEBUG fr.expression4j.basic.impl.BinaryOperatorExpressionElement  - Operator Multiply not found.
2148 [main] DEBUG fr.expression4j.basic.impl.BinaryOperatorExpressionElement  - In checkOperator.
2148 [main] DEBUG fr.expression4j.basic.impl.BinaryOperatorExpressionElement  - In checkOperator.
2148 [main] DEBUG fr.expression4j.basic.impl.BinaryOperatorExpressionElement  - In checkOperator.
2148 [main] DEBUG fr.expression4j.basic.impl.BinaryOperatorExpressionElement  - Operator Divide found.
2148 [main] DEBUG fr.expression4j.basic.impl.BinaryOperatorExpressionElement  - Operator Divide found.
2148 [main] DEBUG fr.expression4j.basic.impl.BinaryOperatorExpressionElement  - Operator Divide found.
2148 [main] DEBUG fr.expression4j.basic.impl.BinaryOperatorExpressionElement  - Found operator Divide
2148 [main] DEBUG fr.expression4j.basic.impl.BinaryOperatorExpressionElement  - Found operator Divide
2148 [main] DEBUG fr.expression4j.basic.impl.BinaryOperatorExpressionElement  - Found operator Divide
2148 [main] DEBUG fr.expression4j.basic.impl.ComplexOrRealExpressionElement  - In parseElement
2148 [main] DEBUG fr.expression4j.basic.impl.ComplexOrRealExpressionElement  - In parseElement
2148 [main] DEBUG fr.expression4j.basic.impl.ComplexOrRealExpressionElement  - In parseElement
2148 [main] DEBUG fr.expression4j.basic.impl.ComplexOrRealExpressionElement  - start position: 13
2148 [main] DEBUG fr.expression4j.basic.impl.ComplexOrRealExpressionElement  - start position: 13
2148 [main] DEBUG fr.expression4j.basic.impl.ComplexOrRealExpressionElement  - start position: 13
2148 [main] DEBUG fr.expression4j.factory.ExpressionFactory  - Expression created
2148 [main] DEBUG fr.expression4j.factory.ExpressionFactory  - Expression created
2148 [main] DEBUG fr.expression4j.factory.ExpressionFactory  - Expression created
2149 [main] DEBUG fr.expression4j.factory.ExpressionFactory  - Create expression.
2149 [main] DEBUG fr.expression4j.factory.ExpressionFactory  - Create expression.
2149 [main] DEBUG fr.expression4j.factory.ExpressionFactory  - Create expression.
2149 [main] DEBUG fr.expression4j.factory.ExpressionFactory  - Expression to create: f(x)=1+2*x+x/2
2149 [main] DEBUG fr.expression4j.factory.ExpressionFactory  - Expression to create: f(x)=1+2*x+x/2
2149 [main] DEBUG fr.expression4j.factory.ExpressionFactory  - Expression to create: f(x)=1+2*x+x/2
2149 [main] DEBUG fr.expression4j.factory.ExpressionFactory  - Catalog: general
2149 [main] DEBUG fr.expression4j.factory.ExpressionFactory  - Catalog: general
2149 [main] DEBUG fr.expression4j.factory.ExpressionFactory  - Catalog: general
2149 [main] DEBUG fr.expression4j.factory.ExpressionFactory  - Model: default
2149 [main] DEBUG fr.expression4j.factory.ExpressionFactory  - Model: default
2149 [main] DEBUG fr.expression4j.factory.ExpressionFactory  - Model: default
2149 [main] DEBUG fr.expression4j.basic.impl.ComplexOrRealExpressionElement  - In parseElement
2149 [main] DEBUG fr.expression4j.basic.impl.ComplexOrRealExpressionElement  - In parseElement
2149 [main] DEBUG fr.expression4j.basic.impl.ComplexOrRealExpressionElement  - In parseElement
2149 [main] DEBUG fr.expression4j.basic.impl.ComplexOrRealExpressionElement  - start position: 5
2149 [main] DEBUG fr.expression4j.basic.impl.ComplexOrRealExpressionElement  - start position: 5
2149 [main] DEBUG fr.expression4j.basic.impl.ComplexOrRealExpressionElement  - start position: 5
2149 [main] DEBUG fr.expression4j.basic.impl.BinaryOperatorExpressionElement  - In parseElement.
2149 [main] DEBUG fr.expression4j.basic.impl.BinaryOperatorExpressionElement  - In parseElement.
2149 [main] DEBUG fr.expression4j.basic.impl.BinaryOperatorExpressionElement  - In parseElement.
2149 [main] DEBUG fr.expression4j.basic.impl.BinaryOperatorExpressionElement  - Current end position: 6
2149 [main] DEBUG fr.expression4j.basic.impl.BinaryOperatorExpressionElement  - Current end position: 6
2149 [main] DEBUG fr.expression4j.basic.impl.BinaryOperatorExpressionElement  - Current end position: 6
2149 [main] DEBUG fr.expression4j.basic.impl.BinaryOperatorExpressionElement  - In checkOperator.
2149 [main] DEBUG fr.expression4j.basic.impl.BinaryOperatorExpressionElement  - In checkOperator.
2149 [main] DEBUG fr.expression4j.basic.impl.BinaryOperatorExpressionElement  - In checkOperator.
2149 [main] DEBUG fr.expression4j.basic.impl.BinaryOperatorExpressionElement  - Operator Pow not found.
2149 [main] DEBUG fr.expression4j.basic.impl.BinaryOperatorExpressionElement  - Operator Pow not found.
2149 [main] DEBUG fr.expression4j.basic.impl.BinaryOperatorExpressionElement  - Operator Pow not found.
2150 [main] DEBUG fr.expression4j.basic.impl.BinaryOperatorExpressionElement  - No operator found.
2150 [main] DEBUG fr.expression4j.basic.impl.BinaryOperatorExpressionElement  - No operator found.
2150 [main] DEBUG fr.expression4j.basic.impl.BinaryOperatorExpressionElement  - No operator found.
2150 [main] DEBUG fr.expression4j.basic.impl.BinaryOperatorExpressionElement  - In parseElement.
2150 [main] DEBUG fr.expression4j.basic.impl.BinaryOperatorExpressionElement  - In parseElement.
2150 [main] DEBUG fr.expression4j.basic.impl.BinaryOperatorExpressionElement  - In parseElement.
2150 [main] DEBUG fr.expression4j.basic.impl.BinaryOperatorExpressionElement  - Current end position: 6
2150 [main] DEBUG fr.expression4j.basic.impl.BinaryOperatorExpressionElement  - Current end position: 6
2150 [main] DEBUG fr.expression4j.basic.impl.BinaryOperatorExpressionElement  - Current end position: 6
2150 [main] DEBUG fr.expression4j.basic.impl.BinaryOperatorExpressionElement  - In checkOperator.
2150 [main] DEBUG fr.expression4j.basic.impl.BinaryOperatorExpressionElement  - In checkOperator.
2150 [main] DEBUG fr.expression4j.basic.impl.BinaryOperatorExpressionElement  - In checkOperator.
2150 [main] DEBUG fr.expression4j.basic.impl.BinaryOperatorExpressionElement  - Operator Multiply not found.
2150 [main] DEBUG fr.expression4j.basic.impl.BinaryOperatorExpressionElement  - Operator Multiply not found.
2150 [main] DEBUG fr.expression4j.basic.impl.BinaryOperatorExpressionElement  - Operator Multiply not found.
2150 [main] DEBUG fr.expression4j.basic.impl.BinaryOperatorExpressionElement  - In checkOperator.
2150 [main] DEBUG fr.expression4j.basic.impl.BinaryOperatorExpressionElement  - In checkOperator.
2150 [main] DEBUG fr.expression4j.basic.impl.BinaryOperatorExpressionElement  - In checkOperator.
2150 [main] DEBUG fr.expression4j.basic.impl.BinaryOperatorExpressionElement  - Operator Divide not found.
2150 [main] DEBUG fr.expression4j.basic.impl.BinaryOperatorExpressionElement  - Operator Divide not found.
2150 [main] DEBUG fr.expression4j.basic.impl.BinaryOperatorExpressionElement  - Operator Divide not found.
2150 [main] DEBUG fr.expression4j.basic.impl.BinaryOperatorExpressionElement  - No operator found.
2150 [main] DEBUG fr.expression4j.basic.impl.BinaryOperatorExpressionElement  - No operator found.
2150 [main] DEBUG fr.expression4j.basic.impl.BinaryOperatorExpressionElement  - No operator found.
2150 [main] DEBUG fr.expression4j.basic.impl.BinaryOperatorExpressionElement  - In parseElement.
2150 [main] DEBUG fr.expression4j.basic.impl.BinaryOperatorExpressionElement  - In parseElement.
2150 [main] DEBUG fr.expression4j.basic.impl.BinaryOperatorExpressionElement  - In parseElement.
2150 [main] DEBUG fr.expression4j.basic.impl.BinaryOperatorExpressionElement  - Current end position: 6
2150 [main] DEBUG fr.expression4j.basic.impl.BinaryOperatorExpressionElement  - Current end position: 6
2150 [main] DEBUG fr.expression4j.basic.impl.BinaryOperatorExpressionElement  - Current end position: 6
2150 [main] DEBUG fr.expression4j.basic.impl.BinaryOperatorExpressionElement  - In checkOperator.
2150 [main] DEBUG fr.expression4j.basic.impl.BinaryOperatorExpressionElement  - In checkOperator.
2150 [main] DEBUG fr.expression4j.basic.impl.BinaryOperatorExpressionElement  - In checkOperator.
2150 [main] DEBUG fr.expression4j.basic.impl.BinaryOperatorExpressionElement  - Operator Plus found.
2150 [main] DEBUG fr.expression4j.basic.impl.BinaryOperatorExpressionElement  - Operator Plus found.
2150 [main] DEBUG fr.expression4j.basic.impl.BinaryOperatorExpressionElement  - Operator Plus found.
2150 [main] DEBUG fr.expression4j.basic.impl.BinaryOperatorExpressionElement  - Found operator Plus
2150 [main] DEBUG fr.expression4j.basic.impl.BinaryOperatorExpressionElement  - Found operator Plus
2150 [main] DEBUG fr.expression4j.basic.impl.BinaryOperatorExpressionElement  - Found operator Plus
2150 [main] DEBUG fr.expression4j.basic.impl.ComplexOrRealExpressionElement  - In parseElement
2150 [main] DEBUG fr.expression4j.basic.impl.ComplexOrRealExpressionElement  - In parseElement
2150 [main] DEBUG fr.expression4j.basic.impl.ComplexOrRealExpressionElement  - In parseElement
2150 [main] DEBUG fr.expression4j.basic.impl.ComplexOrRealExpressionElement  - start position: 7
2150 [main] DEBUG fr.expression4j.basic.impl.ComplexOrRealExpressionElement  - start position: 7
2150 [main] DEBUG fr.expression4j.basic.impl.ComplexOrRealExpressionElement  - start position: 7
2150 [main] DEBUG fr.expression4j.basic.impl.BinaryOperatorExpressionElement  - In parseElement.
2150 [main] DEBUG fr.expression4j.basic.impl.BinaryOperatorExpressionElement  - In parseElement.
2150 [main] DEBUG fr.expression4j.basic.impl.BinaryOperatorExpressionElement  - In parseElement.
2150 [main] DEBUG fr.expression4j.basic.impl.BinaryOperatorExpressionElement  - Current end position: 8
2150 [main] DEBUG fr.expression4j.basic.impl.BinaryOperatorExpressionElement  - Current end position: 8
2150 [main] DEBUG fr.expression4j.basic.impl.BinaryOperatorExpressionElement  - Current end position: 8
2150 [main] DEBUG fr.expression4j.basic.impl.BinaryOperatorExpressionElement  - In checkOperator.
2150 [main] DEBUG fr.expression4j.basic.impl.BinaryOperatorExpressionElement  - In checkOperator.
2150 [main] DEBUG fr.expression4j.basic.impl.BinaryOperatorExpressionElement  - In checkOperator.
2150 [main] DEBUG fr.expression4j.basic.impl.BinaryOperatorExpressionElement  - Operator Pow not found.
2150 [main] DEBUG fr.expression4j.basic.impl.BinaryOperatorExpressionElement  - Operator Pow not found.
2150 [main] DEBUG fr.expression4j.basic.impl.BinaryOperatorExpressionElement  - Operator Pow not found.
2151 [main] DEBUG fr.expression4j.basic.impl.BinaryOperatorExpressionElement  - No operator found.
2151 [main] DEBUG fr.expression4j.basic.impl.BinaryOperatorExpressionElement  - No operator found.
2151 [main] DEBUG fr.expression4j.basic.impl.BinaryOperatorExpressionElement  - No operator found.
2151 [main] DEBUG fr.expression4j.basic.impl.BinaryOperatorExpressionElement  - In parseElement.
2151 [main] DEBUG fr.expression4j.basic.impl.BinaryOperatorExpressionElement  - In parseElement.
2151 [main] DEBUG fr.expression4j.basic.impl.BinaryOperatorExpressionElement  - In parseElement.
2151 [main] DEBUG fr.expression4j.basic.impl.BinaryOperatorExpressionElement  - Current end position: 8
2151 [main] DEBUG fr.expression4j.basic.impl.BinaryOperatorExpressionElement  - Current end position: 8
2151 [main] DEBUG fr.expression4j.basic.impl.BinaryOperatorExpressionElement  - Current end position: 8
2151 [main] DEBUG fr.expression4j.basic.impl.BinaryOperatorExpressionElement  - In checkOperator.
2151 [main] DEBUG fr.expression4j.basic.impl.BinaryOperatorExpressionElement  - In checkOperator.
2151 [main] DEBUG fr.expression4j.basic.impl.BinaryOperatorExpressionElement  - In checkOperator.
2151 [main] DEBUG fr.expression4j.basic.impl.BinaryOperatorExpressionElement  - Operator Multiply found.
2151 [main] DEBUG fr.expression4j.basic.impl.BinaryOperatorExpressionElement  - Operator Multiply found.
2151 [main] DEBUG fr.expression4j.basic.impl.BinaryOperatorExpressionElement  - Operator Multiply found.
2151 [main] DEBUG fr.expression4j.basic.impl.BinaryOperatorExpressionElement  - Found operator Multiply
2151 [main] DEBUG fr.expression4j.basic.impl.BinaryOperatorExpressionElement  - Found operator Multiply
2151 [main] DEBUG fr.expression4j.basic.impl.BinaryOperatorExpressionElement  - Found operator Multiply
2151 [main] DEBUG fr.expression4j.basic.impl.ComplexOrRealExpressionElement  - In parseElement
2151 [main] DEBUG fr.expression4j.basic.impl.ComplexOrRealExpressionElement  - In parseElement
2151 [main] DEBUG fr.expression4j.basic.impl.ComplexOrRealExpressionElement  - In parseElement
2151 [main] DEBUG fr.expression4j.basic.impl.ComplexOrRealExpressionElement  - start position: 9
2151 [main] DEBUG fr.expression4j.basic.impl.ComplexOrRealExpressionElement  - start position: 9
2151 [main] DEBUG fr.expression4j.basic.impl.ComplexOrRealExpressionElement  - start position: 9
2151 [main] DEBUG fr.expression4j.basic.impl.BinaryOperatorExpressionElement  - In parseElement.
2151 [main] DEBUG fr.expression4j.basic.impl.BinaryOperatorExpressionElement  - In parseElement.
2151 [main] DEBUG fr.expression4j.basic.impl.BinaryOperatorExpressionElement  - In parseElement.
2152 [main] DEBUG fr.expression4j.basic.impl.BinaryOperatorExpressionElement  - Current end position: 10
2152 [main] DEBUG fr.expression4j.basic.impl.BinaryOperatorExpressionElement  - Current end position: 10
2152 [main] DEBUG fr.expression4j.basic.impl.BinaryOperatorExpressionElement  - Current end position: 10
2152 [main] DEBUG fr.expression4j.basic.impl.BinaryOperatorExpressionElement  - In checkOperator.
2152 [main] DEBUG fr.expression4j.basic.impl.BinaryOperatorExpressionElement  - In checkOperator.
2152 [main] DEBUG fr.expression4j.basic.impl.BinaryOperatorExpressionElement  - In checkOperator.
2152 [main] DEBUG fr.expression4j.basic.impl.BinaryOperatorExpressionElement  - Operator Pow not found.
2152 [main] DEBUG fr.expression4j.basic.impl.BinaryOperatorExpressionElement  - Operator Pow not found.
2152 [main] DEBUG fr.expression4j.basic.impl.BinaryOperatorExpressionElement  - Operator Pow not found.
2152 [main] DEBUG fr.expression4j.basic.impl.BinaryOperatorExpressionElement  - No operator found.
2152 [main] DEBUG fr.expression4j.basic.impl.BinaryOperatorExpressionElement  - No operator found.
2152 [main] DEBUG fr.expression4j.basic.impl.BinaryOperatorExpressionElement  - No operator found.
2152 [main] DEBUG fr.expression4j.basic.impl.BinaryOperatorExpressionElement  - In parseElement.
2152 [main] DEBUG fr.expression4j.basic.impl.BinaryOperatorExpressionElement  - In parseElement.
2152 [main] DEBUG fr.expression4j.basic.impl.BinaryOperatorExpressionElement  - In parseElement.
2152 [main] DEBUG fr.expression4j.basic.impl.BinaryOperatorExpressionElement  - Current end position: 10
2152 [main] DEBUG fr.expression4j.basic.impl.BinaryOperatorExpressionElement  - Current end position: 10
2152 [main] DEBUG fr.expression4j.basic.impl.BinaryOperatorExpressionElement  - Current end position: 10
2152 [main] DEBUG fr.expression4j.basic.impl.BinaryOperatorExpressionElement  - In checkOperator.
2152 [main] DEBUG fr.expression4j.basic.impl.BinaryOperatorExpressionElement  - In checkOperator.
2152 [main] DEBUG fr.expression4j.basic.impl.BinaryOperatorExpressionElement  - In checkOperator.
2152 [main] DEBUG fr.expression4j.basic.impl.BinaryOperatorExpressionElement  - Operator Multiply not found.
2152 [main] DEBUG fr.expression4j.basic.impl.BinaryOperatorExpressionElement  - Operator Multiply not found.
2152 [main] DEBUG fr.expression4j.basic.impl.BinaryOperatorExpressionElement  - Operator Multiply not found.
2152 [main] DEBUG fr.expression4j.basic.impl.BinaryOperatorExpressionElement  - In checkOperator.
2152 [main] DEBUG fr.expression4j.basic.impl.BinaryOperatorExpressionElement  - In checkOperator.
2152 [main] DEBUG fr.expression4j.basic.impl.BinaryOperatorExpressionElement  - In checkOperator.
2152 [main] DEBUG fr.expression4j.basic.impl.BinaryOperatorExpressionElement  - Operator Divide not found.
2152 [main] DEBUG fr.expression4j.basic.impl.BinaryOperatorExpressionElement  - Operator Divide not found.
2152 [main] DEBUG fr.expression4j.basic.impl.BinaryOperatorExpressionElement  - Operator Divide not found.
2152 [main] DEBUG fr.expression4j.basic.impl.BinaryOperatorExpressionElement  - No operator found.
2152 [main] DEBUG fr.expression4j.basic.impl.BinaryOperatorExpressionElement  - No operator found.
2152 [main] DEBUG fr.expression4j.basic.impl.BinaryOperatorExpressionElement  - No operator found.
2152 [main] DEBUG fr.expression4j.basic.impl.BinaryOperatorExpressionElement  - In parseElement.
2152 [main] DEBUG fr.expression4j.basic.impl.BinaryOperatorExpressionElement  - In parseElement.
2152 [main] DEBUG fr.expression4j.basic.impl.BinaryOperatorExpressionElement  - In parseElement.
2152 [main] DEBUG fr.expression4j.basic.impl.BinaryOperatorExpressionElement  - Current end position: 10
2152 [main] DEBUG fr.expression4j.basic.impl.BinaryOperatorExpressionElement  - Current end position: 10
2152 [main] DEBUG fr.expression4j.basic.impl.BinaryOperatorExpressionElement  - Current end position: 10
2152 [main] DEBUG fr.expression4j.basic.impl.BinaryOperatorExpressionElement  - In checkOperator.
2152 [main] DEBUG fr.expression4j.basic.impl.BinaryOperatorExpressionElement  - In checkOperator.
2152 [main] DEBUG fr.expression4j.basic.impl.BinaryOperatorExpressionElement  - In checkOperator.
2152 [main] DEBUG fr.expression4j.basic.impl.BinaryOperatorExpressionElement  - Operator Plus found.
2152 [main] DEBUG fr.expression4j.basic.impl.BinaryOperatorExpressionElement  - Operator Plus found.
2152 [main] DEBUG fr.expression4j.basic.impl.BinaryOperatorExpressionElement  - Operator Plus found.
2152 [main] DEBUG fr.expression4j.basic.impl.BinaryOperatorExpressionElement  - Found operator Plus
2152 [main] DEBUG fr.expression4j.basic.impl.BinaryOperatorExpressionElement  - Found operator Plus
2152 [main] DEBUG fr.expression4j.basic.impl.BinaryOperatorExpressionElement  - Found operator Plus
2152 [main] DEBUG fr.expression4j.basic.impl.ComplexOrRealExpressionElement  - In parseElement
2152 [main] DEBUG fr.expression4j.basic.impl.ComplexOrRealExpressionElement  - In parseElement
2152 [main] DEBUG fr.expression4j.basic.impl.ComplexOrRealExpressionElement  - In parseElement
2152 [main] DEBUG fr.expression4j.basic.impl.ComplexOrRealExpressionElement  - start position: 11
2152 [main] DEBUG fr.expression4j.basic.impl.ComplexOrRealExpressionElement  - start position: 11
2152 [main] DEBUG fr.expression4j.basic.impl.ComplexOrRealExpressionElement  - start position: 11
2152 [main] DEBUG fr.expression4j.basic.impl.BinaryOperatorExpressionElement  - In parseElement.
2152 [main] DEBUG fr.expression4j.basic.impl.BinaryOperatorExpressionElement  - In parseElement.
2152 [main] DEBUG fr.expression4j.basic.impl.BinaryOperatorExpressionElement  - In parseElement.
2152 [main] DEBUG fr.expression4j.basic.impl.BinaryOperatorExpressionElement  - Current end position: 12
2152 [main] DEBUG fr.expression4j.basic.impl.BinaryOperatorExpressionElement  - Current end position: 12
2152 [main] DEBUG fr.expression4j.basic.impl.BinaryOperatorExpressionElement  - Current end position: 12
2153 [main] DEBUG fr.expression4j.basic.impl.BinaryOperatorExpressionElement  - In checkOperator.
2153 [main] DEBUG fr.expression4j.basic.impl.BinaryOperatorExpressionElement  - In checkOperator.
2153 [main] DEBUG fr.expression4j.basic.impl.BinaryOperatorExpressionElement  - In checkOperator.
2153 [main] DEBUG fr.expression4j.basic.impl.BinaryOperatorExpressionElement  - Operator Pow not found.
2153 [main] DEBUG fr.expression4j.basic.impl.BinaryOperatorExpressionElement  - Operator Pow not found.
2153 [main] DEBUG fr.expression4j.basic.impl.BinaryOperatorExpressionElement  - Operator Pow not found.
2153 [main] DEBUG fr.expression4j.basic.impl.BinaryOperatorExpressionElement  - No operator found.
2153 [main] DEBUG fr.expression4j.basic.impl.BinaryOperatorExpressionElement  - No operator found.
2153 [main] DEBUG fr.expression4j.basic.impl.BinaryOperatorExpressionElement  - No operator found.
2153 [main] DEBUG fr.expression4j.basic.impl.BinaryOperatorExpressionElement  - In parseElement.
2153 [main] DEBUG fr.expression4j.basic.impl.BinaryOperatorExpressionElement  - In parseElement.
2153 [main] DEBUG fr.expression4j.basic.impl.BinaryOperatorExpressionElement  - In parseElement.
2153 [main] DEBUG fr.expression4j.basic.impl.BinaryOperatorExpressionElement  - Current end position: 12
2153 [main] DEBUG fr.expression4j.basic.impl.BinaryOperatorExpressionElement  - Current end position: 12
2153 [main] DEBUG fr.expression4j.basic.impl.BinaryOperatorExpressionElement  - Current end position: 12
2153 [main] DEBUG fr.expression4j.basic.impl.BinaryOperatorExpressionElement  - In checkOperator.
2153 [main] DEBUG fr.expression4j.basic.impl.BinaryOperatorExpressionElement  - In checkOperator.
2153 [main] DEBUG fr.expression4j.basic.impl.BinaryOperatorExpressionElement  - In checkOperator.
2153 [main] DEBUG fr.expression4j.basic.impl.BinaryOperatorExpressionElement  - Operator Multiply not found.
2153 [main] DEBUG fr.expression4j.basic.impl.BinaryOperatorExpressionElement  - Operator Multiply not found.
2153 [main] DEBUG fr.expression4j.basic.impl.BinaryOperatorExpressionElement  - Operator Multiply not found.
2153 [main] DEBUG fr.expression4j.basic.impl.BinaryOperatorExpressionElement  - In checkOperator.
2153 [main] DEBUG fr.expression4j.basic.impl.BinaryOperatorExpressionElement  - In checkOperator.
2153 [main] DEBUG fr.expression4j.basic.impl.BinaryOperatorExpressionElement  - In checkOperator.
2153 [main] DEBUG fr.expression4j.basic.impl.BinaryOperatorExpressionElement  - Operator Divide found.
2153 [main] DEBUG fr.expression4j.basic.impl.BinaryOperatorExpressionElement  - Operator Divide found.
2153 [main] DEBUG fr.expression4j.basic.impl.BinaryOperatorExpressionElement  - Operator Divide found.
2153 [main] DEBUG fr.expression4j.basic.impl.BinaryOperatorExpressionElement  - Found operator Divide
2153 [main] DEBUG fr.expression4j.basic.impl.BinaryOperatorExpressionElement  - Found operator Divide
2153 [main] DEBUG fr.expression4j.basic.impl.BinaryOperatorExpressionElement  - Found operator Divide
2153 [main] DEBUG fr.expression4j.basic.impl.ComplexOrRealExpressionElement  - In parseElement
2153 [main] DEBUG fr.expression4j.basic.impl.ComplexOrRealExpressionElement  - In parseElement
2153 [main] DEBUG fr.expression4j.basic.impl.ComplexOrRealExpressionElement  - In parseElement
2153 [main] DEBUG fr.expression4j.basic.impl.ComplexOrRealExpressionElement  - start position: 13
2153 [main] DEBUG fr.expression4j.basic.impl.ComplexOrRealExpressionElement  - start position: 13
2153 [main] DEBUG fr.expression4j.basic.impl.ComplexOrRealExpressionElement  - start position: 13
2153 [main] DEBUG fr.expression4j.factory.ExpressionFactory  - Expression created
2153 [main] DEBUG fr.expression4j.factory.ExpressionFactory  - Expression created
2153 [main] DEBUG fr.expression4j.factory.ExpressionFactory  - Expression created
2153 [main] DEBUG fr.expression4j.factory.ExpressionFactory  - Create expression.
2153 [main] DEBUG fr.expression4j.factory.ExpressionFactory  - Create expression.
2153 [main] DEBUG fr.expression4j.factory.ExpressionFactory  - Create expression.
2153 [main] DEBUG fr.expression4j.factory.ExpressionFactory  - Expression to create: g(y)=2*f(y)
2153 [main] DEBUG fr.expression4j.factory.ExpressionFactory  - Expression to create: g(y)=2*f(y)
2153 [main] DEBUG fr.expression4j.factory.ExpressionFactory  - Expression to create: g(y)=2*f(y)
2153 [main] DEBUG fr.expression4j.factory.ExpressionFactory  - Catalog: general
2153 [main] DEBUG fr.expression4j.factory.ExpressionFactory  - Catalog: general
2153 [main] DEBUG fr.expression4j.factory.ExpressionFactory  - Catalog: general
2153 [main] DEBUG fr.expression4j.factory.ExpressionFactory  - Model: default
2153 [main] DEBUG fr.expression4j.factory.ExpressionFactory  - Model: default
2153 [main] DEBUG fr.expression4j.factory.ExpressionFactory  - Model: default
2154 [main] DEBUG fr.expression4j.basic.impl.ComplexOrRealExpressionElement  - In parseElement
2154 [main] DEBUG fr.expression4j.basic.impl.ComplexOrRealExpressionElement  - In parseElement
2154 [main] DEBUG fr.expression4j.basic.impl.ComplexOrRealExpressionElement  - In parseElement
2154 [main] DEBUG fr.expression4j.basic.impl.ComplexOrRealExpressionElement  - start position: 5
2154 [main] DEBUG fr.expression4j.basic.impl.ComplexOrRealExpressionElement  - start position: 5
2154 [main] DEBUG fr.expression4j.basic.impl.ComplexOrRealExpressionElement  - start position: 5
2154 [main] DEBUG fr.expression4j.basic.impl.BinaryOperatorExpressionElement  - In parseElement.
2154 [main] DEBUG fr.expression4j.basic.impl.BinaryOperatorExpressionElement  - In parseElement.
2154 [main] DEBUG fr.expression4j.basic.impl.BinaryOperatorExpressionElement  - In parseElement.
2154 [main] DEBUG fr.expression4j.basic.impl.BinaryOperatorExpressionElement  - Current end position: 6
2154 [main] DEBUG fr.expression4j.basic.impl.BinaryOperatorExpressionElement  - Current end position: 6
2154 [main] DEBUG fr.expression4j.basic.impl.BinaryOperatorExpressionElement  - Current end position: 6
2154 [main] DEBUG fr.expression4j.basic.impl.BinaryOperatorExpressionElement  - In checkOperator.
2154 [main] DEBUG fr.expression4j.basic.impl.BinaryOperatorExpressionElement  - In checkOperator.
2154 [main] DEBUG fr.expression4j.basic.impl.BinaryOperatorExpressionElement  - In checkOperator.
2154 [main] DEBUG fr.expression4j.basic.impl.BinaryOperatorExpressionElement  - Operator Pow not found.
2154 [main] DEBUG fr.expression4j.basic.impl.BinaryOperatorExpressionElement  - Operator Pow not found.
2154 [main] DEBUG fr.expression4j.basic.impl.BinaryOperatorExpressionElement  - Operator Pow not found.
2154 [main] DEBUG fr.expression4j.basic.impl.BinaryOperatorExpressionElement  - No operator found.
2154 [main] DEBUG fr.expression4j.basic.impl.BinaryOperatorExpressionElement  - No operator found.
2154 [main] DEBUG fr.expression4j.basic.impl.BinaryOperatorExpressionElement  - No operator found.
2154 [main] DEBUG fr.expression4j.basic.impl.BinaryOperatorExpressionElement  - In parseElement.
2154 [main] DEBUG fr.expression4j.basic.impl.BinaryOperatorExpressionElement  - In parseElement.
2154 [main] DEBUG fr.expression4j.basic.impl.BinaryOperatorExpressionElement  - In parseElement.
2154 [main] DEBUG fr.expression4j.basic.impl.BinaryOperatorExpressionElement  - Current end position: 6
2154 [main] DEBUG fr.expression4j.basic.impl.BinaryOperatorExpressionElement  - Current end position: 6
2154 [main] DEBUG fr.expression4j.basic.impl.BinaryOperatorExpressionElement  - Current end position: 6
2154 [main] DEBUG fr.expression4j.basic.impl.BinaryOperatorExpressionElement  - In checkOperator.
2154 [main] DEBUG fr.expression4j.basic.impl.BinaryOperatorExpressionElement  - In checkOperator.
2154 [main] DEBUG fr.expression4j.basic.impl.BinaryOperatorExpressionElement  - In checkOperator.
2154 [main] DEBUG fr.expression4j.basic.impl.BinaryOperatorExpressionElement  - Operator Multiply found.
2154 [main] DEBUG fr.expression4j.basic.impl.BinaryOperatorExpressionElement  - Operator Multiply found.
2154 [main] DEBUG fr.expression4j.basic.impl.BinaryOperatorExpressionElement  - Operator Multiply found.
2154 [main] DEBUG fr.expression4j.basic.impl.BinaryOperatorExpressionElement  - Found operator Multiply
2154 [main] DEBUG fr.expression4j.basic.impl.BinaryOperatorExpressionElement  - Found operator Multiply
2154 [main] DEBUG fr.expression4j.basic.impl.BinaryOperatorExpressionElement  - Found operator Multiply
2193 [main] DEBUG fr.expression4j.basic.impl.ComplexOrRealExpressionElement  - In parseElement
2193 [main] DEBUG fr.expression4j.basic.impl.ComplexOrRealExpressionElement  - In parseElement
2193 [main] DEBUG fr.expression4j.basic.impl.ComplexOrRealExpressionElement  - In parseElement
2193 [main] DEBUG fr.expression4j.basic.impl.ComplexOrRealExpressionElement  - start position: 7
2193 [main] DEBUG fr.expression4j.basic.impl.ComplexOrRealExpressionElement  - start position: 7
2193 [main] DEBUG fr.expression4j.basic.impl.ComplexOrRealExpressionElement  - start position: 7
2193 [main] DEBUG fr.expression4j.basic.impl.ComplexOrRealExpressionElement  - In parseElement
2193 [main] DEBUG fr.expression4j.basic.impl.ComplexOrRealExpressionElement  - In parseElement
2193 [main] DEBUG fr.expression4j.basic.impl.ComplexOrRealExpressionElement  - In parseElement
2193 [main] DEBUG fr.expression4j.basic.impl.ComplexOrRealExpressionElement  - start position: 9
2193 [main] DEBUG fr.expression4j.basic.impl.ComplexOrRealExpressionElement  - start position: 9
2193 [main] DEBUG fr.expression4j.basic.impl.ComplexOrRealExpressionElement  - start position: 9
2193 [main] DEBUG fr.expression4j.basic.impl.BinaryOperatorExpressionElement  - In parseElement.
2193 [main] DEBUG fr.expression4j.basic.impl.BinaryOperatorExpressionElement  - In parseElement.
2193 [main] DEBUG fr.expression4j.basic.impl.BinaryOperatorExpressionElement  - In parseElement.
2193 [main] DEBUG fr.expression4j.basic.impl.BinaryOperatorExpressionElement  - Current end position: 10
2193 [main] DEBUG fr.expression4j.basic.impl.BinaryOperatorExpressionElement  - Current end position: 10
2193 [main] DEBUG fr.expression4j.basic.impl.BinaryOperatorExpressionElement  - Current end position: 10
2193 [main] DEBUG fr.expression4j.basic.impl.BinaryOperatorExpressionElement  - In checkOperator.
2193 [main] DEBUG fr.expression4j.basic.impl.BinaryOperatorExpressionElement  - In checkOperator.
2193 [main] DEBUG fr.expression4j.basic.impl.BinaryOperatorExpressionElement  - In checkOperator.
2193 [main] DEBUG fr.expression4j.basic.impl.BinaryOperatorExpressionElement  - Operator Pow not found.
2193 [main] DEBUG fr.expression4j.basic.impl.BinaryOperatorExpressionElement  - Operator Pow not found.
2193 [main] DEBUG fr.expression4j.basic.impl.BinaryOperatorExpressionElement  - Operator Pow not found.
2193 [main] DEBUG fr.expression4j.basic.impl.BinaryOperatorExpressionElement  - No operator found.
2193 [main] DEBUG fr.expression4j.basic.impl.BinaryOperatorExpressionElement  - No operator found.
2193 [main] DEBUG fr.expression4j.basic.impl.BinaryOperatorExpressionElement  - No operator found.
2193 [main] DEBUG fr.expression4j.basic.impl.BinaryOperatorExpressionElement  - In parseElement.
2193 [main] DEBUG fr.expression4j.basic.impl.BinaryOperatorExpressionElement  - In parseElement.
2193 [main] DEBUG fr.expression4j.basic.impl.BinaryOperatorExpressionElement  - In parseElement.
2193 [main] DEBUG fr.expression4j.basic.impl.BinaryOperatorExpressionElement  - Current end position: 10
2193 [main] DEBUG fr.expression4j.basic.impl.BinaryOperatorExpressionElement  - Current end position: 10
2193 [main] DEBUG fr.expression4j.basic.impl.BinaryOperatorExpressionElement  - Current end position: 10
2193 [main] DEBUG fr.expression4j.basic.impl.BinaryOperatorExpressionElement  - In checkOperator.
2193 [main] DEBUG fr.expression4j.basic.impl.BinaryOperatorExpressionElement  - In checkOperator.
2193 [main] DEBUG fr.expression4j.basic.impl.BinaryOperatorExpressionElement  - In checkOperator.
2193 [main] DEBUG fr.expression4j.basic.impl.BinaryOperatorExpressionElement  - Operator Multiply not found.
2193 [main] DEBUG fr.expression4j.basic.impl.BinaryOperatorExpressionElement  - Operator Multiply not found.
2193 [main] DEBUG fr.expression4j.basic.impl.BinaryOperatorExpressionElement  - Operator Multiply not found.
2193 [main] DEBUG fr.expression4j.basic.impl.BinaryOperatorExpressionElement  - In checkOperator.
2193 [main] DEBUG fr.expression4j.basic.impl.BinaryOperatorExpressionElement  - In checkOperator.
2193 [main] DEBUG fr.expression4j.basic.impl.BinaryOperatorExpressionElement  - In checkOperator.
2193 [main] DEBUG fr.expression4j.basic.impl.BinaryOperatorExpressionElement  - Operator Divide not found.
2193 [main] DEBUG fr.expression4j.basic.impl.BinaryOperatorExpressionElement  - Operator Divide not found.
2193 [main] DEBUG fr.expression4j.basic.impl.BinaryOperatorExpressionElement  - Operator Divide not found.
2194 [main] DEBUG fr.expression4j.basic.impl.BinaryOperatorExpressionElement  - No operator found.
2194 [main] DEBUG fr.expression4j.basic.impl.BinaryOperatorExpressionElement  - No operator found.
2194 [main] DEBUG fr.expression4j.basic.impl.BinaryOperatorExpressionElement  - No operator found.
2194 [main] DEBUG fr.expression4j.basic.impl.BinaryOperatorExpressionElement  - In parseElement.
2194 [main] DEBUG fr.expression4j.basic.impl.BinaryOperatorExpressionElement  - In parseElement.
2194 [main] DEBUG fr.expression4j.basic.impl.BinaryOperatorExpressionElement  - In parseElement.
2194 [main] DEBUG fr.expression4j.basic.impl.BinaryOperatorExpressionElement  - Current end position: 10
2194 [main] DEBUG fr.expression4j.basic.impl.BinaryOperatorExpressionElement  - Current end position: 10
2194 [main] DEBUG fr.expression4j.basic.impl.BinaryOperatorExpressionElement  - Current end position: 10
2194 [main] DEBUG fr.expression4j.basic.impl.BinaryOperatorExpressionElement  - In checkOperator.
2194 [main] DEBUG fr.expression4j.basic.impl.BinaryOperatorExpressionElement  - In checkOperator.
2194 [main] DEBUG fr.expression4j.basic.impl.BinaryOperatorExpressionElement  - In checkOperator.
2194 [main] DEBUG fr.expression4j.basic.impl.BinaryOperatorExpressionElement  - Operator Plus not found.
2194 [main] DEBUG fr.expression4j.basic.impl.BinaryOperatorExpressionElement  - Operator Plus not found.
2194 [main] DEBUG fr.expression4j.basic.impl.BinaryOperatorExpressionElement  - Operator Plus not found.
2194 [main] DEBUG fr.expression4j.basic.impl.BinaryOperatorExpressionElement  - In checkOperator.
2194 [main] DEBUG fr.expression4j.basic.impl.BinaryOperatorExpressionElement  - In checkOperator.
2194 [main] DEBUG fr.expression4j.basic.impl.BinaryOperatorExpressionElement  - In checkOperator.
2194 [main] DEBUG fr.expression4j.basic.impl.BinaryOperatorExpressionElement  - Operator Minus not found.
2194 [main] DEBUG fr.expression4j.basic.impl.BinaryOperatorExpressionElement  - Operator Minus not found.
2194 [main] DEBUG fr.expression4j.basic.impl.BinaryOperatorExpressionElement  - Operator Minus not found.
2194 [main] DEBUG fr.expression4j.basic.impl.BinaryOperatorExpressionElement  - No operator found.
2194 [main] DEBUG fr.expression4j.basic.impl.BinaryOperatorExpressionElement  - No operator found.
2194 [main] DEBUG fr.expression4j.basic.impl.BinaryOperatorExpressionElement  - No operator found.
2194 [main] DEBUG fr.expression4j.factory.ExpressionFactory  - Expression created
2194 [main] DEBUG fr.expression4j.factory.ExpressionFactory  - Expression created
2194 [main] DEBUG fr.expression4j.factory.ExpressionFactory  - Expression created
2204 [main] DEBUG fr.expression4j.factory.ExpressionFactory  - Create expression.
2204 [main] DEBUG fr.expression4j.factory.ExpressionFactory  - Create expression.
2204 [main] DEBUG fr.expression4j.factory.ExpressionFactory  - Create expression.
2204 [main] DEBUG fr.expression4j.factory.ExpressionFactory  - Expression to create: f(x)=1+2*x
2204 [main] DEBUG fr.expression4j.factory.ExpressionFactory  - Expression to create: f(x)=1+2*x
2204 [main] DEBUG fr.expression4j.factory.ExpressionFactory  - Expression to create: f(x)=1+2*x
2204 [main] DEBUG fr.expression4j.factory.ExpressionFactory  - Catalog: general
2204 [main] DEBUG fr.expression4j.factory.ExpressionFactory  - Catalog: general
2204 [main] DEBUG fr.expression4j.factory.ExpressionFactory  - Catalog: general
2204 [main] DEBUG fr.expression4j.factory.ExpressionFactory  - Model: default
2204 [main] DEBUG fr.expression4j.factory.ExpressionFactory  - Model: default
2204 [main] DEBUG fr.expression4j.factory.ExpressionFactory  - Model: default
2204 [main] DEBUG fr.expression4j.basic.impl.ComplexOrRealExpressionElement  - In parseElement
2204 [main] DEBUG fr.expression4j.basic.impl.ComplexOrRealExpressionElement  - In parseElement
2204 [main] DEBUG fr.expression4j.basic.impl.ComplexOrRealExpressionElement  - In parseElement
2204 [main] DEBUG fr.expression4j.basic.impl.ComplexOrRealExpressionElement  - start position: 5
2204 [main] DEBUG fr.expression4j.basic.impl.ComplexOrRealExpressionElement  - start position: 5
2204 [main] DEBUG fr.expression4j.basic.impl.ComplexOrRealExpressionElement  - start position: 5
2204 [main] DEBUG fr.expression4j.basic.impl.BinaryOperatorExpressionElement  - In parseElement.
2204 [main] DEBUG fr.expression4j.basic.impl.BinaryOperatorExpressionElement  - In parseElement.
2204 [main] DEBUG fr.expression4j.basic.impl.BinaryOperatorExpressionElement  - In parseElement.
2204 [main] DEBUG fr.expression4j.basic.impl.BinaryOperatorExpressionElement  - Current end position: 6
2204 [main] DEBUG fr.expression4j.basic.impl.BinaryOperatorExpressionElement  - Current end position: 6
2204 [main] DEBUG fr.expression4j.basic.impl.BinaryOperatorExpressionElement  - Current end position: 6
2204 [main] DEBUG fr.expression4j.basic.impl.BinaryOperatorExpressionElement  - In checkOperator.
2204 [main] DEBUG fr.expression4j.basic.impl.BinaryOperatorExpressionElement  - In checkOperator.
2204 [main] DEBUG fr.expression4j.basic.impl.BinaryOperatorExpressionElement  - In checkOperator.
2205 [main] DEBUG fr.expression4j.basic.impl.BinaryOperatorExpressionElement  - Operator Pow not found.
2205 [main] DEBUG fr.expression4j.basic.impl.BinaryOperatorExpressionElement  - Operator Pow not found.
2205 [main] DEBUG fr.expression4j.basic.impl.BinaryOperatorExpressionElement  - Operator Pow not found.
2205 [main] DEBUG fr.expression4j.basic.impl.BinaryOperatorExpressionElement  - No operator found.
2205 [main] DEBUG fr.expression4j.basic.impl.BinaryOperatorExpressionElement  - No operator found.
2205 [main] DEBUG fr.expression4j.basic.impl.BinaryOperatorExpressionElement  - No operator found.
2205 [main] DEBUG fr.expression4j.basic.impl.BinaryOperatorExpressionElement  - In parseElement.
2205 [main] DEBUG fr.expression4j.basic.impl.BinaryOperatorExpressionElement  - In parseElement.
2205 [main] DEBUG fr.expression4j.basic.impl.BinaryOperatorExpressionElement  - In parseElement.
2205 [main] DEBUG fr.expression4j.basic.impl.BinaryOperatorExpressionElement  - Current end position: 6
2205 [main] DEBUG fr.expression4j.basic.impl.BinaryOperatorExpressionElement  - Current end position: 6
2205 [main] DEBUG fr.expression4j.basic.impl.BinaryOperatorExpressionElement  - Current end position: 6
2205 [main] DEBUG fr.expression4j.basic.impl.BinaryOperatorExpressionElement  - In checkOperator.
2205 [main] DEBUG fr.expression4j.basic.impl.BinaryOperatorExpressionElement  - In checkOperator.
2205 [main] DEBUG fr.expression4j.basic.impl.BinaryOperatorExpressionElement  - In checkOperator.
2205 [main] DEBUG fr.expression4j.basic.impl.BinaryOperatorExpressionElement  - Operator Multiply not found.
2205 [main] DEBUG fr.expression4j.basic.impl.BinaryOperatorExpressionElement  - Operator Multiply not found.
2205 [main] DEBUG fr.expression4j.basic.impl.BinaryOperatorExpressionElement  - Operator Multiply not found.
2205 [main] DEBUG fr.expression4j.basic.impl.BinaryOperatorExpressionElement  - In checkOperator.
2205 [main] DEBUG fr.expression4j.basic.impl.BinaryOperatorExpressionElement  - In checkOperator.
2205 [main] DEBUG fr.expression4j.basic.impl.BinaryOperatorExpressionElement  - In checkOperator.
2205 [main] DEBUG fr.expression4j.basic.impl.BinaryOperatorExpressionElement  - Operator Divide not found.
2205 [main] DEBUG fr.expression4j.basic.impl.BinaryOperatorExpressionElement  - Operator Divide not found.
2205 [main] DEBUG fr.expression4j.basic.impl.BinaryOperatorExpressionElement  - Operator Divide not found.
2205 [main] DEBUG fr.expression4j.basic.impl.BinaryOperatorExpressionElement  - No operator found.
2205 [main] DEBUG fr.expression4j.basic.impl.BinaryOperatorExpressionElement  - No operator found.
2205 [main] DEBUG fr.expression4j.basic.impl.BinaryOperatorExpressionElement  - No operator found.
2205 [main] DEBUG fr.expression4j.basic.impl.BinaryOperatorExpressionElement  - In parseElement.
2205 [main] DEBUG fr.expression4j.basic.impl.BinaryOperatorExpressionElement  - In parseElement.
2205 [main] DEBUG fr.expression4j.basic.impl.BinaryOperatorExpressionElement  - In parseElement.
2205 [main] DEBUG fr.expression4j.basic.impl.BinaryOperatorExpressionElement  - Current end position: 6
2205 [main] DEBUG fr.expression4j.basic.impl.BinaryOperatorExpressionElement  - Current end position: 6
2205 [main] DEBUG fr.expression4j.basic.impl.BinaryOperatorExpressionElement  - Current end position: 6
2205 [main] DEBUG fr.expression4j.basic.impl.BinaryOperatorExpressionElement  - In checkOperator.
2205 [main] DEBUG fr.expression4j.basic.impl.BinaryOperatorExpressionElement  - In checkOperator.
2205 [main] DEBUG fr.expression4j.basic.impl.BinaryOperatorExpressionElement  - In checkOperator.
2205 [main] DEBUG fr.expression4j.basic.impl.BinaryOperatorExpressionElement  - Operator Plus found.
2205 [main] DEBUG fr.expression4j.basic.impl.BinaryOperatorExpressionElement  - Operator Plus found.
2205 [main] DEBUG fr.expression4j.basic.impl.BinaryOperatorExpressionElement  - Operator Plus found.
2205 [main] DEBUG fr.expression4j.basic.impl.BinaryOperatorExpressionElement  - Found operator Plus
2205 [main] DEBUG fr.expression4j.basic.impl.BinaryOperatorExpressionElement  - Found operator Plus
2205 [main] DEBUG fr.expression4j.basic.impl.BinaryOperatorExpressionElement  - Found operator Plus
2205 [main] DEBUG fr.expression4j.basic.impl.ComplexOrRealExpressionElement  - In parseElement
2205 [main] DEBUG fr.expression4j.basic.impl.ComplexOrRealExpressionElement  - In parseElement
2205 [main] DEBUG fr.expression4j.basic.impl.ComplexOrRealExpressionElement  - In parseElement
2205 [main] DEBUG fr.expression4j.basic.impl.ComplexOrRealExpressionElement  - start position: 7
2205 [main] DEBUG fr.expression4j.basic.impl.ComplexOrRealExpressionElement  - start position: 7
2205 [main] DEBUG fr.expression4j.basic.impl.ComplexOrRealExpressionElement  - start position: 7
2205 [main] DEBUG fr.expression4j.basic.impl.BinaryOperatorExpressionElement  - In parseElement.
2205 [main] DEBUG fr.expression4j.basic.impl.BinaryOperatorExpressionElement  - In parseElement.
2205 [main] DEBUG fr.expression4j.basic.impl.BinaryOperatorExpressionElement  - In parseElement.
2205 [main] DEBUG fr.expression4j.basic.impl.BinaryOperatorExpressionElement  - Current end position: 8
2205 [main] DEBUG fr.expression4j.basic.impl.BinaryOperatorExpressionElement  - Current end position: 8
2205 [main] DEBUG fr.expression4j.basic.impl.BinaryOperatorExpressionElement  - Current end position: 8
2205 [main] DEBUG fr.expression4j.basic.impl.BinaryOperatorExpressionElement  - In checkOperator.
2205 [main] DEBUG fr.expression4j.basic.impl.BinaryOperatorExpressionElement  - In checkOperator.
2205 [main] DEBUG fr.expression4j.basic.impl.BinaryOperatorExpressionElement  - In checkOperator.
2206 [main] DEBUG fr.expression4j.basic.impl.BinaryOperatorExpressionElement  - Operator Pow not found.
2206 [main] DEBUG fr.expression4j.basic.impl.BinaryOperatorExpressionElement  - Operator Pow not found.
2206 [main] DEBUG fr.expression4j.basic.impl.BinaryOperatorExpressionElement  - Operator Pow not found.
2206 [main] DEBUG fr.expression4j.basic.impl.BinaryOperatorExpressionElement  - No operator found.
2206 [main] DEBUG fr.expression4j.basic.impl.BinaryOperatorExpressionElement  - No operator found.
2206 [main] DEBUG fr.expression4j.basic.impl.BinaryOperatorExpressionElement  - No operator found.
2206 [main] DEBUG fr.expression4j.basic.impl.BinaryOperatorExpressionElement  - In parseElement.
2206 [main] DEBUG fr.expression4j.basic.impl.BinaryOperatorExpressionElement  - In parseElement.
2206 [main] DEBUG fr.expression4j.basic.impl.BinaryOperatorExpressionElement  - In parseElement.
2206 [main] DEBUG fr.expression4j.basic.impl.BinaryOperatorExpressionElement  - Current end position: 8
2206 [main] DEBUG fr.expression4j.basic.impl.BinaryOperatorExpressionElement  - Current end position: 8
2206 [main] DEBUG fr.expression4j.basic.impl.BinaryOperatorExpressionElement  - Current end position: 8
2206 [main] DEBUG fr.expression4j.basic.impl.BinaryOperatorExpressionElement  - In checkOperator.
2206 [main] DEBUG fr.expression4j.basic.impl.BinaryOperatorExpressionElement  - In checkOperator.
2206 [main] DEBUG fr.expression4j.basic.impl.BinaryOperatorExpressionElement  - In checkOperator.
2206 [main] DEBUG fr.expression4j.basic.impl.BinaryOperatorExpressionElement  - Operator Multiply found.
2206 [main] DEBUG fr.expression4j.basic.impl.BinaryOperatorExpressionElement  - Operator Multiply found.
2206 [main] DEBUG fr.expression4j.basic.impl.BinaryOperatorExpressionElement  - Operator Multiply found.
2206 [main] DEBUG fr.expression4j.basic.impl.BinaryOperatorExpressionElement  - Found operator Multiply
2206 [main] DEBUG fr.expression4j.basic.impl.BinaryOperatorExpressionElement  - Found operator Multiply
2206 [main] DEBUG fr.expression4j.basic.impl.BinaryOperatorExpressionElement  - Found operator Multiply
2206 [main] DEBUG fr.expression4j.basic.impl.ComplexOrRealExpressionElement  - In parseElement
2206 [main] DEBUG fr.expression4j.basic.impl.ComplexOrRealExpressionElement  - In parseElement
2206 [main] DEBUG fr.expression4j.basic.impl.ComplexOrRealExpressionElement  - In parseElement
2206 [main] DEBUG fr.expression4j.basic.impl.ComplexOrRealExpressionElement  - start position: 9
2206 [main] DEBUG fr.expression4j.basic.impl.ComplexOrRealExpressionElement  - start position: 9
2206 [main] DEBUG fr.expression4j.basic.impl.ComplexOrRealExpressionElement  - start position: 9
2206 [main] DEBUG fr.expression4j.factory.ExpressionFactory  - Expression created
2206 [main] DEBUG fr.expression4j.factory.ExpressionFactory  - Expression created
2206 [main] DEBUG fr.expression4j.factory.ExpressionFactory  - Expression created
2206 [main] DEBUG fr.expression4j.factory.ExpressionFactory  - Create expression.
2206 [main] DEBUG fr.expression4j.factory.ExpressionFactory  - Create expression.
2206 [main] DEBUG fr.expression4j.factory.ExpressionFactory  - Create expression.
2206 [main] DEBUG fr.expression4j.factory.ExpressionFactory  - Expression to create: g(x)=f(x)
2206 [main] DEBUG fr.expression4j.factory.ExpressionFactory  - Expression to create: g(x)=f(x)
2206 [main] DEBUG fr.expression4j.factory.ExpressionFactory  - Expression to create: g(x)=f(x)
2206 [main] DEBUG fr.expression4j.factory.ExpressionFactory  - Catalog: general
2206 [main] DEBUG fr.expression4j.factory.ExpressionFactory  - Catalog: general
2206 [main] DEBUG fr.expression4j.factory.ExpressionFactory  - Catalog: general
2206 [main] DEBUG fr.expression4j.factory.ExpressionFactory  - Model: default
2206 [main] DEBUG fr.expression4j.factory.ExpressionFactory  - Model: default
2206 [main] DEBUG fr.expression4j.factory.ExpressionFactory  - Model: default
2207 [main] DEBUG fr.expression4j.basic.impl.ComplexOrRealExpressionElement  - In parseElement
2207 [main] DEBUG fr.expression4j.basic.impl.ComplexOrRealExpressionElement  - In parseElement
2207 [main] DEBUG fr.expression4j.basic.impl.ComplexOrRealExpressionElement  - In parseElement
2207 [main] DEBUG fr.expression4j.basic.impl.ComplexOrRealExpressionElement  - start position: 5
2207 [main] DEBUG fr.expression4j.basic.impl.ComplexOrRealExpressionElement  - start position: 5
2207 [main] DEBUG fr.expression4j.basic.impl.ComplexOrRealExpressionElement  - start position: 5
2207 [main] DEBUG fr.expression4j.basic.impl.ComplexOrRealExpressionElement  - In parseElement
2207 [main] DEBUG fr.expression4j.basic.impl.ComplexOrRealExpressionElement  - In parseElement
2207 [main] DEBUG fr.expression4j.basic.impl.ComplexOrRealExpressionElement  - In parseElement
2207 [main] DEBUG fr.expression4j.basic.impl.ComplexOrRealExpressionElement  - start position: 7
2207 [main] DEBUG fr.expression4j.basic.impl.ComplexOrRealExpressionElement  - start position: 7
2207 [main] DEBUG fr.expression4j.basic.impl.ComplexOrRealExpressionElement  - start position: 7
2207 [main] DEBUG fr.expression4j.basic.impl.BinaryOperatorExpressionElement  - In parseElement.
2207 [main] DEBUG fr.expression4j.basic.impl.BinaryOperatorExpressionElement  - In parseElement.
2207 [main] DEBUG fr.expression4j.basic.impl.BinaryOperatorExpressionElement  - In parseElement.
2207 [main] DEBUG fr.expression4j.basic.impl.BinaryOperatorExpressionElement  - Current end position: 8
2207 [main] DEBUG fr.expression4j.basic.impl.BinaryOperatorExpressionElement  - Current end position: 8
2207 [main] DEBUG fr.expression4j.basic.impl.BinaryOperatorExpressionElement  - Current end position: 8
2207 [main] DEBUG fr.expression4j.basic.impl.BinaryOperatorExpressionElement  - In checkOperator.
2207 [main] DEBUG fr.expression4j.basic.impl.BinaryOperatorExpressionElement  - In checkOperator.
2207 [main] DEBUG fr.expression4j.basic.impl.BinaryOperatorExpressionElement  - In checkOperator.
2207 [main] DEBUG fr.expression4j.basic.impl.BinaryOperatorExpressionElement  - Operator Pow not found.
2207 [main] DEBUG fr.expression4j.basic.impl.BinaryOperatorExpressionElement  - Operator Pow not found.
2207 [main] DEBUG fr.expression4j.basic.impl.BinaryOperatorExpressionElement  - Operator Pow not found.
2207 [main] DEBUG fr.expression4j.basic.impl.BinaryOperatorExpressionElement  - No operator found.
2207 [main] DEBUG fr.expression4j.basic.impl.BinaryOperatorExpressionElement  - No operator found.
2207 [main] DEBUG fr.expression4j.basic.impl.BinaryOperatorExpressionElement  - No operator found.
2207 [main] DEBUG fr.expression4j.basic.impl.BinaryOperatorExpressionElement  - In parseElement.
2207 [main] DEBUG fr.expression4j.basic.impl.BinaryOperatorExpressionElement  - In parseElement.
2207 [main] DEBUG fr.expression4j.basic.impl.BinaryOperatorExpressionElement  - In parseElement.
2207 [main] DEBUG fr.expression4j.basic.impl.BinaryOperatorExpressionElement  - Current end position: 8
2207 [main] DEBUG fr.expression4j.basic.impl.BinaryOperatorExpressionElement  - Current end position: 8
2207 [main] DEBUG fr.expression4j.basic.impl.BinaryOperatorExpressionElement  - Current end position: 8
2207 [main] DEBUG fr.expression4j.basic.impl.BinaryOperatorExpressionElement  - In checkOperator.
2207 [main] DEBUG fr.expression4j.basic.impl.BinaryOperatorExpressionElement  - In checkOperator.
2207 [main] DEBUG fr.expression4j.basic.impl.BinaryOperatorExpressionElement  - In checkOperator.
2207 [main] DEBUG fr.expression4j.basic.impl.BinaryOperatorExpressionElement  - Operator Multiply not found.
2207 [main] DEBUG fr.expression4j.basic.impl.BinaryOperatorExpressionElement  - Operator Multiply not found.
2207 [main] DEBUG fr.expression4j.basic.impl.BinaryOperatorExpressionElement  - Operator Multiply not found.
2207 [main] DEBUG fr.expression4j.basic.impl.BinaryOperatorExpressionElement  - In checkOperator.
2207 [main] DEBUG fr.expression4j.basic.impl.BinaryOperatorExpressionElement  - In checkOperator.
2207 [main] DEBUG fr.expression4j.basic.impl.BinaryOperatorExpressionElement  - In checkOperator.
2207 [main] DEBUG fr.expression4j.basic.impl.BinaryOperatorExpressionElement  - Operator Divide not found.
2207 [main] DEBUG fr.expression4j.basic.impl.BinaryOperatorExpressionElement  - Operator Divide not found.
2207 [main] DEBUG fr.expression4j.basic.impl.BinaryOperatorExpressionElement  - Operator Divide not found.
2207 [main] DEBUG fr.expression4j.basic.impl.BinaryOperatorExpressionElement  - No operator found.
2207 [main] DEBUG fr.expression4j.basic.impl.BinaryOperatorExpressionElement  - No operator found.
2207 [main] DEBUG fr.expression4j.basic.impl.BinaryOperatorExpressionElement  - No operator found.
2207 [main] DEBUG fr.expression4j.basic.impl.BinaryOperatorExpressionElement  - In parseElement.
2207 [main] DEBUG fr.expression4j.basic.impl.BinaryOperatorExpressionElement  - In parseElement.
2207 [main] DEBUG fr.expression4j.basic.impl.BinaryOperatorExpressionElement  - In parseElement.
2207 [main] DEBUG fr.expression4j.basic.impl.BinaryOperatorExpressionElement  - Current end position: 8
2207 [main] DEBUG fr.expression4j.basic.impl.BinaryOperatorExpressionElement  - Current end position: 8
2207 [main] DEBUG fr.expression4j.basic.impl.BinaryOperatorExpressionElement  - Current end position: 8
2207 [main] DEBUG fr.expression4j.basic.impl.BinaryOperatorExpressionElement  - In checkOperator.
2207 [main] DEBUG fr.expression4j.basic.impl.BinaryOperatorExpressionElement  - In checkOperator.
2207 [main] DEBUG fr.expression4j.basic.impl.BinaryOperatorExpressionElement  - In checkOperator.
2208 [main] DEBUG fr.expression4j.basic.impl.BinaryOperatorExpressionElement  - Operator Plus not found.
2208 [main] DEBUG fr.expression4j.basic.impl.BinaryOperatorExpressionElement  - Operator Plus not found.
2208 [main] DEBUG fr.expression4j.basic.impl.BinaryOperatorExpressionElement  - Operator Plus not found.
2208 [main] DEBUG fr.expression4j.basic.impl.BinaryOperatorExpressionElement  - In checkOperator.
2208 [main] DEBUG fr.expression4j.basic.impl.BinaryOperatorExpressionElement  - In checkOperator.
2208 [main] DEBUG fr.expression4j.basic.impl.BinaryOperatorExpressionElement  - In checkOperator.
2208 [main] DEBUG fr.expression4j.basic.impl.BinaryOperatorExpressionElement  - Operator Minus not found.
2208 [main] DEBUG fr.expression4j.basic.impl.BinaryOperatorExpressionElement  - Operator Minus not found.
2208 [main] DEBUG fr.expression4j.basic.impl.BinaryOperatorExpressionElement  - Operator Minus not found.
2208 [main] DEBUG fr.expression4j.basic.impl.BinaryOperatorExpressionElement  - No operator found.
2208 [main] DEBUG fr.expression4j.basic.impl.BinaryOperatorExpressionElement  - No operator found.
2208 [main] DEBUG fr.expression4j.basic.impl.BinaryOperatorExpressionElement  - No operator found.
2208 [main] DEBUG fr.expression4j.factory.ExpressionFactory  - Expression created
2208 [main] DEBUG fr.expression4j.factory.ExpressionFactory  - Expression created
2208 [main] DEBUG fr.expression4j.factory.ExpressionFactory  - Expression created
2208 [main] DEBUG fr.expression4j.factory.ExpressionFactory  - Create expression.
2208 [main] DEBUG fr.expression4j.factory.ExpressionFactory  - Create expression.
2208 [main] DEBUG fr.expression4j.factory.ExpressionFactory  - Create expression.
2208 [main] DEBUG fr.expression4j.factory.ExpressionFactory  - Expression to create: f(x)=abs(2*-x)
2208 [main] DEBUG fr.expression4j.factory.ExpressionFactory  - Expression to create: f(x)=abs(2*-x)
2208 [main] DEBUG fr.expression4j.factory.ExpressionFactory  - Expression to create: f(x)=abs(2*-x)
2209 [main] DEBUG fr.expression4j.factory.ExpressionFactory  - Catalog: general
2209 [main] DEBUG fr.expression4j.factory.ExpressionFactory  - Catalog: general
2209 [main] DEBUG fr.expression4j.factory.ExpressionFactory  - Catalog: general
2209 [main] DEBUG fr.expression4j.factory.ExpressionFactory  - Model: default
2209 [main] DEBUG fr.expression4j.factory.ExpressionFactory  - Model: default
2209 [main] DEBUG fr.expression4j.factory.ExpressionFactory  - Model: default
2209 [main] DEBUG fr.expression4j.basic.impl.ComplexOrRealExpressionElement  - In parseElement
2209 [main] DEBUG fr.expression4j.basic.impl.ComplexOrRealExpressionElement  - In parseElement
2209 [main] DEBUG fr.expression4j.basic.impl.ComplexOrRealExpressionElement  - In parseElement
2209 [main] DEBUG fr.expression4j.basic.impl.ComplexOrRealExpressionElement  - start position: 5
2209 [main] DEBUG fr.expression4j.basic.impl.ComplexOrRealExpressionElement  - start position: 5
2209 [main] DEBUG fr.expression4j.basic.impl.ComplexOrRealExpressionElement  - start position: 5
2209 [main] DEBUG fr.expression4j.basic.impl.ComplexOrRealExpressionElement  - In parseElement
2209 [main] DEBUG fr.expression4j.basic.impl.ComplexOrRealExpressionElement  - In parseElement
2209 [main] DEBUG fr.expression4j.basic.impl.ComplexOrRealExpressionElement  - In parseElement
2209 [main] DEBUG fr.expression4j.basic.impl.ComplexOrRealExpressionElement  - start position: 9
2209 [main] DEBUG fr.expression4j.basic.impl.ComplexOrRealExpressionElement  - start position: 9
2209 [main] DEBUG fr.expression4j.basic.impl.ComplexOrRealExpressionElement  - start position: 9
2209 [main] DEBUG fr.expression4j.basic.impl.BinaryOperatorExpressionElement  - In parseElement.
2209 [main] DEBUG fr.expression4j.basic.impl.BinaryOperatorExpressionElement  - In parseElement.
2209 [main] DEBUG fr.expression4j.basic.impl.BinaryOperatorExpressionElement  - In parseElement.
2209 [main] DEBUG fr.expression4j.basic.impl.BinaryOperatorExpressionElement  - Current end position: 10
2209 [main] DEBUG fr.expression4j.basic.impl.BinaryOperatorExpressionElement  - Current end position: 10
2209 [main] DEBUG fr.expression4j.basic.impl.BinaryOperatorExpressionElement  - Current end position: 10
2209 [main] DEBUG fr.expression4j.basic.impl.BinaryOperatorExpressionElement  - In checkOperator.
2209 [main] DEBUG fr.expression4j.basic.impl.BinaryOperatorExpressionElement  - In checkOperator.
2209 [main] DEBUG fr.expression4j.basic.impl.BinaryOperatorExpressionElement  - In checkOperator.
2209 [main] DEBUG fr.expression4j.basic.impl.BinaryOperatorExpressionElement  - Operator Pow not found.
2209 [main] DEBUG fr.expression4j.basic.impl.BinaryOperatorExpressionElement  - Operator Pow not found.
2209 [main] DEBUG fr.expression4j.basic.impl.BinaryOperatorExpressionElement  - Operator Pow not found.
2209 [main] DEBUG fr.expression4j.basic.impl.BinaryOperatorExpressionElement  - No operator found.
2209 [main] DEBUG fr.expression4j.basic.impl.BinaryOperatorExpressionElement  - No operator found.
2209 [main] DEBUG fr.expression4j.basic.impl.BinaryOperatorExpressionElement  - No operator found.
2209 [main] DEBUG fr.expression4j.basic.impl.BinaryOperatorExpressionElement  - In parseElement.
2209 [main] DEBUG fr.expression4j.basic.impl.BinaryOperatorExpressionElement  - In parseElement.
2209 [main] DEBUG fr.expression4j.basic.impl.BinaryOperatorExpressionElement  - In parseElement.
2209 [main] DEBUG fr.expression4j.basic.impl.BinaryOperatorExpressionElement  - Current end position: 10
2209 [main] DEBUG fr.expression4j.basic.impl.BinaryOperatorExpressionElement  - Current end position: 10
2209 [main] DEBUG fr.expression4j.basic.impl.BinaryOperatorExpressionElement  - Current end position: 10
2209 [main] DEBUG fr.expression4j.basic.impl.BinaryOperatorExpressionElement  - In checkOperator.
2209 [main] DEBUG fr.expression4j.basic.impl.BinaryOperatorExpressionElement  - In checkOperator.
2209 [main] DEBUG fr.expression4j.basic.impl.BinaryOperatorExpressionElement  - In checkOperator.
2209 [main] DEBUG fr.expression4j.basic.impl.BinaryOperatorExpressionElement  - Operator Multiply found.
2209 [main] DEBUG fr.expression4j.basic.impl.BinaryOperatorExpressionElement  - Operator Multiply found.
2209 [main] DEBUG fr.expression4j.basic.impl.BinaryOperatorExpressionElement  - Operator Multiply found.
2209 [main] DEBUG fr.expression4j.basic.impl.BinaryOperatorExpressionElement  - Found operator Multiply
2209 [main] DEBUG fr.expression4j.basic.impl.BinaryOperatorExpressionElement  - Found operator Multiply
2209 [main] DEBUG fr.expression4j.basic.impl.BinaryOperatorExpressionElement  - Found operator Multiply
2210 [main] DEBUG fr.expression4j.basic.impl.ComplexOrRealExpressionElement  - In parseElement
2210 [main] DEBUG fr.expression4j.basic.impl.ComplexOrRealExpressionElement  - In parseElement
2210 [main] DEBUG fr.expression4j.basic.impl.ComplexOrRealExpressionElement  - In parseElement
2210 [main] DEBUG fr.expression4j.basic.impl.ComplexOrRealExpressionElement  - start position: 12
2210 [main] DEBUG fr.expression4j.basic.impl.ComplexOrRealExpressionElement  - start position: 12
2210 [main] DEBUG fr.expression4j.basic.impl.ComplexOrRealExpressionElement  - start position: 12
2210 [main] DEBUG fr.expression4j.basic.impl.BinaryOperatorExpressionElement  - In parseElement.
2210 [main] DEBUG fr.expression4j.basic.impl.BinaryOperatorExpressionElement  - In parseElement.
2210 [main] DEBUG fr.expression4j.basic.impl.BinaryOperatorExpressionElement  - In parseElement.
2210 [main] DEBUG fr.expression4j.basic.impl.BinaryOperatorExpressionElement  - Current end position: 13
2210 [main] DEBUG fr.expression4j.basic.impl.BinaryOperatorExpressionElement  - Current end position: 13
2210 [main] DEBUG fr.expression4j.basic.impl.BinaryOperatorExpressionElement  - Current end position: 13
2210 [main] DEBUG fr.expression4j.basic.impl.BinaryOperatorExpressionElement  - In checkOperator.
2210 [main] DEBUG fr.expression4j.basic.impl.BinaryOperatorExpressionElement  - In checkOperator.
2210 [main] DEBUG fr.expression4j.basic.impl.BinaryOperatorExpressionElement  - In checkOperator.
2210 [main] DEBUG fr.expression4j.basic.impl.BinaryOperatorExpressionElement  - Operator Pow not found.
2210 [main] DEBUG fr.expression4j.basic.impl.BinaryOperatorExpressionElement  - Operator Pow not found.
2210 [main] DEBUG fr.expression4j.basic.impl.BinaryOperatorExpressionElement  - Operator Pow not found.
2210 [main] DEBUG fr.expression4j.basic.impl.BinaryOperatorExpressionElement  - No operator found.
2210 [main] DEBUG fr.expression4j.basic.impl.BinaryOperatorExpressionElement  - No operator found.
2210 [main] DEBUG fr.expression4j.basic.impl.BinaryOperatorExpressionElement  - No operator found.
2210 [main] DEBUG fr.expression4j.basic.impl.BinaryOperatorExpressionElement  - In parseElement.
2210 [main] DEBUG fr.expression4j.basic.impl.BinaryOperatorExpressionElement  - In parseElement.
2210 [main] DEBUG fr.expression4j.basic.impl.BinaryOperatorExpressionElement  - In parseElement.
2210 [main] DEBUG fr.expression4j.basic.impl.BinaryOperatorExpressionElement  - Current end position: 13
2210 [main] DEBUG fr.expression4j.basic.impl.BinaryOperatorExpressionElement  - Current end position: 13
2210 [main] DEBUG fr.expression4j.basic.impl.BinaryOperatorExpressionElement  - Current end position: 13
2210 [main] DEBUG fr.expression4j.basic.impl.BinaryOperatorExpressionElement  - In checkOperator.
2210 [main] DEBUG fr.expression4j.basic.impl.BinaryOperatorExpressionElement  - In checkOperator.
2210 [main] DEBUG fr.expression4j.basic.impl.BinaryOperatorExpressionElement  - In checkOperator.
2210 [main] DEBUG fr.expression4j.basic.impl.BinaryOperatorExpressionElement  - Operator Multiply not found.
2210 [main] DEBUG fr.expression4j.basic.impl.BinaryOperatorExpressionElement  - Operator Multiply not found.
2210 [main] DEBUG fr.expression4j.basic.impl.BinaryOperatorExpressionElement  - Operator Multiply not found.
2210 [main] DEBUG fr.expression4j.basic.impl.BinaryOperatorExpressionElement  - In checkOperator.
2210 [main] DEBUG fr.expression4j.basic.impl.BinaryOperatorExpressionElement  - In checkOperator.
2210 [main] DEBUG fr.expression4j.basic.impl.BinaryOperatorExpressionElement  - In checkOperator.
2210 [main] DEBUG fr.expression4j.basic.impl.BinaryOperatorExpressionElement  - Operator Divide not found.
2210 [main] DEBUG fr.expression4j.basic.impl.BinaryOperatorExpressionElement  - Operator Divide not found.
2210 [main] DEBUG fr.expression4j.basic.impl.BinaryOperatorExpressionElement  - Operator Divide not found.
2210 [main] DEBUG fr.expression4j.basic.impl.BinaryOperatorExpressionElement  - No operator found.
2210 [main] DEBUG fr.expression4j.basic.impl.BinaryOperatorExpressionElement  - No operator found.
2210 [main] DEBUG fr.expression4j.basic.impl.BinaryOperatorExpressionElement  - No operator found.
2210 [main] DEBUG fr.expression4j.basic.impl.BinaryOperatorExpressionElement  - In parseElement.
2210 [main] DEBUG fr.expression4j.basic.impl.BinaryOperatorExpressionElement  - In parseElement.
2210 [main] DEBUG fr.expression4j.basic.impl.BinaryOperatorExpressionElement  - In parseElement.
2210 [main] DEBUG fr.expression4j.basic.impl.BinaryOperatorExpressionElement  - Current end position: 13
2210 [main] DEBUG fr.expression4j.basic.impl.BinaryOperatorExpressionElement  - Current end position: 13
2210 [main] DEBUG fr.expression4j.basic.impl.BinaryOperatorExpressionElement  - Current end position: 13
2211 [main] DEBUG fr.expression4j.basic.impl.BinaryOperatorExpressionElement  - In checkOperator.
2211 [main] DEBUG fr.expression4j.basic.impl.BinaryOperatorExpressionElement  - In checkOperator.
2211 [main] DEBUG fr.expression4j.basic.impl.BinaryOperatorExpressionElement  - In checkOperator.
2211 [main] DEBUG fr.expression4j.basic.impl.BinaryOperatorExpressionElement  - Operator Plus not found.
2211 [main] DEBUG fr.expression4j.basic.impl.BinaryOperatorExpressionElement  - Operator Plus not found.
2211 [main] DEBUG fr.expression4j.basic.impl.BinaryOperatorExpressionElement  - Operator Plus not found.
2211 [main] DEBUG fr.expression4j.basic.impl.BinaryOperatorExpressionElement  - In checkOperator.
2211 [main] DEBUG fr.expression4j.basic.impl.BinaryOperatorExpressionElement  - In checkOperator.
2211 [main] DEBUG fr.expression4j.basic.impl.BinaryOperatorExpressionElement  - In checkOperator.
2211 [main] DEBUG fr.expression4j.basic.impl.BinaryOperatorExpressionElement  - Operator Minus not found.
2211 [main] DEBUG fr.expression4j.basic.impl.BinaryOperatorExpressionElement  - Operator Minus not found.
2211 [main] DEBUG fr.expression4j.basic.impl.BinaryOperatorExpressionElement  - Operator Minus not found.
2211 [main] DEBUG fr.expression4j.basic.impl.BinaryOperatorExpressionElement  - No operator found.
2211 [main] DEBUG fr.expression4j.basic.impl.BinaryOperatorExpressionElement  - No operator found.
2211 [main] DEBUG fr.expression4j.basic.impl.BinaryOperatorExpressionElement  - No operator found.
2212 [main] DEBUG fr.expression4j.factory.ExpressionFactory  - Expression created
2212 [main] DEBUG fr.expression4j.factory.ExpressionFactory  - Expression created
2212 [main] DEBUG fr.expression4j.factory.ExpressionFactory  - Expression created
2213 [main] DEBUG fr.expression4j.factory.ExpressionFactory  - Create expression.
2213 [main] DEBUG fr.expression4j.factory.ExpressionFactory  - Create expression.
2213 [main] DEBUG fr.expression4j.factory.ExpressionFactory  - Create expression.
2213 [main] DEBUG fr.expression4j.factory.ExpressionFactory  - Expression to create: f(x)=foo(2*-x)
2213 [main] DEBUG fr.expression4j.factory.ExpressionFactory  - Expression to create: f(x)=foo(2*-x)
2213 [main] DEBUG fr.expression4j.factory.ExpressionFactory  - Expression to create: f(x)=foo(2*-x)
2213 [main] DEBUG fr.expression4j.factory.ExpressionFactory  - Catalog: general
2213 [main] DEBUG fr.expression4j.factory.ExpressionFactory  - Catalog: general
2213 [main] DEBUG fr.expression4j.factory.ExpressionFactory  - Catalog: general
2213 [main] DEBUG fr.expression4j.factory.ExpressionFactory  - Model: default
2213 [main] DEBUG fr.expression4j.factory.ExpressionFactory  - Model: default
2213 [main] DEBUG fr.expression4j.factory.ExpressionFactory  - Model: default
2213 [main] DEBUG fr.expression4j.basic.impl.ComplexOrRealExpressionElement  - In parseElement
2213 [main] DEBUG fr.expression4j.basic.impl.ComplexOrRealExpressionElement  - In parseElement
2213 [main] DEBUG fr.expression4j.basic.impl.ComplexOrRealExpressionElement  - In parseElement
2213 [main] DEBUG fr.expression4j.basic.impl.ComplexOrRealExpressionElement  - start position: 5
2213 [main] DEBUG fr.expression4j.basic.impl.ComplexOrRealExpressionElement  - start position: 5
2213 [main] DEBUG fr.expression4j.basic.impl.ComplexOrRealExpressionElement  - start position: 5
2213 [main] DEBUG fr.expression4j.basic.impl.ComplexOrRealExpressionElement  - In parseElement
2213 [main] DEBUG fr.expression4j.basic.impl.ComplexOrRealExpressionElement  - In parseElement
2213 [main] DEBUG fr.expression4j.basic.impl.ComplexOrRealExpressionElement  - In parseElement
2213 [main] DEBUG fr.expression4j.basic.impl.ComplexOrRealExpressionElement  - start position: 9
2213 [main] DEBUG fr.expression4j.basic.impl.ComplexOrRealExpressionElement  - start position: 9
2213 [main] DEBUG fr.expression4j.basic.impl.ComplexOrRealExpressionElement  - start position: 9
2214 [main] DEBUG fr.expression4j.basic.impl.BinaryOperatorExpressionElement  - In parseElement.
2214 [main] DEBUG fr.expression4j.basic.impl.BinaryOperatorExpressionElement  - In parseElement.
2214 [main] DEBUG fr.expression4j.basic.impl.BinaryOperatorExpressionElement  - In parseElement.
2214 [main] DEBUG fr.expression4j.basic.impl.BinaryOperatorExpressionElement  - Current end position: 10
2214 [main] DEBUG fr.expression4j.basic.impl.BinaryOperatorExpressionElement  - Current end position: 10
2214 [main] DEBUG fr.expression4j.basic.impl.BinaryOperatorExpressionElement  - Current end position: 10
2214 [main] DEBUG fr.expression4j.basic.impl.BinaryOperatorExpressionElement  - In checkOperator.
2214 [main] DEBUG fr.expression4j.basic.impl.BinaryOperatorExpressionElement  - In checkOperator.
2214 [main] DEBUG fr.expression4j.basic.impl.BinaryOperatorExpressionElement  - In checkOperator.
2214 [main] DEBUG fr.expression4j.basic.impl.BinaryOperatorExpressionElement  - Operator Pow not found.
2214 [main] DEBUG fr.expression4j.basic.impl.BinaryOperatorExpressionElement  - Operator Pow not found.
2214 [main] DEBUG fr.expression4j.basic.impl.BinaryOperatorExpressionElement  - Operator Pow not found.
2214 [main] DEBUG fr.expression4j.basic.impl.BinaryOperatorExpressionElement  - No operator found.
2214 [main] DEBUG fr.expression4j.basic.impl.BinaryOperatorExpressionElement  - No operator found.
2214 [main] DEBUG fr.expression4j.basic.impl.BinaryOperatorExpressionElement  - No operator found.
2214 [main] DEBUG fr.expression4j.basic.impl.BinaryOperatorExpressionElement  - In parseElement.
2214 [main] DEBUG fr.expression4j.basic.impl.BinaryOperatorExpressionElement  - In parseElement.
2214 [main] DEBUG fr.expression4j.basic.impl.BinaryOperatorExpressionElement  - In parseElement.
2214 [main] DEBUG fr.expression4j.basic.impl.BinaryOperatorExpressionElement  - Current end position: 10
2214 [main] DEBUG fr.expression4j.basic.impl.BinaryOperatorExpressionElement  - Current end position: 10
2214 [main] DEBUG fr.expression4j.basic.impl.BinaryOperatorExpressionElement  - Current end position: 10
2214 [main] DEBUG fr.expression4j.basic.impl.BinaryOperatorExpressionElement  - In checkOperator.
2214 [main] DEBUG fr.expression4j.basic.impl.BinaryOperatorExpressionElement  - In checkOperator.
2214 [main] DEBUG fr.expression4j.basic.impl.BinaryOperatorExpressionElement  - In checkOperator.
2214 [main] DEBUG fr.expression4j.basic.impl.BinaryOperatorExpressionElement  - Operator Multiply found.
2214 [main] DEBUG fr.expression4j.basic.impl.BinaryOperatorExpressionElement  - Operator Multiply found.
2214 [main] DEBUG fr.expression4j.basic.impl.BinaryOperatorExpressionElement  - Operator Multiply found.
2214 [main] DEBUG fr.expression4j.basic.impl.BinaryOperatorExpressionElement  - Found operator Multiply
2214 [main] DEBUG fr.expression4j.basic.impl.BinaryOperatorExpressionElement  - Found operator Multiply
2214 [main] DEBUG fr.expression4j.basic.impl.BinaryOperatorExpressionElement  - Found operator Multiply
2214 [main] DEBUG fr.expression4j.basic.impl.ComplexOrRealExpressionElement  - In parseElement
2214 [main] DEBUG fr.expression4j.basic.impl.ComplexOrRealExpressionElement  - In parseElement
2214 [main] DEBUG fr.expression4j.basic.impl.ComplexOrRealExpressionElement  - In parseElement
2214 [main] DEBUG fr.expression4j.basic.impl.ComplexOrRealExpressionElement  - start position: 12
2214 [main] DEBUG fr.expression4j.basic.impl.ComplexOrRealExpressionElement  - start position: 12
2214 [main] DEBUG fr.expression4j.basic.impl.ComplexOrRealExpressionElement  - start position: 12
2214 [main] DEBUG fr.expression4j.basic.impl.BinaryOperatorExpressionElement  - In parseElement.
2214 [main] DEBUG fr.expression4j.basic.impl.BinaryOperatorExpressionElement  - In parseElement.
2214 [main] DEBUG fr.expression4j.basic.impl.BinaryOperatorExpressionElement  - In parseElement.
2214 [main] DEBUG fr.expression4j.basic.impl.BinaryOperatorExpressionElement  - Current end position: 13
2214 [main] DEBUG fr.expression4j.basic.impl.BinaryOperatorExpressionElement  - Current end position: 13
2214 [main] DEBUG fr.expression4j.basic.impl.BinaryOperatorExpressionElement  - Current end position: 13
2214 [main] DEBUG fr.expression4j.basic.impl.BinaryOperatorExpressionElement  - In checkOperator.
2214 [main] DEBUG fr.expression4j.basic.impl.BinaryOperatorExpressionElement  - In checkOperator.
2214 [main] DEBUG fr.expression4j.basic.impl.BinaryOperatorExpressionElement  - In checkOperator.
2214 [main] DEBUG fr.expression4j.basic.impl.BinaryOperatorExpressionElement  - Operator Pow not found.
2214 [main] DEBUG fr.expression4j.basic.impl.BinaryOperatorExpressionElement  - Operator Pow not found.
2214 [main] DEBUG fr.expression4j.basic.impl.BinaryOperatorExpressionElement  - Operator Pow not found.
2214 [main] DEBUG fr.expression4j.basic.impl.BinaryOperatorExpressionElement  - No operator found.
2214 [main] DEBUG fr.expression4j.basic.impl.BinaryOperatorExpressionElement  - No operator found.
2214 [main] DEBUG fr.expression4j.basic.impl.BinaryOperatorExpressionElement  - No operator found.
2214 [main] DEBUG fr.expression4j.basic.impl.BinaryOperatorExpressionElement  - In parseElement.
2214 [main] DEBUG fr.expression4j.basic.impl.BinaryOperatorExpressionElement  - In parseElement.
2214 [main] DEBUG fr.expression4j.basic.impl.BinaryOperatorExpressionElement  - In parseElement.
2214 [main] DEBUG fr.expression4j.basic.impl.BinaryOperatorExpressionElement  - Current end position: 13
2214 [main] DEBUG fr.expression4j.basic.impl.BinaryOperatorExpressionElement  - Current end position: 13
2214 [main] DEBUG fr.expression4j.basic.impl.BinaryOperatorExpressionElement  - Current end position: 13
2215 [main] DEBUG fr.expression4j.basic.impl.BinaryOperatorExpressionElement  - In checkOperator.
2215 [main] DEBUG fr.expression4j.basic.impl.BinaryOperatorExpressionElement  - In checkOperator.
2215 [main] DEBUG fr.expression4j.basic.impl.BinaryOperatorExpressionElement  - In checkOperator.
2215 [main] DEBUG fr.expression4j.basic.impl.BinaryOperatorExpressionElement  - Operator Multiply not found.
2215 [main] DEBUG fr.expression4j.basic.impl.BinaryOperatorExpressionElement  - Operator Multiply not found.
2215 [main] DEBUG fr.expression4j.basic.impl.BinaryOperatorExpressionElement  - Operator Multiply not found.
2215 [main] DEBUG fr.expression4j.basic.impl.BinaryOperatorExpressionElement  - In checkOperator.
2215 [main] DEBUG fr.expression4j.basic.impl.BinaryOperatorExpressionElement  - In checkOperator.
2215 [main] DEBUG fr.expression4j.basic.impl.BinaryOperatorExpressionElement  - In checkOperator.
2215 [main] DEBUG fr.expression4j.basic.impl.BinaryOperatorExpressionElement  - Operator Divide not found.
2215 [main] DEBUG fr.expression4j.basic.impl.BinaryOperatorExpressionElement  - Operator Divide not found.
2215 [main] DEBUG fr.expression4j.basic.impl.BinaryOperatorExpressionElement  - Operator Divide not found.
2215 [main] DEBUG fr.expression4j.basic.impl.BinaryOperatorExpressionElement  - No operator found.
2215 [main] DEBUG fr.expression4j.basic.impl.BinaryOperatorExpressionElement  - No operator found.
2215 [main] DEBUG fr.expression4j.basic.impl.BinaryOperatorExpressionElement  - No operator found.
2215 [main] DEBUG fr.expression4j.basic.impl.BinaryOperatorExpressionElement  - In parseElement.
2215 [main] DEBUG fr.expression4j.basic.impl.BinaryOperatorExpressionElement  - In parseElement.
2215 [main] DEBUG fr.expression4j.basic.impl.BinaryOperatorExpressionElement  - In parseElement.
2215 [main] DEBUG fr.expression4j.basic.impl.BinaryOperatorExpressionElement  - Current end position: 13
2215 [main] DEBUG fr.expression4j.basic.impl.BinaryOperatorExpressionElement  - Current end position: 13
2215 [main] DEBUG fr.expression4j.basic.impl.BinaryOperatorExpressionElement  - Current end position: 13
2215 [main] DEBUG fr.expression4j.basic.impl.BinaryOperatorExpressionElement  - In checkOperator.
2215 [main] DEBUG fr.expression4j.basic.impl.BinaryOperatorExpressionElement  - In checkOperator.
2215 [main] DEBUG fr.expression4j.basic.impl.BinaryOperatorExpressionElement  - In checkOperator.
2215 [main] DEBUG fr.expression4j.basic.impl.BinaryOperatorExpressionElement  - Operator Plus not found.
2215 [main] DEBUG fr.expression4j.basic.impl.BinaryOperatorExpressionElement  - Operator Plus not found.
2215 [main] DEBUG fr.expression4j.basic.impl.BinaryOperatorExpressionElement  - Operator Plus not found.
2215 [main] DEBUG fr.expression4j.basic.impl.BinaryOperatorExpressionElement  - In checkOperator.
2215 [main] DEBUG fr.expression4j.basic.impl.BinaryOperatorExpressionElement  - In checkOperator.
2215 [main] DEBUG fr.expression4j.basic.impl.BinaryOperatorExpressionElement  - In checkOperator.
2215 [main] DEBUG fr.expression4j.basic.impl.BinaryOperatorExpressionElement  - Operator Minus not found.
2215 [main] DEBUG fr.expression4j.basic.impl.BinaryOperatorExpressionElement  - Operator Minus not found.
2215 [main] DEBUG fr.expression4j.basic.impl.BinaryOperatorExpressionElement  - Operator Minus not found.
2215 [main] DEBUG fr.expression4j.basic.impl.BinaryOperatorExpressionElement  - No operator found.
2215 [main] DEBUG fr.expression4j.basic.impl.BinaryOperatorExpressionElement  - No operator found.
2215 [main] DEBUG fr.expression4j.basic.impl.BinaryOperatorExpressionElement  - No operator found.
2216 [main] DEBUG fr.expression4j.factory.ExpressionFactory  - Create expression.
2216 [main] DEBUG fr.expression4j.factory.ExpressionFactory  - Create expression.
2216 [main] DEBUG fr.expression4j.factory.ExpressionFactory  - Create expression.
2216 [main] DEBUG fr.expression4j.factory.ExpressionFactory  - Expression to create: foo(x)=(2*-x)
2216 [main] DEBUG fr.expression4j.factory.ExpressionFactory  - Expression to create: foo(x)=(2*-x)
2216 [main] DEBUG fr.expression4j.factory.ExpressionFactory  - Expression to create: foo(x)=(2*-x)
2216 [main] DEBUG fr.expression4j.factory.ExpressionFactory  - Catalog: general
2216 [main] DEBUG fr.expression4j.factory.ExpressionFactory  - Catalog: general
2216 [main] DEBUG fr.expression4j.factory.ExpressionFactory  - Catalog: general
2216 [main] DEBUG fr.expression4j.factory.ExpressionFactory  - Model: default
2216 [main] DEBUG fr.expression4j.factory.ExpressionFactory  - Model: default
2216 [main] DEBUG fr.expression4j.factory.ExpressionFactory  - Model: default
2216 [main] DEBUG fr.expression4j.basic.impl.ComplexOrRealExpressionElement  - In parseElement
2216 [main] DEBUG fr.expression4j.basic.impl.ComplexOrRealExpressionElement  - In parseElement
2216 [main] DEBUG fr.expression4j.basic.impl.ComplexOrRealExpressionElement  - In parseElement
2216 [main] DEBUG fr.expression4j.basic.impl.ComplexOrRealExpressionElement  - start position: 7
2216 [main] DEBUG fr.expression4j.basic.impl.ComplexOrRealExpressionElement  - start position: 7
2216 [main] DEBUG fr.expression4j.basic.impl.ComplexOrRealExpressionElement  - start position: 7
2216 [main] DEBUG fr.expression4j.basic.impl.ComplexOrRealExpressionElement  - In parseElement
2216 [main] DEBUG fr.expression4j.basic.impl.ComplexOrRealExpressionElement  - In parseElement
2216 [main] DEBUG fr.expression4j.basic.impl.ComplexOrRealExpressionElement  - In parseElement
2216 [main] DEBUG fr.expression4j.basic.impl.ComplexOrRealExpressionElement  - start position: 8
2216 [main] DEBUG fr.expression4j.basic.impl.ComplexOrRealExpressionElement  - start position: 8
2216 [main] DEBUG fr.expression4j.basic.impl.ComplexOrRealExpressionElement  - start position: 8
2216 [main] DEBUG fr.expression4j.basic.impl.BinaryOperatorExpressionElement  - In parseElement.
2216 [main] DEBUG fr.expression4j.basic.impl.BinaryOperatorExpressionElement  - In parseElement.
2216 [main] DEBUG fr.expression4j.basic.impl.BinaryOperatorExpressionElement  - In parseElement.
2217 [main] DEBUG fr.expression4j.basic.impl.BinaryOperatorExpressionElement  - Current end position: 9
2217 [main] DEBUG fr.expression4j.basic.impl.BinaryOperatorExpressionElement  - Current end position: 9
2217 [main] DEBUG fr.expression4j.basic.impl.BinaryOperatorExpressionElement  - Current end position: 9
2217 [main] DEBUG fr.expression4j.basic.impl.BinaryOperatorExpressionElement  - In checkOperator.
2217 [main] DEBUG fr.expression4j.basic.impl.BinaryOperatorExpressionElement  - In checkOperator.
2217 [main] DEBUG fr.expression4j.basic.impl.BinaryOperatorExpressionElement  - In checkOperator.
2217 [main] DEBUG fr.expression4j.basic.impl.BinaryOperatorExpressionElement  - Operator Pow not found.
2217 [main] DEBUG fr.expression4j.basic.impl.BinaryOperatorExpressionElement  - Operator Pow not found.
2217 [main] DEBUG fr.expression4j.basic.impl.BinaryOperatorExpressionElement  - Operator Pow not found.
2217 [main] DEBUG fr.expression4j.basic.impl.BinaryOperatorExpressionElement  - No operator found.
2217 [main] DEBUG fr.expression4j.basic.impl.BinaryOperatorExpressionElement  - No operator found.
2217 [main] DEBUG fr.expression4j.basic.impl.BinaryOperatorExpressionElement  - No operator found.
2217 [main] DEBUG fr.expression4j.basic.impl.BinaryOperatorExpressionElement  - In parseElement.
2217 [main] DEBUG fr.expression4j.basic.impl.BinaryOperatorExpressionElement  - In parseElement.
2217 [main] DEBUG fr.expression4j.basic.impl.BinaryOperatorExpressionElement  - In parseElement.
2217 [main] DEBUG fr.expression4j.basic.impl.BinaryOperatorExpressionElement  - Current end position: 9
2217 [main] DEBUG fr.expression4j.basic.impl.BinaryOperatorExpressionElement  - Current end position: 9
2217 [main] DEBUG fr.expression4j.basic.impl.BinaryOperatorExpressionElement  - Current end position: 9
2217 [main] DEBUG fr.expression4j.basic.impl.BinaryOperatorExpressionElement  - In checkOperator.
2217 [main] DEBUG fr.expression4j.basic.impl.BinaryOperatorExpressionElement  - In checkOperator.
2217 [main] DEBUG fr.expression4j.basic.impl.BinaryOperatorExpressionElement  - In checkOperator.
2217 [main] DEBUG fr.expression4j.basic.impl.BinaryOperatorExpressionElement  - Operator Multiply found.
2217 [main] DEBUG fr.expression4j.basic.impl.BinaryOperatorExpressionElement  - Operator Multiply found.
2217 [main] DEBUG fr.expression4j.basic.impl.BinaryOperatorExpressionElement  - Operator Multiply found.
2219 [main] DEBUG fr.expression4j.basic.impl.BinaryOperatorExpressionElement  - Found operator Multiply
2219 [main] DEBUG fr.expression4j.basic.impl.BinaryOperatorExpressionElement  - Found operator Multiply
2219 [main] DEBUG fr.expression4j.basic.impl.BinaryOperatorExpressionElement  - Found operator Multiply
2219 [main] DEBUG fr.expression4j.basic.impl.ComplexOrRealExpressionElement  - In parseElement
2219 [main] DEBUG fr.expression4j.basic.impl.ComplexOrRealExpressionElement  - In parseElement
2219 [main] DEBUG fr.expression4j.basic.impl.ComplexOrRealExpressionElement  - In parseElement
2219 [main] DEBUG fr.expression4j.basic.impl.ComplexOrRealExpressionElement  - start position: 11
2219 [main] DEBUG fr.expression4j.basic.impl.ComplexOrRealExpressionElement  - start position: 11
2219 [main] DEBUG fr.expression4j.basic.impl.ComplexOrRealExpressionElement  - start position: 11
2220 [main] DEBUG fr.expression4j.basic.impl.BinaryOperatorExpressionElement  - In parseElement.
2220 [main] DEBUG fr.expression4j.basic.impl.BinaryOperatorExpressionElement  - In parseElement.
2220 [main] DEBUG fr.expression4j.basic.impl.BinaryOperatorExpressionElement  - In parseElement.
2220 [main] DEBUG fr.expression4j.basic.impl.BinaryOperatorExpressionElement  - Current end position: 12
2220 [main] DEBUG fr.expression4j.basic.impl.BinaryOperatorExpressionElement  - Current end position: 12
2220 [main] DEBUG fr.expression4j.basic.impl.BinaryOperatorExpressionElement  - Current end position: 12
2220 [main] DEBUG fr.expression4j.basic.impl.BinaryOperatorExpressionElement  - In checkOperator.
2220 [main] DEBUG fr.expression4j.basic.impl.BinaryOperatorExpressionElement  - In checkOperator.
2220 [main] DEBUG fr.expression4j.basic.impl.BinaryOperatorExpressionElement  - In checkOperator.
2220 [main] DEBUG fr.expression4j.basic.impl.BinaryOperatorExpressionElement  - Operator Pow not found.
2220 [main] DEBUG fr.expression4j.basic.impl.BinaryOperatorExpressionElement  - Operator Pow not found.
2220 [main] DEBUG fr.expression4j.basic.impl.BinaryOperatorExpressionElement  - Operator Pow not found.
2220 [main] DEBUG fr.expression4j.basic.impl.BinaryOperatorExpressionElement  - No operator found.
2220 [main] DEBUG fr.expression4j.basic.impl.BinaryOperatorExpressionElement  - No operator found.
2220 [main] DEBUG fr.expression4j.basic.impl.BinaryOperatorExpressionElement  - No operator found.
2220 [main] DEBUG fr.expression4j.basic.impl.BinaryOperatorExpressionElement  - In parseElement.
2220 [main] DEBUG fr.expression4j.basic.impl.BinaryOperatorExpressionElement  - In parseElement.
2220 [main] DEBUG fr.expression4j.basic.impl.BinaryOperatorExpressionElement  - In parseElement.
2220 [main] DEBUG fr.expression4j.basic.impl.BinaryOperatorExpressionElement  - Current end position: 12
2220 [main] DEBUG fr.expression4j.basic.impl.BinaryOperatorExpressionElement  - Current end position: 12
2220 [main] DEBUG fr.expression4j.basic.impl.BinaryOperatorExpressionElement  - Current end position: 12
2220 [main] DEBUG fr.expression4j.basic.impl.BinaryOperatorExpressionElement  - In checkOperator.
2220 [main] DEBUG fr.expression4j.basic.impl.BinaryOperatorExpressionElement  - In checkOperator.
2220 [main] DEBUG fr.expression4j.basic.impl.BinaryOperatorExpressionElement  - In checkOperator.
2220 [main] DEBUG fr.expression4j.basic.impl.BinaryOperatorExpressionElement  - Operator Multiply not found.
2220 [main] DEBUG fr.expression4j.basic.impl.BinaryOperatorExpressionElement  - Operator Multiply not found.
2220 [main] DEBUG fr.expression4j.basic.impl.BinaryOperatorExpressionElement  - Operator Multiply not found.
2220 [main] DEBUG fr.expression4j.basic.impl.BinaryOperatorExpressionElement  - In checkOperator.
2220 [main] DEBUG fr.expression4j.basic.impl.BinaryOperatorExpressionElement  - In checkOperator.
2220 [main] DEBUG fr.expression4j.basic.impl.BinaryOperatorExpressionElement  - In checkOperator.
2220 [main] DEBUG fr.expression4j.basic.impl.BinaryOperatorExpressionElement  - Operator Divide not found.
2220 [main] DEBUG fr.expression4j.basic.impl.BinaryOperatorExpressionElement  - Operator Divide not found.
2220 [main] DEBUG fr.expression4j.basic.impl.BinaryOperatorExpressionElement  - Operator Divide not found.
2220 [main] DEBUG fr.expression4j.basic.impl.BinaryOperatorExpressionElement  - No operator found.
2220 [main] DEBUG fr.expression4j.basic.impl.BinaryOperatorExpressionElement  - No operator found.
2220 [main] DEBUG fr.expression4j.basic.impl.BinaryOperatorExpressionElement  - No operator found.
2220 [main] DEBUG fr.expression4j.basic.impl.BinaryOperatorExpressionElement  - In parseElement.
2220 [main] DEBUG fr.expression4j.basic.impl.BinaryOperatorExpressionElement  - In parseElement.
2220 [main] DEBUG fr.expression4j.basic.impl.BinaryOperatorExpressionElement  - In parseElement.
2220 [main] DEBUG fr.expression4j.basic.impl.BinaryOperatorExpressionElement  - Current end position: 12
2220 [main] DEBUG fr.expression4j.basic.impl.BinaryOperatorExpressionElement  - Current end position: 12
2220 [main] DEBUG fr.expression4j.basic.impl.BinaryOperatorExpressionElement  - Current end position: 12
2220 [main] DEBUG fr.expression4j.basic.impl.BinaryOperatorExpressionElement  - In checkOperator.
2220 [main] DEBUG fr.expression4j.basic.impl.BinaryOperatorExpressionElement  - In checkOperator.
2220 [main] DEBUG fr.expression4j.basic.impl.BinaryOperatorExpressionElement  - In checkOperator.
2220 [main] DEBUG fr.expression4j.basic.impl.BinaryOperatorExpressionElement  - Operator Plus not found.
2220 [main] DEBUG fr.expression4j.basic.impl.BinaryOperatorExpressionElement  - Operator Plus not found.
2220 [main] DEBUG fr.expression4j.basic.impl.BinaryOperatorExpressionElement  - Operator Plus not found.
2220 [main] DEBUG fr.expression4j.basic.impl.BinaryOperatorExpressionElement  - In checkOperator.
2220 [main] DEBUG fr.expression4j.basic.impl.BinaryOperatorExpressionElement  - In checkOperator.
2220 [main] DEBUG fr.expression4j.basic.impl.BinaryOperatorExpressionElement  - In checkOperator.
2220 [main] DEBUG fr.expression4j.basic.impl.BinaryOperatorExpressionElement  - Operator Minus not found.
2220 [main] DEBUG fr.expression4j.basic.impl.BinaryOperatorExpressionElement  - Operator Minus not found.
2220 [main] DEBUG fr.expression4j.basic.impl.BinaryOperatorExpressionElement  - Operator Minus not found.
2220 [main] DEBUG fr.expression4j.basic.impl.BinaryOperatorExpressionElement  - No operator found.
2220 [main] DEBUG fr.expression4j.basic.impl.BinaryOperatorExpressionElement  - No operator found.
2220 [main] DEBUG fr.expression4j.basic.impl.BinaryOperatorExpressionElement  - No operator found.
2221 [main] DEBUG fr.expression4j.factory.ExpressionFactory  - Expression created
2221 [main] DEBUG fr.expression4j.factory.ExpressionFactory  - Expression created
2221 [main] DEBUG fr.expression4j.factory.ExpressionFactory  - Expression created
2221 [main] DEBUG fr.expression4j.factory.ExpressionFactory  - Create catalog: Catalog
2221 [main] DEBUG fr.expression4j.factory.ExpressionFactory  - Create catalog: Catalog
2221 [main] DEBUG fr.expression4j.factory.ExpressionFactory  - Create catalog: Catalog
2221 [main] WARN fr.expression4j.factory.ExpressionFactory  - Catalog Catalog already exist.
2221 [main] WARN fr.expression4j.factory.ExpressionFactory  - Catalog Catalog already exist.
2221 [main] WARN fr.expression4j.factory.ExpressionFactory  - Catalog Catalog already exist.
2221 [main] DEBUG fr.expression4j.factory.ExpressionFactory  - Create expression.
2221 [main] DEBUG fr.expression4j.factory.ExpressionFactory  - Create expression.
2221 [main] DEBUG fr.expression4j.factory.ExpressionFactory  - Create expression.
2221 [main] DEBUG fr.expression4j.factory.ExpressionFactory  - Expression to create: f(x)=foo(2*-x)
2221 [main] DEBUG fr.expression4j.factory.ExpressionFactory  - Expression to create: f(x)=foo(2*-x)
2221 [main] DEBUG fr.expression4j.factory.ExpressionFactory  - Expression to create: f(x)=foo(2*-x)
2221 [main] DEBUG fr.expression4j.factory.ExpressionFactory  - Catalog: Catalog
2221 [main] DEBUG fr.expression4j.factory.ExpressionFactory  - Catalog: Catalog
2221 [main] DEBUG fr.expression4j.factory.ExpressionFactory  - Catalog: Catalog
2221 [main] DEBUG fr.expression4j.factory.ExpressionFactory  - Model: default
2221 [main] DEBUG fr.expression4j.factory.ExpressionFactory  - Model: default
2221 [main] DEBUG fr.expression4j.factory.ExpressionFactory  - Model: default
2221 [main] DEBUG fr.expression4j.basic.impl.ComplexOrRealExpressionElement  - In parseElement
2221 [main] DEBUG fr.expression4j.basic.impl.ComplexOrRealExpressionElement  - In parseElement
2221 [main] DEBUG fr.expression4j.basic.impl.ComplexOrRealExpressionElement  - In parseElement
2221 [main] DEBUG fr.expression4j.basic.impl.ComplexOrRealExpressionElement  - start position: 5
2221 [main] DEBUG fr.expression4j.basic.impl.ComplexOrRealExpressionElement  - start position: 5
2221 [main] DEBUG fr.expression4j.basic.impl.ComplexOrRealExpressionElement  - start position: 5
2221 [main] DEBUG fr.expression4j.basic.impl.ComplexOrRealExpressionElement  - In parseElement
2221 [main] DEBUG fr.expression4j.basic.impl.ComplexOrRealExpressionElement  - In parseElement
2221 [main] DEBUG fr.expression4j.basic.impl.ComplexOrRealExpressionElement  - In parseElement
2221 [main] DEBUG fr.expression4j.basic.impl.ComplexOrRealExpressionElement  - start position: 9
2221 [main] DEBUG fr.expression4j.basic.impl.ComplexOrRealExpressionElement  - start position: 9
2221 [main] DEBUG fr.expression4j.basic.impl.ComplexOrRealExpressionElement  - start position: 9
2221 [main] DEBUG fr.expression4j.basic.impl.BinaryOperatorExpressionElement  - In parseElement.
2221 [main] DEBUG fr.expression4j.basic.impl.BinaryOperatorExpressionElement  - In parseElement.
2221 [main] DEBUG fr.expression4j.basic.impl.BinaryOperatorExpressionElement  - In parseElement.
2221 [main] DEBUG fr.expression4j.basic.impl.BinaryOperatorExpressionElement  - Current end position: 10
2221 [main] DEBUG fr.expression4j.basic.impl.BinaryOperatorExpressionElement  - Current end position: 10
2221 [main] DEBUG fr.expression4j.basic.impl.BinaryOperatorExpressionElement  - Current end position: 10
2221 [main] DEBUG fr.expression4j.basic.impl.BinaryOperatorExpressionElement  - In checkOperator.
2221 [main] DEBUG fr.expression4j.basic.impl.BinaryOperatorExpressionElement  - In checkOperator.
2221 [main] DEBUG fr.expression4j.basic.impl.BinaryOperatorExpressionElement  - In checkOperator.
2221 [main] DEBUG fr.expression4j.basic.impl.BinaryOperatorExpressionElement  - Operator Pow not found.
2221 [main] DEBUG fr.expression4j.basic.impl.BinaryOperatorExpressionElement  - Operator Pow not found.
2221 [main] DEBUG fr.expression4j.basic.impl.BinaryOperatorExpressionElement  - Operator Pow not found.
2221 [main] DEBUG fr.expression4j.basic.impl.BinaryOperatorExpressionElement  - No operator found.
2221 [main] DEBUG fr.expression4j.basic.impl.BinaryOperatorExpressionElement  - No operator found.
2221 [main] DEBUG fr.expression4j.basic.impl.BinaryOperatorExpressionElement  - No operator found.
2222 [main] DEBUG fr.expression4j.basic.impl.BinaryOperatorExpressionElement  - In parseElement.
2222 [main] DEBUG fr.expression4j.basic.impl.BinaryOperatorExpressionElement  - In parseElement.
2222 [main] DEBUG fr.expression4j.basic.impl.BinaryOperatorExpressionElement  - In parseElement.
2222 [main] DEBUG fr.expression4j.basic.impl.BinaryOperatorExpressionElement  - Current end position: 10
2222 [main] DEBUG fr.expression4j.basic.impl.BinaryOperatorExpressionElement  - Current end position: 10
2222 [main] DEBUG fr.expression4j.basic.impl.BinaryOperatorExpressionElement  - Current end position: 10
2222 [main] DEBUG fr.expression4j.basic.impl.BinaryOperatorExpressionElement  - In checkOperator.
2222 [main] DEBUG fr.expression4j.basic.impl.BinaryOperatorExpressionElement  - In checkOperator.
2222 [main] DEBUG fr.expression4j.basic.impl.BinaryOperatorExpressionElement  - In checkOperator.
2222 [main] DEBUG fr.expression4j.basic.impl.BinaryOperatorExpressionElement  - Operator Multiply found.
2222 [main] DEBUG fr.expression4j.basic.impl.BinaryOperatorExpressionElement  - Operator Multiply found.
2222 [main] DEBUG fr.expression4j.basic.impl.BinaryOperatorExpressionElement  - Operator Multiply found.
2222 [main] DEBUG fr.expression4j.basic.impl.BinaryOperatorExpressionElement  - Found operator Multiply
2222 [main] DEBUG fr.expression4j.basic.impl.BinaryOperatorExpressionElement  - Found operator Multiply
2222 [main] DEBUG fr.expression4j.basic.impl.BinaryOperatorExpressionElement  - Found operator Multiply
2222 [main] DEBUG fr.expression4j.basic.impl.ComplexOrRealExpressionElement  - In parseElement
2222 [main] DEBUG fr.expression4j.basic.impl.ComplexOrRealExpressionElement  - In parseElement
2222 [main] DEBUG fr.expression4j.basic.impl.ComplexOrRealExpressionElement  - In parseElement
2222 [main] DEBUG fr.expression4j.basic.impl.ComplexOrRealExpressionElement  - start position: 12
2222 [main] DEBUG fr.expression4j.basic.impl.ComplexOrRealExpressionElement  - start position: 12
2222 [main] DEBUG fr.expression4j.basic.impl.ComplexOrRealExpressionElement  - start position: 12
2222 [main] DEBUG fr.expression4j.basic.impl.BinaryOperatorExpressionElement  - In parseElement.
2222 [main] DEBUG fr.expression4j.basic.impl.BinaryOperatorExpressionElement  - In parseElement.
2222 [main] DEBUG fr.expression4j.basic.impl.BinaryOperatorExpressionElement  - In parseElement.
2222 [main] DEBUG fr.expression4j.basic.impl.BinaryOperatorExpressionElement  - Current end position: 13
2222 [main] DEBUG fr.expression4j.basic.impl.BinaryOperatorExpressionElement  - Current end position: 13
2222 [main] DEBUG fr.expression4j.basic.impl.BinaryOperatorExpressionElement  - Current end position: 13
2222 [main] DEBUG fr.expression4j.basic.impl.BinaryOperatorExpressionElement  - In checkOperator.
2222 [main] DEBUG fr.expression4j.basic.impl.BinaryOperatorExpressionElement  - In checkOperator.
2222 [main] DEBUG fr.expression4j.basic.impl.BinaryOperatorExpressionElement  - In checkOperator.
2222 [main] DEBUG fr.expression4j.basic.impl.BinaryOperatorExpressionElement  - Operator Pow not found.
2222 [main] DEBUG fr.expression4j.basic.impl.BinaryOperatorExpressionElement  - Operator Pow not found.
2222 [main] DEBUG fr.expression4j.basic.impl.BinaryOperatorExpressionElement  - Operator Pow not found.
2222 [main] DEBUG fr.expression4j.basic.impl.BinaryOperatorExpressionElement  - No operator found.
2222 [main] DEBUG fr.expression4j.basic.impl.BinaryOperatorExpressionElement  - No operator found.
2222 [main] DEBUG fr.expression4j.basic.impl.BinaryOperatorExpressionElement  - No operator found.
2222 [main] DEBUG fr.expression4j.basic.impl.BinaryOperatorExpressionElement  - In parseElement.
2222 [main] DEBUG fr.expression4j.basic.impl.BinaryOperatorExpressionElement  - In parseElement.
2222 [main] DEBUG fr.expression4j.basic.impl.BinaryOperatorExpressionElement  - In parseElement.
2222 [main] DEBUG fr.expression4j.basic.impl.BinaryOperatorExpressionElement  - Current end position: 13
2222 [main] DEBUG fr.expression4j.basic.impl.BinaryOperatorExpressionElement  - Current end position: 13
2222 [main] DEBUG fr.expression4j.basic.impl.BinaryOperatorExpressionElement  - Current end position: 13
2222 [main] DEBUG fr.expression4j.basic.impl.BinaryOperatorExpressionElement  - In checkOperator.
2222 [main] DEBUG fr.expression4j.basic.impl.BinaryOperatorExpressionElement  - In checkOperator.
2222 [main] DEBUG fr.expression4j.basic.impl.BinaryOperatorExpressionElement  - In checkOperator.
2222 [main] DEBUG fr.expression4j.basic.impl.BinaryOperatorExpressionElement  - Operator Multiply not found.
2222 [main] DEBUG fr.expression4j.basic.impl.BinaryOperatorExpressionElement  - Operator Multiply not found.
2222 [main] DEBUG fr.expression4j.basic.impl.BinaryOperatorExpressionElement  - Operator Multiply not found.
2222 [main] DEBUG fr.expression4j.basic.impl.BinaryOperatorExpressionElement  - In checkOperator.
2222 [main] DEBUG fr.expression4j.basic.impl.BinaryOperatorExpressionElement  - In checkOperator.
2222 [main] DEBUG fr.expression4j.basic.impl.BinaryOperatorExpressionElement  - In checkOperator.
2222 [main] DEBUG fr.expression4j.basic.impl.BinaryOperatorExpressionElement  - Operator Divide not found.
2222 [main] DEBUG fr.expression4j.basic.impl.BinaryOperatorExpressionElement  - Operator Divide not found.
2222 [main] DEBUG fr.expression4j.basic.impl.BinaryOperatorExpressionElement  - Operator Divide not found.
2222 [main] DEBUG fr.expression4j.basic.impl.BinaryOperatorExpressionElement  - No operator found.
2222 [main] DEBUG fr.expression4j.basic.impl.BinaryOperatorExpressionElement  - No operator found.
2222 [main] DEBUG fr.expression4j.basic.impl.BinaryOperatorExpressionElement  - No operator found.
2223 [main] DEBUG fr.expression4j.basic.impl.BinaryOperatorExpressionElement  - In parseElement.
2223 [main] DEBUG fr.expression4j.basic.impl.BinaryOperatorExpressionElement  - In parseElement.
2223 [main] DEBUG fr.expression4j.basic.impl.BinaryOperatorExpressionElement  - In parseElement.
2223 [main] DEBUG fr.expression4j.basic.impl.BinaryOperatorExpressionElement  - Current end position: 13
2223 [main] DEBUG fr.expression4j.basic.impl.BinaryOperatorExpressionElement  - Current end position: 13
2223 [main] DEBUG fr.expression4j.basic.impl.BinaryOperatorExpressionElement  - Current end position: 13
2223 [main] DEBUG fr.expression4j.basic.impl.BinaryOperatorExpressionElement  - In checkOperator.
2223 [main] DEBUG fr.expression4j.basic.impl.BinaryOperatorExpressionElement  - In checkOperator.
2223 [main] DEBUG fr.expression4j.basic.impl.BinaryOperatorExpressionElement  - In checkOperator.
2223 [main] DEBUG fr.expression4j.basic.impl.BinaryOperatorExpressionElement  - Operator Plus not found.
2223 [main] DEBUG fr.expression4j.basic.impl.BinaryOperatorExpressionElement  - Operator Plus not found.
2223 [main] DEBUG fr.expression4j.basic.impl.BinaryOperatorExpressionElement  - Operator Plus not found.
2223 [main] DEBUG fr.expression4j.basic.impl.BinaryOperatorExpressionElement  - In checkOperator.
2223 [main] DEBUG fr.expression4j.basic.impl.BinaryOperatorExpressionElement  - In checkOperator.
2223 [main] DEBUG fr.expression4j.basic.impl.BinaryOperatorExpressionElement  - In checkOperator.
2223 [main] DEBUG fr.expression4j.basic.impl.BinaryOperatorExpressionElement  - Operator Minus not found.
2223 [main] DEBUG fr.expression4j.basic.impl.BinaryOperatorExpressionElement  - Operator Minus not found.
2223 [main] DEBUG fr.expression4j.basic.impl.BinaryOperatorExpressionElement  - Operator Minus not found.
2223 [main] DEBUG fr.expression4j.basic.impl.BinaryOperatorExpressionElement  - No operator found.
2223 [main] DEBUG fr.expression4j.basic.impl.BinaryOperatorExpressionElement  - No operator found.
2223 [main] DEBUG fr.expression4j.basic.impl.BinaryOperatorExpressionElement  - No operator found.
2223 [main] DEBUG fr.expression4j.factory.ExpressionFactory  - Expression created
2223 [main] DEBUG fr.expression4j.factory.ExpressionFactory  - Expression created
2223 [main] DEBUG fr.expression4j.factory.ExpressionFactory  - Expression created
]]></system-out>
  <system-err><![CDATA[]]></system-err>
</testsuite>
