<?xml version="1.0" encoding="UTF-8" ?>
<testsuite errors="0" failures="0" name="fr.expression4j.test.BasicTest" tests="26" time="0.253">
  <properties>
    <property name="java.runtime.name" value="Java(TM) 2 Runtime Environment, Standard Edition"></property>
    <property name="sun.boot.library.path" value="/home/sginer/tools/jdk1.5.0_07/jre/lib/i386"></property>
    <property name="java.vm.version" value="1.5.0_07-b03"></property>
    <property name="ant.library.dir" value="/home/sginer/tools/eclipse/plugins/org.apache.ant_1.6.5/lib"></property>
    <property name="test.home" value="/home/sginer/workspace/expression4j/image/test"></property>
    <property name="image" value="/home/sginer/workspace/expression4j/image"></property>
    <property name="extlib" value="/home/sginer/workspace/expression4j/extLib"></property>
    <property name="ant.version" value="Apache Ant version 1.6.5 compiled on June 2 2005"></property>
    <property name="ant.java.version" value="1.5"></property>
    <property name="java.vm.vendor" value="Sun Microsystems Inc."></property>
    <property name="java.vendor.url" value="http://java.sun.com/"></property>
    <property name="path.separator" value=":"></property>
    <property name="doc" value="/home/sginer/workspace/expression4j/image/doc"></property>
    <property name="java.vm.name" value="Java HotSpot(TM) Client VM"></property>
    <property name="file.encoding.pkg" value="sun.io"></property>
    <property name="user.country" value="FR"></property>
    <property name="sun.os.patch.level" value="unknown"></property>
    <property name="ant.file.null" value="/home/sginer/workspace/expression4j/build/build.xml"></property>
    <property name="test" value="/home/sginer/workspace/expression4j/image/test"></property>
    <property name="java.vm.specification.name" value="Java Virtual Machine Specification"></property>
    <property name="user.dir" value="/home/sginer/workspace/expression4j"></property>
    <property name="lib" value="/home/sginer/workspace/expression4j/image/lib"></property>
    <property name="java.runtime.version" value="1.5.0_07-b03"></property>
    <property name="java.awt.graphicsenv" value="sun.awt.X11GraphicsEnvironment"></property>
    <property name="basedir" value="/home/sginer/workspace/expression4j/build"></property>
    <property name="java.endorsed.dirs" value="/home/sginer/tools/jdk1.5.0_07/jre/lib/endorsed"></property>
    <property name="os.arch" value="i386"></property>
    <property name="sample" value="/home/sginer/workspace/expression4j/image/sample"></property>
    <property name="java.io.tmpdir" value="/tmp"></property>
    <property name="line.separator" value="
"></property>
    <property name="java.vm.specification.vendor" value="Sun Microsystems Inc."></property>
    <property name="os.name" value="Linux"></property>
    <property name="home.src" value="/home/sginer/workspace/expression4j/src"></property>
    <property name="ant.home" value="/home/sginer/tools/eclipse/plugins/org.apache.ant_1.6.5"></property>
    <property name="ant.project.name" value="Expression4J"></property>
    <property name="sun.jnu.encoding" value="UTF-8"></property>
    <property name="java.library.path" value="/home/sginer/tools/jdk1.5.0_07/jre/lib/i386/client:/home/sginer/tools/jdk1.5.0_07/jre/lib/i386:/home/sginer/tools/jdk1.5.0_07/jre/../lib/i386:/home/sginer/tools/eclipse/configuration/org.eclipse.osgi/bundles/293/1/.cp"></property>
    <property name="src" value="/home/sginer/workspace/expression4j/image/src"></property>
    <property name="java.specification.name" value="Java Platform API Specification"></property>
    <property name="java.class.version" value="49.0"></property>
    <property name="sun.management.compiler" value="HotSpot Client Compiler"></property>
    <property name="os.version" value="2.6.15-26-386"></property>
    <property name="ant.file" value="/home/sginer/workspace/expression4j/test/build.xml"></property>
    <property name="user.home" value="/home/sginer"></property>
    <property name="expression4j.test.home" value="/home/sginer/workspace/expression4j/image/test"></property>
    <property name="user.timezone" value=""></property>
    <property name="java.awt.printerjob" value="sun.print.PSPrinterJob"></property>
    <property name="java.specification.version" value="1.5"></property>
    <property name="file.encoding" value="UTF-8"></property>
    <property name="user.name" value="sginer"></property>
    <property name="java.class.path" value="/home/sginer/tools/eclipse/plugins/org.apache.ant_1.6.5/lib/ant.jar:/home/sginer/tools/eclipse/plugins/org.apache.ant_1.6.5/lib/ant-antlr.jar:/home/sginer/tools/eclipse/plugins/org.apache.ant_1.6.5/lib/ant-apache-bcel.jar:/home/sginer/tools/eclipse/plugins/org.apache.ant_1.6.5/lib/ant-apache-bsf.jar:/home/sginer/tools/eclipse/plugins/org.apache.ant_1.6.5/lib/ant-apache-log4j.jar:/home/sginer/tools/eclipse/plugins/org.apache.ant_1.6.5/lib/ant-apache-oro.jar:/home/sginer/tools/eclipse/plugins/org.apache.ant_1.6.5/lib/ant-apache-regexp.jar:/home/sginer/tools/eclipse/plugins/org.apache.ant_1.6.5/lib/ant-apache-resolver.jar:/home/sginer/tools/eclipse/plugins/org.apache.ant_1.6.5/lib/ant-commons-logging.jar:/home/sginer/tools/eclipse/plugins/org.apache.ant_1.6.5/lib/ant-commons-net.jar:/home/sginer/tools/eclipse/plugins/org.apache.ant_1.6.5/lib/ant-icontract.jar:/home/sginer/tools/eclipse/plugins/org.apache.ant_1.6.5/lib/ant-jai.jar:/home/sginer/tools/eclipse/plugins/org.apache.ant_1.6.5/lib/ant-javamail.jar:/home/sginer/tools/eclipse/plugins/org.apache.ant_1.6.5/lib/ant-jdepend.jar:/home/sginer/tools/eclipse/plugins/org.apache.ant_1.6.5/lib/ant-jmf.jar:/home/sginer/tools/eclipse/plugins/org.apache.ant_1.6.5/lib/ant-jsch.jar:/home/sginer/tools/eclipse/plugins/org.apache.ant_1.6.5/lib/ant-junit.jar:/home/sginer/tools/eclipse/plugins/org.apache.ant_1.6.5/lib/ant-launcher.jar:/home/sginer/tools/eclipse/plugins/org.apache.ant_1.6.5/lib/ant-netrexx.jar:/home/sginer/tools/eclipse/plugins/org.apache.ant_1.6.5/lib/ant-nodeps.jar:/home/sginer/tools/eclipse/plugins/org.apache.ant_1.6.5/lib/ant-starteam.jar:/home/sginer/tools/eclipse/plugins/org.apache.ant_1.6.5/lib/ant-stylebook.jar:/home/sginer/tools/eclipse/plugins/org.apache.ant_1.6.5/lib/ant-swing.jar:/home/sginer/tools/eclipse/plugins/org.apache.ant_1.6.5/lib/ant-trax.jar:/home/sginer/tools/eclipse/plugins/org.apache.ant_1.6.5/lib/ant-vaj.jar:/home/sginer/tools/eclipse/plugins/org.apache.ant_1.6.5/lib/ant-weblogic.jar:/home/sginer/tools/eclipse/plugins/org.apache.ant_1.6.5/lib/ant-xalan1.jar:/home/sginer/tools/eclipse/plugins/org.apache.ant_1.6.5/lib/ant-xslp.jar:/home/sginer/tools/eclipse/configuration/org.eclipse.osgi/bundles/245/1/.cp/lib/remoteAnt.jar:/home/sginer/tools/jdk1.5.0_07/lib/tools.jar:/home/sginer/tools/eclipse/plugins/org.eclipse.swt.gtk.linux.x86_3.1.1.jar:/home/sginer/workspace/expression4j/extLib/expression4jCFG.jar:/home/sginer/tools/java/junit/junit4.1/junit-4.1.jar:/home/sginer/tools/java/xmlBeans/xmlbeans-2.2.0/lib/jsr173_1.0_api.jar:/home/sginer/tools/java/xmlBeans/xmlbeans-2.2.0/lib/xbean.jar:/home/sginer/tools/java/log4j/logging-log4j-1.2.13/dist/lib/log4j-1.2.13.jar"></property>
    <property name="expression4j.home" value="/home/sginer/workspace/expression4j"></property>
    <property name="java.vm.specification.version" value="1.0"></property>
    <property name="java.home" value="/home/sginer/tools/jdk1.5.0_07/jre"></property>
    <property name="sun.arch.data.model" value="32"></property>
    <property name="java.specification.vendor" value="Sun Microsystems Inc."></property>
    <property name="user.language" value="fr"></property>
    <property name="build" value="/home/sginer/workspace/expression4j/image/build"></property>
    <property name="java.vm.info" value="mixed mode, sharing"></property>
    <property name="java.version" value="1.5.0_07"></property>
    <property name="java.ext.dirs" value="/home/sginer/tools/jdk1.5.0_07/jre/lib/ext"></property>
    <property name="ant.file.Expression4J" value="/home/sginer/workspace/expression4j/test/build.xml"></property>
    <property name="sun.boot.class.path" value="/home/sginer/tools/jdk1.5.0_07/jre/lib/rt.jar:/home/sginer/tools/jdk1.5.0_07/jre/lib/i18n.jar:/home/sginer/tools/jdk1.5.0_07/jre/lib/sunrsasign.jar:/home/sginer/tools/jdk1.5.0_07/jre/lib/jsse.jar:/home/sginer/tools/jdk1.5.0_07/jre/lib/jce.jar:/home/sginer/tools/jdk1.5.0_07/jre/lib/charsets.jar:/home/sginer/tools/jdk1.5.0_07/jre/classes"></property>
    <property name="tmp" value="/home/sginer/workspace/expression4j/image/tmp"></property>
    <property name="java.vendor" value="Sun Microsystems Inc."></property>
    <property name="file.separator" value="/"></property>
    <property name="java.vendor.url.bug" value="http://java.sun.com/cgi-bin/bugreport.cgi"></property>
    <property name="sun.cpu.endian" value="little"></property>
    <property name="sun.io.unicode.encoding" value="UnicodeLittle"></property>
    <property name="sun.cpu.isalist" value=""></property>
  </properties>
  <testcase classname="fr.expression4j.test.basic.TestGenericOperator" name="testOperatorPlus" time="0.0020"></testcase>
  <testcase classname="fr.expression4j.test.basic.TestGenericOperator" name="testOperatorMinus" time="0.0010"></testcase>
  <testcase classname="fr.expression4j.test.basic.TestGenericOperator" name="testOperatorMultiply" time="0.0010"></testcase>
  <testcase classname="fr.expression4j.test.basic.TestGenericOperator" name="testOperatorDivide" time="0.0010"></testcase>
  <testcase classname="fr.expression4j.test.basic.TestGenericOperator" name="testOperatorPow" time="0.0010"></testcase>
  <testcase classname="fr.expression4j.test.basic.TestGenericOperator" name="testOperatorUnaryPlus" time="0.0010"></testcase>
  <testcase classname="fr.expression4j.test.basic.TestGenericOperator" name="testOperatorUnaryMinus" time="0.0010"></testcase>
  <testcase classname="fr.expression4j.test.basic.TestOperator" name="testGenericOperator1" time="0.0010"></testcase>
  <testcase classname="fr.expression4j.test.basic.TestOperator" name="testGenericOperator2" time="0.0"></testcase>
  <testcase classname="fr.expression4j.test.basic.TestExpressionElement" name="testBinaryOperatorExpressionElement" time="0.022"></testcase>
  <testcase classname="fr.expression4j.test.basic.TestExpressionElement" name="testBinaryOperatorExpressionElementForCustomOperator" time="0.0020"></testcase>
  <testcase classname="fr.expression4j.test.basic.TestExpressionElement" name="testComplexOrRealExpressionElement" time="0.024"></testcase>
  <testcase classname="fr.expression4j.test.basic.TestExpressionElement" name="testConstantOrVariableExpressionElement" time="0.024"></testcase>
  <testcase classname="fr.expression4j.test.basic.TestExpressionElement" name="testConstantOrVariableExpressionElementWithoutCheck" time="0.0010"></testcase>
  <testcase classname="fr.expression4j.test.basic.TestExpressionElement" name="testFunctionDefExpressionElementWithoutCheck" time="0.0020"></testcase>
  <testcase classname="fr.expression4j.test.basic.TestExpressionElement" name="testFunctionExpressionElement" time="0.061"></testcase>
  <testcase classname="fr.expression4j.test.basic.TestExpressionElement" name="testFunctionNameExpressionElement" time="0.0"></testcase>
  <testcase classname="fr.expression4j.test.basic.TestExpressionElement" name="testIntegerExpressionElement" time="0.0"></testcase>
  <testcase classname="fr.expression4j.test.basic.TestExpressionElement" name="testParametersDefExpressionElement" time="0.0"></testcase>
  <testcase classname="fr.expression4j.test.basic.TestExpressionElement" name="testParametersExpressionElement" time="0.025"></testcase>
  <testcase classname="fr.expression4j.test.basic.TestExpressionElement2" name="testRealExpressionElement" time="0.0"></testcase>
  <testcase classname="fr.expression4j.test.basic.TestExpressionElement2" name="testRealSimpleExpressionElement" time="0.0010"></testcase>
  <testcase classname="fr.expression4j.test.basic.TestExpressionElement2" name="testSignedExpressionExpressionElement" time="0.0040"></testcase>
  <testcase classname="fr.expression4j.test.basic.TestExpressionElement2" name="testUnaryOperatorExpressionElement" time="0.0"></testcase>
  <testcase classname="fr.expression4j.test.basic.TestExpressionElement2" name="testParenthesisExpressionElement" time="0.052"></testcase>
  <testcase classname="fr.expression4j.test.basic.TestExpressionElement2" name="testSimpleExpressionExpressionElement" time="0.014"></testcase>
  <system-out><![CDATA[2689 [main] DEBUG fr.expression4j.basic.impl.BinaryOperatorExpressionElement  - In parseElement.
2689 [main] DEBUG fr.expression4j.basic.impl.BinaryOperatorExpressionElement  - In parseElement.
2689 [main] DEBUG fr.expression4j.basic.impl.BinaryOperatorExpressionElement  - In parseElement.
2689 [main] DEBUG fr.expression4j.basic.impl.BinaryOperatorExpressionElement  - In parseElement.
2689 [main] DEBUG fr.expression4j.basic.impl.BinaryOperatorExpressionElement  - Current end position: 0
2689 [main] DEBUG fr.expression4j.basic.impl.BinaryOperatorExpressionElement  - Current end position: 0
2689 [main] DEBUG fr.expression4j.basic.impl.BinaryOperatorExpressionElement  - Current end position: 0
2689 [main] DEBUG fr.expression4j.basic.impl.BinaryOperatorExpressionElement  - Current end position: 0
2689 [main] DEBUG fr.expression4j.basic.impl.BinaryOperatorExpressionElement  - In checkOperator.
2689 [main] DEBUG fr.expression4j.basic.impl.BinaryOperatorExpressionElement  - In checkOperator.
2689 [main] DEBUG fr.expression4j.basic.impl.BinaryOperatorExpressionElement  - In checkOperator.
2689 [main] DEBUG fr.expression4j.basic.impl.BinaryOperatorExpressionElement  - In checkOperator.
2690 [main] DEBUG fr.expression4j.basic.impl.BinaryOperatorExpressionElement  - Operator plus found.
2690 [main] DEBUG fr.expression4j.basic.impl.BinaryOperatorExpressionElement  - Operator plus found.
2690 [main] DEBUG fr.expression4j.basic.impl.BinaryOperatorExpressionElement  - Operator plus found.
2690 [main] DEBUG fr.expression4j.basic.impl.BinaryOperatorExpressionElement  - Operator plus found.
2690 [main] DEBUG fr.expression4j.basic.impl.BinaryOperatorExpressionElement  - Found operator plus
2690 [main] DEBUG fr.expression4j.basic.impl.BinaryOperatorExpressionElement  - Found operator plus
2690 [main] DEBUG fr.expression4j.basic.impl.BinaryOperatorExpressionElement  - Found operator plus
2690 [main] DEBUG fr.expression4j.basic.impl.BinaryOperatorExpressionElement  - Found operator plus
2692 [main] DEBUG fr.expression4j.basic.impl.BinaryOperatorExpressionElement  - In parseElement.
2692 [main] DEBUG fr.expression4j.basic.impl.BinaryOperatorExpressionElement  - In parseElement.
2692 [main] DEBUG fr.expression4j.basic.impl.BinaryOperatorExpressionElement  - In parseElement.
2692 [main] DEBUG fr.expression4j.basic.impl.BinaryOperatorExpressionElement  - In parseElement.
2693 [main] DEBUG fr.expression4j.basic.impl.BinaryOperatorExpressionElement  - Current end position: 0
2693 [main] DEBUG fr.expression4j.basic.impl.BinaryOperatorExpressionElement  - Current end position: 0
2693 [main] DEBUG fr.expression4j.basic.impl.BinaryOperatorExpressionElement  - Current end position: 0
2693 [main] DEBUG fr.expression4j.basic.impl.BinaryOperatorExpressionElement  - Current end position: 0
2693 [main] DEBUG fr.expression4j.basic.impl.BinaryOperatorExpressionElement  - In checkOperator.
2693 [main] DEBUG fr.expression4j.basic.impl.BinaryOperatorExpressionElement  - In checkOperator.
2693 [main] DEBUG fr.expression4j.basic.impl.BinaryOperatorExpressionElement  - In checkOperator.
2693 [main] DEBUG fr.expression4j.basic.impl.BinaryOperatorExpressionElement  - In checkOperator.
2693 [main] DEBUG fr.expression4j.basic.impl.BinaryOperatorExpressionElement  - Operator plus not found.
2693 [main] DEBUG fr.expression4j.basic.impl.BinaryOperatorExpressionElement  - Operator plus not found.
2693 [main] DEBUG fr.expression4j.basic.impl.BinaryOperatorExpressionElement  - Operator plus not found.
2693 [main] DEBUG fr.expression4j.basic.impl.BinaryOperatorExpressionElement  - Operator plus not found.
2693 [main] DEBUG fr.expression4j.basic.impl.BinaryOperatorExpressionElement  - In checkOperator.
2693 [main] DEBUG fr.expression4j.basic.impl.BinaryOperatorExpressionElement  - In checkOperator.
2693 [main] DEBUG fr.expression4j.basic.impl.BinaryOperatorExpressionElement  - In checkOperator.
2693 [main] DEBUG fr.expression4j.basic.impl.BinaryOperatorExpressionElement  - In checkOperator.
2693 [main] DEBUG fr.expression4j.basic.impl.BinaryOperatorExpressionElement  - Operator minus not found.
2693 [main] DEBUG fr.expression4j.basic.impl.BinaryOperatorExpressionElement  - Operator minus not found.
2693 [main] DEBUG fr.expression4j.basic.impl.BinaryOperatorExpressionElement  - Operator minus not found.
2693 [main] DEBUG fr.expression4j.basic.impl.BinaryOperatorExpressionElement  - Operator minus not found.
2693 [main] DEBUG fr.expression4j.basic.impl.BinaryOperatorExpressionElement  - In checkOperator.
2693 [main] DEBUG fr.expression4j.basic.impl.BinaryOperatorExpressionElement  - In checkOperator.
2693 [main] DEBUG fr.expression4j.basic.impl.BinaryOperatorExpressionElement  - In checkOperator.
2693 [main] DEBUG fr.expression4j.basic.impl.BinaryOperatorExpressionElement  - In checkOperator.
2693 [main] DEBUG fr.expression4j.basic.impl.BinaryOperatorExpressionElement  - Operator and found.
2693 [main] DEBUG fr.expression4j.basic.impl.BinaryOperatorExpressionElement  - Operator and found.
2693 [main] DEBUG fr.expression4j.basic.impl.BinaryOperatorExpressionElement  - Operator and found.
2693 [main] DEBUG fr.expression4j.basic.impl.BinaryOperatorExpressionElement  - Operator and found.
2693 [main] DEBUG fr.expression4j.basic.impl.BinaryOperatorExpressionElement  - Found operator and
2693 [main] DEBUG fr.expression4j.basic.impl.BinaryOperatorExpressionElement  - Found operator and
2693 [main] DEBUG fr.expression4j.basic.impl.BinaryOperatorExpressionElement  - Found operator and
2693 [main] DEBUG fr.expression4j.basic.impl.BinaryOperatorExpressionElement  - Found operator and
2694 [main] DEBUG fr.expression4j.basic.impl.ComplexOrRealExpressionElement  - In parseElement
2694 [main] DEBUG fr.expression4j.basic.impl.ComplexOrRealExpressionElement  - In parseElement
2694 [main] DEBUG fr.expression4j.basic.impl.ComplexOrRealExpressionElement  - In parseElement
2694 [main] DEBUG fr.expression4j.basic.impl.ComplexOrRealExpressionElement  - In parseElement
2694 [main] DEBUG fr.expression4j.basic.impl.ComplexOrRealExpressionElement  - start position: 0
2694 [main] DEBUG fr.expression4j.basic.impl.ComplexOrRealExpressionElement  - start position: 0
2694 [main] DEBUG fr.expression4j.basic.impl.ComplexOrRealExpressionElement  - start position: 0
2694 [main] DEBUG fr.expression4j.basic.impl.ComplexOrRealExpressionElement  - start position: 0
2714 [main] DEBUG fr.expression4j.basic.impl.ComplexOrRealExpressionElement  - In parseElement
2714 [main] DEBUG fr.expression4j.basic.impl.ComplexOrRealExpressionElement  - In parseElement
2714 [main] DEBUG fr.expression4j.basic.impl.ComplexOrRealExpressionElement  - In parseElement
2714 [main] DEBUG fr.expression4j.basic.impl.ComplexOrRealExpressionElement  - In parseElement
2714 [main] DEBUG fr.expression4j.basic.impl.ComplexOrRealExpressionElement  - start position: 0
2714 [main] DEBUG fr.expression4j.basic.impl.ComplexOrRealExpressionElement  - start position: 0
2714 [main] DEBUG fr.expression4j.basic.impl.ComplexOrRealExpressionElement  - start position: 0
2714 [main] DEBUG fr.expression4j.basic.impl.ComplexOrRealExpressionElement  - start position: 0
2714 [main] DEBUG fr.expression4j.basic.impl.ComplexOrRealExpressionElement  - In parseElement
2714 [main] DEBUG fr.expression4j.basic.impl.ComplexOrRealExpressionElement  - In parseElement
2714 [main] DEBUG fr.expression4j.basic.impl.ComplexOrRealExpressionElement  - In parseElement
2714 [main] DEBUG fr.expression4j.basic.impl.ComplexOrRealExpressionElement  - In parseElement
2714 [main] DEBUG fr.expression4j.basic.impl.ComplexOrRealExpressionElement  - start position: 0
2714 [main] DEBUG fr.expression4j.basic.impl.ComplexOrRealExpressionElement  - start position: 0
2714 [main] DEBUG fr.expression4j.basic.impl.ComplexOrRealExpressionElement  - start position: 0
2714 [main] DEBUG fr.expression4j.basic.impl.ComplexOrRealExpressionElement  - start position: 0
2714 [main] DEBUG fr.expression4j.basic.impl.ComplexOrRealExpressionElement  - In parseElement
2714 [main] DEBUG fr.expression4j.basic.impl.ComplexOrRealExpressionElement  - In parseElement
2714 [main] DEBUG fr.expression4j.basic.impl.ComplexOrRealExpressionElement  - In parseElement
2714 [main] DEBUG fr.expression4j.basic.impl.ComplexOrRealExpressionElement  - In parseElement
2714 [main] DEBUG fr.expression4j.basic.impl.ComplexOrRealExpressionElement  - start position: 0
2714 [main] DEBUG fr.expression4j.basic.impl.ComplexOrRealExpressionElement  - start position: 0
2714 [main] DEBUG fr.expression4j.basic.impl.ComplexOrRealExpressionElement  - start position: 0
2714 [main] DEBUG fr.expression4j.basic.impl.ComplexOrRealExpressionElement  - start position: 0
2716 [main] DEBUG fr.expression4j.basic.impl.ComplexImpl  - In constructor: real: 0.0 complex: 2.34
2716 [main] DEBUG fr.expression4j.basic.impl.ComplexImpl  - In constructor: real: 0.0 complex: 2.34
2716 [main] DEBUG fr.expression4j.basic.impl.ComplexImpl  - In constructor: real: 0.0 complex: 2.34
2716 [main] DEBUG fr.expression4j.basic.impl.ComplexImpl  - In constructor: real: 0.0 complex: 2.34
2716 [main] DEBUG fr.expression4j.basic.impl.ComplexOrRealExpressionElement  - In parseElement
2716 [main] DEBUG fr.expression4j.basic.impl.ComplexOrRealExpressionElement  - In parseElement
2716 [main] DEBUG fr.expression4j.basic.impl.ComplexOrRealExpressionElement  - In parseElement
2716 [main] DEBUG fr.expression4j.basic.impl.ComplexOrRealExpressionElement  - In parseElement
2716 [main] DEBUG fr.expression4j.basic.impl.ComplexOrRealExpressionElement  - start position: 0
2716 [main] DEBUG fr.expression4j.basic.impl.ComplexOrRealExpressionElement  - start position: 0
2716 [main] DEBUG fr.expression4j.basic.impl.ComplexOrRealExpressionElement  - start position: 0
2716 [main] DEBUG fr.expression4j.basic.impl.ComplexOrRealExpressionElement  - start position: 0
2717 [main] DEBUG fr.expression4j.basic.impl.ComplexImpl  - In constructor: real: 0.0 complex: 2.34
2717 [main] DEBUG fr.expression4j.basic.impl.ComplexImpl  - In constructor: real: 0.0 complex: 2.34
2717 [main] DEBUG fr.expression4j.basic.impl.ComplexImpl  - In constructor: real: 0.0 complex: 2.34
2717 [main] DEBUG fr.expression4j.basic.impl.ComplexImpl  - In constructor: real: 0.0 complex: 2.34
2717 [main] DEBUG fr.expression4j.basic.impl.ComplexOrRealExpressionElement  - In parseElement
2717 [main] DEBUG fr.expression4j.basic.impl.ComplexOrRealExpressionElement  - In parseElement
2717 [main] DEBUG fr.expression4j.basic.impl.ComplexOrRealExpressionElement  - In parseElement
2717 [main] DEBUG fr.expression4j.basic.impl.ComplexOrRealExpressionElement  - In parseElement
2717 [main] DEBUG fr.expression4j.basic.impl.ComplexOrRealExpressionElement  - start position: 0
2717 [main] DEBUG fr.expression4j.basic.impl.ComplexOrRealExpressionElement  - start position: 0
2717 [main] DEBUG fr.expression4j.basic.impl.ComplexOrRealExpressionElement  - start position: 0
2717 [main] DEBUG fr.expression4j.basic.impl.ComplexOrRealExpressionElement  - start position: 0
2717 [main] DEBUG fr.expression4j.basic.impl.ComplexImpl  - In constructor: real: 0.0 complex: 234.0
2717 [main] DEBUG fr.expression4j.basic.impl.ComplexImpl  - In constructor: real: 0.0 complex: 234.0
2717 [main] DEBUG fr.expression4j.basic.impl.ComplexImpl  - In constructor: real: 0.0 complex: 234.0
2717 [main] DEBUG fr.expression4j.basic.impl.ComplexImpl  - In constructor: real: 0.0 complex: 234.0
2722 [main] DEBUG fr.expression4j.factory.ExpressionFactory  - Initialize factory
2722 [main] DEBUG fr.expression4j.factory.ExpressionFactory  - Initialize factory
2722 [main] DEBUG fr.expression4j.factory.ExpressionFactory  - Initialize factory
2722 [main] DEBUG fr.expression4j.factory.ExpressionFactory  - Initialize factory
2722 [main] DEBUG fr.expression4j.factory.ExpressionFactory  - Initialize factory
2740 [main] DEBUG fr.expression4j.factory.ExpressionFactory  - Factory initialised
2740 [main] DEBUG fr.expression4j.factory.ExpressionFactory  - Factory initialised
2740 [main] DEBUG fr.expression4j.factory.ExpressionFactory  - Factory initialised
2740 [main] DEBUG fr.expression4j.factory.ExpressionFactory  - Factory initialised
2740 [main] DEBUG fr.expression4j.factory.ExpressionFactory  - Factory initialised
2740 [main] DEBUG fr.expression4j.factory.ExpressionFactory  - Create catalog: catalog
2740 [main] DEBUG fr.expression4j.factory.ExpressionFactory  - Create catalog: catalog
2740 [main] DEBUG fr.expression4j.factory.ExpressionFactory  - Create catalog: catalog
2740 [main] DEBUG fr.expression4j.factory.ExpressionFactory  - Create catalog: catalog
2740 [main] DEBUG fr.expression4j.factory.ExpressionFactory  - Create catalog: catalog
2741 [main] DEBUG fr.expression4j.factory.ExpressionFactory  - Create catalog: Catalog
2741 [main] DEBUG fr.expression4j.factory.ExpressionFactory  - Create catalog: Catalog
2741 [main] DEBUG fr.expression4j.factory.ExpressionFactory  - Create catalog: Catalog
2741 [main] DEBUG fr.expression4j.factory.ExpressionFactory  - Create catalog: Catalog
2741 [main] DEBUG fr.expression4j.factory.ExpressionFactory  - Create catalog: Catalog
2744 [main] DEBUG fr.expression4j.factory.ExpressionFactory  - Create expression.
2744 [main] DEBUG fr.expression4j.factory.ExpressionFactory  - Create expression.
2744 [main] DEBUG fr.expression4j.factory.ExpressionFactory  - Create expression.
2744 [main] DEBUG fr.expression4j.factory.ExpressionFactory  - Create expression.
2744 [main] DEBUG fr.expression4j.factory.ExpressionFactory  - Create expression.
2746 [main] DEBUG fr.expression4j.factory.ExpressionFactory  - Expression to create: foo()=23
2746 [main] DEBUG fr.expression4j.factory.ExpressionFactory  - Expression to create: foo()=23
2746 [main] DEBUG fr.expression4j.factory.ExpressionFactory  - Expression to create: foo()=23
2746 [main] DEBUG fr.expression4j.factory.ExpressionFactory  - Expression to create: foo()=23
2746 [main] DEBUG fr.expression4j.factory.ExpressionFactory  - Expression to create: foo()=23
2747 [main] DEBUG fr.expression4j.factory.ExpressionFactory  - Catalog: general
2747 [main] DEBUG fr.expression4j.factory.ExpressionFactory  - Catalog: general
2747 [main] DEBUG fr.expression4j.factory.ExpressionFactory  - Catalog: general
2747 [main] DEBUG fr.expression4j.factory.ExpressionFactory  - Catalog: general
2747 [main] DEBUG fr.expression4j.factory.ExpressionFactory  - Catalog: general
2747 [main] DEBUG fr.expression4j.factory.ExpressionFactory  - Model: default
2747 [main] DEBUG fr.expression4j.factory.ExpressionFactory  - Model: default
2747 [main] DEBUG fr.expression4j.factory.ExpressionFactory  - Model: default
2747 [main] DEBUG fr.expression4j.factory.ExpressionFactory  - Model: default
2747 [main] DEBUG fr.expression4j.factory.ExpressionFactory  - Model: default
2789 [main] DEBUG fr.expression4j.basic.impl.ComplexOrRealExpressionElement  - In parseElement
2789 [main] DEBUG fr.expression4j.basic.impl.ComplexOrRealExpressionElement  - In parseElement
2789 [main] DEBUG fr.expression4j.basic.impl.ComplexOrRealExpressionElement  - In parseElement
2789 [main] DEBUG fr.expression4j.basic.impl.ComplexOrRealExpressionElement  - In parseElement
2789 [main] DEBUG fr.expression4j.basic.impl.ComplexOrRealExpressionElement  - In parseElement
2789 [main] DEBUG fr.expression4j.basic.impl.ComplexOrRealExpressionElement  - start position: 6
2789 [main] DEBUG fr.expression4j.basic.impl.ComplexOrRealExpressionElement  - start position: 6
2789 [main] DEBUG fr.expression4j.basic.impl.ComplexOrRealExpressionElement  - start position: 6
2789 [main] DEBUG fr.expression4j.basic.impl.ComplexOrRealExpressionElement  - start position: 6
2789 [main] DEBUG fr.expression4j.basic.impl.ComplexOrRealExpressionElement  - start position: 6
2789 [main] DEBUG fr.expression4j.factory.ExpressionFactory  - Expression created
2789 [main] DEBUG fr.expression4j.factory.ExpressionFactory  - Expression created
2789 [main] DEBUG fr.expression4j.factory.ExpressionFactory  - Expression created
2789 [main] DEBUG fr.expression4j.factory.ExpressionFactory  - Expression created
2789 [main] DEBUG fr.expression4j.factory.ExpressionFactory  - Expression created
2790 [main] DEBUG fr.expression4j.factory.ExpressionFactory  - Create expression.
2790 [main] DEBUG fr.expression4j.factory.ExpressionFactory  - Create expression.
2790 [main] DEBUG fr.expression4j.factory.ExpressionFactory  - Create expression.
2790 [main] DEBUG fr.expression4j.factory.ExpressionFactory  - Create expression.
2790 [main] DEBUG fr.expression4j.factory.ExpressionFactory  - Create expression.
2790 [main] DEBUG fr.expression4j.factory.ExpressionFactory  - Expression to create: foo23()=23
2790 [main] DEBUG fr.expression4j.factory.ExpressionFactory  - Expression to create: foo23()=23
2790 [main] DEBUG fr.expression4j.factory.ExpressionFactory  - Expression to create: foo23()=23
2790 [main] DEBUG fr.expression4j.factory.ExpressionFactory  - Expression to create: foo23()=23
2790 [main] DEBUG fr.expression4j.factory.ExpressionFactory  - Expression to create: foo23()=23
2790 [main] DEBUG fr.expression4j.factory.ExpressionFactory  - Catalog: general
2790 [main] DEBUG fr.expression4j.factory.ExpressionFactory  - Catalog: general
2790 [main] DEBUG fr.expression4j.factory.ExpressionFactory  - Catalog: general
2790 [main] DEBUG fr.expression4j.factory.ExpressionFactory  - Catalog: general
2790 [main] DEBUG fr.expression4j.factory.ExpressionFactory  - Catalog: general
2790 [main] DEBUG fr.expression4j.factory.ExpressionFactory  - Model: default
2790 [main] DEBUG fr.expression4j.factory.ExpressionFactory  - Model: default
2790 [main] DEBUG fr.expression4j.factory.ExpressionFactory  - Model: default
2790 [main] DEBUG fr.expression4j.factory.ExpressionFactory  - Model: default
2790 [main] DEBUG fr.expression4j.factory.ExpressionFactory  - Model: default
2790 [main] DEBUG fr.expression4j.basic.impl.ComplexOrRealExpressionElement  - In parseElement
2790 [main] DEBUG fr.expression4j.basic.impl.ComplexOrRealExpressionElement  - In parseElement
2790 [main] DEBUG fr.expression4j.basic.impl.ComplexOrRealExpressionElement  - In parseElement
2790 [main] DEBUG fr.expression4j.basic.impl.ComplexOrRealExpressionElement  - In parseElement
2790 [main] DEBUG fr.expression4j.basic.impl.ComplexOrRealExpressionElement  - In parseElement
2790 [main] DEBUG fr.expression4j.basic.impl.ComplexOrRealExpressionElement  - start position: 8
2790 [main] DEBUG fr.expression4j.basic.impl.ComplexOrRealExpressionElement  - start position: 8
2790 [main] DEBUG fr.expression4j.basic.impl.ComplexOrRealExpressionElement  - start position: 8
2790 [main] DEBUG fr.expression4j.basic.impl.ComplexOrRealExpressionElement  - start position: 8
2790 [main] DEBUG fr.expression4j.basic.impl.ComplexOrRealExpressionElement  - start position: 8
2790 [main] DEBUG fr.expression4j.factory.ExpressionFactory  - Expression created
2790 [main] DEBUG fr.expression4j.factory.ExpressionFactory  - Expression created
2790 [main] DEBUG fr.expression4j.factory.ExpressionFactory  - Expression created
2790 [main] DEBUG fr.expression4j.factory.ExpressionFactory  - Expression created
2790 [main] DEBUG fr.expression4j.factory.ExpressionFactory  - Expression created
2790 [main] DEBUG fr.expression4j.factory.ExpressionFactory  - Create expression.
2790 [main] DEBUG fr.expression4j.factory.ExpressionFactory  - Create expression.
2790 [main] DEBUG fr.expression4j.factory.ExpressionFactory  - Create expression.
2790 [main] DEBUG fr.expression4j.factory.ExpressionFactory  - Create expression.
2790 [main] DEBUG fr.expression4j.factory.ExpressionFactory  - Create expression.
2791 [main] DEBUG fr.expression4j.factory.ExpressionFactory  - Expression to create: foo23(x)=23
2791 [main] DEBUG fr.expression4j.factory.ExpressionFactory  - Expression to create: foo23(x)=23
2791 [main] DEBUG fr.expression4j.factory.ExpressionFactory  - Expression to create: foo23(x)=23
2791 [main] DEBUG fr.expression4j.factory.ExpressionFactory  - Expression to create: foo23(x)=23
2791 [main] DEBUG fr.expression4j.factory.ExpressionFactory  - Expression to create: foo23(x)=23
2791 [main] DEBUG fr.expression4j.factory.ExpressionFactory  - Catalog: general
2791 [main] DEBUG fr.expression4j.factory.ExpressionFactory  - Catalog: general
2791 [main] DEBUG fr.expression4j.factory.ExpressionFactory  - Catalog: general
2791 [main] DEBUG fr.expression4j.factory.ExpressionFactory  - Catalog: general
2791 [main] DEBUG fr.expression4j.factory.ExpressionFactory  - Catalog: general
2791 [main] DEBUG fr.expression4j.factory.ExpressionFactory  - Model: default
2791 [main] DEBUG fr.expression4j.factory.ExpressionFactory  - Model: default
2791 [main] DEBUG fr.expression4j.factory.ExpressionFactory  - Model: default
2791 [main] DEBUG fr.expression4j.factory.ExpressionFactory  - Model: default
2791 [main] DEBUG fr.expression4j.factory.ExpressionFactory  - Model: default
2791 [main] DEBUG fr.expression4j.basic.impl.ComplexOrRealExpressionElement  - In parseElement
2791 [main] DEBUG fr.expression4j.basic.impl.ComplexOrRealExpressionElement  - In parseElement
2791 [main] DEBUG fr.expression4j.basic.impl.ComplexOrRealExpressionElement  - In parseElement
2791 [main] DEBUG fr.expression4j.basic.impl.ComplexOrRealExpressionElement  - In parseElement
2791 [main] DEBUG fr.expression4j.basic.impl.ComplexOrRealExpressionElement  - In parseElement
2791 [main] DEBUG fr.expression4j.basic.impl.ComplexOrRealExpressionElement  - start position: 9
2791 [main] DEBUG fr.expression4j.basic.impl.ComplexOrRealExpressionElement  - start position: 9
2791 [main] DEBUG fr.expression4j.basic.impl.ComplexOrRealExpressionElement  - start position: 9
2791 [main] DEBUG fr.expression4j.basic.impl.ComplexOrRealExpressionElement  - start position: 9
2791 [main] DEBUG fr.expression4j.basic.impl.ComplexOrRealExpressionElement  - start position: 9
2791 [main] DEBUG fr.expression4j.factory.ExpressionFactory  - Expression created
2791 [main] DEBUG fr.expression4j.factory.ExpressionFactory  - Expression created
2791 [main] DEBUG fr.expression4j.factory.ExpressionFactory  - Expression created
2791 [main] DEBUG fr.expression4j.factory.ExpressionFactory  - Expression created
2791 [main] DEBUG fr.expression4j.factory.ExpressionFactory  - Expression created
2791 [main] DEBUG fr.expression4j.basic.impl.ComplexOrRealExpressionElement  - In parseElement
2791 [main] DEBUG fr.expression4j.basic.impl.ComplexOrRealExpressionElement  - In parseElement
2791 [main] DEBUG fr.expression4j.basic.impl.ComplexOrRealExpressionElement  - In parseElement
2791 [main] DEBUG fr.expression4j.basic.impl.ComplexOrRealExpressionElement  - In parseElement
2791 [main] DEBUG fr.expression4j.basic.impl.ComplexOrRealExpressionElement  - In parseElement
2792 [main] DEBUG fr.expression4j.basic.impl.ComplexOrRealExpressionElement  - start position: 6
2792 [main] DEBUG fr.expression4j.basic.impl.ComplexOrRealExpressionElement  - start position: 6
2792 [main] DEBUG fr.expression4j.basic.impl.ComplexOrRealExpressionElement  - start position: 6
2792 [main] DEBUG fr.expression4j.basic.impl.ComplexOrRealExpressionElement  - start position: 6
2792 [main] DEBUG fr.expression4j.basic.impl.ComplexOrRealExpressionElement  - start position: 6
2792 [main] DEBUG fr.expression4j.basic.impl.BinaryOperatorExpressionElement  - In parseElement.
2792 [main] DEBUG fr.expression4j.basic.impl.BinaryOperatorExpressionElement  - In parseElement.
2792 [main] DEBUG fr.expression4j.basic.impl.BinaryOperatorExpressionElement  - In parseElement.
2792 [main] DEBUG fr.expression4j.basic.impl.BinaryOperatorExpressionElement  - In parseElement.
2792 [main] DEBUG fr.expression4j.basic.impl.BinaryOperatorExpressionElement  - In parseElement.
2792 [main] DEBUG fr.expression4j.basic.impl.BinaryOperatorExpressionElement  - Current end position: 7
2792 [main] DEBUG fr.expression4j.basic.impl.BinaryOperatorExpressionElement  - Current end position: 7
2792 [main] DEBUG fr.expression4j.basic.impl.BinaryOperatorExpressionElement  - Current end position: 7
2792 [main] DEBUG fr.expression4j.basic.impl.BinaryOperatorExpressionElement  - Current end position: 7
2792 [main] DEBUG fr.expression4j.basic.impl.BinaryOperatorExpressionElement  - Current end position: 7
2792 [main] DEBUG fr.expression4j.basic.impl.BinaryOperatorExpressionElement  - In checkOperator.
2792 [main] DEBUG fr.expression4j.basic.impl.BinaryOperatorExpressionElement  - In checkOperator.
2792 [main] DEBUG fr.expression4j.basic.impl.BinaryOperatorExpressionElement  - In checkOperator.
2792 [main] DEBUG fr.expression4j.basic.impl.BinaryOperatorExpressionElement  - In checkOperator.
2792 [main] DEBUG fr.expression4j.basic.impl.BinaryOperatorExpressionElement  - In checkOperator.
2792 [main] DEBUG fr.expression4j.basic.impl.BinaryOperatorExpressionElement  - Operator Pow not found.
2792 [main] DEBUG fr.expression4j.basic.impl.BinaryOperatorExpressionElement  - Operator Pow not found.
2792 [main] DEBUG fr.expression4j.basic.impl.BinaryOperatorExpressionElement  - Operator Pow not found.
2792 [main] DEBUG fr.expression4j.basic.impl.BinaryOperatorExpressionElement  - Operator Pow not found.
2792 [main] DEBUG fr.expression4j.basic.impl.BinaryOperatorExpressionElement  - Operator Pow not found.
2792 [main] DEBUG fr.expression4j.basic.impl.BinaryOperatorExpressionElement  - No operator found.
2792 [main] DEBUG fr.expression4j.basic.impl.BinaryOperatorExpressionElement  - No operator found.
2792 [main] DEBUG fr.expression4j.basic.impl.BinaryOperatorExpressionElement  - No operator found.
2792 [main] DEBUG fr.expression4j.basic.impl.BinaryOperatorExpressionElement  - No operator found.
2792 [main] DEBUG fr.expression4j.basic.impl.BinaryOperatorExpressionElement  - No operator found.
2792 [main] DEBUG fr.expression4j.basic.impl.BinaryOperatorExpressionElement  - In parseElement.
2792 [main] DEBUG fr.expression4j.basic.impl.BinaryOperatorExpressionElement  - In parseElement.
2792 [main] DEBUG fr.expression4j.basic.impl.BinaryOperatorExpressionElement  - In parseElement.
2792 [main] DEBUG fr.expression4j.basic.impl.BinaryOperatorExpressionElement  - In parseElement.
2792 [main] DEBUG fr.expression4j.basic.impl.BinaryOperatorExpressionElement  - In parseElement.
2792 [main] DEBUG fr.expression4j.basic.impl.BinaryOperatorExpressionElement  - Current end position: 7
2792 [main] DEBUG fr.expression4j.basic.impl.BinaryOperatorExpressionElement  - Current end position: 7
2792 [main] DEBUG fr.expression4j.basic.impl.BinaryOperatorExpressionElement  - Current end position: 7
2792 [main] DEBUG fr.expression4j.basic.impl.BinaryOperatorExpressionElement  - Current end position: 7
2792 [main] DEBUG fr.expression4j.basic.impl.BinaryOperatorExpressionElement  - Current end position: 7
2792 [main] DEBUG fr.expression4j.basic.impl.BinaryOperatorExpressionElement  - In checkOperator.
2792 [main] DEBUG fr.expression4j.basic.impl.BinaryOperatorExpressionElement  - In checkOperator.
2792 [main] DEBUG fr.expression4j.basic.impl.BinaryOperatorExpressionElement  - In checkOperator.
2792 [main] DEBUG fr.expression4j.basic.impl.BinaryOperatorExpressionElement  - In checkOperator.
2792 [main] DEBUG fr.expression4j.basic.impl.BinaryOperatorExpressionElement  - In checkOperator.
2792 [main] DEBUG fr.expression4j.basic.impl.BinaryOperatorExpressionElement  - Operator Multiply not found.
2792 [main] DEBUG fr.expression4j.basic.impl.BinaryOperatorExpressionElement  - Operator Multiply not found.
2792 [main] DEBUG fr.expression4j.basic.impl.BinaryOperatorExpressionElement  - Operator Multiply not found.
2792 [main] DEBUG fr.expression4j.basic.impl.BinaryOperatorExpressionElement  - Operator Multiply not found.
2792 [main] DEBUG fr.expression4j.basic.impl.BinaryOperatorExpressionElement  - Operator Multiply not found.
2793 [main] DEBUG fr.expression4j.basic.impl.BinaryOperatorExpressionElement  - In checkOperator.
2793 [main] DEBUG fr.expression4j.basic.impl.BinaryOperatorExpressionElement  - In checkOperator.
2793 [main] DEBUG fr.expression4j.basic.impl.BinaryOperatorExpressionElement  - In checkOperator.
2793 [main] DEBUG fr.expression4j.basic.impl.BinaryOperatorExpressionElement  - In checkOperator.
2793 [main] DEBUG fr.expression4j.basic.impl.BinaryOperatorExpressionElement  - In checkOperator.
2793 [main] DEBUG fr.expression4j.basic.impl.BinaryOperatorExpressionElement  - Operator Divide not found.
2793 [main] DEBUG fr.expression4j.basic.impl.BinaryOperatorExpressionElement  - Operator Divide not found.
2793 [main] DEBUG fr.expression4j.basic.impl.BinaryOperatorExpressionElement  - Operator Divide not found.
2793 [main] DEBUG fr.expression4j.basic.impl.BinaryOperatorExpressionElement  - Operator Divide not found.
2793 [main] DEBUG fr.expression4j.basic.impl.BinaryOperatorExpressionElement  - Operator Divide not found.
2793 [main] DEBUG fr.expression4j.basic.impl.BinaryOperatorExpressionElement  - No operator found.
2793 [main] DEBUG fr.expression4j.basic.impl.BinaryOperatorExpressionElement  - No operator found.
2793 [main] DEBUG fr.expression4j.basic.impl.BinaryOperatorExpressionElement  - No operator found.
2793 [main] DEBUG fr.expression4j.basic.impl.BinaryOperatorExpressionElement  - No operator found.
2793 [main] DEBUG fr.expression4j.basic.impl.BinaryOperatorExpressionElement  - No operator found.
2793 [main] DEBUG fr.expression4j.basic.impl.BinaryOperatorExpressionElement  - In parseElement.
2793 [main] DEBUG fr.expression4j.basic.impl.BinaryOperatorExpressionElement  - In parseElement.
2793 [main] DEBUG fr.expression4j.basic.impl.BinaryOperatorExpressionElement  - In parseElement.
2793 [main] DEBUG fr.expression4j.basic.impl.BinaryOperatorExpressionElement  - In parseElement.
2793 [main] DEBUG fr.expression4j.basic.impl.BinaryOperatorExpressionElement  - In parseElement.
2793 [main] DEBUG fr.expression4j.basic.impl.BinaryOperatorExpressionElement  - Current end position: 7
2793 [main] DEBUG fr.expression4j.basic.impl.BinaryOperatorExpressionElement  - Current end position: 7
2793 [main] DEBUG fr.expression4j.basic.impl.BinaryOperatorExpressionElement  - Current end position: 7
2793 [main] DEBUG fr.expression4j.basic.impl.BinaryOperatorExpressionElement  - Current end position: 7
2793 [main] DEBUG fr.expression4j.basic.impl.BinaryOperatorExpressionElement  - Current end position: 7
2793 [main] DEBUG fr.expression4j.basic.impl.BinaryOperatorExpressionElement  - In checkOperator.
2793 [main] DEBUG fr.expression4j.basic.impl.BinaryOperatorExpressionElement  - In checkOperator.
2793 [main] DEBUG fr.expression4j.basic.impl.BinaryOperatorExpressionElement  - In checkOperator.
2793 [main] DEBUG fr.expression4j.basic.impl.BinaryOperatorExpressionElement  - In checkOperator.
2793 [main] DEBUG fr.expression4j.basic.impl.BinaryOperatorExpressionElement  - In checkOperator.
2793 [main] DEBUG fr.expression4j.basic.impl.BinaryOperatorExpressionElement  - Operator Plus not found.
2793 [main] DEBUG fr.expression4j.basic.impl.BinaryOperatorExpressionElement  - Operator Plus not found.
2793 [main] DEBUG fr.expression4j.basic.impl.BinaryOperatorExpressionElement  - Operator Plus not found.
2793 [main] DEBUG fr.expression4j.basic.impl.BinaryOperatorExpressionElement  - Operator Plus not found.
2793 [main] DEBUG fr.expression4j.basic.impl.BinaryOperatorExpressionElement  - Operator Plus not found.
2793 [main] DEBUG fr.expression4j.basic.impl.BinaryOperatorExpressionElement  - In checkOperator.
2793 [main] DEBUG fr.expression4j.basic.impl.BinaryOperatorExpressionElement  - In checkOperator.
2793 [main] DEBUG fr.expression4j.basic.impl.BinaryOperatorExpressionElement  - In checkOperator.
2793 [main] DEBUG fr.expression4j.basic.impl.BinaryOperatorExpressionElement  - In checkOperator.
2793 [main] DEBUG fr.expression4j.basic.impl.BinaryOperatorExpressionElement  - In checkOperator.
2793 [main] DEBUG fr.expression4j.basic.impl.BinaryOperatorExpressionElement  - Operator Minus not found.
2793 [main] DEBUG fr.expression4j.basic.impl.BinaryOperatorExpressionElement  - Operator Minus not found.
2793 [main] DEBUG fr.expression4j.basic.impl.BinaryOperatorExpressionElement  - Operator Minus not found.
2793 [main] DEBUG fr.expression4j.basic.impl.BinaryOperatorExpressionElement  - Operator Minus not found.
2793 [main] DEBUG fr.expression4j.basic.impl.BinaryOperatorExpressionElement  - Operator Minus not found.
2793 [main] DEBUG fr.expression4j.basic.impl.BinaryOperatorExpressionElement  - No operator found.
2793 [main] DEBUG fr.expression4j.basic.impl.BinaryOperatorExpressionElement  - No operator found.
2793 [main] DEBUG fr.expression4j.basic.impl.BinaryOperatorExpressionElement  - No operator found.
2793 [main] DEBUG fr.expression4j.basic.impl.BinaryOperatorExpressionElement  - No operator found.
2793 [main] DEBUG fr.expression4j.basic.impl.BinaryOperatorExpressionElement  - No operator found.
2793 [main] DEBUG fr.expression4j.factory.ExpressionFactory  - Create expression.
2793 [main] DEBUG fr.expression4j.factory.ExpressionFactory  - Create expression.
2793 [main] DEBUG fr.expression4j.factory.ExpressionFactory  - Create expression.
2793 [main] DEBUG fr.expression4j.factory.ExpressionFactory  - Create expression.
2793 [main] DEBUG fr.expression4j.factory.ExpressionFactory  - Create expression.
2794 [main] DEBUG fr.expression4j.factory.ExpressionFactory  - Expression to create: foo23(x,y,z)=23
2794 [main] DEBUG fr.expression4j.factory.ExpressionFactory  - Expression to create: foo23(x,y,z)=23
2794 [main] DEBUG fr.expression4j.factory.ExpressionFactory  - Expression to create: foo23(x,y,z)=23
2794 [main] DEBUG fr.expression4j.factory.ExpressionFactory  - Expression to create: foo23(x,y,z)=23
2794 [main] DEBUG fr.expression4j.factory.ExpressionFactory  - Expression to create: foo23(x,y,z)=23
2794 [main] DEBUG fr.expression4j.factory.ExpressionFactory  - Catalog: general
2794 [main] DEBUG fr.expression4j.factory.ExpressionFactory  - Catalog: general
2794 [main] DEBUG fr.expression4j.factory.ExpressionFactory  - Catalog: general
2794 [main] DEBUG fr.expression4j.factory.ExpressionFactory  - Catalog: general
2794 [main] DEBUG fr.expression4j.factory.ExpressionFactory  - Catalog: general
2794 [main] DEBUG fr.expression4j.factory.ExpressionFactory  - Model: default
2794 [main] DEBUG fr.expression4j.factory.ExpressionFactory  - Model: default
2794 [main] DEBUG fr.expression4j.factory.ExpressionFactory  - Model: default
2794 [main] DEBUG fr.expression4j.factory.ExpressionFactory  - Model: default
2794 [main] DEBUG fr.expression4j.factory.ExpressionFactory  - Model: default
2794 [main] DEBUG fr.expression4j.basic.impl.ComplexOrRealExpressionElement  - In parseElement
2794 [main] DEBUG fr.expression4j.basic.impl.ComplexOrRealExpressionElement  - In parseElement
2794 [main] DEBUG fr.expression4j.basic.impl.ComplexOrRealExpressionElement  - In parseElement
2794 [main] DEBUG fr.expression4j.basic.impl.ComplexOrRealExpressionElement  - In parseElement
2794 [main] DEBUG fr.expression4j.basic.impl.ComplexOrRealExpressionElement  - In parseElement
2794 [main] DEBUG fr.expression4j.basic.impl.ComplexOrRealExpressionElement  - start position: 13
2794 [main] DEBUG fr.expression4j.basic.impl.ComplexOrRealExpressionElement  - start position: 13
2794 [main] DEBUG fr.expression4j.basic.impl.ComplexOrRealExpressionElement  - start position: 13
2794 [main] DEBUG fr.expression4j.basic.impl.ComplexOrRealExpressionElement  - start position: 13
2794 [main] DEBUG fr.expression4j.basic.impl.ComplexOrRealExpressionElement  - start position: 13
2794 [main] DEBUG fr.expression4j.factory.ExpressionFactory  - Expression created
2794 [main] DEBUG fr.expression4j.factory.ExpressionFactory  - Expression created
2794 [main] DEBUG fr.expression4j.factory.ExpressionFactory  - Expression created
2794 [main] DEBUG fr.expression4j.factory.ExpressionFactory  - Expression created
2794 [main] DEBUG fr.expression4j.factory.ExpressionFactory  - Expression created
2794 [main] DEBUG fr.expression4j.basic.impl.ComplexOrRealExpressionElement  - In parseElement
2794 [main] DEBUG fr.expression4j.basic.impl.ComplexOrRealExpressionElement  - In parseElement
2794 [main] DEBUG fr.expression4j.basic.impl.ComplexOrRealExpressionElement  - In parseElement
2794 [main] DEBUG fr.expression4j.basic.impl.ComplexOrRealExpressionElement  - In parseElement
2794 [main] DEBUG fr.expression4j.basic.impl.ComplexOrRealExpressionElement  - In parseElement
2794 [main] DEBUG fr.expression4j.basic.impl.ComplexOrRealExpressionElement  - start position: 6
2794 [main] DEBUG fr.expression4j.basic.impl.ComplexOrRealExpressionElement  - start position: 6
2794 [main] DEBUG fr.expression4j.basic.impl.ComplexOrRealExpressionElement  - start position: 6
2794 [main] DEBUG fr.expression4j.basic.impl.ComplexOrRealExpressionElement  - start position: 6
2794 [main] DEBUG fr.expression4j.basic.impl.ComplexOrRealExpressionElement  - start position: 6
2794 [main] DEBUG fr.expression4j.basic.impl.BinaryOperatorExpressionElement  - In parseElement.
2794 [main] DEBUG fr.expression4j.basic.impl.BinaryOperatorExpressionElement  - In parseElement.
2794 [main] DEBUG fr.expression4j.basic.impl.BinaryOperatorExpressionElement  - In parseElement.
2794 [main] DEBUG fr.expression4j.basic.impl.BinaryOperatorExpressionElement  - In parseElement.
2794 [main] DEBUG fr.expression4j.basic.impl.BinaryOperatorExpressionElement  - In parseElement.
2794 [main] DEBUG fr.expression4j.basic.impl.BinaryOperatorExpressionElement  - Current end position: 7
2794 [main] DEBUG fr.expression4j.basic.impl.BinaryOperatorExpressionElement  - Current end position: 7
2794 [main] DEBUG fr.expression4j.basic.impl.BinaryOperatorExpressionElement  - Current end position: 7
2794 [main] DEBUG fr.expression4j.basic.impl.BinaryOperatorExpressionElement  - Current end position: 7
2794 [main] DEBUG fr.expression4j.basic.impl.BinaryOperatorExpressionElement  - Current end position: 7
2795 [main] DEBUG fr.expression4j.basic.impl.BinaryOperatorExpressionElement  - In checkOperator.
2795 [main] DEBUG fr.expression4j.basic.impl.BinaryOperatorExpressionElement  - In checkOperator.
2795 [main] DEBUG fr.expression4j.basic.impl.BinaryOperatorExpressionElement  - In checkOperator.
2795 [main] DEBUG fr.expression4j.basic.impl.BinaryOperatorExpressionElement  - In checkOperator.
2795 [main] DEBUG fr.expression4j.basic.impl.BinaryOperatorExpressionElement  - In checkOperator.
2795 [main] DEBUG fr.expression4j.basic.impl.BinaryOperatorExpressionElement  - Operator Pow not found.
2795 [main] DEBUG fr.expression4j.basic.impl.BinaryOperatorExpressionElement  - Operator Pow not found.
2795 [main] DEBUG fr.expression4j.basic.impl.BinaryOperatorExpressionElement  - Operator Pow not found.
2795 [main] DEBUG fr.expression4j.basic.impl.BinaryOperatorExpressionElement  - Operator Pow not found.
2795 [main] DEBUG fr.expression4j.basic.impl.BinaryOperatorExpressionElement  - Operator Pow not found.
2795 [main] DEBUG fr.expression4j.basic.impl.BinaryOperatorExpressionElement  - No operator found.
2795 [main] DEBUG fr.expression4j.basic.impl.BinaryOperatorExpressionElement  - No operator found.
2795 [main] DEBUG fr.expression4j.basic.impl.BinaryOperatorExpressionElement  - No operator found.
2795 [main] DEBUG fr.expression4j.basic.impl.BinaryOperatorExpressionElement  - No operator found.
2795 [main] DEBUG fr.expression4j.basic.impl.BinaryOperatorExpressionElement  - No operator found.
2795 [main] DEBUG fr.expression4j.basic.impl.BinaryOperatorExpressionElement  - In parseElement.
2795 [main] DEBUG fr.expression4j.basic.impl.BinaryOperatorExpressionElement  - In parseElement.
2795 [main] DEBUG fr.expression4j.basic.impl.BinaryOperatorExpressionElement  - In parseElement.
2795 [main] DEBUG fr.expression4j.basic.impl.BinaryOperatorExpressionElement  - In parseElement.
2795 [main] DEBUG fr.expression4j.basic.impl.BinaryOperatorExpressionElement  - In parseElement.
2795 [main] DEBUG fr.expression4j.basic.impl.BinaryOperatorExpressionElement  - Current end position: 7
2795 [main] DEBUG fr.expression4j.basic.impl.BinaryOperatorExpressionElement  - Current end position: 7
2795 [main] DEBUG fr.expression4j.basic.impl.BinaryOperatorExpressionElement  - Current end position: 7
2795 [main] DEBUG fr.expression4j.basic.impl.BinaryOperatorExpressionElement  - Current end position: 7
2795 [main] DEBUG fr.expression4j.basic.impl.BinaryOperatorExpressionElement  - Current end position: 7
2795 [main] DEBUG fr.expression4j.basic.impl.BinaryOperatorExpressionElement  - In checkOperator.
2795 [main] DEBUG fr.expression4j.basic.impl.BinaryOperatorExpressionElement  - In checkOperator.
2795 [main] DEBUG fr.expression4j.basic.impl.BinaryOperatorExpressionElement  - In checkOperator.
2795 [main] DEBUG fr.expression4j.basic.impl.BinaryOperatorExpressionElement  - In checkOperator.
2795 [main] DEBUG fr.expression4j.basic.impl.BinaryOperatorExpressionElement  - In checkOperator.
2795 [main] DEBUG fr.expression4j.basic.impl.BinaryOperatorExpressionElement  - Operator Multiply found.
2795 [main] DEBUG fr.expression4j.basic.impl.BinaryOperatorExpressionElement  - Operator Multiply found.
2795 [main] DEBUG fr.expression4j.basic.impl.BinaryOperatorExpressionElement  - Operator Multiply found.
2795 [main] DEBUG fr.expression4j.basic.impl.BinaryOperatorExpressionElement  - Operator Multiply found.
2795 [main] DEBUG fr.expression4j.basic.impl.BinaryOperatorExpressionElement  - Operator Multiply found.
2795 [main] DEBUG fr.expression4j.basic.impl.BinaryOperatorExpressionElement  - Found operator Multiply
2795 [main] DEBUG fr.expression4j.basic.impl.BinaryOperatorExpressionElement  - Found operator Multiply
2795 [main] DEBUG fr.expression4j.basic.impl.BinaryOperatorExpressionElement  - Found operator Multiply
2795 [main] DEBUG fr.expression4j.basic.impl.BinaryOperatorExpressionElement  - Found operator Multiply
2795 [main] DEBUG fr.expression4j.basic.impl.BinaryOperatorExpressionElement  - Found operator Multiply
2795 [main] DEBUG fr.expression4j.basic.impl.ComplexOrRealExpressionElement  - In parseElement
2795 [main] DEBUG fr.expression4j.basic.impl.ComplexOrRealExpressionElement  - In parseElement
2795 [main] DEBUG fr.expression4j.basic.impl.ComplexOrRealExpressionElement  - In parseElement
2795 [main] DEBUG fr.expression4j.basic.impl.ComplexOrRealExpressionElement  - In parseElement
2795 [main] DEBUG fr.expression4j.basic.impl.ComplexOrRealExpressionElement  - In parseElement
2796 [main] DEBUG fr.expression4j.basic.impl.ComplexOrRealExpressionElement  - start position: 8
2796 [main] DEBUG fr.expression4j.basic.impl.ComplexOrRealExpressionElement  - start position: 8
2796 [main] DEBUG fr.expression4j.basic.impl.ComplexOrRealExpressionElement  - start position: 8
2796 [main] DEBUG fr.expression4j.basic.impl.ComplexOrRealExpressionElement  - start position: 8
2796 [main] DEBUG fr.expression4j.basic.impl.ComplexOrRealExpressionElement  - start position: 8
2796 [main] DEBUG fr.expression4j.basic.impl.BinaryOperatorExpressionElement  - In parseElement.
2796 [main] DEBUG fr.expression4j.basic.impl.BinaryOperatorExpressionElement  - In parseElement.
2796 [main] DEBUG fr.expression4j.basic.impl.BinaryOperatorExpressionElement  - In parseElement.
2796 [main] DEBUG fr.expression4j.basic.impl.BinaryOperatorExpressionElement  - In parseElement.
2796 [main] DEBUG fr.expression4j.basic.impl.BinaryOperatorExpressionElement  - In parseElement.
2796 [main] DEBUG fr.expression4j.basic.impl.BinaryOperatorExpressionElement  - Current end position: 9
2796 [main] DEBUG fr.expression4j.basic.impl.BinaryOperatorExpressionElement  - Current end position: 9
2796 [main] DEBUG fr.expression4j.basic.impl.BinaryOperatorExpressionElement  - Current end position: 9
2796 [main] DEBUG fr.expression4j.basic.impl.BinaryOperatorExpressionElement  - Current end position: 9
2796 [main] DEBUG fr.expression4j.basic.impl.BinaryOperatorExpressionElement  - Current end position: 9
2796 [main] DEBUG fr.expression4j.basic.impl.BinaryOperatorExpressionElement  - In checkOperator.
2796 [main] DEBUG fr.expression4j.basic.impl.BinaryOperatorExpressionElement  - In checkOperator.
2796 [main] DEBUG fr.expression4j.basic.impl.BinaryOperatorExpressionElement  - In checkOperator.
2796 [main] DEBUG fr.expression4j.basic.impl.BinaryOperatorExpressionElement  - In checkOperator.
2796 [main] DEBUG fr.expression4j.basic.impl.BinaryOperatorExpressionElement  - In checkOperator.
2796 [main] DEBUG fr.expression4j.basic.impl.BinaryOperatorExpressionElement  - Operator Pow not found.
2796 [main] DEBUG fr.expression4j.basic.impl.BinaryOperatorExpressionElement  - Operator Pow not found.
2796 [main] DEBUG fr.expression4j.basic.impl.BinaryOperatorExpressionElement  - Operator Pow not found.
2796 [main] DEBUG fr.expression4j.basic.impl.BinaryOperatorExpressionElement  - Operator Pow not found.
2796 [main] DEBUG fr.expression4j.basic.impl.BinaryOperatorExpressionElement  - Operator Pow not found.
2796 [main] DEBUG fr.expression4j.basic.impl.BinaryOperatorExpressionElement  - No operator found.
2796 [main] DEBUG fr.expression4j.basic.impl.BinaryOperatorExpressionElement  - No operator found.
2796 [main] DEBUG fr.expression4j.basic.impl.BinaryOperatorExpressionElement  - No operator found.
2796 [main] DEBUG fr.expression4j.basic.impl.BinaryOperatorExpressionElement  - No operator found.
2796 [main] DEBUG fr.expression4j.basic.impl.BinaryOperatorExpressionElement  - No operator found.
2796 [main] DEBUG fr.expression4j.basic.impl.BinaryOperatorExpressionElement  - In parseElement.
2796 [main] DEBUG fr.expression4j.basic.impl.BinaryOperatorExpressionElement  - In parseElement.
2796 [main] DEBUG fr.expression4j.basic.impl.BinaryOperatorExpressionElement  - In parseElement.
2796 [main] DEBUG fr.expression4j.basic.impl.BinaryOperatorExpressionElement  - In parseElement.
2796 [main] DEBUG fr.expression4j.basic.impl.BinaryOperatorExpressionElement  - In parseElement.
2796 [main] DEBUG fr.expression4j.basic.impl.BinaryOperatorExpressionElement  - Current end position: 9
2796 [main] DEBUG fr.expression4j.basic.impl.BinaryOperatorExpressionElement  - Current end position: 9
2796 [main] DEBUG fr.expression4j.basic.impl.BinaryOperatorExpressionElement  - Current end position: 9
2796 [main] DEBUG fr.expression4j.basic.impl.BinaryOperatorExpressionElement  - Current end position: 9
2796 [main] DEBUG fr.expression4j.basic.impl.BinaryOperatorExpressionElement  - Current end position: 9
2796 [main] DEBUG fr.expression4j.basic.impl.BinaryOperatorExpressionElement  - In checkOperator.
2796 [main] DEBUG fr.expression4j.basic.impl.BinaryOperatorExpressionElement  - In checkOperator.
2796 [main] DEBUG fr.expression4j.basic.impl.BinaryOperatorExpressionElement  - In checkOperator.
2796 [main] DEBUG fr.expression4j.basic.impl.BinaryOperatorExpressionElement  - In checkOperator.
2796 [main] DEBUG fr.expression4j.basic.impl.BinaryOperatorExpressionElement  - In checkOperator.
2796 [main] DEBUG fr.expression4j.basic.impl.BinaryOperatorExpressionElement  - Operator Multiply not found.
2796 [main] DEBUG fr.expression4j.basic.impl.BinaryOperatorExpressionElement  - Operator Multiply not found.
2796 [main] DEBUG fr.expression4j.basic.impl.BinaryOperatorExpressionElement  - Operator Multiply not found.
2796 [main] DEBUG fr.expression4j.basic.impl.BinaryOperatorExpressionElement  - Operator Multiply not found.
2796 [main] DEBUG fr.expression4j.basic.impl.BinaryOperatorExpressionElement  - Operator Multiply not found.
2796 [main] DEBUG fr.expression4j.basic.impl.BinaryOperatorExpressionElement  - In checkOperator.
2796 [main] DEBUG fr.expression4j.basic.impl.BinaryOperatorExpressionElement  - In checkOperator.
2796 [main] DEBUG fr.expression4j.basic.impl.BinaryOperatorExpressionElement  - In checkOperator.
2796 [main] DEBUG fr.expression4j.basic.impl.BinaryOperatorExpressionElement  - In checkOperator.
2796 [main] DEBUG fr.expression4j.basic.impl.BinaryOperatorExpressionElement  - In checkOperator.
2797 [main] DEBUG fr.expression4j.basic.impl.BinaryOperatorExpressionElement  - Operator Divide not found.
2797 [main] DEBUG fr.expression4j.basic.impl.BinaryOperatorExpressionElement  - Operator Divide not found.
2797 [main] DEBUG fr.expression4j.basic.impl.BinaryOperatorExpressionElement  - Operator Divide not found.
2797 [main] DEBUG fr.expression4j.basic.impl.BinaryOperatorExpressionElement  - Operator Divide not found.
2797 [main] DEBUG fr.expression4j.basic.impl.BinaryOperatorExpressionElement  - Operator Divide not found.
2797 [main] DEBUG fr.expression4j.basic.impl.BinaryOperatorExpressionElement  - No operator found.
2797 [main] DEBUG fr.expression4j.basic.impl.BinaryOperatorExpressionElement  - No operator found.
2797 [main] DEBUG fr.expression4j.basic.impl.BinaryOperatorExpressionElement  - No operator found.
2797 [main] DEBUG fr.expression4j.basic.impl.BinaryOperatorExpressionElement  - No operator found.
2797 [main] DEBUG fr.expression4j.basic.impl.BinaryOperatorExpressionElement  - No operator found.
2797 [main] DEBUG fr.expression4j.basic.impl.BinaryOperatorExpressionElement  - In parseElement.
2797 [main] DEBUG fr.expression4j.basic.impl.BinaryOperatorExpressionElement  - In parseElement.
2797 [main] DEBUG fr.expression4j.basic.impl.BinaryOperatorExpressionElement  - In parseElement.
2797 [main] DEBUG fr.expression4j.basic.impl.BinaryOperatorExpressionElement  - In parseElement.
2797 [main] DEBUG fr.expression4j.basic.impl.BinaryOperatorExpressionElement  - In parseElement.
2797 [main] DEBUG fr.expression4j.basic.impl.BinaryOperatorExpressionElement  - Current end position: 9
2797 [main] DEBUG fr.expression4j.basic.impl.BinaryOperatorExpressionElement  - Current end position: 9
2797 [main] DEBUG fr.expression4j.basic.impl.BinaryOperatorExpressionElement  - Current end position: 9
2797 [main] DEBUG fr.expression4j.basic.impl.BinaryOperatorExpressionElement  - Current end position: 9
2797 [main] DEBUG fr.expression4j.basic.impl.BinaryOperatorExpressionElement  - Current end position: 9
2797 [main] DEBUG fr.expression4j.basic.impl.BinaryOperatorExpressionElement  - In checkOperator.
2797 [main] DEBUG fr.expression4j.basic.impl.BinaryOperatorExpressionElement  - In checkOperator.
2797 [main] DEBUG fr.expression4j.basic.impl.BinaryOperatorExpressionElement  - In checkOperator.
2797 [main] DEBUG fr.expression4j.basic.impl.BinaryOperatorExpressionElement  - In checkOperator.
2797 [main] DEBUG fr.expression4j.basic.impl.BinaryOperatorExpressionElement  - In checkOperator.
2797 [main] DEBUG fr.expression4j.basic.impl.BinaryOperatorExpressionElement  - Operator Plus not found.
2797 [main] DEBUG fr.expression4j.basic.impl.BinaryOperatorExpressionElement  - Operator Plus not found.
2797 [main] DEBUG fr.expression4j.basic.impl.BinaryOperatorExpressionElement  - Operator Plus not found.
2797 [main] DEBUG fr.expression4j.basic.impl.BinaryOperatorExpressionElement  - Operator Plus not found.
2797 [main] DEBUG fr.expression4j.basic.impl.BinaryOperatorExpressionElement  - Operator Plus not found.
2797 [main] DEBUG fr.expression4j.basic.impl.BinaryOperatorExpressionElement  - In checkOperator.
2797 [main] DEBUG fr.expression4j.basic.impl.BinaryOperatorExpressionElement  - In checkOperator.
2797 [main] DEBUG fr.expression4j.basic.impl.BinaryOperatorExpressionElement  - In checkOperator.
2797 [main] DEBUG fr.expression4j.basic.impl.BinaryOperatorExpressionElement  - In checkOperator.
2797 [main] DEBUG fr.expression4j.basic.impl.BinaryOperatorExpressionElement  - In checkOperator.
2797 [main] DEBUG fr.expression4j.basic.impl.BinaryOperatorExpressionElement  - Operator Minus not found.
2797 [main] DEBUG fr.expression4j.basic.impl.BinaryOperatorExpressionElement  - Operator Minus not found.
2797 [main] DEBUG fr.expression4j.basic.impl.BinaryOperatorExpressionElement  - Operator Minus not found.
2797 [main] DEBUG fr.expression4j.basic.impl.BinaryOperatorExpressionElement  - Operator Minus not found.
2797 [main] DEBUG fr.expression4j.basic.impl.BinaryOperatorExpressionElement  - Operator Minus not found.
2797 [main] DEBUG fr.expression4j.basic.impl.BinaryOperatorExpressionElement  - No operator found.
2797 [main] DEBUG fr.expression4j.basic.impl.BinaryOperatorExpressionElement  - No operator found.
2797 [main] DEBUG fr.expression4j.basic.impl.BinaryOperatorExpressionElement  - No operator found.
2797 [main] DEBUG fr.expression4j.basic.impl.BinaryOperatorExpressionElement  - No operator found.
2797 [main] DEBUG fr.expression4j.basic.impl.BinaryOperatorExpressionElement  - No operator found.
2798 [main] DEBUG fr.expression4j.basic.impl.ComplexOrRealExpressionElement  - In parseElement
2798 [main] DEBUG fr.expression4j.basic.impl.ComplexOrRealExpressionElement  - In parseElement
2798 [main] DEBUG fr.expression4j.basic.impl.ComplexOrRealExpressionElement  - In parseElement
2798 [main] DEBUG fr.expression4j.basic.impl.ComplexOrRealExpressionElement  - In parseElement
2798 [main] DEBUG fr.expression4j.basic.impl.ComplexOrRealExpressionElement  - In parseElement
2798 [main] DEBUG fr.expression4j.basic.impl.ComplexOrRealExpressionElement  - start position: 10
2798 [main] DEBUG fr.expression4j.basic.impl.ComplexOrRealExpressionElement  - start position: 10
2798 [main] DEBUG fr.expression4j.basic.impl.ComplexOrRealExpressionElement  - start position: 10
2798 [main] DEBUG fr.expression4j.basic.impl.ComplexOrRealExpressionElement  - start position: 10
2798 [main] DEBUG fr.expression4j.basic.impl.ComplexOrRealExpressionElement  - start position: 10
2798 [main] DEBUG fr.expression4j.basic.impl.BinaryOperatorExpressionElement  - In parseElement.
2798 [main] DEBUG fr.expression4j.basic.impl.BinaryOperatorExpressionElement  - In parseElement.
2798 [main] DEBUG fr.expression4j.basic.impl.BinaryOperatorExpressionElement  - In parseElement.
2798 [main] DEBUG fr.expression4j.basic.impl.BinaryOperatorExpressionElement  - In parseElement.
2798 [main] DEBUG fr.expression4j.basic.impl.BinaryOperatorExpressionElement  - In parseElement.
2798 [main] DEBUG fr.expression4j.basic.impl.BinaryOperatorExpressionElement  - Current end position: 11
2798 [main] DEBUG fr.expression4j.basic.impl.BinaryOperatorExpressionElement  - Current end position: 11
2798 [main] DEBUG fr.expression4j.basic.impl.BinaryOperatorExpressionElement  - Current end position: 11
2798 [main] DEBUG fr.expression4j.basic.impl.BinaryOperatorExpressionElement  - Current end position: 11
2798 [main] DEBUG fr.expression4j.basic.impl.BinaryOperatorExpressionElement  - Current end position: 11
2798 [main] DEBUG fr.expression4j.basic.impl.BinaryOperatorExpressionElement  - In checkOperator.
2798 [main] DEBUG fr.expression4j.basic.impl.BinaryOperatorExpressionElement  - In checkOperator.
2798 [main] DEBUG fr.expression4j.basic.impl.BinaryOperatorExpressionElement  - In checkOperator.
2798 [main] DEBUG fr.expression4j.basic.impl.BinaryOperatorExpressionElement  - In checkOperator.
2798 [main] DEBUG fr.expression4j.basic.impl.BinaryOperatorExpressionElement  - In checkOperator.
2798 [main] DEBUG fr.expression4j.basic.impl.BinaryOperatorExpressionElement  - Operator Pow not found.
2798 [main] DEBUG fr.expression4j.basic.impl.BinaryOperatorExpressionElement  - Operator Pow not found.
2798 [main] DEBUG fr.expression4j.basic.impl.BinaryOperatorExpressionElement  - Operator Pow not found.
2798 [main] DEBUG fr.expression4j.basic.impl.BinaryOperatorExpressionElement  - Operator Pow not found.
2798 [main] DEBUG fr.expression4j.basic.impl.BinaryOperatorExpressionElement  - Operator Pow not found.
2798 [main] DEBUG fr.expression4j.basic.impl.BinaryOperatorExpressionElement  - No operator found.
2798 [main] DEBUG fr.expression4j.basic.impl.BinaryOperatorExpressionElement  - No operator found.
2798 [main] DEBUG fr.expression4j.basic.impl.BinaryOperatorExpressionElement  - No operator found.
2798 [main] DEBUG fr.expression4j.basic.impl.BinaryOperatorExpressionElement  - No operator found.
2798 [main] DEBUG fr.expression4j.basic.impl.BinaryOperatorExpressionElement  - No operator found.
2798 [main] DEBUG fr.expression4j.basic.impl.BinaryOperatorExpressionElement  - In parseElement.
2798 [main] DEBUG fr.expression4j.basic.impl.BinaryOperatorExpressionElement  - In parseElement.
2798 [main] DEBUG fr.expression4j.basic.impl.BinaryOperatorExpressionElement  - In parseElement.
2798 [main] DEBUG fr.expression4j.basic.impl.BinaryOperatorExpressionElement  - In parseElement.
2798 [main] DEBUG fr.expression4j.basic.impl.BinaryOperatorExpressionElement  - In parseElement.
2798 [main] DEBUG fr.expression4j.basic.impl.BinaryOperatorExpressionElement  - Current end position: 11
2798 [main] DEBUG fr.expression4j.basic.impl.BinaryOperatorExpressionElement  - Current end position: 11
2798 [main] DEBUG fr.expression4j.basic.impl.BinaryOperatorExpressionElement  - Current end position: 11
2798 [main] DEBUG fr.expression4j.basic.impl.BinaryOperatorExpressionElement  - Current end position: 11
2798 [main] DEBUG fr.expression4j.basic.impl.BinaryOperatorExpressionElement  - Current end position: 11
2798 [main] DEBUG fr.expression4j.basic.impl.BinaryOperatorExpressionElement  - In checkOperator.
2798 [main] DEBUG fr.expression4j.basic.impl.BinaryOperatorExpressionElement  - In checkOperator.
2798 [main] DEBUG fr.expression4j.basic.impl.BinaryOperatorExpressionElement  - In checkOperator.
2798 [main] DEBUG fr.expression4j.basic.impl.BinaryOperatorExpressionElement  - In checkOperator.
2798 [main] DEBUG fr.expression4j.basic.impl.BinaryOperatorExpressionElement  - In checkOperator.
2798 [main] DEBUG fr.expression4j.basic.impl.BinaryOperatorExpressionElement  - Operator Multiply not found.
2798 [main] DEBUG fr.expression4j.basic.impl.BinaryOperatorExpressionElement  - Operator Multiply not found.
2798 [main] DEBUG fr.expression4j.basic.impl.BinaryOperatorExpressionElement  - Operator Multiply not found.
2798 [main] DEBUG fr.expression4j.basic.impl.BinaryOperatorExpressionElement  - Operator Multiply not found.
2798 [main] DEBUG fr.expression4j.basic.impl.BinaryOperatorExpressionElement  - Operator Multiply not found.
2798 [main] DEBUG fr.expression4j.basic.impl.BinaryOperatorExpressionElement  - In checkOperator.
2798 [main] DEBUG fr.expression4j.basic.impl.BinaryOperatorExpressionElement  - In checkOperator.
2798 [main] DEBUG fr.expression4j.basic.impl.BinaryOperatorExpressionElement  - In checkOperator.
2798 [main] DEBUG fr.expression4j.basic.impl.BinaryOperatorExpressionElement  - In checkOperator.
2798 [main] DEBUG fr.expression4j.basic.impl.BinaryOperatorExpressionElement  - In checkOperator.
2799 [main] DEBUG fr.expression4j.basic.impl.BinaryOperatorExpressionElement  - Operator Divide not found.
2799 [main] DEBUG fr.expression4j.basic.impl.BinaryOperatorExpressionElement  - Operator Divide not found.
2799 [main] DEBUG fr.expression4j.basic.impl.BinaryOperatorExpressionElement  - Operator Divide not found.
2799 [main] DEBUG fr.expression4j.basic.impl.BinaryOperatorExpressionElement  - Operator Divide not found.
2799 [main] DEBUG fr.expression4j.basic.impl.BinaryOperatorExpressionElement  - Operator Divide not found.
2799 [main] DEBUG fr.expression4j.basic.impl.BinaryOperatorExpressionElement  - No operator found.
2799 [main] DEBUG fr.expression4j.basic.impl.BinaryOperatorExpressionElement  - No operator found.
2799 [main] DEBUG fr.expression4j.basic.impl.BinaryOperatorExpressionElement  - No operator found.
2799 [main] DEBUG fr.expression4j.basic.impl.BinaryOperatorExpressionElement  - No operator found.
2799 [main] DEBUG fr.expression4j.basic.impl.BinaryOperatorExpressionElement  - No operator found.
2799 [main] DEBUG fr.expression4j.basic.impl.BinaryOperatorExpressionElement  - In parseElement.
2799 [main] DEBUG fr.expression4j.basic.impl.BinaryOperatorExpressionElement  - In parseElement.
2799 [main] DEBUG fr.expression4j.basic.impl.BinaryOperatorExpressionElement  - In parseElement.
2799 [main] DEBUG fr.expression4j.basic.impl.BinaryOperatorExpressionElement  - In parseElement.
2799 [main] DEBUG fr.expression4j.basic.impl.BinaryOperatorExpressionElement  - In parseElement.
2799 [main] DEBUG fr.expression4j.basic.impl.BinaryOperatorExpressionElement  - Current end position: 11
2799 [main] DEBUG fr.expression4j.basic.impl.BinaryOperatorExpressionElement  - Current end position: 11
2799 [main] DEBUG fr.expression4j.basic.impl.BinaryOperatorExpressionElement  - Current end position: 11
2799 [main] DEBUG fr.expression4j.basic.impl.BinaryOperatorExpressionElement  - Current end position: 11
2799 [main] DEBUG fr.expression4j.basic.impl.BinaryOperatorExpressionElement  - Current end position: 11
2799 [main] DEBUG fr.expression4j.basic.impl.BinaryOperatorExpressionElement  - In checkOperator.
2799 [main] DEBUG fr.expression4j.basic.impl.BinaryOperatorExpressionElement  - In checkOperator.
2799 [main] DEBUG fr.expression4j.basic.impl.BinaryOperatorExpressionElement  - In checkOperator.
2799 [main] DEBUG fr.expression4j.basic.impl.BinaryOperatorExpressionElement  - In checkOperator.
2799 [main] DEBUG fr.expression4j.basic.impl.BinaryOperatorExpressionElement  - In checkOperator.
2799 [main] DEBUG fr.expression4j.basic.impl.BinaryOperatorExpressionElement  - Operator Plus not found.
2799 [main] DEBUG fr.expression4j.basic.impl.BinaryOperatorExpressionElement  - Operator Plus not found.
2799 [main] DEBUG fr.expression4j.basic.impl.BinaryOperatorExpressionElement  - Operator Plus not found.
2799 [main] DEBUG fr.expression4j.basic.impl.BinaryOperatorExpressionElement  - Operator Plus not found.
2799 [main] DEBUG fr.expression4j.basic.impl.BinaryOperatorExpressionElement  - Operator Plus not found.
2799 [main] DEBUG fr.expression4j.basic.impl.BinaryOperatorExpressionElement  - In checkOperator.
2799 [main] DEBUG fr.expression4j.basic.impl.BinaryOperatorExpressionElement  - In checkOperator.
2799 [main] DEBUG fr.expression4j.basic.impl.BinaryOperatorExpressionElement  - In checkOperator.
2799 [main] DEBUG fr.expression4j.basic.impl.BinaryOperatorExpressionElement  - In checkOperator.
2799 [main] DEBUG fr.expression4j.basic.impl.BinaryOperatorExpressionElement  - In checkOperator.
2799 [main] DEBUG fr.expression4j.basic.impl.BinaryOperatorExpressionElement  - Operator Minus not found.
2799 [main] DEBUG fr.expression4j.basic.impl.BinaryOperatorExpressionElement  - Operator Minus not found.
2799 [main] DEBUG fr.expression4j.basic.impl.BinaryOperatorExpressionElement  - Operator Minus not found.
2799 [main] DEBUG fr.expression4j.basic.impl.BinaryOperatorExpressionElement  - Operator Minus not found.
2799 [main] DEBUG fr.expression4j.basic.impl.BinaryOperatorExpressionElement  - Operator Minus not found.
2802 [main] DEBUG fr.expression4j.basic.impl.BinaryOperatorExpressionElement  - No operator found.
2802 [main] DEBUG fr.expression4j.basic.impl.BinaryOperatorExpressionElement  - No operator found.
2802 [main] DEBUG fr.expression4j.basic.impl.BinaryOperatorExpressionElement  - No operator found.
2802 [main] DEBUG fr.expression4j.basic.impl.BinaryOperatorExpressionElement  - No operator found.
2802 [main] DEBUG fr.expression4j.basic.impl.BinaryOperatorExpressionElement  - No operator found.
2802 [main] DEBUG fr.expression4j.basic.impl.ComplexOrRealExpressionElement  - In parseElement
2802 [main] DEBUG fr.expression4j.basic.impl.ComplexOrRealExpressionElement  - In parseElement
2802 [main] DEBUG fr.expression4j.basic.impl.ComplexOrRealExpressionElement  - In parseElement
2802 [main] DEBUG fr.expression4j.basic.impl.ComplexOrRealExpressionElement  - In parseElement
2802 [main] DEBUG fr.expression4j.basic.impl.ComplexOrRealExpressionElement  - In parseElement
2803 [main] DEBUG fr.expression4j.basic.impl.ComplexOrRealExpressionElement  - start position: 12
2803 [main] DEBUG fr.expression4j.basic.impl.ComplexOrRealExpressionElement  - start position: 12
2803 [main] DEBUG fr.expression4j.basic.impl.ComplexOrRealExpressionElement  - start position: 12
2803 [main] DEBUG fr.expression4j.basic.impl.ComplexOrRealExpressionElement  - start position: 12
2803 [main] DEBUG fr.expression4j.basic.impl.ComplexOrRealExpressionElement  - start position: 12
2803 [main] DEBUG fr.expression4j.basic.impl.BinaryOperatorExpressionElement  - In parseElement.
2803 [main] DEBUG fr.expression4j.basic.impl.BinaryOperatorExpressionElement  - In parseElement.
2803 [main] DEBUG fr.expression4j.basic.impl.BinaryOperatorExpressionElement  - In parseElement.
2803 [main] DEBUG fr.expression4j.basic.impl.BinaryOperatorExpressionElement  - In parseElement.
2803 [main] DEBUG fr.expression4j.basic.impl.BinaryOperatorExpressionElement  - In parseElement.
2803 [main] DEBUG fr.expression4j.basic.impl.BinaryOperatorExpressionElement  - Current end position: 13
2803 [main] DEBUG fr.expression4j.basic.impl.BinaryOperatorExpressionElement  - Current end position: 13
2803 [main] DEBUG fr.expression4j.basic.impl.BinaryOperatorExpressionElement  - Current end position: 13
2803 [main] DEBUG fr.expression4j.basic.impl.BinaryOperatorExpressionElement  - Current end position: 13
2803 [main] DEBUG fr.expression4j.basic.impl.BinaryOperatorExpressionElement  - Current end position: 13
2803 [main] DEBUG fr.expression4j.basic.impl.BinaryOperatorExpressionElement  - In checkOperator.
2803 [main] DEBUG fr.expression4j.basic.impl.BinaryOperatorExpressionElement  - In checkOperator.
2803 [main] DEBUG fr.expression4j.basic.impl.BinaryOperatorExpressionElement  - In checkOperator.
2803 [main] DEBUG fr.expression4j.basic.impl.BinaryOperatorExpressionElement  - In checkOperator.
2803 [main] DEBUG fr.expression4j.basic.impl.BinaryOperatorExpressionElement  - In checkOperator.
2803 [main] DEBUG fr.expression4j.basic.impl.BinaryOperatorExpressionElement  - Operator Pow not found.
2803 [main] DEBUG fr.expression4j.basic.impl.BinaryOperatorExpressionElement  - Operator Pow not found.
2803 [main] DEBUG fr.expression4j.basic.impl.BinaryOperatorExpressionElement  - Operator Pow not found.
2803 [main] DEBUG fr.expression4j.basic.impl.BinaryOperatorExpressionElement  - Operator Pow not found.
2803 [main] DEBUG fr.expression4j.basic.impl.BinaryOperatorExpressionElement  - Operator Pow not found.
2803 [main] DEBUG fr.expression4j.basic.impl.BinaryOperatorExpressionElement  - No operator found.
2803 [main] DEBUG fr.expression4j.basic.impl.BinaryOperatorExpressionElement  - No operator found.
2803 [main] DEBUG fr.expression4j.basic.impl.BinaryOperatorExpressionElement  - No operator found.
2803 [main] DEBUG fr.expression4j.basic.impl.BinaryOperatorExpressionElement  - No operator found.
2803 [main] DEBUG fr.expression4j.basic.impl.BinaryOperatorExpressionElement  - No operator found.
2803 [main] DEBUG fr.expression4j.basic.impl.BinaryOperatorExpressionElement  - In parseElement.
2803 [main] DEBUG fr.expression4j.basic.impl.BinaryOperatorExpressionElement  - In parseElement.
2803 [main] DEBUG fr.expression4j.basic.impl.BinaryOperatorExpressionElement  - In parseElement.
2803 [main] DEBUG fr.expression4j.basic.impl.BinaryOperatorExpressionElement  - In parseElement.
2803 [main] DEBUG fr.expression4j.basic.impl.BinaryOperatorExpressionElement  - In parseElement.
2803 [main] DEBUG fr.expression4j.basic.impl.BinaryOperatorExpressionElement  - Current end position: 13
2803 [main] DEBUG fr.expression4j.basic.impl.BinaryOperatorExpressionElement  - Current end position: 13
2803 [main] DEBUG fr.expression4j.basic.impl.BinaryOperatorExpressionElement  - Current end position: 13
2803 [main] DEBUG fr.expression4j.basic.impl.BinaryOperatorExpressionElement  - Current end position: 13
2803 [main] DEBUG fr.expression4j.basic.impl.BinaryOperatorExpressionElement  - Current end position: 13
2803 [main] DEBUG fr.expression4j.basic.impl.BinaryOperatorExpressionElement  - In checkOperator.
2803 [main] DEBUG fr.expression4j.basic.impl.BinaryOperatorExpressionElement  - In checkOperator.
2803 [main] DEBUG fr.expression4j.basic.impl.BinaryOperatorExpressionElement  - In checkOperator.
2803 [main] DEBUG fr.expression4j.basic.impl.BinaryOperatorExpressionElement  - In checkOperator.
2803 [main] DEBUG fr.expression4j.basic.impl.BinaryOperatorExpressionElement  - In checkOperator.
2803 [main] DEBUG fr.expression4j.basic.impl.BinaryOperatorExpressionElement  - Operator Multiply not found.
2803 [main] DEBUG fr.expression4j.basic.impl.BinaryOperatorExpressionElement  - Operator Multiply not found.
2803 [main] DEBUG fr.expression4j.basic.impl.BinaryOperatorExpressionElement  - Operator Multiply not found.
2803 [main] DEBUG fr.expression4j.basic.impl.BinaryOperatorExpressionElement  - Operator Multiply not found.
2803 [main] DEBUG fr.expression4j.basic.impl.BinaryOperatorExpressionElement  - Operator Multiply not found.
2803 [main] DEBUG fr.expression4j.basic.impl.BinaryOperatorExpressionElement  - In checkOperator.
2803 [main] DEBUG fr.expression4j.basic.impl.BinaryOperatorExpressionElement  - In checkOperator.
2803 [main] DEBUG fr.expression4j.basic.impl.BinaryOperatorExpressionElement  - In checkOperator.
2803 [main] DEBUG fr.expression4j.basic.impl.BinaryOperatorExpressionElement  - In checkOperator.
2803 [main] DEBUG fr.expression4j.basic.impl.BinaryOperatorExpressionElement  - In checkOperator.
2804 [main] DEBUG fr.expression4j.basic.impl.BinaryOperatorExpressionElement  - Operator Divide not found.
2804 [main] DEBUG fr.expression4j.basic.impl.BinaryOperatorExpressionElement  - Operator Divide not found.
2804 [main] DEBUG fr.expression4j.basic.impl.BinaryOperatorExpressionElement  - Operator Divide not found.
2804 [main] DEBUG fr.expression4j.basic.impl.BinaryOperatorExpressionElement  - Operator Divide not found.
2804 [main] DEBUG fr.expression4j.basic.impl.BinaryOperatorExpressionElement  - Operator Divide not found.
2804 [main] DEBUG fr.expression4j.basic.impl.BinaryOperatorExpressionElement  - No operator found.
2804 [main] DEBUG fr.expression4j.basic.impl.BinaryOperatorExpressionElement  - No operator found.
2804 [main] DEBUG fr.expression4j.basic.impl.BinaryOperatorExpressionElement  - No operator found.
2804 [main] DEBUG fr.expression4j.basic.impl.BinaryOperatorExpressionElement  - No operator found.
2804 [main] DEBUG fr.expression4j.basic.impl.BinaryOperatorExpressionElement  - No operator found.
2804 [main] DEBUG fr.expression4j.basic.impl.BinaryOperatorExpressionElement  - In parseElement.
2804 [main] DEBUG fr.expression4j.basic.impl.BinaryOperatorExpressionElement  - In parseElement.
2804 [main] DEBUG fr.expression4j.basic.impl.BinaryOperatorExpressionElement  - In parseElement.
2804 [main] DEBUG fr.expression4j.basic.impl.BinaryOperatorExpressionElement  - In parseElement.
2804 [main] DEBUG fr.expression4j.basic.impl.BinaryOperatorExpressionElement  - In parseElement.
2804 [main] DEBUG fr.expression4j.basic.impl.BinaryOperatorExpressionElement  - Current end position: 13
2804 [main] DEBUG fr.expression4j.basic.impl.BinaryOperatorExpressionElement  - Current end position: 13
2804 [main] DEBUG fr.expression4j.basic.impl.BinaryOperatorExpressionElement  - Current end position: 13
2804 [main] DEBUG fr.expression4j.basic.impl.BinaryOperatorExpressionElement  - Current end position: 13
2804 [main] DEBUG fr.expression4j.basic.impl.BinaryOperatorExpressionElement  - Current end position: 13
2804 [main] DEBUG fr.expression4j.basic.impl.BinaryOperatorExpressionElement  - In checkOperator.
2804 [main] DEBUG fr.expression4j.basic.impl.BinaryOperatorExpressionElement  - In checkOperator.
2804 [main] DEBUG fr.expression4j.basic.impl.BinaryOperatorExpressionElement  - In checkOperator.
2804 [main] DEBUG fr.expression4j.basic.impl.BinaryOperatorExpressionElement  - In checkOperator.
2804 [main] DEBUG fr.expression4j.basic.impl.BinaryOperatorExpressionElement  - In checkOperator.
2804 [main] DEBUG fr.expression4j.basic.impl.BinaryOperatorExpressionElement  - Operator Plus not found.
2804 [main] DEBUG fr.expression4j.basic.impl.BinaryOperatorExpressionElement  - Operator Plus not found.
2804 [main] DEBUG fr.expression4j.basic.impl.BinaryOperatorExpressionElement  - Operator Plus not found.
2804 [main] DEBUG fr.expression4j.basic.impl.BinaryOperatorExpressionElement  - Operator Plus not found.
2804 [main] DEBUG fr.expression4j.basic.impl.BinaryOperatorExpressionElement  - Operator Plus not found.
2804 [main] DEBUG fr.expression4j.basic.impl.BinaryOperatorExpressionElement  - In checkOperator.
2804 [main] DEBUG fr.expression4j.basic.impl.BinaryOperatorExpressionElement  - In checkOperator.
2804 [main] DEBUG fr.expression4j.basic.impl.BinaryOperatorExpressionElement  - In checkOperator.
2804 [main] DEBUG fr.expression4j.basic.impl.BinaryOperatorExpressionElement  - In checkOperator.
2804 [main] DEBUG fr.expression4j.basic.impl.BinaryOperatorExpressionElement  - In checkOperator.
2804 [main] DEBUG fr.expression4j.basic.impl.BinaryOperatorExpressionElement  - Operator Minus not found.
2804 [main] DEBUG fr.expression4j.basic.impl.BinaryOperatorExpressionElement  - Operator Minus not found.
2804 [main] DEBUG fr.expression4j.basic.impl.BinaryOperatorExpressionElement  - Operator Minus not found.
2804 [main] DEBUG fr.expression4j.basic.impl.BinaryOperatorExpressionElement  - Operator Minus not found.
2804 [main] DEBUG fr.expression4j.basic.impl.BinaryOperatorExpressionElement  - Operator Minus not found.
2804 [main] DEBUG fr.expression4j.basic.impl.BinaryOperatorExpressionElement  - No operator found.
2804 [main] DEBUG fr.expression4j.basic.impl.BinaryOperatorExpressionElement  - No operator found.
2804 [main] DEBUG fr.expression4j.basic.impl.BinaryOperatorExpressionElement  - No operator found.
2804 [main] DEBUG fr.expression4j.basic.impl.BinaryOperatorExpressionElement  - No operator found.
2804 [main] DEBUG fr.expression4j.basic.impl.BinaryOperatorExpressionElement  - No operator found.
2804 [main] DEBUG fr.expression4j.basic.impl.ComplexOrRealExpressionElement  - In parseElement
2804 [main] DEBUG fr.expression4j.basic.impl.ComplexOrRealExpressionElement  - In parseElement
2804 [main] DEBUG fr.expression4j.basic.impl.ComplexOrRealExpressionElement  - In parseElement
2804 [main] DEBUG fr.expression4j.basic.impl.ComplexOrRealExpressionElement  - In parseElement
2804 [main] DEBUG fr.expression4j.basic.impl.ComplexOrRealExpressionElement  - In parseElement
2804 [main] DEBUG fr.expression4j.basic.impl.ComplexOrRealExpressionElement  - start position: 6
2804 [main] DEBUG fr.expression4j.basic.impl.ComplexOrRealExpressionElement  - start position: 6
2804 [main] DEBUG fr.expression4j.basic.impl.ComplexOrRealExpressionElement  - start position: 6
2804 [main] DEBUG fr.expression4j.basic.impl.ComplexOrRealExpressionElement  - start position: 6
2804 [main] DEBUG fr.expression4j.basic.impl.ComplexOrRealExpressionElement  - start position: 6
2806 [main] DEBUG fr.expression4j.basic.impl.ComplexOrRealExpressionElement  - In parseElement
2806 [main] DEBUG fr.expression4j.basic.impl.ComplexOrRealExpressionElement  - In parseElement
2806 [main] DEBUG fr.expression4j.basic.impl.ComplexOrRealExpressionElement  - In parseElement
2806 [main] DEBUG fr.expression4j.basic.impl.ComplexOrRealExpressionElement  - In parseElement
2806 [main] DEBUG fr.expression4j.basic.impl.ComplexOrRealExpressionElement  - In parseElement
2806 [main] DEBUG fr.expression4j.basic.impl.ComplexOrRealExpressionElement  - start position: 0
2806 [main] DEBUG fr.expression4j.basic.impl.ComplexOrRealExpressionElement  - start position: 0
2806 [main] DEBUG fr.expression4j.basic.impl.ComplexOrRealExpressionElement  - start position: 0
2806 [main] DEBUG fr.expression4j.basic.impl.ComplexOrRealExpressionElement  - start position: 0
2806 [main] DEBUG fr.expression4j.basic.impl.ComplexOrRealExpressionElement  - start position: 0
2806 [main] DEBUG fr.expression4j.basic.impl.BinaryOperatorExpressionElement  - In parseElement.
2806 [main] DEBUG fr.expression4j.basic.impl.BinaryOperatorExpressionElement  - In parseElement.
2806 [main] DEBUG fr.expression4j.basic.impl.BinaryOperatorExpressionElement  - In parseElement.
2806 [main] DEBUG fr.expression4j.basic.impl.BinaryOperatorExpressionElement  - In parseElement.
2806 [main] DEBUG fr.expression4j.basic.impl.BinaryOperatorExpressionElement  - In parseElement.
2806 [main] DEBUG fr.expression4j.basic.impl.BinaryOperatorExpressionElement  - Current end position: 1
2806 [main] DEBUG fr.expression4j.basic.impl.BinaryOperatorExpressionElement  - Current end position: 1
2806 [main] DEBUG fr.expression4j.basic.impl.BinaryOperatorExpressionElement  - Current end position: 1
2806 [main] DEBUG fr.expression4j.basic.impl.BinaryOperatorExpressionElement  - Current end position: 1
2806 [main] DEBUG fr.expression4j.basic.impl.BinaryOperatorExpressionElement  - Current end position: 1
2806 [main] DEBUG fr.expression4j.basic.impl.BinaryOperatorExpressionElement  - In checkOperator.
2806 [main] DEBUG fr.expression4j.basic.impl.BinaryOperatorExpressionElement  - In checkOperator.
2806 [main] DEBUG fr.expression4j.basic.impl.BinaryOperatorExpressionElement  - In checkOperator.
2806 [main] DEBUG fr.expression4j.basic.impl.BinaryOperatorExpressionElement  - In checkOperator.
2806 [main] DEBUG fr.expression4j.basic.impl.BinaryOperatorExpressionElement  - In checkOperator.
2806 [main] DEBUG fr.expression4j.basic.impl.BinaryOperatorExpressionElement  - Operator Pow not found.
2806 [main] DEBUG fr.expression4j.basic.impl.BinaryOperatorExpressionElement  - Operator Pow not found.
2806 [main] DEBUG fr.expression4j.basic.impl.BinaryOperatorExpressionElement  - Operator Pow not found.
2806 [main] DEBUG fr.expression4j.basic.impl.BinaryOperatorExpressionElement  - Operator Pow not found.
2806 [main] DEBUG fr.expression4j.basic.impl.BinaryOperatorExpressionElement  - Operator Pow not found.
2806 [main] DEBUG fr.expression4j.basic.impl.BinaryOperatorExpressionElement  - No operator found.
2806 [main] DEBUG fr.expression4j.basic.impl.BinaryOperatorExpressionElement  - No operator found.
2806 [main] DEBUG fr.expression4j.basic.impl.BinaryOperatorExpressionElement  - No operator found.
2806 [main] DEBUG fr.expression4j.basic.impl.BinaryOperatorExpressionElement  - No operator found.
2806 [main] DEBUG fr.expression4j.basic.impl.BinaryOperatorExpressionElement  - No operator found.
2806 [main] DEBUG fr.expression4j.basic.impl.BinaryOperatorExpressionElement  - In parseElement.
2806 [main] DEBUG fr.expression4j.basic.impl.BinaryOperatorExpressionElement  - In parseElement.
2806 [main] DEBUG fr.expression4j.basic.impl.BinaryOperatorExpressionElement  - In parseElement.
2806 [main] DEBUG fr.expression4j.basic.impl.BinaryOperatorExpressionElement  - In parseElement.
2806 [main] DEBUG fr.expression4j.basic.impl.BinaryOperatorExpressionElement  - In parseElement.
2806 [main] DEBUG fr.expression4j.basic.impl.BinaryOperatorExpressionElement  - Current end position: 1
2806 [main] DEBUG fr.expression4j.basic.impl.BinaryOperatorExpressionElement  - Current end position: 1
2806 [main] DEBUG fr.expression4j.basic.impl.BinaryOperatorExpressionElement  - Current end position: 1
2806 [main] DEBUG fr.expression4j.basic.impl.BinaryOperatorExpressionElement  - Current end position: 1
2806 [main] DEBUG fr.expression4j.basic.impl.BinaryOperatorExpressionElement  - Current end position: 1
2806 [main] DEBUG fr.expression4j.basic.impl.BinaryOperatorExpressionElement  - In checkOperator.
2806 [main] DEBUG fr.expression4j.basic.impl.BinaryOperatorExpressionElement  - In checkOperator.
2806 [main] DEBUG fr.expression4j.basic.impl.BinaryOperatorExpressionElement  - In checkOperator.
2806 [main] DEBUG fr.expression4j.basic.impl.BinaryOperatorExpressionElement  - In checkOperator.
2806 [main] DEBUG fr.expression4j.basic.impl.BinaryOperatorExpressionElement  - In checkOperator.
2806 [main] DEBUG fr.expression4j.basic.impl.BinaryOperatorExpressionElement  - Operator Multiply not found.
2806 [main] DEBUG fr.expression4j.basic.impl.BinaryOperatorExpressionElement  - Operator Multiply not found.
2806 [main] DEBUG fr.expression4j.basic.impl.BinaryOperatorExpressionElement  - Operator Multiply not found.
2806 [main] DEBUG fr.expression4j.basic.impl.BinaryOperatorExpressionElement  - Operator Multiply not found.
2806 [main] DEBUG fr.expression4j.basic.impl.BinaryOperatorExpressionElement  - Operator Multiply not found.
2806 [main] DEBUG fr.expression4j.basic.impl.BinaryOperatorExpressionElement  - In checkOperator.
2806 [main] DEBUG fr.expression4j.basic.impl.BinaryOperatorExpressionElement  - In checkOperator.
2806 [main] DEBUG fr.expression4j.basic.impl.BinaryOperatorExpressionElement  - In checkOperator.
2806 [main] DEBUG fr.expression4j.basic.impl.BinaryOperatorExpressionElement  - In checkOperator.
2806 [main] DEBUG fr.expression4j.basic.impl.BinaryOperatorExpressionElement  - In checkOperator.
2807 [main] DEBUG fr.expression4j.basic.impl.BinaryOperatorExpressionElement  - Operator Divide not found.
2807 [main] DEBUG fr.expression4j.basic.impl.BinaryOperatorExpressionElement  - Operator Divide not found.
2807 [main] DEBUG fr.expression4j.basic.impl.BinaryOperatorExpressionElement  - Operator Divide not found.
2807 [main] DEBUG fr.expression4j.basic.impl.BinaryOperatorExpressionElement  - Operator Divide not found.
2807 [main] DEBUG fr.expression4j.basic.impl.BinaryOperatorExpressionElement  - Operator Divide not found.
2807 [main] DEBUG fr.expression4j.basic.impl.BinaryOperatorExpressionElement  - No operator found.
2807 [main] DEBUG fr.expression4j.basic.impl.BinaryOperatorExpressionElement  - No operator found.
2807 [main] DEBUG fr.expression4j.basic.impl.BinaryOperatorExpressionElement  - No operator found.
2807 [main] DEBUG fr.expression4j.basic.impl.BinaryOperatorExpressionElement  - No operator found.
2807 [main] DEBUG fr.expression4j.basic.impl.BinaryOperatorExpressionElement  - No operator found.
2807 [main] DEBUG fr.expression4j.basic.impl.BinaryOperatorExpressionElement  - In parseElement.
2807 [main] DEBUG fr.expression4j.basic.impl.BinaryOperatorExpressionElement  - In parseElement.
2807 [main] DEBUG fr.expression4j.basic.impl.BinaryOperatorExpressionElement  - In parseElement.
2807 [main] DEBUG fr.expression4j.basic.impl.BinaryOperatorExpressionElement  - In parseElement.
2807 [main] DEBUG fr.expression4j.basic.impl.BinaryOperatorExpressionElement  - In parseElement.
2807 [main] DEBUG fr.expression4j.basic.impl.BinaryOperatorExpressionElement  - Current end position: 1
2807 [main] DEBUG fr.expression4j.basic.impl.BinaryOperatorExpressionElement  - Current end position: 1
2807 [main] DEBUG fr.expression4j.basic.impl.BinaryOperatorExpressionElement  - Current end position: 1
2807 [main] DEBUG fr.expression4j.basic.impl.BinaryOperatorExpressionElement  - Current end position: 1
2807 [main] DEBUG fr.expression4j.basic.impl.BinaryOperatorExpressionElement  - Current end position: 1
2807 [main] DEBUG fr.expression4j.basic.impl.BinaryOperatorExpressionElement  - In checkOperator.
2807 [main] DEBUG fr.expression4j.basic.impl.BinaryOperatorExpressionElement  - In checkOperator.
2807 [main] DEBUG fr.expression4j.basic.impl.BinaryOperatorExpressionElement  - In checkOperator.
2807 [main] DEBUG fr.expression4j.basic.impl.BinaryOperatorExpressionElement  - In checkOperator.
2807 [main] DEBUG fr.expression4j.basic.impl.BinaryOperatorExpressionElement  - In checkOperator.
2807 [main] DEBUG fr.expression4j.basic.impl.BinaryOperatorExpressionElement  - Operator Plus found.
2807 [main] DEBUG fr.expression4j.basic.impl.BinaryOperatorExpressionElement  - Operator Plus found.
2807 [main] DEBUG fr.expression4j.basic.impl.BinaryOperatorExpressionElement  - Operator Plus found.
2807 [main] DEBUG fr.expression4j.basic.impl.BinaryOperatorExpressionElement  - Operator Plus found.
2807 [main] DEBUG fr.expression4j.basic.impl.BinaryOperatorExpressionElement  - Operator Plus found.
2807 [main] DEBUG fr.expression4j.basic.impl.BinaryOperatorExpressionElement  - Found operator Plus
2807 [main] DEBUG fr.expression4j.basic.impl.BinaryOperatorExpressionElement  - Found operator Plus
2807 [main] DEBUG fr.expression4j.basic.impl.BinaryOperatorExpressionElement  - Found operator Plus
2807 [main] DEBUG fr.expression4j.basic.impl.BinaryOperatorExpressionElement  - Found operator Plus
2807 [main] DEBUG fr.expression4j.basic.impl.BinaryOperatorExpressionElement  - Found operator Plus
2807 [main] DEBUG fr.expression4j.basic.impl.ComplexOrRealExpressionElement  - In parseElement
2807 [main] DEBUG fr.expression4j.basic.impl.ComplexOrRealExpressionElement  - In parseElement
2807 [main] DEBUG fr.expression4j.basic.impl.ComplexOrRealExpressionElement  - In parseElement
2807 [main] DEBUG fr.expression4j.basic.impl.ComplexOrRealExpressionElement  - In parseElement
2807 [main] DEBUG fr.expression4j.basic.impl.ComplexOrRealExpressionElement  - In parseElement
2807 [main] DEBUG fr.expression4j.basic.impl.ComplexOrRealExpressionElement  - start position: 2
2807 [main] DEBUG fr.expression4j.basic.impl.ComplexOrRealExpressionElement  - start position: 2
2807 [main] DEBUG fr.expression4j.basic.impl.ComplexOrRealExpressionElement  - start position: 2
2807 [main] DEBUG fr.expression4j.basic.impl.ComplexOrRealExpressionElement  - start position: 2
2807 [main] DEBUG fr.expression4j.basic.impl.ComplexOrRealExpressionElement  - start position: 2
2807 [main] DEBUG fr.expression4j.basic.impl.ComplexOrRealExpressionElement  - In parseElement
2807 [main] DEBUG fr.expression4j.basic.impl.ComplexOrRealExpressionElement  - In parseElement
2807 [main] DEBUG fr.expression4j.basic.impl.ComplexOrRealExpressionElement  - In parseElement
2807 [main] DEBUG fr.expression4j.basic.impl.ComplexOrRealExpressionElement  - In parseElement
2807 [main] DEBUG fr.expression4j.basic.impl.ComplexOrRealExpressionElement  - In parseElement
2807 [main] DEBUG fr.expression4j.basic.impl.ComplexOrRealExpressionElement  - start position: 0
2807 [main] DEBUG fr.expression4j.basic.impl.ComplexOrRealExpressionElement  - start position: 0
2807 [main] DEBUG fr.expression4j.basic.impl.ComplexOrRealExpressionElement  - start position: 0
2807 [main] DEBUG fr.expression4j.basic.impl.ComplexOrRealExpressionElement  - start position: 0
2807 [main] DEBUG fr.expression4j.basic.impl.ComplexOrRealExpressionElement  - start position: 0
2808 [main] DEBUG fr.expression4j.basic.impl.BinaryOperatorExpressionElement  - In parseElement.
2808 [main] DEBUG fr.expression4j.basic.impl.BinaryOperatorExpressionElement  - In parseElement.
2808 [main] DEBUG fr.expression4j.basic.impl.BinaryOperatorExpressionElement  - In parseElement.
2808 [main] DEBUG fr.expression4j.basic.impl.BinaryOperatorExpressionElement  - In parseElement.
2808 [main] DEBUG fr.expression4j.basic.impl.BinaryOperatorExpressionElement  - In parseElement.
2808 [main] DEBUG fr.expression4j.basic.impl.BinaryOperatorExpressionElement  - Current end position: 1
2808 [main] DEBUG fr.expression4j.basic.impl.BinaryOperatorExpressionElement  - Current end position: 1
2808 [main] DEBUG fr.expression4j.basic.impl.BinaryOperatorExpressionElement  - Current end position: 1
2808 [main] DEBUG fr.expression4j.basic.impl.BinaryOperatorExpressionElement  - Current end position: 1
2808 [main] DEBUG fr.expression4j.basic.impl.BinaryOperatorExpressionElement  - Current end position: 1
2808 [main] DEBUG fr.expression4j.basic.impl.BinaryOperatorExpressionElement  - In checkOperator.
2808 [main] DEBUG fr.expression4j.basic.impl.BinaryOperatorExpressionElement  - In checkOperator.
2808 [main] DEBUG fr.expression4j.basic.impl.BinaryOperatorExpressionElement  - In checkOperator.
2808 [main] DEBUG fr.expression4j.basic.impl.BinaryOperatorExpressionElement  - In checkOperator.
2808 [main] DEBUG fr.expression4j.basic.impl.BinaryOperatorExpressionElement  - In checkOperator.
2808 [main] DEBUG fr.expression4j.basic.impl.BinaryOperatorExpressionElement  - Operator Pow not found.
2808 [main] DEBUG fr.expression4j.basic.impl.BinaryOperatorExpressionElement  - Operator Pow not found.
2808 [main] DEBUG fr.expression4j.basic.impl.BinaryOperatorExpressionElement  - Operator Pow not found.
2808 [main] DEBUG fr.expression4j.basic.impl.BinaryOperatorExpressionElement  - Operator Pow not found.
2808 [main] DEBUG fr.expression4j.basic.impl.BinaryOperatorExpressionElement  - Operator Pow not found.
2808 [main] DEBUG fr.expression4j.basic.impl.BinaryOperatorExpressionElement  - No operator found.
2808 [main] DEBUG fr.expression4j.basic.impl.BinaryOperatorExpressionElement  - No operator found.
2808 [main] DEBUG fr.expression4j.basic.impl.BinaryOperatorExpressionElement  - No operator found.
2808 [main] DEBUG fr.expression4j.basic.impl.BinaryOperatorExpressionElement  - No operator found.
2808 [main] DEBUG fr.expression4j.basic.impl.BinaryOperatorExpressionElement  - No operator found.
2808 [main] DEBUG fr.expression4j.basic.impl.BinaryOperatorExpressionElement  - In parseElement.
2808 [main] DEBUG fr.expression4j.basic.impl.BinaryOperatorExpressionElement  - In parseElement.
2808 [main] DEBUG fr.expression4j.basic.impl.BinaryOperatorExpressionElement  - In parseElement.
2808 [main] DEBUG fr.expression4j.basic.impl.BinaryOperatorExpressionElement  - In parseElement.
2808 [main] DEBUG fr.expression4j.basic.impl.BinaryOperatorExpressionElement  - In parseElement.
2808 [main] DEBUG fr.expression4j.basic.impl.BinaryOperatorExpressionElement  - Current end position: 1
2808 [main] DEBUG fr.expression4j.basic.impl.BinaryOperatorExpressionElement  - Current end position: 1
2808 [main] DEBUG fr.expression4j.basic.impl.BinaryOperatorExpressionElement  - Current end position: 1
2808 [main] DEBUG fr.expression4j.basic.impl.BinaryOperatorExpressionElement  - Current end position: 1
2808 [main] DEBUG fr.expression4j.basic.impl.BinaryOperatorExpressionElement  - Current end position: 1
2808 [main] DEBUG fr.expression4j.basic.impl.BinaryOperatorExpressionElement  - In checkOperator.
2808 [main] DEBUG fr.expression4j.basic.impl.BinaryOperatorExpressionElement  - In checkOperator.
2808 [main] DEBUG fr.expression4j.basic.impl.BinaryOperatorExpressionElement  - In checkOperator.
2808 [main] DEBUG fr.expression4j.basic.impl.BinaryOperatorExpressionElement  - In checkOperator.
2808 [main] DEBUG fr.expression4j.basic.impl.BinaryOperatorExpressionElement  - In checkOperator.
2808 [main] DEBUG fr.expression4j.basic.impl.BinaryOperatorExpressionElement  - Operator Multiply not found.
2808 [main] DEBUG fr.expression4j.basic.impl.BinaryOperatorExpressionElement  - Operator Multiply not found.
2808 [main] DEBUG fr.expression4j.basic.impl.BinaryOperatorExpressionElement  - Operator Multiply not found.
2808 [main] DEBUG fr.expression4j.basic.impl.BinaryOperatorExpressionElement  - Operator Multiply not found.
2808 [main] DEBUG fr.expression4j.basic.impl.BinaryOperatorExpressionElement  - Operator Multiply not found.
2808 [main] DEBUG fr.expression4j.basic.impl.BinaryOperatorExpressionElement  - In checkOperator.
2808 [main] DEBUG fr.expression4j.basic.impl.BinaryOperatorExpressionElement  - In checkOperator.
2808 [main] DEBUG fr.expression4j.basic.impl.BinaryOperatorExpressionElement  - In checkOperator.
2808 [main] DEBUG fr.expression4j.basic.impl.BinaryOperatorExpressionElement  - In checkOperator.
2808 [main] DEBUG fr.expression4j.basic.impl.BinaryOperatorExpressionElement  - In checkOperator.
2808 [main] DEBUG fr.expression4j.basic.impl.BinaryOperatorExpressionElement  - Operator Divide not found.
2808 [main] DEBUG fr.expression4j.basic.impl.BinaryOperatorExpressionElement  - Operator Divide not found.
2808 [main] DEBUG fr.expression4j.basic.impl.BinaryOperatorExpressionElement  - Operator Divide not found.
2808 [main] DEBUG fr.expression4j.basic.impl.BinaryOperatorExpressionElement  - Operator Divide not found.
2808 [main] DEBUG fr.expression4j.basic.impl.BinaryOperatorExpressionElement  - Operator Divide not found.
2808 [main] DEBUG fr.expression4j.basic.impl.BinaryOperatorExpressionElement  - No operator found.
2808 [main] DEBUG fr.expression4j.basic.impl.BinaryOperatorExpressionElement  - No operator found.
2808 [main] DEBUG fr.expression4j.basic.impl.BinaryOperatorExpressionElement  - No operator found.
2808 [main] DEBUG fr.expression4j.basic.impl.BinaryOperatorExpressionElement  - No operator found.
2808 [main] DEBUG fr.expression4j.basic.impl.BinaryOperatorExpressionElement  - No operator found.
2808 [main] DEBUG fr.expression4j.basic.impl.BinaryOperatorExpressionElement  - In parseElement.
2808 [main] DEBUG fr.expression4j.basic.impl.BinaryOperatorExpressionElement  - In parseElement.
2808 [main] DEBUG fr.expression4j.basic.impl.BinaryOperatorExpressionElement  - In parseElement.
2808 [main] DEBUG fr.expression4j.basic.impl.BinaryOperatorExpressionElement  - In parseElement.
2808 [main] DEBUG fr.expression4j.basic.impl.BinaryOperatorExpressionElement  - In parseElement.
2809 [main] DEBUG fr.expression4j.basic.impl.BinaryOperatorExpressionElement  - Current end position: 1
2809 [main] DEBUG fr.expression4j.basic.impl.BinaryOperatorExpressionElement  - Current end position: 1
2809 [main] DEBUG fr.expression4j.basic.impl.BinaryOperatorExpressionElement  - Current end position: 1
2809 [main] DEBUG fr.expression4j.basic.impl.BinaryOperatorExpressionElement  - Current end position: 1
2809 [main] DEBUG fr.expression4j.basic.impl.BinaryOperatorExpressionElement  - Current end position: 1
2809 [main] DEBUG fr.expression4j.basic.impl.BinaryOperatorExpressionElement  - In checkOperator.
2809 [main] DEBUG fr.expression4j.basic.impl.BinaryOperatorExpressionElement  - In checkOperator.
2809 [main] DEBUG fr.expression4j.basic.impl.BinaryOperatorExpressionElement  - In checkOperator.
2809 [main] DEBUG fr.expression4j.basic.impl.BinaryOperatorExpressionElement  - In checkOperator.
2809 [main] DEBUG fr.expression4j.basic.impl.BinaryOperatorExpressionElement  - In checkOperator.
2809 [main] DEBUG fr.expression4j.basic.impl.BinaryOperatorExpressionElement  - Operator Plus found.
2809 [main] DEBUG fr.expression4j.basic.impl.BinaryOperatorExpressionElement  - Operator Plus found.
2809 [main] DEBUG fr.expression4j.basic.impl.BinaryOperatorExpressionElement  - Operator Plus found.
2809 [main] DEBUG fr.expression4j.basic.impl.BinaryOperatorExpressionElement  - Operator Plus found.
2809 [main] DEBUG fr.expression4j.basic.impl.BinaryOperatorExpressionElement  - Operator Plus found.
2809 [main] DEBUG fr.expression4j.basic.impl.BinaryOperatorExpressionElement  - Found operator Plus
2809 [main] DEBUG fr.expression4j.basic.impl.BinaryOperatorExpressionElement  - Found operator Plus
2809 [main] DEBUG fr.expression4j.basic.impl.BinaryOperatorExpressionElement  - Found operator Plus
2809 [main] DEBUG fr.expression4j.basic.impl.BinaryOperatorExpressionElement  - Found operator Plus
2809 [main] DEBUG fr.expression4j.basic.impl.BinaryOperatorExpressionElement  - Found operator Plus
2809 [main] DEBUG fr.expression4j.basic.impl.ComplexOrRealExpressionElement  - In parseElement
2809 [main] DEBUG fr.expression4j.basic.impl.ComplexOrRealExpressionElement  - In parseElement
2809 [main] DEBUG fr.expression4j.basic.impl.ComplexOrRealExpressionElement  - In parseElement
2809 [main] DEBUG fr.expression4j.basic.impl.ComplexOrRealExpressionElement  - In parseElement
2809 [main] DEBUG fr.expression4j.basic.impl.ComplexOrRealExpressionElement  - In parseElement
2809 [main] DEBUG fr.expression4j.basic.impl.ComplexOrRealExpressionElement  - start position: 2
2809 [main] DEBUG fr.expression4j.basic.impl.ComplexOrRealExpressionElement  - start position: 2
2809 [main] DEBUG fr.expression4j.basic.impl.ComplexOrRealExpressionElement  - start position: 2
2809 [main] DEBUG fr.expression4j.basic.impl.ComplexOrRealExpressionElement  - start position: 2
2809 [main] DEBUG fr.expression4j.basic.impl.ComplexOrRealExpressionElement  - start position: 2
2809 [main] DEBUG fr.expression4j.basic.impl.BinaryOperatorExpressionElement  - In parseElement.
2809 [main] DEBUG fr.expression4j.basic.impl.BinaryOperatorExpressionElement  - In parseElement.
2809 [main] DEBUG fr.expression4j.basic.impl.BinaryOperatorExpressionElement  - In parseElement.
2809 [main] DEBUG fr.expression4j.basic.impl.BinaryOperatorExpressionElement  - In parseElement.
2809 [main] DEBUG fr.expression4j.basic.impl.BinaryOperatorExpressionElement  - In parseElement.
2809 [main] DEBUG fr.expression4j.basic.impl.BinaryOperatorExpressionElement  - Current end position: 3
2809 [main] DEBUG fr.expression4j.basic.impl.BinaryOperatorExpressionElement  - Current end position: 3
2809 [main] DEBUG fr.expression4j.basic.impl.BinaryOperatorExpressionElement  - Current end position: 3
2809 [main] DEBUG fr.expression4j.basic.impl.BinaryOperatorExpressionElement  - Current end position: 3
2809 [main] DEBUG fr.expression4j.basic.impl.BinaryOperatorExpressionElement  - Current end position: 3
2809 [main] DEBUG fr.expression4j.basic.impl.BinaryOperatorExpressionElement  - In checkOperator.
2809 [main] DEBUG fr.expression4j.basic.impl.BinaryOperatorExpressionElement  - In checkOperator.
2809 [main] DEBUG fr.expression4j.basic.impl.BinaryOperatorExpressionElement  - In checkOperator.
2809 [main] DEBUG fr.expression4j.basic.impl.BinaryOperatorExpressionElement  - In checkOperator.
2809 [main] DEBUG fr.expression4j.basic.impl.BinaryOperatorExpressionElement  - In checkOperator.
2809 [main] DEBUG fr.expression4j.basic.impl.BinaryOperatorExpressionElement  - Operator Pow not found.
2809 [main] DEBUG fr.expression4j.basic.impl.BinaryOperatorExpressionElement  - Operator Pow not found.
2809 [main] DEBUG fr.expression4j.basic.impl.BinaryOperatorExpressionElement  - Operator Pow not found.
2809 [main] DEBUG fr.expression4j.basic.impl.BinaryOperatorExpressionElement  - Operator Pow not found.
2809 [main] DEBUG fr.expression4j.basic.impl.BinaryOperatorExpressionElement  - Operator Pow not found.
2809 [main] DEBUG fr.expression4j.basic.impl.BinaryOperatorExpressionElement  - No operator found.
2809 [main] DEBUG fr.expression4j.basic.impl.BinaryOperatorExpressionElement  - No operator found.
2809 [main] DEBUG fr.expression4j.basic.impl.BinaryOperatorExpressionElement  - No operator found.
2809 [main] DEBUG fr.expression4j.basic.impl.BinaryOperatorExpressionElement  - No operator found.
2809 [main] DEBUG fr.expression4j.basic.impl.BinaryOperatorExpressionElement  - No operator found.
2809 [main] DEBUG fr.expression4j.basic.impl.BinaryOperatorExpressionElement  - In parseElement.
2809 [main] DEBUG fr.expression4j.basic.impl.BinaryOperatorExpressionElement  - In parseElement.
2809 [main] DEBUG fr.expression4j.basic.impl.BinaryOperatorExpressionElement  - In parseElement.
2809 [main] DEBUG fr.expression4j.basic.impl.BinaryOperatorExpressionElement  - In parseElement.
2809 [main] DEBUG fr.expression4j.basic.impl.BinaryOperatorExpressionElement  - In parseElement.
2810 [main] DEBUG fr.expression4j.basic.impl.BinaryOperatorExpressionElement  - Current end position: 3
2810 [main] DEBUG fr.expression4j.basic.impl.BinaryOperatorExpressionElement  - Current end position: 3
2810 [main] DEBUG fr.expression4j.basic.impl.BinaryOperatorExpressionElement  - Current end position: 3
2810 [main] DEBUG fr.expression4j.basic.impl.BinaryOperatorExpressionElement  - Current end position: 3
2810 [main] DEBUG fr.expression4j.basic.impl.BinaryOperatorExpressionElement  - Current end position: 3
2810 [main] DEBUG fr.expression4j.basic.impl.BinaryOperatorExpressionElement  - In checkOperator.
2810 [main] DEBUG fr.expression4j.basic.impl.BinaryOperatorExpressionElement  - In checkOperator.
2810 [main] DEBUG fr.expression4j.basic.impl.BinaryOperatorExpressionElement  - In checkOperator.
2810 [main] DEBUG fr.expression4j.basic.impl.BinaryOperatorExpressionElement  - In checkOperator.
2810 [main] DEBUG fr.expression4j.basic.impl.BinaryOperatorExpressionElement  - In checkOperator.
2810 [main] DEBUG fr.expression4j.basic.impl.BinaryOperatorExpressionElement  - Operator Multiply not found.
2810 [main] DEBUG fr.expression4j.basic.impl.BinaryOperatorExpressionElement  - Operator Multiply not found.
2810 [main] DEBUG fr.expression4j.basic.impl.BinaryOperatorExpressionElement  - Operator Multiply not found.
2810 [main] DEBUG fr.expression4j.basic.impl.BinaryOperatorExpressionElement  - Operator Multiply not found.
2810 [main] DEBUG fr.expression4j.basic.impl.BinaryOperatorExpressionElement  - Operator Multiply not found.
2810 [main] DEBUG fr.expression4j.basic.impl.BinaryOperatorExpressionElement  - In checkOperator.
2810 [main] DEBUG fr.expression4j.basic.impl.BinaryOperatorExpressionElement  - In checkOperator.
2810 [main] DEBUG fr.expression4j.basic.impl.BinaryOperatorExpressionElement  - In checkOperator.
2810 [main] DEBUG fr.expression4j.basic.impl.BinaryOperatorExpressionElement  - In checkOperator.
2810 [main] DEBUG fr.expression4j.basic.impl.BinaryOperatorExpressionElement  - In checkOperator.
2810 [main] DEBUG fr.expression4j.basic.impl.BinaryOperatorExpressionElement  - Operator Divide not found.
2810 [main] DEBUG fr.expression4j.basic.impl.BinaryOperatorExpressionElement  - Operator Divide not found.
2810 [main] DEBUG fr.expression4j.basic.impl.BinaryOperatorExpressionElement  - Operator Divide not found.
2810 [main] DEBUG fr.expression4j.basic.impl.BinaryOperatorExpressionElement  - Operator Divide not found.
2810 [main] DEBUG fr.expression4j.basic.impl.BinaryOperatorExpressionElement  - Operator Divide not found.
2811 [main] DEBUG fr.expression4j.basic.impl.BinaryOperatorExpressionElement  - No operator found.
2811 [main] DEBUG fr.expression4j.basic.impl.BinaryOperatorExpressionElement  - No operator found.
2811 [main] DEBUG fr.expression4j.basic.impl.BinaryOperatorExpressionElement  - No operator found.
2811 [main] DEBUG fr.expression4j.basic.impl.BinaryOperatorExpressionElement  - No operator found.
2811 [main] DEBUG fr.expression4j.basic.impl.BinaryOperatorExpressionElement  - No operator found.
2811 [main] DEBUG fr.expression4j.basic.impl.BinaryOperatorExpressionElement  - In parseElement.
2811 [main] DEBUG fr.expression4j.basic.impl.BinaryOperatorExpressionElement  - In parseElement.
2811 [main] DEBUG fr.expression4j.basic.impl.BinaryOperatorExpressionElement  - In parseElement.
2811 [main] DEBUG fr.expression4j.basic.impl.BinaryOperatorExpressionElement  - In parseElement.
2811 [main] DEBUG fr.expression4j.basic.impl.BinaryOperatorExpressionElement  - In parseElement.
2811 [main] DEBUG fr.expression4j.basic.impl.BinaryOperatorExpressionElement  - Current end position: 3
2811 [main] DEBUG fr.expression4j.basic.impl.BinaryOperatorExpressionElement  - Current end position: 3
2811 [main] DEBUG fr.expression4j.basic.impl.BinaryOperatorExpressionElement  - Current end position: 3
2811 [main] DEBUG fr.expression4j.basic.impl.BinaryOperatorExpressionElement  - Current end position: 3
2811 [main] DEBUG fr.expression4j.basic.impl.BinaryOperatorExpressionElement  - Current end position: 3
2811 [main] DEBUG fr.expression4j.basic.impl.BinaryOperatorExpressionElement  - In checkOperator.
2811 [main] DEBUG fr.expression4j.basic.impl.BinaryOperatorExpressionElement  - In checkOperator.
2811 [main] DEBUG fr.expression4j.basic.impl.BinaryOperatorExpressionElement  - In checkOperator.
2811 [main] DEBUG fr.expression4j.basic.impl.BinaryOperatorExpressionElement  - In checkOperator.
2811 [main] DEBUG fr.expression4j.basic.impl.BinaryOperatorExpressionElement  - In checkOperator.
2811 [main] DEBUG fr.expression4j.basic.impl.BinaryOperatorExpressionElement  - Operator Plus not found.
2811 [main] DEBUG fr.expression4j.basic.impl.BinaryOperatorExpressionElement  - Operator Plus not found.
2811 [main] DEBUG fr.expression4j.basic.impl.BinaryOperatorExpressionElement  - Operator Plus not found.
2811 [main] DEBUG fr.expression4j.basic.impl.BinaryOperatorExpressionElement  - Operator Plus not found.
2811 [main] DEBUG fr.expression4j.basic.impl.BinaryOperatorExpressionElement  - Operator Plus not found.
2811 [main] DEBUG fr.expression4j.basic.impl.BinaryOperatorExpressionElement  - In checkOperator.
2811 [main] DEBUG fr.expression4j.basic.impl.BinaryOperatorExpressionElement  - In checkOperator.
2811 [main] DEBUG fr.expression4j.basic.impl.BinaryOperatorExpressionElement  - In checkOperator.
2811 [main] DEBUG fr.expression4j.basic.impl.BinaryOperatorExpressionElement  - In checkOperator.
2811 [main] DEBUG fr.expression4j.basic.impl.BinaryOperatorExpressionElement  - In checkOperator.
2811 [main] DEBUG fr.expression4j.basic.impl.BinaryOperatorExpressionElement  - Operator Minus not found.
2811 [main] DEBUG fr.expression4j.basic.impl.BinaryOperatorExpressionElement  - Operator Minus not found.
2811 [main] DEBUG fr.expression4j.basic.impl.BinaryOperatorExpressionElement  - Operator Minus not found.
2811 [main] DEBUG fr.expression4j.basic.impl.BinaryOperatorExpressionElement  - Operator Minus not found.
2811 [main] DEBUG fr.expression4j.basic.impl.BinaryOperatorExpressionElement  - Operator Minus not found.
2811 [main] DEBUG fr.expression4j.basic.impl.BinaryOperatorExpressionElement  - No operator found.
2811 [main] DEBUG fr.expression4j.basic.impl.BinaryOperatorExpressionElement  - No operator found.
2811 [main] DEBUG fr.expression4j.basic.impl.BinaryOperatorExpressionElement  - No operator found.
2811 [main] DEBUG fr.expression4j.basic.impl.BinaryOperatorExpressionElement  - No operator found.
2811 [main] DEBUG fr.expression4j.basic.impl.BinaryOperatorExpressionElement  - No operator found.
2811 [main] DEBUG fr.expression4j.basic.impl.ComplexOrRealExpressionElement  - In parseElement
2811 [main] DEBUG fr.expression4j.basic.impl.ComplexOrRealExpressionElement  - In parseElement
2811 [main] DEBUG fr.expression4j.basic.impl.ComplexOrRealExpressionElement  - In parseElement
2811 [main] DEBUG fr.expression4j.basic.impl.ComplexOrRealExpressionElement  - In parseElement
2811 [main] DEBUG fr.expression4j.basic.impl.ComplexOrRealExpressionElement  - In parseElement
2812 [main] DEBUG fr.expression4j.basic.impl.ComplexOrRealExpressionElement  - start position: 4
2812 [main] DEBUG fr.expression4j.basic.impl.ComplexOrRealExpressionElement  - start position: 4
2812 [main] DEBUG fr.expression4j.basic.impl.ComplexOrRealExpressionElement  - start position: 4
2812 [main] DEBUG fr.expression4j.basic.impl.ComplexOrRealExpressionElement  - start position: 4
2812 [main] DEBUG fr.expression4j.basic.impl.ComplexOrRealExpressionElement  - start position: 4
2812 [main] DEBUG fr.expression4j.basic.impl.BinaryOperatorExpressionElement  - In parseElement.
2812 [main] DEBUG fr.expression4j.basic.impl.BinaryOperatorExpressionElement  - In parseElement.
2812 [main] DEBUG fr.expression4j.basic.impl.BinaryOperatorExpressionElement  - In parseElement.
2812 [main] DEBUG fr.expression4j.basic.impl.BinaryOperatorExpressionElement  - In parseElement.
2812 [main] DEBUG fr.expression4j.basic.impl.BinaryOperatorExpressionElement  - In parseElement.
2812 [main] DEBUG fr.expression4j.basic.impl.BinaryOperatorExpressionElement  - Current end position: 5
2812 [main] DEBUG fr.expression4j.basic.impl.BinaryOperatorExpressionElement  - Current end position: 5
2812 [main] DEBUG fr.expression4j.basic.impl.BinaryOperatorExpressionElement  - Current end position: 5
2812 [main] DEBUG fr.expression4j.basic.impl.BinaryOperatorExpressionElement  - Current end position: 5
2812 [main] DEBUG fr.expression4j.basic.impl.BinaryOperatorExpressionElement  - Current end position: 5
2812 [main] DEBUG fr.expression4j.basic.impl.BinaryOperatorExpressionElement  - In checkOperator.
2812 [main] DEBUG fr.expression4j.basic.impl.BinaryOperatorExpressionElement  - In checkOperator.
2812 [main] DEBUG fr.expression4j.basic.impl.BinaryOperatorExpressionElement  - In checkOperator.
2812 [main] DEBUG fr.expression4j.basic.impl.BinaryOperatorExpressionElement  - In checkOperator.
2812 [main] DEBUG fr.expression4j.basic.impl.BinaryOperatorExpressionElement  - In checkOperator.
2812 [main] DEBUG fr.expression4j.basic.impl.BinaryOperatorExpressionElement  - Operator Pow not found.
2812 [main] DEBUG fr.expression4j.basic.impl.BinaryOperatorExpressionElement  - Operator Pow not found.
2812 [main] DEBUG fr.expression4j.basic.impl.BinaryOperatorExpressionElement  - Operator Pow not found.
2812 [main] DEBUG fr.expression4j.basic.impl.BinaryOperatorExpressionElement  - Operator Pow not found.
2812 [main] DEBUG fr.expression4j.basic.impl.BinaryOperatorExpressionElement  - Operator Pow not found.
2812 [main] DEBUG fr.expression4j.basic.impl.BinaryOperatorExpressionElement  - No operator found.
2812 [main] DEBUG fr.expression4j.basic.impl.BinaryOperatorExpressionElement  - No operator found.
2812 [main] DEBUG fr.expression4j.basic.impl.BinaryOperatorExpressionElement  - No operator found.
2812 [main] DEBUG fr.expression4j.basic.impl.BinaryOperatorExpressionElement  - No operator found.
2812 [main] DEBUG fr.expression4j.basic.impl.BinaryOperatorExpressionElement  - No operator found.
2812 [main] DEBUG fr.expression4j.basic.impl.BinaryOperatorExpressionElement  - In parseElement.
2812 [main] DEBUG fr.expression4j.basic.impl.BinaryOperatorExpressionElement  - In parseElement.
2812 [main] DEBUG fr.expression4j.basic.impl.BinaryOperatorExpressionElement  - In parseElement.
2812 [main] DEBUG fr.expression4j.basic.impl.BinaryOperatorExpressionElement  - In parseElement.
2812 [main] DEBUG fr.expression4j.basic.impl.BinaryOperatorExpressionElement  - In parseElement.
2815 [main] DEBUG fr.expression4j.basic.impl.BinaryOperatorExpressionElement  - Current end position: 5
2815 [main] DEBUG fr.expression4j.basic.impl.BinaryOperatorExpressionElement  - Current end position: 5
2815 [main] DEBUG fr.expression4j.basic.impl.BinaryOperatorExpressionElement  - Current end position: 5
2815 [main] DEBUG fr.expression4j.basic.impl.BinaryOperatorExpressionElement  - Current end position: 5
2815 [main] DEBUG fr.expression4j.basic.impl.BinaryOperatorExpressionElement  - Current end position: 5
2815 [main] DEBUG fr.expression4j.basic.impl.BinaryOperatorExpressionElement  - In checkOperator.
2815 [main] DEBUG fr.expression4j.basic.impl.BinaryOperatorExpressionElement  - In checkOperator.
2815 [main] DEBUG fr.expression4j.basic.impl.BinaryOperatorExpressionElement  - In checkOperator.
2815 [main] DEBUG fr.expression4j.basic.impl.BinaryOperatorExpressionElement  - In checkOperator.
2815 [main] DEBUG fr.expression4j.basic.impl.BinaryOperatorExpressionElement  - In checkOperator.
2815 [main] DEBUG fr.expression4j.basic.impl.BinaryOperatorExpressionElement  - Operator Multiply not found.
2815 [main] DEBUG fr.expression4j.basic.impl.BinaryOperatorExpressionElement  - Operator Multiply not found.
2815 [main] DEBUG fr.expression4j.basic.impl.BinaryOperatorExpressionElement  - Operator Multiply not found.
2815 [main] DEBUG fr.expression4j.basic.impl.BinaryOperatorExpressionElement  - Operator Multiply not found.
2815 [main] DEBUG fr.expression4j.basic.impl.BinaryOperatorExpressionElement  - Operator Multiply not found.
2815 [main] DEBUG fr.expression4j.basic.impl.BinaryOperatorExpressionElement  - In checkOperator.
2815 [main] DEBUG fr.expression4j.basic.impl.BinaryOperatorExpressionElement  - In checkOperator.
2815 [main] DEBUG fr.expression4j.basic.impl.BinaryOperatorExpressionElement  - In checkOperator.
2815 [main] DEBUG fr.expression4j.basic.impl.BinaryOperatorExpressionElement  - In checkOperator.
2815 [main] DEBUG fr.expression4j.basic.impl.BinaryOperatorExpressionElement  - In checkOperator.
2815 [main] DEBUG fr.expression4j.basic.impl.BinaryOperatorExpressionElement  - Operator Divide not found.
2815 [main] DEBUG fr.expression4j.basic.impl.BinaryOperatorExpressionElement  - Operator Divide not found.
2815 [main] DEBUG fr.expression4j.basic.impl.BinaryOperatorExpressionElement  - Operator Divide not found.
2815 [main] DEBUG fr.expression4j.basic.impl.BinaryOperatorExpressionElement  - Operator Divide not found.
2815 [main] DEBUG fr.expression4j.basic.impl.BinaryOperatorExpressionElement  - Operator Divide not found.
2815 [main] DEBUG fr.expression4j.basic.impl.BinaryOperatorExpressionElement  - No operator found.
2815 [main] DEBUG fr.expression4j.basic.impl.BinaryOperatorExpressionElement  - No operator found.
2815 [main] DEBUG fr.expression4j.basic.impl.BinaryOperatorExpressionElement  - No operator found.
2815 [main] DEBUG fr.expression4j.basic.impl.BinaryOperatorExpressionElement  - No operator found.
2815 [main] DEBUG fr.expression4j.basic.impl.BinaryOperatorExpressionElement  - No operator found.
2815 [main] DEBUG fr.expression4j.basic.impl.BinaryOperatorExpressionElement  - In parseElement.
2815 [main] DEBUG fr.expression4j.basic.impl.BinaryOperatorExpressionElement  - In parseElement.
2815 [main] DEBUG fr.expression4j.basic.impl.BinaryOperatorExpressionElement  - In parseElement.
2815 [main] DEBUG fr.expression4j.basic.impl.BinaryOperatorExpressionElement  - In parseElement.
2815 [main] DEBUG fr.expression4j.basic.impl.BinaryOperatorExpressionElement  - In parseElement.
2815 [main] DEBUG fr.expression4j.basic.impl.BinaryOperatorExpressionElement  - Current end position: 5
2815 [main] DEBUG fr.expression4j.basic.impl.BinaryOperatorExpressionElement  - Current end position: 5
2815 [main] DEBUG fr.expression4j.basic.impl.BinaryOperatorExpressionElement  - Current end position: 5
2815 [main] DEBUG fr.expression4j.basic.impl.BinaryOperatorExpressionElement  - Current end position: 5
2815 [main] DEBUG fr.expression4j.basic.impl.BinaryOperatorExpressionElement  - Current end position: 5
2816 [main] DEBUG fr.expression4j.basic.impl.BinaryOperatorExpressionElement  - In checkOperator.
2816 [main] DEBUG fr.expression4j.basic.impl.BinaryOperatorExpressionElement  - In checkOperator.
2816 [main] DEBUG fr.expression4j.basic.impl.BinaryOperatorExpressionElement  - In checkOperator.
2816 [main] DEBUG fr.expression4j.basic.impl.BinaryOperatorExpressionElement  - In checkOperator.
2816 [main] DEBUG fr.expression4j.basic.impl.BinaryOperatorExpressionElement  - In checkOperator.
2816 [main] DEBUG fr.expression4j.basic.impl.BinaryOperatorExpressionElement  - Operator Plus not found.
2816 [main] DEBUG fr.expression4j.basic.impl.BinaryOperatorExpressionElement  - Operator Plus not found.
2816 [main] DEBUG fr.expression4j.basic.impl.BinaryOperatorExpressionElement  - Operator Plus not found.
2816 [main] DEBUG fr.expression4j.basic.impl.BinaryOperatorExpressionElement  - Operator Plus not found.
2816 [main] DEBUG fr.expression4j.basic.impl.BinaryOperatorExpressionElement  - Operator Plus not found.
2816 [main] DEBUG fr.expression4j.basic.impl.BinaryOperatorExpressionElement  - In checkOperator.
2816 [main] DEBUG fr.expression4j.basic.impl.BinaryOperatorExpressionElement  - In checkOperator.
2816 [main] DEBUG fr.expression4j.basic.impl.BinaryOperatorExpressionElement  - In checkOperator.
2816 [main] DEBUG fr.expression4j.basic.impl.BinaryOperatorExpressionElement  - In checkOperator.
2816 [main] DEBUG fr.expression4j.basic.impl.BinaryOperatorExpressionElement  - In checkOperator.
2816 [main] DEBUG fr.expression4j.basic.impl.BinaryOperatorExpressionElement  - Operator Minus found.
2816 [main] DEBUG fr.expression4j.basic.impl.BinaryOperatorExpressionElement  - Operator Minus found.
2816 [main] DEBUG fr.expression4j.basic.impl.BinaryOperatorExpressionElement  - Operator Minus found.
2816 [main] DEBUG fr.expression4j.basic.impl.BinaryOperatorExpressionElement  - Operator Minus found.
2816 [main] DEBUG fr.expression4j.basic.impl.BinaryOperatorExpressionElement  - Operator Minus found.
2816 [main] DEBUG fr.expression4j.basic.impl.BinaryOperatorExpressionElement  - Found operator Minus
2816 [main] DEBUG fr.expression4j.basic.impl.BinaryOperatorExpressionElement  - Found operator Minus
2816 [main] DEBUG fr.expression4j.basic.impl.BinaryOperatorExpressionElement  - Found operator Minus
2816 [main] DEBUG fr.expression4j.basic.impl.BinaryOperatorExpressionElement  - Found operator Minus
2816 [main] DEBUG fr.expression4j.basic.impl.BinaryOperatorExpressionElement  - Found operator Minus
2816 [main] DEBUG fr.expression4j.basic.impl.ComplexOrRealExpressionElement  - In parseElement
2816 [main] DEBUG fr.expression4j.basic.impl.ComplexOrRealExpressionElement  - In parseElement
2816 [main] DEBUG fr.expression4j.basic.impl.ComplexOrRealExpressionElement  - In parseElement
2816 [main] DEBUG fr.expression4j.basic.impl.ComplexOrRealExpressionElement  - In parseElement
2816 [main] DEBUG fr.expression4j.basic.impl.ComplexOrRealExpressionElement  - In parseElement
2816 [main] DEBUG fr.expression4j.basic.impl.ComplexOrRealExpressionElement  - start position: 6
2816 [main] DEBUG fr.expression4j.basic.impl.ComplexOrRealExpressionElement  - start position: 6
2816 [main] DEBUG fr.expression4j.basic.impl.ComplexOrRealExpressionElement  - start position: 6
2816 [main] DEBUG fr.expression4j.basic.impl.ComplexOrRealExpressionElement  - start position: 6
2816 [main] DEBUG fr.expression4j.basic.impl.ComplexOrRealExpressionElement  - start position: 6
2816 [main] DEBUG fr.expression4j.basic.impl.ComplexOrRealExpressionElement  - In parseElement
2816 [main] DEBUG fr.expression4j.basic.impl.ComplexOrRealExpressionElement  - In parseElement
2816 [main] DEBUG fr.expression4j.basic.impl.ComplexOrRealExpressionElement  - In parseElement
2816 [main] DEBUG fr.expression4j.basic.impl.ComplexOrRealExpressionElement  - In parseElement
2816 [main] DEBUG fr.expression4j.basic.impl.ComplexOrRealExpressionElement  - In parseElement
2816 [main] DEBUG fr.expression4j.basic.impl.ComplexOrRealExpressionElement  - start position: 0
2816 [main] DEBUG fr.expression4j.basic.impl.ComplexOrRealExpressionElement  - start position: 0
2816 [main] DEBUG fr.expression4j.basic.impl.ComplexOrRealExpressionElement  - start position: 0
2816 [main] DEBUG fr.expression4j.basic.impl.ComplexOrRealExpressionElement  - start position: 0
2816 [main] DEBUG fr.expression4j.basic.impl.ComplexOrRealExpressionElement  - start position: 0
2816 [main] DEBUG fr.expression4j.basic.impl.BinaryOperatorExpressionElement  - In parseElement.
2816 [main] DEBUG fr.expression4j.basic.impl.BinaryOperatorExpressionElement  - In parseElement.
2816 [main] DEBUG fr.expression4j.basic.impl.BinaryOperatorExpressionElement  - In parseElement.
2816 [main] DEBUG fr.expression4j.basic.impl.BinaryOperatorExpressionElement  - In parseElement.
2816 [main] DEBUG fr.expression4j.basic.impl.BinaryOperatorExpressionElement  - In parseElement.
2816 [main] DEBUG fr.expression4j.basic.impl.BinaryOperatorExpressionElement  - Current end position: 1
2816 [main] DEBUG fr.expression4j.basic.impl.BinaryOperatorExpressionElement  - Current end position: 1
2816 [main] DEBUG fr.expression4j.basic.impl.BinaryOperatorExpressionElement  - Current end position: 1
2816 [main] DEBUG fr.expression4j.basic.impl.BinaryOperatorExpressionElement  - Current end position: 1
2816 [main] DEBUG fr.expression4j.basic.impl.BinaryOperatorExpressionElement  - Current end position: 1
2817 [main] DEBUG fr.expression4j.basic.impl.BinaryOperatorExpressionElement  - In checkOperator.
2817 [main] DEBUG fr.expression4j.basic.impl.BinaryOperatorExpressionElement  - In checkOperator.
2817 [main] DEBUG fr.expression4j.basic.impl.BinaryOperatorExpressionElement  - In checkOperator.
2817 [main] DEBUG fr.expression4j.basic.impl.BinaryOperatorExpressionElement  - In checkOperator.
2817 [main] DEBUG fr.expression4j.basic.impl.BinaryOperatorExpressionElement  - In checkOperator.
2817 [main] DEBUG fr.expression4j.basic.impl.BinaryOperatorExpressionElement  - Operator Pow not found.
2817 [main] DEBUG fr.expression4j.basic.impl.BinaryOperatorExpressionElement  - Operator Pow not found.
2817 [main] DEBUG fr.expression4j.basic.impl.BinaryOperatorExpressionElement  - Operator Pow not found.
2817 [main] DEBUG fr.expression4j.basic.impl.BinaryOperatorExpressionElement  - Operator Pow not found.
2817 [main] DEBUG fr.expression4j.basic.impl.BinaryOperatorExpressionElement  - Operator Pow not found.
2817 [main] DEBUG fr.expression4j.basic.impl.BinaryOperatorExpressionElement  - No operator found.
2817 [main] DEBUG fr.expression4j.basic.impl.BinaryOperatorExpressionElement  - No operator found.
2817 [main] DEBUG fr.expression4j.basic.impl.BinaryOperatorExpressionElement  - No operator found.
2817 [main] DEBUG fr.expression4j.basic.impl.BinaryOperatorExpressionElement  - No operator found.
2817 [main] DEBUG fr.expression4j.basic.impl.BinaryOperatorExpressionElement  - No operator found.
2817 [main] DEBUG fr.expression4j.basic.impl.BinaryOperatorExpressionElement  - In parseElement.
2817 [main] DEBUG fr.expression4j.basic.impl.BinaryOperatorExpressionElement  - In parseElement.
2817 [main] DEBUG fr.expression4j.basic.impl.BinaryOperatorExpressionElement  - In parseElement.
2817 [main] DEBUG fr.expression4j.basic.impl.BinaryOperatorExpressionElement  - In parseElement.
2817 [main] DEBUG fr.expression4j.basic.impl.BinaryOperatorExpressionElement  - In parseElement.
2817 [main] DEBUG fr.expression4j.basic.impl.BinaryOperatorExpressionElement  - Current end position: 1
2817 [main] DEBUG fr.expression4j.basic.impl.BinaryOperatorExpressionElement  - Current end position: 1
2817 [main] DEBUG fr.expression4j.basic.impl.BinaryOperatorExpressionElement  - Current end position: 1
2817 [main] DEBUG fr.expression4j.basic.impl.BinaryOperatorExpressionElement  - Current end position: 1
2817 [main] DEBUG fr.expression4j.basic.impl.BinaryOperatorExpressionElement  - Current end position: 1
2817 [main] DEBUG fr.expression4j.basic.impl.BinaryOperatorExpressionElement  - In checkOperator.
2817 [main] DEBUG fr.expression4j.basic.impl.BinaryOperatorExpressionElement  - In checkOperator.
2817 [main] DEBUG fr.expression4j.basic.impl.BinaryOperatorExpressionElement  - In checkOperator.
2817 [main] DEBUG fr.expression4j.basic.impl.BinaryOperatorExpressionElement  - In checkOperator.
2817 [main] DEBUG fr.expression4j.basic.impl.BinaryOperatorExpressionElement  - In checkOperator.
2817 [main] DEBUG fr.expression4j.basic.impl.BinaryOperatorExpressionElement  - Operator Multiply not found.
2817 [main] DEBUG fr.expression4j.basic.impl.BinaryOperatorExpressionElement  - Operator Multiply not found.
2817 [main] DEBUG fr.expression4j.basic.impl.BinaryOperatorExpressionElement  - Operator Multiply not found.
2817 [main] DEBUG fr.expression4j.basic.impl.BinaryOperatorExpressionElement  - Operator Multiply not found.
2817 [main] DEBUG fr.expression4j.basic.impl.BinaryOperatorExpressionElement  - Operator Multiply not found.
2817 [main] DEBUG fr.expression4j.basic.impl.BinaryOperatorExpressionElement  - In checkOperator.
2817 [main] DEBUG fr.expression4j.basic.impl.BinaryOperatorExpressionElement  - In checkOperator.
2817 [main] DEBUG fr.expression4j.basic.impl.BinaryOperatorExpressionElement  - In checkOperator.
2817 [main] DEBUG fr.expression4j.basic.impl.BinaryOperatorExpressionElement  - In checkOperator.
2817 [main] DEBUG fr.expression4j.basic.impl.BinaryOperatorExpressionElement  - In checkOperator.
2817 [main] DEBUG fr.expression4j.basic.impl.BinaryOperatorExpressionElement  - Operator Divide not found.
2817 [main] DEBUG fr.expression4j.basic.impl.BinaryOperatorExpressionElement  - Operator Divide not found.
2817 [main] DEBUG fr.expression4j.basic.impl.BinaryOperatorExpressionElement  - Operator Divide not found.
2817 [main] DEBUG fr.expression4j.basic.impl.BinaryOperatorExpressionElement  - Operator Divide not found.
2817 [main] DEBUG fr.expression4j.basic.impl.BinaryOperatorExpressionElement  - Operator Divide not found.
2817 [main] DEBUG fr.expression4j.basic.impl.BinaryOperatorExpressionElement  - No operator found.
2817 [main] DEBUG fr.expression4j.basic.impl.BinaryOperatorExpressionElement  - No operator found.
2817 [main] DEBUG fr.expression4j.basic.impl.BinaryOperatorExpressionElement  - No operator found.
2817 [main] DEBUG fr.expression4j.basic.impl.BinaryOperatorExpressionElement  - No operator found.
2817 [main] DEBUG fr.expression4j.basic.impl.BinaryOperatorExpressionElement  - No operator found.
2817 [main] DEBUG fr.expression4j.basic.impl.BinaryOperatorExpressionElement  - In parseElement.
2817 [main] DEBUG fr.expression4j.basic.impl.BinaryOperatorExpressionElement  - In parseElement.
2817 [main] DEBUG fr.expression4j.basic.impl.BinaryOperatorExpressionElement  - In parseElement.
2817 [main] DEBUG fr.expression4j.basic.impl.BinaryOperatorExpressionElement  - In parseElement.
2817 [main] DEBUG fr.expression4j.basic.impl.BinaryOperatorExpressionElement  - In parseElement.
2817 [main] DEBUG fr.expression4j.basic.impl.BinaryOperatorExpressionElement  - Current end position: 1
2817 [main] DEBUG fr.expression4j.basic.impl.BinaryOperatorExpressionElement  - Current end position: 1
2817 [main] DEBUG fr.expression4j.basic.impl.BinaryOperatorExpressionElement  - Current end position: 1
2817 [main] DEBUG fr.expression4j.basic.impl.BinaryOperatorExpressionElement  - Current end position: 1
2817 [main] DEBUG fr.expression4j.basic.impl.BinaryOperatorExpressionElement  - Current end position: 1
2818 [main] DEBUG fr.expression4j.basic.impl.BinaryOperatorExpressionElement  - In checkOperator.
2818 [main] DEBUG fr.expression4j.basic.impl.BinaryOperatorExpressionElement  - In checkOperator.
2818 [main] DEBUG fr.expression4j.basic.impl.BinaryOperatorExpressionElement  - In checkOperator.
2818 [main] DEBUG fr.expression4j.basic.impl.BinaryOperatorExpressionElement  - In checkOperator.
2818 [main] DEBUG fr.expression4j.basic.impl.BinaryOperatorExpressionElement  - In checkOperator.
2818 [main] DEBUG fr.expression4j.basic.impl.BinaryOperatorExpressionElement  - Operator Plus found.
2818 [main] DEBUG fr.expression4j.basic.impl.BinaryOperatorExpressionElement  - Operator Plus found.
2818 [main] DEBUG fr.expression4j.basic.impl.BinaryOperatorExpressionElement  - Operator Plus found.
2818 [main] DEBUG fr.expression4j.basic.impl.BinaryOperatorExpressionElement  - Operator Plus found.
2818 [main] DEBUG fr.expression4j.basic.impl.BinaryOperatorExpressionElement  - Operator Plus found.
2818 [main] DEBUG fr.expression4j.basic.impl.BinaryOperatorExpressionElement  - Found operator Plus
2818 [main] DEBUG fr.expression4j.basic.impl.BinaryOperatorExpressionElement  - Found operator Plus
2818 [main] DEBUG fr.expression4j.basic.impl.BinaryOperatorExpressionElement  - Found operator Plus
2818 [main] DEBUG fr.expression4j.basic.impl.BinaryOperatorExpressionElement  - Found operator Plus
2818 [main] DEBUG fr.expression4j.basic.impl.BinaryOperatorExpressionElement  - Found operator Plus
2818 [main] DEBUG fr.expression4j.basic.impl.ComplexOrRealExpressionElement  - In parseElement
2818 [main] DEBUG fr.expression4j.basic.impl.ComplexOrRealExpressionElement  - In parseElement
2818 [main] DEBUG fr.expression4j.basic.impl.ComplexOrRealExpressionElement  - In parseElement
2818 [main] DEBUG fr.expression4j.basic.impl.ComplexOrRealExpressionElement  - In parseElement
2818 [main] DEBUG fr.expression4j.basic.impl.ComplexOrRealExpressionElement  - In parseElement
2818 [main] DEBUG fr.expression4j.basic.impl.ComplexOrRealExpressionElement  - start position: 2
2818 [main] DEBUG fr.expression4j.basic.impl.ComplexOrRealExpressionElement  - start position: 2
2818 [main] DEBUG fr.expression4j.basic.impl.ComplexOrRealExpressionElement  - start position: 2
2818 [main] DEBUG fr.expression4j.basic.impl.ComplexOrRealExpressionElement  - start position: 2
2818 [main] DEBUG fr.expression4j.basic.impl.ComplexOrRealExpressionElement  - start position: 2
2818 [main] DEBUG fr.expression4j.basic.impl.BinaryOperatorExpressionElement  - In parseElement.
2818 [main] DEBUG fr.expression4j.basic.impl.BinaryOperatorExpressionElement  - In parseElement.
2818 [main] DEBUG fr.expression4j.basic.impl.BinaryOperatorExpressionElement  - In parseElement.
2818 [main] DEBUG fr.expression4j.basic.impl.BinaryOperatorExpressionElement  - In parseElement.
2818 [main] DEBUG fr.expression4j.basic.impl.BinaryOperatorExpressionElement  - In parseElement.
2818 [main] DEBUG fr.expression4j.basic.impl.BinaryOperatorExpressionElement  - Current end position: 3
2818 [main] DEBUG fr.expression4j.basic.impl.BinaryOperatorExpressionElement  - Current end position: 3
2818 [main] DEBUG fr.expression4j.basic.impl.BinaryOperatorExpressionElement  - Current end position: 3
2818 [main] DEBUG fr.expression4j.basic.impl.BinaryOperatorExpressionElement  - Current end position: 3
2818 [main] DEBUG fr.expression4j.basic.impl.BinaryOperatorExpressionElement  - Current end position: 3
2818 [main] DEBUG fr.expression4j.basic.impl.BinaryOperatorExpressionElement  - In checkOperator.
2818 [main] DEBUG fr.expression4j.basic.impl.BinaryOperatorExpressionElement  - In checkOperator.
2818 [main] DEBUG fr.expression4j.basic.impl.BinaryOperatorExpressionElement  - In checkOperator.
2818 [main] DEBUG fr.expression4j.basic.impl.BinaryOperatorExpressionElement  - In checkOperator.
2818 [main] DEBUG fr.expression4j.basic.impl.BinaryOperatorExpressionElement  - In checkOperator.
2818 [main] DEBUG fr.expression4j.basic.impl.BinaryOperatorExpressionElement  - Operator Pow not found.
2818 [main] DEBUG fr.expression4j.basic.impl.BinaryOperatorExpressionElement  - Operator Pow not found.
2818 [main] DEBUG fr.expression4j.basic.impl.BinaryOperatorExpressionElement  - Operator Pow not found.
2818 [main] DEBUG fr.expression4j.basic.impl.BinaryOperatorExpressionElement  - Operator Pow not found.
2818 [main] DEBUG fr.expression4j.basic.impl.BinaryOperatorExpressionElement  - Operator Pow not found.
2818 [main] DEBUG fr.expression4j.basic.impl.BinaryOperatorExpressionElement  - No operator found.
2818 [main] DEBUG fr.expression4j.basic.impl.BinaryOperatorExpressionElement  - No operator found.
2818 [main] DEBUG fr.expression4j.basic.impl.BinaryOperatorExpressionElement  - No operator found.
2818 [main] DEBUG fr.expression4j.basic.impl.BinaryOperatorExpressionElement  - No operator found.
2818 [main] DEBUG fr.expression4j.basic.impl.BinaryOperatorExpressionElement  - No operator found.
2818 [main] DEBUG fr.expression4j.basic.impl.BinaryOperatorExpressionElement  - In parseElement.
2818 [main] DEBUG fr.expression4j.basic.impl.BinaryOperatorExpressionElement  - In parseElement.
2818 [main] DEBUG fr.expression4j.basic.impl.BinaryOperatorExpressionElement  - In parseElement.
2818 [main] DEBUG fr.expression4j.basic.impl.BinaryOperatorExpressionElement  - In parseElement.
2818 [main] DEBUG fr.expression4j.basic.impl.BinaryOperatorExpressionElement  - In parseElement.
2818 [main] DEBUG fr.expression4j.basic.impl.BinaryOperatorExpressionElement  - Current end position: 3
2818 [main] DEBUG fr.expression4j.basic.impl.BinaryOperatorExpressionElement  - Current end position: 3
2818 [main] DEBUG fr.expression4j.basic.impl.BinaryOperatorExpressionElement  - Current end position: 3
2818 [main] DEBUG fr.expression4j.basic.impl.BinaryOperatorExpressionElement  - Current end position: 3
2818 [main] DEBUG fr.expression4j.basic.impl.BinaryOperatorExpressionElement  - Current end position: 3
2818 [main] DEBUG fr.expression4j.basic.impl.BinaryOperatorExpressionElement  - In checkOperator.
2818 [main] DEBUG fr.expression4j.basic.impl.BinaryOperatorExpressionElement  - In checkOperator.
2818 [main] DEBUG fr.expression4j.basic.impl.BinaryOperatorExpressionElement  - In checkOperator.
2818 [main] DEBUG fr.expression4j.basic.impl.BinaryOperatorExpressionElement  - In checkOperator.
2818 [main] DEBUG fr.expression4j.basic.impl.BinaryOperatorExpressionElement  - In checkOperator.
2819 [main] DEBUG fr.expression4j.basic.impl.BinaryOperatorExpressionElement  - Operator Multiply not found.
2819 [main] DEBUG fr.expression4j.basic.impl.BinaryOperatorExpressionElement  - Operator Multiply not found.
2819 [main] DEBUG fr.expression4j.basic.impl.BinaryOperatorExpressionElement  - Operator Multiply not found.
2819 [main] DEBUG fr.expression4j.basic.impl.BinaryOperatorExpressionElement  - Operator Multiply not found.
2819 [main] DEBUG fr.expression4j.basic.impl.BinaryOperatorExpressionElement  - Operator Multiply not found.
2819 [main] DEBUG fr.expression4j.basic.impl.BinaryOperatorExpressionElement  - In checkOperator.
2819 [main] DEBUG fr.expression4j.basic.impl.BinaryOperatorExpressionElement  - In checkOperator.
2819 [main] DEBUG fr.expression4j.basic.impl.BinaryOperatorExpressionElement  - In checkOperator.
2819 [main] DEBUG fr.expression4j.basic.impl.BinaryOperatorExpressionElement  - In checkOperator.
2819 [main] DEBUG fr.expression4j.basic.impl.BinaryOperatorExpressionElement  - In checkOperator.
2819 [main] DEBUG fr.expression4j.basic.impl.BinaryOperatorExpressionElement  - Operator Divide not found.
2819 [main] DEBUG fr.expression4j.basic.impl.BinaryOperatorExpressionElement  - Operator Divide not found.
2819 [main] DEBUG fr.expression4j.basic.impl.BinaryOperatorExpressionElement  - Operator Divide not found.
2819 [main] DEBUG fr.expression4j.basic.impl.BinaryOperatorExpressionElement  - Operator Divide not found.
2819 [main] DEBUG fr.expression4j.basic.impl.BinaryOperatorExpressionElement  - Operator Divide not found.
2819 [main] DEBUG fr.expression4j.basic.impl.BinaryOperatorExpressionElement  - No operator found.
2819 [main] DEBUG fr.expression4j.basic.impl.BinaryOperatorExpressionElement  - No operator found.
2819 [main] DEBUG fr.expression4j.basic.impl.BinaryOperatorExpressionElement  - No operator found.
2819 [main] DEBUG fr.expression4j.basic.impl.BinaryOperatorExpressionElement  - No operator found.
2819 [main] DEBUG fr.expression4j.basic.impl.BinaryOperatorExpressionElement  - No operator found.
2820 [main] DEBUG fr.expression4j.basic.impl.BinaryOperatorExpressionElement  - In parseElement.
2820 [main] DEBUG fr.expression4j.basic.impl.BinaryOperatorExpressionElement  - In parseElement.
2820 [main] DEBUG fr.expression4j.basic.impl.BinaryOperatorExpressionElement  - In parseElement.
2820 [main] DEBUG fr.expression4j.basic.impl.BinaryOperatorExpressionElement  - In parseElement.
2820 [main] DEBUG fr.expression4j.basic.impl.BinaryOperatorExpressionElement  - In parseElement.
2820 [main] DEBUG fr.expression4j.basic.impl.BinaryOperatorExpressionElement  - Current end position: 3
2820 [main] DEBUG fr.expression4j.basic.impl.BinaryOperatorExpressionElement  - Current end position: 3
2820 [main] DEBUG fr.expression4j.basic.impl.BinaryOperatorExpressionElement  - Current end position: 3
2820 [main] DEBUG fr.expression4j.basic.impl.BinaryOperatorExpressionElement  - Current end position: 3
2820 [main] DEBUG fr.expression4j.basic.impl.BinaryOperatorExpressionElement  - Current end position: 3
2820 [main] DEBUG fr.expression4j.basic.impl.BinaryOperatorExpressionElement  - In checkOperator.
2820 [main] DEBUG fr.expression4j.basic.impl.BinaryOperatorExpressionElement  - In checkOperator.
2820 [main] DEBUG fr.expression4j.basic.impl.BinaryOperatorExpressionElement  - In checkOperator.
2820 [main] DEBUG fr.expression4j.basic.impl.BinaryOperatorExpressionElement  - In checkOperator.
2820 [main] DEBUG fr.expression4j.basic.impl.BinaryOperatorExpressionElement  - In checkOperator.
2820 [main] DEBUG fr.expression4j.basic.impl.BinaryOperatorExpressionElement  - Operator Plus not found.
2820 [main] DEBUG fr.expression4j.basic.impl.BinaryOperatorExpressionElement  - Operator Plus not found.
2820 [main] DEBUG fr.expression4j.basic.impl.BinaryOperatorExpressionElement  - Operator Plus not found.
2820 [main] DEBUG fr.expression4j.basic.impl.BinaryOperatorExpressionElement  - Operator Plus not found.
2820 [main] DEBUG fr.expression4j.basic.impl.BinaryOperatorExpressionElement  - Operator Plus not found.
2820 [main] DEBUG fr.expression4j.basic.impl.BinaryOperatorExpressionElement  - In checkOperator.
2820 [main] DEBUG fr.expression4j.basic.impl.BinaryOperatorExpressionElement  - In checkOperator.
2820 [main] DEBUG fr.expression4j.basic.impl.BinaryOperatorExpressionElement  - In checkOperator.
2820 [main] DEBUG fr.expression4j.basic.impl.BinaryOperatorExpressionElement  - In checkOperator.
2820 [main] DEBUG fr.expression4j.basic.impl.BinaryOperatorExpressionElement  - In checkOperator.
2820 [main] DEBUG fr.expression4j.basic.impl.BinaryOperatorExpressionElement  - Operator Minus not found.
2820 [main] DEBUG fr.expression4j.basic.impl.BinaryOperatorExpressionElement  - Operator Minus not found.
2820 [main] DEBUG fr.expression4j.basic.impl.BinaryOperatorExpressionElement  - Operator Minus not found.
2820 [main] DEBUG fr.expression4j.basic.impl.BinaryOperatorExpressionElement  - Operator Minus not found.
2820 [main] DEBUG fr.expression4j.basic.impl.BinaryOperatorExpressionElement  - Operator Minus not found.
2820 [main] DEBUG fr.expression4j.basic.impl.BinaryOperatorExpressionElement  - No operator found.
2820 [main] DEBUG fr.expression4j.basic.impl.BinaryOperatorExpressionElement  - No operator found.
2820 [main] DEBUG fr.expression4j.basic.impl.BinaryOperatorExpressionElement  - No operator found.
2820 [main] DEBUG fr.expression4j.basic.impl.BinaryOperatorExpressionElement  - No operator found.
2820 [main] DEBUG fr.expression4j.basic.impl.BinaryOperatorExpressionElement  - No operator found.
2820 [main] DEBUG fr.expression4j.basic.impl.ComplexOrRealExpressionElement  - In parseElement
2820 [main] DEBUG fr.expression4j.basic.impl.ComplexOrRealExpressionElement  - In parseElement
2820 [main] DEBUG fr.expression4j.basic.impl.ComplexOrRealExpressionElement  - In parseElement
2820 [main] DEBUG fr.expression4j.basic.impl.ComplexOrRealExpressionElement  - In parseElement
2820 [main] DEBUG fr.expression4j.basic.impl.ComplexOrRealExpressionElement  - In parseElement
2820 [main] DEBUG fr.expression4j.basic.impl.ComplexOrRealExpressionElement  - start position: 4
2820 [main] DEBUG fr.expression4j.basic.impl.ComplexOrRealExpressionElement  - start position: 4
2820 [main] DEBUG fr.expression4j.basic.impl.ComplexOrRealExpressionElement  - start position: 4
2820 [main] DEBUG fr.expression4j.basic.impl.ComplexOrRealExpressionElement  - start position: 4
2820 [main] DEBUG fr.expression4j.basic.impl.ComplexOrRealExpressionElement  - start position: 4
2820 [main] DEBUG fr.expression4j.basic.impl.BinaryOperatorExpressionElement  - In parseElement.
2820 [main] DEBUG fr.expression4j.basic.impl.BinaryOperatorExpressionElement  - In parseElement.
2820 [main] DEBUG fr.expression4j.basic.impl.BinaryOperatorExpressionElement  - In parseElement.
2820 [main] DEBUG fr.expression4j.basic.impl.BinaryOperatorExpressionElement  - In parseElement.
2820 [main] DEBUG fr.expression4j.basic.impl.BinaryOperatorExpressionElement  - In parseElement.
2820 [main] DEBUG fr.expression4j.basic.impl.BinaryOperatorExpressionElement  - Current end position: 5
2820 [main] DEBUG fr.expression4j.basic.impl.BinaryOperatorExpressionElement  - Current end position: 5
2820 [main] DEBUG fr.expression4j.basic.impl.BinaryOperatorExpressionElement  - Current end position: 5
2820 [main] DEBUG fr.expression4j.basic.impl.BinaryOperatorExpressionElement  - Current end position: 5
2820 [main] DEBUG fr.expression4j.basic.impl.BinaryOperatorExpressionElement  - Current end position: 5
2821 [main] DEBUG fr.expression4j.basic.impl.BinaryOperatorExpressionElement  - In checkOperator.
2821 [main] DEBUG fr.expression4j.basic.impl.BinaryOperatorExpressionElement  - In checkOperator.
2821 [main] DEBUG fr.expression4j.basic.impl.BinaryOperatorExpressionElement  - In checkOperator.
2821 [main] DEBUG fr.expression4j.basic.impl.BinaryOperatorExpressionElement  - In checkOperator.
2821 [main] DEBUG fr.expression4j.basic.impl.BinaryOperatorExpressionElement  - In checkOperator.
2821 [main] DEBUG fr.expression4j.basic.impl.BinaryOperatorExpressionElement  - Operator Pow not found.
2821 [main] DEBUG fr.expression4j.basic.impl.BinaryOperatorExpressionElement  - Operator Pow not found.
2821 [main] DEBUG fr.expression4j.basic.impl.BinaryOperatorExpressionElement  - Operator Pow not found.
2821 [main] DEBUG fr.expression4j.basic.impl.BinaryOperatorExpressionElement  - Operator Pow not found.
2821 [main] DEBUG fr.expression4j.basic.impl.BinaryOperatorExpressionElement  - Operator Pow not found.
2821 [main] DEBUG fr.expression4j.basic.impl.BinaryOperatorExpressionElement  - No operator found.
2821 [main] DEBUG fr.expression4j.basic.impl.BinaryOperatorExpressionElement  - No operator found.
2821 [main] DEBUG fr.expression4j.basic.impl.BinaryOperatorExpressionElement  - No operator found.
2821 [main] DEBUG fr.expression4j.basic.impl.BinaryOperatorExpressionElement  - No operator found.
2821 [main] DEBUG fr.expression4j.basic.impl.BinaryOperatorExpressionElement  - No operator found.
2821 [main] DEBUG fr.expression4j.basic.impl.BinaryOperatorExpressionElement  - In parseElement.
2821 [main] DEBUG fr.expression4j.basic.impl.BinaryOperatorExpressionElement  - In parseElement.
2821 [main] DEBUG fr.expression4j.basic.impl.BinaryOperatorExpressionElement  - In parseElement.
2821 [main] DEBUG fr.expression4j.basic.impl.BinaryOperatorExpressionElement  - In parseElement.
2821 [main] DEBUG fr.expression4j.basic.impl.BinaryOperatorExpressionElement  - In parseElement.
2821 [main] DEBUG fr.expression4j.basic.impl.BinaryOperatorExpressionElement  - Current end position: 5
2821 [main] DEBUG fr.expression4j.basic.impl.BinaryOperatorExpressionElement  - Current end position: 5
2821 [main] DEBUG fr.expression4j.basic.impl.BinaryOperatorExpressionElement  - Current end position: 5
2821 [main] DEBUG fr.expression4j.basic.impl.BinaryOperatorExpressionElement  - Current end position: 5
2821 [main] DEBUG fr.expression4j.basic.impl.BinaryOperatorExpressionElement  - Current end position: 5
2821 [main] DEBUG fr.expression4j.basic.impl.BinaryOperatorExpressionElement  - In checkOperator.
2821 [main] DEBUG fr.expression4j.basic.impl.BinaryOperatorExpressionElement  - In checkOperator.
2821 [main] DEBUG fr.expression4j.basic.impl.BinaryOperatorExpressionElement  - In checkOperator.
2821 [main] DEBUG fr.expression4j.basic.impl.BinaryOperatorExpressionElement  - In checkOperator.
2821 [main] DEBUG fr.expression4j.basic.impl.BinaryOperatorExpressionElement  - In checkOperator.
2821 [main] DEBUG fr.expression4j.basic.impl.BinaryOperatorExpressionElement  - Operator Multiply not found.
2821 [main] DEBUG fr.expression4j.basic.impl.BinaryOperatorExpressionElement  - Operator Multiply not found.
2821 [main] DEBUG fr.expression4j.basic.impl.BinaryOperatorExpressionElement  - Operator Multiply not found.
2821 [main] DEBUG fr.expression4j.basic.impl.BinaryOperatorExpressionElement  - Operator Multiply not found.
2821 [main] DEBUG fr.expression4j.basic.impl.BinaryOperatorExpressionElement  - Operator Multiply not found.
2821 [main] DEBUG fr.expression4j.basic.impl.BinaryOperatorExpressionElement  - In checkOperator.
2821 [main] DEBUG fr.expression4j.basic.impl.BinaryOperatorExpressionElement  - In checkOperator.
2821 [main] DEBUG fr.expression4j.basic.impl.BinaryOperatorExpressionElement  - In checkOperator.
2821 [main] DEBUG fr.expression4j.basic.impl.BinaryOperatorExpressionElement  - In checkOperator.
2821 [main] DEBUG fr.expression4j.basic.impl.BinaryOperatorExpressionElement  - In checkOperator.
2821 [main] DEBUG fr.expression4j.basic.impl.BinaryOperatorExpressionElement  - Operator Divide not found.
2821 [main] DEBUG fr.expression4j.basic.impl.BinaryOperatorExpressionElement  - Operator Divide not found.
2821 [main] DEBUG fr.expression4j.basic.impl.BinaryOperatorExpressionElement  - Operator Divide not found.
2821 [main] DEBUG fr.expression4j.basic.impl.BinaryOperatorExpressionElement  - Operator Divide not found.
2821 [main] DEBUG fr.expression4j.basic.impl.BinaryOperatorExpressionElement  - Operator Divide not found.
2821 [main] DEBUG fr.expression4j.basic.impl.BinaryOperatorExpressionElement  - No operator found.
2821 [main] DEBUG fr.expression4j.basic.impl.BinaryOperatorExpressionElement  - No operator found.
2821 [main] DEBUG fr.expression4j.basic.impl.BinaryOperatorExpressionElement  - No operator found.
2821 [main] DEBUG fr.expression4j.basic.impl.BinaryOperatorExpressionElement  - No operator found.
2821 [main] DEBUG fr.expression4j.basic.impl.BinaryOperatorExpressionElement  - No operator found.
2821 [main] DEBUG fr.expression4j.basic.impl.BinaryOperatorExpressionElement  - In parseElement.
2821 [main] DEBUG fr.expression4j.basic.impl.BinaryOperatorExpressionElement  - In parseElement.
2821 [main] DEBUG fr.expression4j.basic.impl.BinaryOperatorExpressionElement  - In parseElement.
2821 [main] DEBUG fr.expression4j.basic.impl.BinaryOperatorExpressionElement  - In parseElement.
2821 [main] DEBUG fr.expression4j.basic.impl.BinaryOperatorExpressionElement  - In parseElement.
2821 [main] DEBUG fr.expression4j.basic.impl.BinaryOperatorExpressionElement  - Current end position: 5
2821 [main] DEBUG fr.expression4j.basic.impl.BinaryOperatorExpressionElement  - Current end position: 5
2821 [main] DEBUG fr.expression4j.basic.impl.BinaryOperatorExpressionElement  - Current end position: 5
2821 [main] DEBUG fr.expression4j.basic.impl.BinaryOperatorExpressionElement  - Current end position: 5
2821 [main] DEBUG fr.expression4j.basic.impl.BinaryOperatorExpressionElement  - Current end position: 5
2821 [main] DEBUG fr.expression4j.basic.impl.BinaryOperatorExpressionElement  - In checkOperator.
2821 [main] DEBUG fr.expression4j.basic.impl.BinaryOperatorExpressionElement  - In checkOperator.
2821 [main] DEBUG fr.expression4j.basic.impl.BinaryOperatorExpressionElement  - In checkOperator.
2821 [main] DEBUG fr.expression4j.basic.impl.BinaryOperatorExpressionElement  - In checkOperator.
2821 [main] DEBUG fr.expression4j.basic.impl.BinaryOperatorExpressionElement  - In checkOperator.
2822 [main] DEBUG fr.expression4j.basic.impl.BinaryOperatorExpressionElement  - Operator Plus not found.
2822 [main] DEBUG fr.expression4j.basic.impl.BinaryOperatorExpressionElement  - Operator Plus not found.
2822 [main] DEBUG fr.expression4j.basic.impl.BinaryOperatorExpressionElement  - Operator Plus not found.
2822 [main] DEBUG fr.expression4j.basic.impl.BinaryOperatorExpressionElement  - Operator Plus not found.
2822 [main] DEBUG fr.expression4j.basic.impl.BinaryOperatorExpressionElement  - Operator Plus not found.
2822 [main] DEBUG fr.expression4j.basic.impl.BinaryOperatorExpressionElement  - In checkOperator.
2822 [main] DEBUG fr.expression4j.basic.impl.BinaryOperatorExpressionElement  - In checkOperator.
2822 [main] DEBUG fr.expression4j.basic.impl.BinaryOperatorExpressionElement  - In checkOperator.
2822 [main] DEBUG fr.expression4j.basic.impl.BinaryOperatorExpressionElement  - In checkOperator.
2822 [main] DEBUG fr.expression4j.basic.impl.BinaryOperatorExpressionElement  - In checkOperator.
2822 [main] DEBUG fr.expression4j.basic.impl.BinaryOperatorExpressionElement  - Operator Minus found.
2822 [main] DEBUG fr.expression4j.basic.impl.BinaryOperatorExpressionElement  - Operator Minus found.
2822 [main] DEBUG fr.expression4j.basic.impl.BinaryOperatorExpressionElement  - Operator Minus found.
2822 [main] DEBUG fr.expression4j.basic.impl.BinaryOperatorExpressionElement  - Operator Minus found.
2822 [main] DEBUG fr.expression4j.basic.impl.BinaryOperatorExpressionElement  - Operator Minus found.
2822 [main] DEBUG fr.expression4j.basic.impl.BinaryOperatorExpressionElement  - Found operator Minus
2822 [main] DEBUG fr.expression4j.basic.impl.BinaryOperatorExpressionElement  - Found operator Minus
2822 [main] DEBUG fr.expression4j.basic.impl.BinaryOperatorExpressionElement  - Found operator Minus
2822 [main] DEBUG fr.expression4j.basic.impl.BinaryOperatorExpressionElement  - Found operator Minus
2822 [main] DEBUG fr.expression4j.basic.impl.BinaryOperatorExpressionElement  - Found operator Minus
2822 [main] DEBUG fr.expression4j.basic.impl.ComplexOrRealExpressionElement  - In parseElement
2822 [main] DEBUG fr.expression4j.basic.impl.ComplexOrRealExpressionElement  - In parseElement
2822 [main] DEBUG fr.expression4j.basic.impl.ComplexOrRealExpressionElement  - In parseElement
2822 [main] DEBUG fr.expression4j.basic.impl.ComplexOrRealExpressionElement  - In parseElement
2822 [main] DEBUG fr.expression4j.basic.impl.ComplexOrRealExpressionElement  - In parseElement
2822 [main] DEBUG fr.expression4j.basic.impl.ComplexOrRealExpressionElement  - start position: 6
2822 [main] DEBUG fr.expression4j.basic.impl.ComplexOrRealExpressionElement  - start position: 6
2822 [main] DEBUG fr.expression4j.basic.impl.ComplexOrRealExpressionElement  - start position: 6
2822 [main] DEBUG fr.expression4j.basic.impl.ComplexOrRealExpressionElement  - start position: 6
2822 [main] DEBUG fr.expression4j.basic.impl.ComplexOrRealExpressionElement  - start position: 6
2822 [main] DEBUG fr.expression4j.basic.impl.BinaryOperatorExpressionElement  - In parseElement.
2822 [main] DEBUG fr.expression4j.basic.impl.BinaryOperatorExpressionElement  - In parseElement.
2822 [main] DEBUG fr.expression4j.basic.impl.BinaryOperatorExpressionElement  - In parseElement.
2822 [main] DEBUG fr.expression4j.basic.impl.BinaryOperatorExpressionElement  - In parseElement.
2822 [main] DEBUG fr.expression4j.basic.impl.BinaryOperatorExpressionElement  - In parseElement.
2822 [main] DEBUG fr.expression4j.basic.impl.BinaryOperatorExpressionElement  - Current end position: 7
2822 [main] DEBUG fr.expression4j.basic.impl.BinaryOperatorExpressionElement  - Current end position: 7
2822 [main] DEBUG fr.expression4j.basic.impl.BinaryOperatorExpressionElement  - Current end position: 7
2822 [main] DEBUG fr.expression4j.basic.impl.BinaryOperatorExpressionElement  - Current end position: 7
2822 [main] DEBUG fr.expression4j.basic.impl.BinaryOperatorExpressionElement  - Current end position: 7
2822 [main] DEBUG fr.expression4j.basic.impl.BinaryOperatorExpressionElement  - In checkOperator.
2822 [main] DEBUG fr.expression4j.basic.impl.BinaryOperatorExpressionElement  - In checkOperator.
2822 [main] DEBUG fr.expression4j.basic.impl.BinaryOperatorExpressionElement  - In checkOperator.
2822 [main] DEBUG fr.expression4j.basic.impl.BinaryOperatorExpressionElement  - In checkOperator.
2822 [main] DEBUG fr.expression4j.basic.impl.BinaryOperatorExpressionElement  - In checkOperator.
2822 [main] DEBUG fr.expression4j.basic.impl.BinaryOperatorExpressionElement  - Operator Pow not found.
2822 [main] DEBUG fr.expression4j.basic.impl.BinaryOperatorExpressionElement  - Operator Pow not found.
2822 [main] DEBUG fr.expression4j.basic.impl.BinaryOperatorExpressionElement  - Operator Pow not found.
2822 [main] DEBUG fr.expression4j.basic.impl.BinaryOperatorExpressionElement  - Operator Pow not found.
2822 [main] DEBUG fr.expression4j.basic.impl.BinaryOperatorExpressionElement  - Operator Pow not found.
2822 [main] DEBUG fr.expression4j.basic.impl.BinaryOperatorExpressionElement  - No operator found.
2822 [main] DEBUG fr.expression4j.basic.impl.BinaryOperatorExpressionElement  - No operator found.
2822 [main] DEBUG fr.expression4j.basic.impl.BinaryOperatorExpressionElement  - No operator found.
2822 [main] DEBUG fr.expression4j.basic.impl.BinaryOperatorExpressionElement  - No operator found.
2822 [main] DEBUG fr.expression4j.basic.impl.BinaryOperatorExpressionElement  - No operator found.
2822 [main] DEBUG fr.expression4j.basic.impl.BinaryOperatorExpressionElement  - In parseElement.
2822 [main] DEBUG fr.expression4j.basic.impl.BinaryOperatorExpressionElement  - In parseElement.
2822 [main] DEBUG fr.expression4j.basic.impl.BinaryOperatorExpressionElement  - In parseElement.
2822 [main] DEBUG fr.expression4j.basic.impl.BinaryOperatorExpressionElement  - In parseElement.
2822 [main] DEBUG fr.expression4j.basic.impl.BinaryOperatorExpressionElement  - In parseElement.
2822 [main] DEBUG fr.expression4j.basic.impl.BinaryOperatorExpressionElement  - Current end position: 7
2822 [main] DEBUG fr.expression4j.basic.impl.BinaryOperatorExpressionElement  - Current end position: 7
2822 [main] DEBUG fr.expression4j.basic.impl.BinaryOperatorExpressionElement  - Current end position: 7
2822 [main] DEBUG fr.expression4j.basic.impl.BinaryOperatorExpressionElement  - Current end position: 7
2822 [main] DEBUG fr.expression4j.basic.impl.BinaryOperatorExpressionElement  - Current end position: 7
2823 [main] DEBUG fr.expression4j.basic.impl.BinaryOperatorExpressionElement  - In checkOperator.
2823 [main] DEBUG fr.expression4j.basic.impl.BinaryOperatorExpressionElement  - In checkOperator.
2823 [main] DEBUG fr.expression4j.basic.impl.BinaryOperatorExpressionElement  - In checkOperator.
2823 [main] DEBUG fr.expression4j.basic.impl.BinaryOperatorExpressionElement  - In checkOperator.
2823 [main] DEBUG fr.expression4j.basic.impl.BinaryOperatorExpressionElement  - In checkOperator.
2823 [main] DEBUG fr.expression4j.basic.impl.BinaryOperatorExpressionElement  - Operator Multiply not found.
2823 [main] DEBUG fr.expression4j.basic.impl.BinaryOperatorExpressionElement  - Operator Multiply not found.
2823 [main] DEBUG fr.expression4j.basic.impl.BinaryOperatorExpressionElement  - Operator Multiply not found.
2823 [main] DEBUG fr.expression4j.basic.impl.BinaryOperatorExpressionElement  - Operator Multiply not found.
2823 [main] DEBUG fr.expression4j.basic.impl.BinaryOperatorExpressionElement  - Operator Multiply not found.
2823 [main] DEBUG fr.expression4j.basic.impl.BinaryOperatorExpressionElement  - In checkOperator.
2823 [main] DEBUG fr.expression4j.basic.impl.BinaryOperatorExpressionElement  - In checkOperator.
2823 [main] DEBUG fr.expression4j.basic.impl.BinaryOperatorExpressionElement  - In checkOperator.
2823 [main] DEBUG fr.expression4j.basic.impl.BinaryOperatorExpressionElement  - In checkOperator.
2823 [main] DEBUG fr.expression4j.basic.impl.BinaryOperatorExpressionElement  - In checkOperator.
2823 [main] DEBUG fr.expression4j.basic.impl.BinaryOperatorExpressionElement  - Operator Divide not found.
2823 [main] DEBUG fr.expression4j.basic.impl.BinaryOperatorExpressionElement  - Operator Divide not found.
2823 [main] DEBUG fr.expression4j.basic.impl.BinaryOperatorExpressionElement  - Operator Divide not found.
2823 [main] DEBUG fr.expression4j.basic.impl.BinaryOperatorExpressionElement  - Operator Divide not found.
2823 [main] DEBUG fr.expression4j.basic.impl.BinaryOperatorExpressionElement  - Operator Divide not found.
2823 [main] DEBUG fr.expression4j.basic.impl.BinaryOperatorExpressionElement  - No operator found.
2823 [main] DEBUG fr.expression4j.basic.impl.BinaryOperatorExpressionElement  - No operator found.
2823 [main] DEBUG fr.expression4j.basic.impl.BinaryOperatorExpressionElement  - No operator found.
2823 [main] DEBUG fr.expression4j.basic.impl.BinaryOperatorExpressionElement  - No operator found.
2823 [main] DEBUG fr.expression4j.basic.impl.BinaryOperatorExpressionElement  - No operator found.
2823 [main] DEBUG fr.expression4j.basic.impl.BinaryOperatorExpressionElement  - In parseElement.
2823 [main] DEBUG fr.expression4j.basic.impl.BinaryOperatorExpressionElement  - In parseElement.
2823 [main] DEBUG fr.expression4j.basic.impl.BinaryOperatorExpressionElement  - In parseElement.
2823 [main] DEBUG fr.expression4j.basic.impl.BinaryOperatorExpressionElement  - In parseElement.
2823 [main] DEBUG fr.expression4j.basic.impl.BinaryOperatorExpressionElement  - In parseElement.
2823 [main] DEBUG fr.expression4j.basic.impl.BinaryOperatorExpressionElement  - Current end position: 7
2823 [main] DEBUG fr.expression4j.basic.impl.BinaryOperatorExpressionElement  - Current end position: 7
2823 [main] DEBUG fr.expression4j.basic.impl.BinaryOperatorExpressionElement  - Current end position: 7
2823 [main] DEBUG fr.expression4j.basic.impl.BinaryOperatorExpressionElement  - Current end position: 7
2823 [main] DEBUG fr.expression4j.basic.impl.BinaryOperatorExpressionElement  - Current end position: 7
2823 [main] DEBUG fr.expression4j.basic.impl.BinaryOperatorExpressionElement  - In checkOperator.
2823 [main] DEBUG fr.expression4j.basic.impl.BinaryOperatorExpressionElement  - In checkOperator.
2823 [main] DEBUG fr.expression4j.basic.impl.BinaryOperatorExpressionElement  - In checkOperator.
2823 [main] DEBUG fr.expression4j.basic.impl.BinaryOperatorExpressionElement  - In checkOperator.
2823 [main] DEBUG fr.expression4j.basic.impl.BinaryOperatorExpressionElement  - In checkOperator.
2823 [main] DEBUG fr.expression4j.basic.impl.BinaryOperatorExpressionElement  - Operator Plus not found.
2823 [main] DEBUG fr.expression4j.basic.impl.BinaryOperatorExpressionElement  - Operator Plus not found.
2823 [main] DEBUG fr.expression4j.basic.impl.BinaryOperatorExpressionElement  - Operator Plus not found.
2823 [main] DEBUG fr.expression4j.basic.impl.BinaryOperatorExpressionElement  - Operator Plus not found.
2823 [main] DEBUG fr.expression4j.basic.impl.BinaryOperatorExpressionElement  - Operator Plus not found.
2823 [main] DEBUG fr.expression4j.basic.impl.BinaryOperatorExpressionElement  - In checkOperator.
2823 [main] DEBUG fr.expression4j.basic.impl.BinaryOperatorExpressionElement  - In checkOperator.
2823 [main] DEBUG fr.expression4j.basic.impl.BinaryOperatorExpressionElement  - In checkOperator.
2823 [main] DEBUG fr.expression4j.basic.impl.BinaryOperatorExpressionElement  - In checkOperator.
2823 [main] DEBUG fr.expression4j.basic.impl.BinaryOperatorExpressionElement  - In checkOperator.
2823 [main] DEBUG fr.expression4j.basic.impl.BinaryOperatorExpressionElement  - Operator Minus not found.
2823 [main] DEBUG fr.expression4j.basic.impl.BinaryOperatorExpressionElement  - Operator Minus not found.
2823 [main] DEBUG fr.expression4j.basic.impl.BinaryOperatorExpressionElement  - Operator Minus not found.
2823 [main] DEBUG fr.expression4j.basic.impl.BinaryOperatorExpressionElement  - Operator Minus not found.
2823 [main] DEBUG fr.expression4j.basic.impl.BinaryOperatorExpressionElement  - Operator Minus not found.
2823 [main] DEBUG fr.expression4j.basic.impl.BinaryOperatorExpressionElement  - No operator found.
2823 [main] DEBUG fr.expression4j.basic.impl.BinaryOperatorExpressionElement  - No operator found.
2823 [main] DEBUG fr.expression4j.basic.impl.BinaryOperatorExpressionElement  - No operator found.
2823 [main] DEBUG fr.expression4j.basic.impl.BinaryOperatorExpressionElement  - No operator found.
2823 [main] DEBUG fr.expression4j.basic.impl.BinaryOperatorExpressionElement  - No operator found.
2824 [main] DEBUG fr.expression4j.basic.impl.ComplexOrRealExpressionElement  - In parseElement
2824 [main] DEBUG fr.expression4j.basic.impl.ComplexOrRealExpressionElement  - In parseElement
2824 [main] DEBUG fr.expression4j.basic.impl.ComplexOrRealExpressionElement  - In parseElement
2824 [main] DEBUG fr.expression4j.basic.impl.ComplexOrRealExpressionElement  - In parseElement
2824 [main] DEBUG fr.expression4j.basic.impl.ComplexOrRealExpressionElement  - In parseElement
2824 [main] DEBUG fr.expression4j.basic.impl.ComplexOrRealExpressionElement  - start position: 8
2824 [main] DEBUG fr.expression4j.basic.impl.ComplexOrRealExpressionElement  - start position: 8
2824 [main] DEBUG fr.expression4j.basic.impl.ComplexOrRealExpressionElement  - start position: 8
2824 [main] DEBUG fr.expression4j.basic.impl.ComplexOrRealExpressionElement  - start position: 8
2824 [main] DEBUG fr.expression4j.basic.impl.ComplexOrRealExpressionElement  - start position: 8
2824 [main] DEBUG fr.expression4j.basic.impl.BinaryOperatorExpressionElement  - In parseElement.
2824 [main] DEBUG fr.expression4j.basic.impl.BinaryOperatorExpressionElement  - In parseElement.
2824 [main] DEBUG fr.expression4j.basic.impl.BinaryOperatorExpressionElement  - In parseElement.
2824 [main] DEBUG fr.expression4j.basic.impl.BinaryOperatorExpressionElement  - In parseElement.
2824 [main] DEBUG fr.expression4j.basic.impl.BinaryOperatorExpressionElement  - In parseElement.
2824 [main] DEBUG fr.expression4j.basic.impl.BinaryOperatorExpressionElement  - Current end position: 9
2824 [main] DEBUG fr.expression4j.basic.impl.BinaryOperatorExpressionElement  - Current end position: 9
2824 [main] DEBUG fr.expression4j.basic.impl.BinaryOperatorExpressionElement  - Current end position: 9
2824 [main] DEBUG fr.expression4j.basic.impl.BinaryOperatorExpressionElement  - Current end position: 9
2824 [main] DEBUG fr.expression4j.basic.impl.BinaryOperatorExpressionElement  - Current end position: 9
2824 [main] DEBUG fr.expression4j.basic.impl.BinaryOperatorExpressionElement  - In checkOperator.
2824 [main] DEBUG fr.expression4j.basic.impl.BinaryOperatorExpressionElement  - In checkOperator.
2824 [main] DEBUG fr.expression4j.basic.impl.BinaryOperatorExpressionElement  - In checkOperator.
2824 [main] DEBUG fr.expression4j.basic.impl.BinaryOperatorExpressionElement  - In checkOperator.
2824 [main] DEBUG fr.expression4j.basic.impl.BinaryOperatorExpressionElement  - In checkOperator.
2824 [main] DEBUG fr.expression4j.basic.impl.BinaryOperatorExpressionElement  - Operator Pow not found.
2824 [main] DEBUG fr.expression4j.basic.impl.BinaryOperatorExpressionElement  - Operator Pow not found.
2824 [main] DEBUG fr.expression4j.basic.impl.BinaryOperatorExpressionElement  - Operator Pow not found.
2824 [main] DEBUG fr.expression4j.basic.impl.BinaryOperatorExpressionElement  - Operator Pow not found.
2824 [main] DEBUG fr.expression4j.basic.impl.BinaryOperatorExpressionElement  - Operator Pow not found.
2824 [main] DEBUG fr.expression4j.basic.impl.BinaryOperatorExpressionElement  - No operator found.
2824 [main] DEBUG fr.expression4j.basic.impl.BinaryOperatorExpressionElement  - No operator found.
2824 [main] DEBUG fr.expression4j.basic.impl.BinaryOperatorExpressionElement  - No operator found.
2824 [main] DEBUG fr.expression4j.basic.impl.BinaryOperatorExpressionElement  - No operator found.
2824 [main] DEBUG fr.expression4j.basic.impl.BinaryOperatorExpressionElement  - No operator found.
2824 [main] DEBUG fr.expression4j.basic.impl.BinaryOperatorExpressionElement  - In parseElement.
2824 [main] DEBUG fr.expression4j.basic.impl.BinaryOperatorExpressionElement  - In parseElement.
2824 [main] DEBUG fr.expression4j.basic.impl.BinaryOperatorExpressionElement  - In parseElement.
2824 [main] DEBUG fr.expression4j.basic.impl.BinaryOperatorExpressionElement  - In parseElement.
2824 [main] DEBUG fr.expression4j.basic.impl.BinaryOperatorExpressionElement  - In parseElement.
2824 [main] DEBUG fr.expression4j.basic.impl.BinaryOperatorExpressionElement  - Current end position: 9
2824 [main] DEBUG fr.expression4j.basic.impl.BinaryOperatorExpressionElement  - Current end position: 9
2824 [main] DEBUG fr.expression4j.basic.impl.BinaryOperatorExpressionElement  - Current end position: 9
2824 [main] DEBUG fr.expression4j.basic.impl.BinaryOperatorExpressionElement  - Current end position: 9
2824 [main] DEBUG fr.expression4j.basic.impl.BinaryOperatorExpressionElement  - Current end position: 9
2824 [main] DEBUG fr.expression4j.basic.impl.BinaryOperatorExpressionElement  - In checkOperator.
2824 [main] DEBUG fr.expression4j.basic.impl.BinaryOperatorExpressionElement  - In checkOperator.
2824 [main] DEBUG fr.expression4j.basic.impl.BinaryOperatorExpressionElement  - In checkOperator.
2824 [main] DEBUG fr.expression4j.basic.impl.BinaryOperatorExpressionElement  - In checkOperator.
2824 [main] DEBUG fr.expression4j.basic.impl.BinaryOperatorExpressionElement  - In checkOperator.
2824 [main] DEBUG fr.expression4j.basic.impl.BinaryOperatorExpressionElement  - Operator Multiply found.
2824 [main] DEBUG fr.expression4j.basic.impl.BinaryOperatorExpressionElement  - Operator Multiply found.
2824 [main] DEBUG fr.expression4j.basic.impl.BinaryOperatorExpressionElement  - Operator Multiply found.
2824 [main] DEBUG fr.expression4j.basic.impl.BinaryOperatorExpressionElement  - Operator Multiply found.
2824 [main] DEBUG fr.expression4j.basic.impl.BinaryOperatorExpressionElement  - Operator Multiply found.
2824 [main] DEBUG fr.expression4j.basic.impl.BinaryOperatorExpressionElement  - Found operator Multiply
2824 [main] DEBUG fr.expression4j.basic.impl.BinaryOperatorExpressionElement  - Found operator Multiply
2824 [main] DEBUG fr.expression4j.basic.impl.BinaryOperatorExpressionElement  - Found operator Multiply
2824 [main] DEBUG fr.expression4j.basic.impl.BinaryOperatorExpressionElement  - Found operator Multiply
2824 [main] DEBUG fr.expression4j.basic.impl.BinaryOperatorExpressionElement  - Found operator Multiply
2825 [main] DEBUG fr.expression4j.basic.impl.ComplexOrRealExpressionElement  - In parseElement
2825 [main] DEBUG fr.expression4j.basic.impl.ComplexOrRealExpressionElement  - In parseElement
2825 [main] DEBUG fr.expression4j.basic.impl.ComplexOrRealExpressionElement  - In parseElement
2825 [main] DEBUG fr.expression4j.basic.impl.ComplexOrRealExpressionElement  - In parseElement
2825 [main] DEBUG fr.expression4j.basic.impl.ComplexOrRealExpressionElement  - In parseElement
2825 [main] DEBUG fr.expression4j.basic.impl.ComplexOrRealExpressionElement  - start position: 10
2825 [main] DEBUG fr.expression4j.basic.impl.ComplexOrRealExpressionElement  - start position: 10
2825 [main] DEBUG fr.expression4j.basic.impl.ComplexOrRealExpressionElement  - start position: 10
2825 [main] DEBUG fr.expression4j.basic.impl.ComplexOrRealExpressionElement  - start position: 10
2825 [main] DEBUG fr.expression4j.basic.impl.ComplexOrRealExpressionElement  - start position: 10
2825 [main] DEBUG fr.expression4j.basic.impl.ComplexOrRealExpressionElement  - In parseElement
2825 [main] DEBUG fr.expression4j.basic.impl.ComplexOrRealExpressionElement  - In parseElement
2825 [main] DEBUG fr.expression4j.basic.impl.ComplexOrRealExpressionElement  - In parseElement
2825 [main] DEBUG fr.expression4j.basic.impl.ComplexOrRealExpressionElement  - In parseElement
2825 [main] DEBUG fr.expression4j.basic.impl.ComplexOrRealExpressionElement  - In parseElement
2825 [main] DEBUG fr.expression4j.basic.impl.ComplexOrRealExpressionElement  - start position: 0
2825 [main] DEBUG fr.expression4j.basic.impl.ComplexOrRealExpressionElement  - start position: 0
2825 [main] DEBUG fr.expression4j.basic.impl.ComplexOrRealExpressionElement  - start position: 0
2825 [main] DEBUG fr.expression4j.basic.impl.ComplexOrRealExpressionElement  - start position: 0
2825 [main] DEBUG fr.expression4j.basic.impl.ComplexOrRealExpressionElement  - start position: 0
2825 [main] DEBUG fr.expression4j.basic.impl.BinaryOperatorExpressionElement  - In parseElement.
2825 [main] DEBUG fr.expression4j.basic.impl.BinaryOperatorExpressionElement  - In parseElement.
2825 [main] DEBUG fr.expression4j.basic.impl.BinaryOperatorExpressionElement  - In parseElement.
2825 [main] DEBUG fr.expression4j.basic.impl.BinaryOperatorExpressionElement  - In parseElement.
2825 [main] DEBUG fr.expression4j.basic.impl.BinaryOperatorExpressionElement  - In parseElement.
2825 [main] DEBUG fr.expression4j.basic.impl.BinaryOperatorExpressionElement  - Current end position: 1
2825 [main] DEBUG fr.expression4j.basic.impl.BinaryOperatorExpressionElement  - Current end position: 1
2825 [main] DEBUG fr.expression4j.basic.impl.BinaryOperatorExpressionElement  - Current end position: 1
2825 [main] DEBUG fr.expression4j.basic.impl.BinaryOperatorExpressionElement  - Current end position: 1
2825 [main] DEBUG fr.expression4j.basic.impl.BinaryOperatorExpressionElement  - Current end position: 1
2825 [main] DEBUG fr.expression4j.basic.impl.BinaryOperatorExpressionElement  - In checkOperator.
2825 [main] DEBUG fr.expression4j.basic.impl.BinaryOperatorExpressionElement  - In checkOperator.
2825 [main] DEBUG fr.expression4j.basic.impl.BinaryOperatorExpressionElement  - In checkOperator.
2825 [main] DEBUG fr.expression4j.basic.impl.BinaryOperatorExpressionElement  - In checkOperator.
2825 [main] DEBUG fr.expression4j.basic.impl.BinaryOperatorExpressionElement  - In checkOperator.
2827 [main] DEBUG fr.expression4j.basic.impl.BinaryOperatorExpressionElement  - Operator Pow not found.
2827 [main] DEBUG fr.expression4j.basic.impl.BinaryOperatorExpressionElement  - Operator Pow not found.
2827 [main] DEBUG fr.expression4j.basic.impl.BinaryOperatorExpressionElement  - Operator Pow not found.
2827 [main] DEBUG fr.expression4j.basic.impl.BinaryOperatorExpressionElement  - Operator Pow not found.
2827 [main] DEBUG fr.expression4j.basic.impl.BinaryOperatorExpressionElement  - Operator Pow not found.
2827 [main] DEBUG fr.expression4j.basic.impl.BinaryOperatorExpressionElement  - No operator found.
2827 [main] DEBUG fr.expression4j.basic.impl.BinaryOperatorExpressionElement  - No operator found.
2827 [main] DEBUG fr.expression4j.basic.impl.BinaryOperatorExpressionElement  - No operator found.
2827 [main] DEBUG fr.expression4j.basic.impl.BinaryOperatorExpressionElement  - No operator found.
2827 [main] DEBUG fr.expression4j.basic.impl.BinaryOperatorExpressionElement  - No operator found.
2827 [main] DEBUG fr.expression4j.basic.impl.BinaryOperatorExpressionElement  - In parseElement.
2827 [main] DEBUG fr.expression4j.basic.impl.BinaryOperatorExpressionElement  - In parseElement.
2827 [main] DEBUG fr.expression4j.basic.impl.BinaryOperatorExpressionElement  - In parseElement.
2827 [main] DEBUG fr.expression4j.basic.impl.BinaryOperatorExpressionElement  - In parseElement.
2827 [main] DEBUG fr.expression4j.basic.impl.BinaryOperatorExpressionElement  - In parseElement.
2827 [main] DEBUG fr.expression4j.basic.impl.BinaryOperatorExpressionElement  - Current end position: 1
2827 [main] DEBUG fr.expression4j.basic.impl.BinaryOperatorExpressionElement  - Current end position: 1
2827 [main] DEBUG fr.expression4j.basic.impl.BinaryOperatorExpressionElement  - Current end position: 1
2827 [main] DEBUG fr.expression4j.basic.impl.BinaryOperatorExpressionElement  - Current end position: 1
2827 [main] DEBUG fr.expression4j.basic.impl.BinaryOperatorExpressionElement  - Current end position: 1
2828 [main] DEBUG fr.expression4j.basic.impl.BinaryOperatorExpressionElement  - In checkOperator.
2828 [main] DEBUG fr.expression4j.basic.impl.BinaryOperatorExpressionElement  - In checkOperator.
2828 [main] DEBUG fr.expression4j.basic.impl.BinaryOperatorExpressionElement  - In checkOperator.
2828 [main] DEBUG fr.expression4j.basic.impl.BinaryOperatorExpressionElement  - In checkOperator.
2828 [main] DEBUG fr.expression4j.basic.impl.BinaryOperatorExpressionElement  - In checkOperator.
2828 [main] DEBUG fr.expression4j.basic.impl.BinaryOperatorExpressionElement  - Operator Multiply not found.
2828 [main] DEBUG fr.expression4j.basic.impl.BinaryOperatorExpressionElement  - Operator Multiply not found.
2828 [main] DEBUG fr.expression4j.basic.impl.BinaryOperatorExpressionElement  - Operator Multiply not found.
2828 [main] DEBUG fr.expression4j.basic.impl.BinaryOperatorExpressionElement  - Operator Multiply not found.
2828 [main] DEBUG fr.expression4j.basic.impl.BinaryOperatorExpressionElement  - Operator Multiply not found.
2828 [main] DEBUG fr.expression4j.basic.impl.BinaryOperatorExpressionElement  - In checkOperator.
2828 [main] DEBUG fr.expression4j.basic.impl.BinaryOperatorExpressionElement  - In checkOperator.
2828 [main] DEBUG fr.expression4j.basic.impl.BinaryOperatorExpressionElement  - In checkOperator.
2828 [main] DEBUG fr.expression4j.basic.impl.BinaryOperatorExpressionElement  - In checkOperator.
2828 [main] DEBUG fr.expression4j.basic.impl.BinaryOperatorExpressionElement  - In checkOperator.
2828 [main] DEBUG fr.expression4j.basic.impl.BinaryOperatorExpressionElement  - Operator Divide not found.
2828 [main] DEBUG fr.expression4j.basic.impl.BinaryOperatorExpressionElement  - Operator Divide not found.
2828 [main] DEBUG fr.expression4j.basic.impl.BinaryOperatorExpressionElement  - Operator Divide not found.
2828 [main] DEBUG fr.expression4j.basic.impl.BinaryOperatorExpressionElement  - Operator Divide not found.
2828 [main] DEBUG fr.expression4j.basic.impl.BinaryOperatorExpressionElement  - Operator Divide not found.
2828 [main] DEBUG fr.expression4j.basic.impl.BinaryOperatorExpressionElement  - No operator found.
2828 [main] DEBUG fr.expression4j.basic.impl.BinaryOperatorExpressionElement  - No operator found.
2828 [main] DEBUG fr.expression4j.basic.impl.BinaryOperatorExpressionElement  - No operator found.
2828 [main] DEBUG fr.expression4j.basic.impl.BinaryOperatorExpressionElement  - No operator found.
2828 [main] DEBUG fr.expression4j.basic.impl.BinaryOperatorExpressionElement  - No operator found.
2828 [main] DEBUG fr.expression4j.basic.impl.BinaryOperatorExpressionElement  - In parseElement.
2828 [main] DEBUG fr.expression4j.basic.impl.BinaryOperatorExpressionElement  - In parseElement.
2828 [main] DEBUG fr.expression4j.basic.impl.BinaryOperatorExpressionElement  - In parseElement.
2828 [main] DEBUG fr.expression4j.basic.impl.BinaryOperatorExpressionElement  - In parseElement.
2828 [main] DEBUG fr.expression4j.basic.impl.BinaryOperatorExpressionElement  - In parseElement.
2828 [main] DEBUG fr.expression4j.basic.impl.BinaryOperatorExpressionElement  - Current end position: 1
2828 [main] DEBUG fr.expression4j.basic.impl.BinaryOperatorExpressionElement  - Current end position: 1
2828 [main] DEBUG fr.expression4j.basic.impl.BinaryOperatorExpressionElement  - Current end position: 1
2828 [main] DEBUG fr.expression4j.basic.impl.BinaryOperatorExpressionElement  - Current end position: 1
2828 [main] DEBUG fr.expression4j.basic.impl.BinaryOperatorExpressionElement  - Current end position: 1
2828 [main] DEBUG fr.expression4j.basic.impl.BinaryOperatorExpressionElement  - In checkOperator.
2828 [main] DEBUG fr.expression4j.basic.impl.BinaryOperatorExpressionElement  - In checkOperator.
2828 [main] DEBUG fr.expression4j.basic.impl.BinaryOperatorExpressionElement  - In checkOperator.
2828 [main] DEBUG fr.expression4j.basic.impl.BinaryOperatorExpressionElement  - In checkOperator.
2828 [main] DEBUG fr.expression4j.basic.impl.BinaryOperatorExpressionElement  - In checkOperator.
2828 [main] DEBUG fr.expression4j.basic.impl.BinaryOperatorExpressionElement  - Operator Plus found.
2828 [main] DEBUG fr.expression4j.basic.impl.BinaryOperatorExpressionElement  - Operator Plus found.
2828 [main] DEBUG fr.expression4j.basic.impl.BinaryOperatorExpressionElement  - Operator Plus found.
2828 [main] DEBUG fr.expression4j.basic.impl.BinaryOperatorExpressionElement  - Operator Plus found.
2828 [main] DEBUG fr.expression4j.basic.impl.BinaryOperatorExpressionElement  - Operator Plus found.
2828 [main] DEBUG fr.expression4j.basic.impl.BinaryOperatorExpressionElement  - Found operator Plus
2828 [main] DEBUG fr.expression4j.basic.impl.BinaryOperatorExpressionElement  - Found operator Plus
2828 [main] DEBUG fr.expression4j.basic.impl.BinaryOperatorExpressionElement  - Found operator Plus
2828 [main] DEBUG fr.expression4j.basic.impl.BinaryOperatorExpressionElement  - Found operator Plus
2828 [main] DEBUG fr.expression4j.basic.impl.BinaryOperatorExpressionElement  - Found operator Plus
2828 [main] DEBUG fr.expression4j.basic.impl.ComplexOrRealExpressionElement  - In parseElement
2828 [main] DEBUG fr.expression4j.basic.impl.ComplexOrRealExpressionElement  - In parseElement
2828 [main] DEBUG fr.expression4j.basic.impl.ComplexOrRealExpressionElement  - In parseElement
2828 [main] DEBUG fr.expression4j.basic.impl.ComplexOrRealExpressionElement  - In parseElement
2828 [main] DEBUG fr.expression4j.basic.impl.ComplexOrRealExpressionElement  - In parseElement
2828 [main] DEBUG fr.expression4j.basic.impl.ComplexOrRealExpressionElement  - start position: 2
2828 [main] DEBUG fr.expression4j.basic.impl.ComplexOrRealExpressionElement  - start position: 2
2828 [main] DEBUG fr.expression4j.basic.impl.ComplexOrRealExpressionElement  - start position: 2
2828 [main] DEBUG fr.expression4j.basic.impl.ComplexOrRealExpressionElement  - start position: 2
2828 [main] DEBUG fr.expression4j.basic.impl.ComplexOrRealExpressionElement  - start position: 2
2829 [main] DEBUG fr.expression4j.basic.impl.BinaryOperatorExpressionElement  - In parseElement.
2829 [main] DEBUG fr.expression4j.basic.impl.BinaryOperatorExpressionElement  - In parseElement.
2829 [main] DEBUG fr.expression4j.basic.impl.BinaryOperatorExpressionElement  - In parseElement.
2829 [main] DEBUG fr.expression4j.basic.impl.BinaryOperatorExpressionElement  - In parseElement.
2829 [main] DEBUG fr.expression4j.basic.impl.BinaryOperatorExpressionElement  - In parseElement.
2829 [main] DEBUG fr.expression4j.basic.impl.BinaryOperatorExpressionElement  - Current end position: 3
2829 [main] DEBUG fr.expression4j.basic.impl.BinaryOperatorExpressionElement  - Current end position: 3
2829 [main] DEBUG fr.expression4j.basic.impl.BinaryOperatorExpressionElement  - Current end position: 3
2829 [main] DEBUG fr.expression4j.basic.impl.BinaryOperatorExpressionElement  - Current end position: 3
2829 [main] DEBUG fr.expression4j.basic.impl.BinaryOperatorExpressionElement  - Current end position: 3
2829 [main] DEBUG fr.expression4j.basic.impl.BinaryOperatorExpressionElement  - In checkOperator.
2829 [main] DEBUG fr.expression4j.basic.impl.BinaryOperatorExpressionElement  - In checkOperator.
2829 [main] DEBUG fr.expression4j.basic.impl.BinaryOperatorExpressionElement  - In checkOperator.
2829 [main] DEBUG fr.expression4j.basic.impl.BinaryOperatorExpressionElement  - In checkOperator.
2829 [main] DEBUG fr.expression4j.basic.impl.BinaryOperatorExpressionElement  - In checkOperator.
2829 [main] DEBUG fr.expression4j.basic.impl.BinaryOperatorExpressionElement  - Operator Pow not found.
2829 [main] DEBUG fr.expression4j.basic.impl.BinaryOperatorExpressionElement  - Operator Pow not found.
2829 [main] DEBUG fr.expression4j.basic.impl.BinaryOperatorExpressionElement  - Operator Pow not found.
2829 [main] DEBUG fr.expression4j.basic.impl.BinaryOperatorExpressionElement  - Operator Pow not found.
2829 [main] DEBUG fr.expression4j.basic.impl.BinaryOperatorExpressionElement  - Operator Pow not found.
2829 [main] DEBUG fr.expression4j.basic.impl.BinaryOperatorExpressionElement  - No operator found.
2829 [main] DEBUG fr.expression4j.basic.impl.BinaryOperatorExpressionElement  - No operator found.
2829 [main] DEBUG fr.expression4j.basic.impl.BinaryOperatorExpressionElement  - No operator found.
2829 [main] DEBUG fr.expression4j.basic.impl.BinaryOperatorExpressionElement  - No operator found.
2829 [main] DEBUG fr.expression4j.basic.impl.BinaryOperatorExpressionElement  - No operator found.
2829 [main] DEBUG fr.expression4j.basic.impl.BinaryOperatorExpressionElement  - In parseElement.
2829 [main] DEBUG fr.expression4j.basic.impl.BinaryOperatorExpressionElement  - In parseElement.
2829 [main] DEBUG fr.expression4j.basic.impl.BinaryOperatorExpressionElement  - In parseElement.
2829 [main] DEBUG fr.expression4j.basic.impl.BinaryOperatorExpressionElement  - In parseElement.
2829 [main] DEBUG fr.expression4j.basic.impl.BinaryOperatorExpressionElement  - In parseElement.
2829 [main] DEBUG fr.expression4j.basic.impl.BinaryOperatorExpressionElement  - Current end position: 3
2829 [main] DEBUG fr.expression4j.basic.impl.BinaryOperatorExpressionElement  - Current end position: 3
2829 [main] DEBUG fr.expression4j.basic.impl.BinaryOperatorExpressionElement  - Current end position: 3
2829 [main] DEBUG fr.expression4j.basic.impl.BinaryOperatorExpressionElement  - Current end position: 3
2829 [main] DEBUG fr.expression4j.basic.impl.BinaryOperatorExpressionElement  - Current end position: 3
2829 [main] DEBUG fr.expression4j.basic.impl.BinaryOperatorExpressionElement  - In checkOperator.
2829 [main] DEBUG fr.expression4j.basic.impl.BinaryOperatorExpressionElement  - In checkOperator.
2829 [main] DEBUG fr.expression4j.basic.impl.BinaryOperatorExpressionElement  - In checkOperator.
2829 [main] DEBUG fr.expression4j.basic.impl.BinaryOperatorExpressionElement  - In checkOperator.
2829 [main] DEBUG fr.expression4j.basic.impl.BinaryOperatorExpressionElement  - In checkOperator.
2829 [main] DEBUG fr.expression4j.basic.impl.BinaryOperatorExpressionElement  - Operator Multiply not found.
2829 [main] DEBUG fr.expression4j.basic.impl.BinaryOperatorExpressionElement  - Operator Multiply not found.
2829 [main] DEBUG fr.expression4j.basic.impl.BinaryOperatorExpressionElement  - Operator Multiply not found.
2829 [main] DEBUG fr.expression4j.basic.impl.BinaryOperatorExpressionElement  - Operator Multiply not found.
2829 [main] DEBUG fr.expression4j.basic.impl.BinaryOperatorExpressionElement  - Operator Multiply not found.
2829 [main] DEBUG fr.expression4j.basic.impl.BinaryOperatorExpressionElement  - In checkOperator.
2829 [main] DEBUG fr.expression4j.basic.impl.BinaryOperatorExpressionElement  - In checkOperator.
2829 [main] DEBUG fr.expression4j.basic.impl.BinaryOperatorExpressionElement  - In checkOperator.
2829 [main] DEBUG fr.expression4j.basic.impl.BinaryOperatorExpressionElement  - In checkOperator.
2829 [main] DEBUG fr.expression4j.basic.impl.BinaryOperatorExpressionElement  - In checkOperator.
2829 [main] DEBUG fr.expression4j.basic.impl.BinaryOperatorExpressionElement  - Operator Divide not found.
2829 [main] DEBUG fr.expression4j.basic.impl.BinaryOperatorExpressionElement  - Operator Divide not found.
2829 [main] DEBUG fr.expression4j.basic.impl.BinaryOperatorExpressionElement  - Operator Divide not found.
2829 [main] DEBUG fr.expression4j.basic.impl.BinaryOperatorExpressionElement  - Operator Divide not found.
2829 [main] DEBUG fr.expression4j.basic.impl.BinaryOperatorExpressionElement  - Operator Divide not found.
2829 [main] DEBUG fr.expression4j.basic.impl.BinaryOperatorExpressionElement  - No operator found.
2829 [main] DEBUG fr.expression4j.basic.impl.BinaryOperatorExpressionElement  - No operator found.
2829 [main] DEBUG fr.expression4j.basic.impl.BinaryOperatorExpressionElement  - No operator found.
2829 [main] DEBUG fr.expression4j.basic.impl.BinaryOperatorExpressionElement  - No operator found.
2829 [main] DEBUG fr.expression4j.basic.impl.BinaryOperatorExpressionElement  - No operator found.
2829 [main] DEBUG fr.expression4j.basic.impl.BinaryOperatorExpressionElement  - In parseElement.
2829 [main] DEBUG fr.expression4j.basic.impl.BinaryOperatorExpressionElement  - In parseElement.
2829 [main] DEBUG fr.expression4j.basic.impl.BinaryOperatorExpressionElement  - In parseElement.
2829 [main] DEBUG fr.expression4j.basic.impl.BinaryOperatorExpressionElement  - In parseElement.
2829 [main] DEBUG fr.expression4j.basic.impl.BinaryOperatorExpressionElement  - In parseElement.
2830 [main] DEBUG fr.expression4j.basic.impl.BinaryOperatorExpressionElement  - Current end position: 3
2830 [main] DEBUG fr.expression4j.basic.impl.BinaryOperatorExpressionElement  - Current end position: 3
2830 [main] DEBUG fr.expression4j.basic.impl.BinaryOperatorExpressionElement  - Current end position: 3
2830 [main] DEBUG fr.expression4j.basic.impl.BinaryOperatorExpressionElement  - Current end position: 3
2830 [main] DEBUG fr.expression4j.basic.impl.BinaryOperatorExpressionElement  - Current end position: 3
2830 [main] DEBUG fr.expression4j.basic.impl.BinaryOperatorExpressionElement  - In checkOperator.
2830 [main] DEBUG fr.expression4j.basic.impl.BinaryOperatorExpressionElement  - In checkOperator.
2830 [main] DEBUG fr.expression4j.basic.impl.BinaryOperatorExpressionElement  - In checkOperator.
2830 [main] DEBUG fr.expression4j.basic.impl.BinaryOperatorExpressionElement  - In checkOperator.
2830 [main] DEBUG fr.expression4j.basic.impl.BinaryOperatorExpressionElement  - In checkOperator.
2830 [main] DEBUG fr.expression4j.basic.impl.BinaryOperatorExpressionElement  - Operator Plus not found.
2830 [main] DEBUG fr.expression4j.basic.impl.BinaryOperatorExpressionElement  - Operator Plus not found.
2830 [main] DEBUG fr.expression4j.basic.impl.BinaryOperatorExpressionElement  - Operator Plus not found.
2830 [main] DEBUG fr.expression4j.basic.impl.BinaryOperatorExpressionElement  - Operator Plus not found.
2830 [main] DEBUG fr.expression4j.basic.impl.BinaryOperatorExpressionElement  - Operator Plus not found.
2830 [main] DEBUG fr.expression4j.basic.impl.BinaryOperatorExpressionElement  - In checkOperator.
2830 [main] DEBUG fr.expression4j.basic.impl.BinaryOperatorExpressionElement  - In checkOperator.
2830 [main] DEBUG fr.expression4j.basic.impl.BinaryOperatorExpressionElement  - In checkOperator.
2830 [main] DEBUG fr.expression4j.basic.impl.BinaryOperatorExpressionElement  - In checkOperator.
2830 [main] DEBUG fr.expression4j.basic.impl.BinaryOperatorExpressionElement  - In checkOperator.
2830 [main] DEBUG fr.expression4j.basic.impl.BinaryOperatorExpressionElement  - Operator Minus not found.
2830 [main] DEBUG fr.expression4j.basic.impl.BinaryOperatorExpressionElement  - Operator Minus not found.
2830 [main] DEBUG fr.expression4j.basic.impl.BinaryOperatorExpressionElement  - Operator Minus not found.
2830 [main] DEBUG fr.expression4j.basic.impl.BinaryOperatorExpressionElement  - Operator Minus not found.
2830 [main] DEBUG fr.expression4j.basic.impl.BinaryOperatorExpressionElement  - Operator Minus not found.
2830 [main] DEBUG fr.expression4j.basic.impl.BinaryOperatorExpressionElement  - No operator found.
2830 [main] DEBUG fr.expression4j.basic.impl.BinaryOperatorExpressionElement  - No operator found.
2830 [main] DEBUG fr.expression4j.basic.impl.BinaryOperatorExpressionElement  - No operator found.
2830 [main] DEBUG fr.expression4j.basic.impl.BinaryOperatorExpressionElement  - No operator found.
2830 [main] DEBUG fr.expression4j.basic.impl.BinaryOperatorExpressionElement  - No operator found.
2830 [main] DEBUG fr.expression4j.basic.impl.ComplexOrRealExpressionElement  - In parseElement
2830 [main] DEBUG fr.expression4j.basic.impl.ComplexOrRealExpressionElement  - In parseElement
2830 [main] DEBUG fr.expression4j.basic.impl.ComplexOrRealExpressionElement  - In parseElement
2830 [main] DEBUG fr.expression4j.basic.impl.ComplexOrRealExpressionElement  - In parseElement
2830 [main] DEBUG fr.expression4j.basic.impl.ComplexOrRealExpressionElement  - In parseElement
2830 [main] DEBUG fr.expression4j.basic.impl.ComplexOrRealExpressionElement  - start position: 4
2830 [main] DEBUG fr.expression4j.basic.impl.ComplexOrRealExpressionElement  - start position: 4
2830 [main] DEBUG fr.expression4j.basic.impl.ComplexOrRealExpressionElement  - start position: 4
2830 [main] DEBUG fr.expression4j.basic.impl.ComplexOrRealExpressionElement  - start position: 4
2830 [main] DEBUG fr.expression4j.basic.impl.ComplexOrRealExpressionElement  - start position: 4
2834 [main] DEBUG fr.expression4j.basic.impl.ComplexOrRealExpressionElement  - In parseElement
2834 [main] DEBUG fr.expression4j.basic.impl.ComplexOrRealExpressionElement  - In parseElement
2834 [main] DEBUG fr.expression4j.basic.impl.ComplexOrRealExpressionElement  - In parseElement
2834 [main] DEBUG fr.expression4j.basic.impl.ComplexOrRealExpressionElement  - In parseElement
2834 [main] DEBUG fr.expression4j.basic.impl.ComplexOrRealExpressionElement  - In parseElement
2834 [main] DEBUG fr.expression4j.basic.impl.ComplexOrRealExpressionElement  - start position: 1
2834 [main] DEBUG fr.expression4j.basic.impl.ComplexOrRealExpressionElement  - start position: 1
2834 [main] DEBUG fr.expression4j.basic.impl.ComplexOrRealExpressionElement  - start position: 1
2834 [main] DEBUG fr.expression4j.basic.impl.ComplexOrRealExpressionElement  - start position: 1
2834 [main] DEBUG fr.expression4j.basic.impl.ComplexOrRealExpressionElement  - start position: 1
2834 [main] DEBUG fr.expression4j.basic.impl.ComplexOrRealExpressionElement  - In parseElement
2834 [main] DEBUG fr.expression4j.basic.impl.ComplexOrRealExpressionElement  - In parseElement
2834 [main] DEBUG fr.expression4j.basic.impl.ComplexOrRealExpressionElement  - In parseElement
2834 [main] DEBUG fr.expression4j.basic.impl.ComplexOrRealExpressionElement  - In parseElement
2834 [main] DEBUG fr.expression4j.basic.impl.ComplexOrRealExpressionElement  - In parseElement
2834 [main] DEBUG fr.expression4j.basic.impl.ComplexOrRealExpressionElement  - start position: 1
2834 [main] DEBUG fr.expression4j.basic.impl.ComplexOrRealExpressionElement  - start position: 1
2834 [main] DEBUG fr.expression4j.basic.impl.ComplexOrRealExpressionElement  - start position: 1
2834 [main] DEBUG fr.expression4j.basic.impl.ComplexOrRealExpressionElement  - start position: 1
2834 [main] DEBUG fr.expression4j.basic.impl.ComplexOrRealExpressionElement  - start position: 1
2834 [main] DEBUG fr.expression4j.basic.impl.ComplexOrRealExpressionElement  - In parseElement
2834 [main] DEBUG fr.expression4j.basic.impl.ComplexOrRealExpressionElement  - In parseElement
2834 [main] DEBUG fr.expression4j.basic.impl.ComplexOrRealExpressionElement  - In parseElement
2834 [main] DEBUG fr.expression4j.basic.impl.ComplexOrRealExpressionElement  - In parseElement
2834 [main] DEBUG fr.expression4j.basic.impl.ComplexOrRealExpressionElement  - In parseElement
2834 [main] DEBUG fr.expression4j.basic.impl.ComplexOrRealExpressionElement  - start position: 1
2834 [main] DEBUG fr.expression4j.basic.impl.ComplexOrRealExpressionElement  - start position: 1
2834 [main] DEBUG fr.expression4j.basic.impl.ComplexOrRealExpressionElement  - start position: 1
2834 [main] DEBUG fr.expression4j.basic.impl.ComplexOrRealExpressionElement  - start position: 1
2834 [main] DEBUG fr.expression4j.basic.impl.ComplexOrRealExpressionElement  - start position: 1
2835 [main] DEBUG fr.expression4j.basic.impl.ComplexOrRealExpressionElement  - In parseElement
2835 [main] DEBUG fr.expression4j.basic.impl.ComplexOrRealExpressionElement  - In parseElement
2835 [main] DEBUG fr.expression4j.basic.impl.ComplexOrRealExpressionElement  - In parseElement
2835 [main] DEBUG fr.expression4j.basic.impl.ComplexOrRealExpressionElement  - In parseElement
2835 [main] DEBUG fr.expression4j.basic.impl.ComplexOrRealExpressionElement  - In parseElement
2835 [main] DEBUG fr.expression4j.basic.impl.ComplexOrRealExpressionElement  - start position: 1
2835 [main] DEBUG fr.expression4j.basic.impl.ComplexOrRealExpressionElement  - start position: 1
2835 [main] DEBUG fr.expression4j.basic.impl.ComplexOrRealExpressionElement  - start position: 1
2835 [main] DEBUG fr.expression4j.basic.impl.ComplexOrRealExpressionElement  - start position: 1
2835 [main] DEBUG fr.expression4j.basic.impl.ComplexOrRealExpressionElement  - start position: 1
2835 [main] DEBUG fr.expression4j.basic.impl.ComplexOrRealExpressionElement  - In parseElement
2835 [main] DEBUG fr.expression4j.basic.impl.ComplexOrRealExpressionElement  - In parseElement
2835 [main] DEBUG fr.expression4j.basic.impl.ComplexOrRealExpressionElement  - In parseElement
2835 [main] DEBUG fr.expression4j.basic.impl.ComplexOrRealExpressionElement  - In parseElement
2835 [main] DEBUG fr.expression4j.basic.impl.ComplexOrRealExpressionElement  - In parseElement
2835 [main] DEBUG fr.expression4j.basic.impl.ComplexOrRealExpressionElement  - start position: 1
2835 [main] DEBUG fr.expression4j.basic.impl.ComplexOrRealExpressionElement  - start position: 1
2835 [main] DEBUG fr.expression4j.basic.impl.ComplexOrRealExpressionElement  - start position: 1
2835 [main] DEBUG fr.expression4j.basic.impl.ComplexOrRealExpressionElement  - start position: 1
2835 [main] DEBUG fr.expression4j.basic.impl.ComplexOrRealExpressionElement  - start position: 1
2835 [main] DEBUG fr.expression4j.basic.impl.ComplexOrRealExpressionElement  - In parseElement
2835 [main] DEBUG fr.expression4j.basic.impl.ComplexOrRealExpressionElement  - In parseElement
2835 [main] DEBUG fr.expression4j.basic.impl.ComplexOrRealExpressionElement  - In parseElement
2835 [main] DEBUG fr.expression4j.basic.impl.ComplexOrRealExpressionElement  - In parseElement
2835 [main] DEBUG fr.expression4j.basic.impl.ComplexOrRealExpressionElement  - In parseElement
2835 [main] DEBUG fr.expression4j.basic.impl.ComplexOrRealExpressionElement  - start position: 1
2835 [main] DEBUG fr.expression4j.basic.impl.ComplexOrRealExpressionElement  - start position: 1
2835 [main] DEBUG fr.expression4j.basic.impl.ComplexOrRealExpressionElement  - start position: 1
2835 [main] DEBUG fr.expression4j.basic.impl.ComplexOrRealExpressionElement  - start position: 1
2835 [main] DEBUG fr.expression4j.basic.impl.ComplexOrRealExpressionElement  - start position: 1
2835 [main] DEBUG fr.expression4j.basic.impl.ComplexOrRealExpressionElement  - In parseElement
2835 [main] DEBUG fr.expression4j.basic.impl.ComplexOrRealExpressionElement  - In parseElement
2835 [main] DEBUG fr.expression4j.basic.impl.ComplexOrRealExpressionElement  - In parseElement
2835 [main] DEBUG fr.expression4j.basic.impl.ComplexOrRealExpressionElement  - In parseElement
2835 [main] DEBUG fr.expression4j.basic.impl.ComplexOrRealExpressionElement  - In parseElement
2835 [main] DEBUG fr.expression4j.basic.impl.ComplexOrRealExpressionElement  - start position: 1
2835 [main] DEBUG fr.expression4j.basic.impl.ComplexOrRealExpressionElement  - start position: 1
2835 [main] DEBUG fr.expression4j.basic.impl.ComplexOrRealExpressionElement  - start position: 1
2835 [main] DEBUG fr.expression4j.basic.impl.ComplexOrRealExpressionElement  - start position: 1
2835 [main] DEBUG fr.expression4j.basic.impl.ComplexOrRealExpressionElement  - start position: 1
2836 [main] DEBUG fr.expression4j.basic.impl.ComplexOrRealExpressionElement  - In parseElement
2836 [main] DEBUG fr.expression4j.basic.impl.ComplexOrRealExpressionElement  - In parseElement
2836 [main] DEBUG fr.expression4j.basic.impl.ComplexOrRealExpressionElement  - In parseElement
2836 [main] DEBUG fr.expression4j.basic.impl.ComplexOrRealExpressionElement  - In parseElement
2836 [main] DEBUG fr.expression4j.basic.impl.ComplexOrRealExpressionElement  - In parseElement
2836 [main] DEBUG fr.expression4j.basic.impl.ComplexOrRealExpressionElement  - start position: 1
2836 [main] DEBUG fr.expression4j.basic.impl.ComplexOrRealExpressionElement  - start position: 1
2836 [main] DEBUG fr.expression4j.basic.impl.ComplexOrRealExpressionElement  - start position: 1
2836 [main] DEBUG fr.expression4j.basic.impl.ComplexOrRealExpressionElement  - start position: 1
2836 [main] DEBUG fr.expression4j.basic.impl.ComplexOrRealExpressionElement  - start position: 1
2836 [main] DEBUG fr.expression4j.basic.impl.ComplexOrRealExpressionElement  - In parseElement
2836 [main] DEBUG fr.expression4j.basic.impl.ComplexOrRealExpressionElement  - In parseElement
2836 [main] DEBUG fr.expression4j.basic.impl.ComplexOrRealExpressionElement  - In parseElement
2836 [main] DEBUG fr.expression4j.basic.impl.ComplexOrRealExpressionElement  - In parseElement
2836 [main] DEBUG fr.expression4j.basic.impl.ComplexOrRealExpressionElement  - In parseElement
2837 [main] DEBUG fr.expression4j.basic.impl.ComplexOrRealExpressionElement  - start position: 1
2837 [main] DEBUG fr.expression4j.basic.impl.ComplexOrRealExpressionElement  - start position: 1
2837 [main] DEBUG fr.expression4j.basic.impl.ComplexOrRealExpressionElement  - start position: 1
2837 [main] DEBUG fr.expression4j.basic.impl.ComplexOrRealExpressionElement  - start position: 1
2837 [main] DEBUG fr.expression4j.basic.impl.ComplexOrRealExpressionElement  - start position: 1
2837 [main] DEBUG fr.expression4j.basic.impl.BinaryOperatorExpressionElement  - In parseElement.
2837 [main] DEBUG fr.expression4j.basic.impl.BinaryOperatorExpressionElement  - In parseElement.
2837 [main] DEBUG fr.expression4j.basic.impl.BinaryOperatorExpressionElement  - In parseElement.
2837 [main] DEBUG fr.expression4j.basic.impl.BinaryOperatorExpressionElement  - In parseElement.
2837 [main] DEBUG fr.expression4j.basic.impl.BinaryOperatorExpressionElement  - In parseElement.
2837 [main] DEBUG fr.expression4j.basic.impl.BinaryOperatorExpressionElement  - Current end position: 2
2837 [main] DEBUG fr.expression4j.basic.impl.BinaryOperatorExpressionElement  - Current end position: 2
2837 [main] DEBUG fr.expression4j.basic.impl.BinaryOperatorExpressionElement  - Current end position: 2
2837 [main] DEBUG fr.expression4j.basic.impl.BinaryOperatorExpressionElement  - Current end position: 2
2837 [main] DEBUG fr.expression4j.basic.impl.BinaryOperatorExpressionElement  - Current end position: 2
2837 [main] DEBUG fr.expression4j.basic.impl.BinaryOperatorExpressionElement  - In checkOperator.
2837 [main] DEBUG fr.expression4j.basic.impl.BinaryOperatorExpressionElement  - In checkOperator.
2837 [main] DEBUG fr.expression4j.basic.impl.BinaryOperatorExpressionElement  - In checkOperator.
2837 [main] DEBUG fr.expression4j.basic.impl.BinaryOperatorExpressionElement  - In checkOperator.
2837 [main] DEBUG fr.expression4j.basic.impl.BinaryOperatorExpressionElement  - In checkOperator.
2837 [main] DEBUG fr.expression4j.basic.impl.BinaryOperatorExpressionElement  - Operator Pow not found.
2837 [main] DEBUG fr.expression4j.basic.impl.BinaryOperatorExpressionElement  - Operator Pow not found.
2837 [main] DEBUG fr.expression4j.basic.impl.BinaryOperatorExpressionElement  - Operator Pow not found.
2837 [main] DEBUG fr.expression4j.basic.impl.BinaryOperatorExpressionElement  - Operator Pow not found.
2837 [main] DEBUG fr.expression4j.basic.impl.BinaryOperatorExpressionElement  - Operator Pow not found.
2837 [main] DEBUG fr.expression4j.basic.impl.BinaryOperatorExpressionElement  - No operator found.
2837 [main] DEBUG fr.expression4j.basic.impl.BinaryOperatorExpressionElement  - No operator found.
2837 [main] DEBUG fr.expression4j.basic.impl.BinaryOperatorExpressionElement  - No operator found.
2837 [main] DEBUG fr.expression4j.basic.impl.BinaryOperatorExpressionElement  - No operator found.
2837 [main] DEBUG fr.expression4j.basic.impl.BinaryOperatorExpressionElement  - No operator found.
2837 [main] DEBUG fr.expression4j.basic.impl.BinaryOperatorExpressionElement  - In parseElement.
2837 [main] DEBUG fr.expression4j.basic.impl.BinaryOperatorExpressionElement  - In parseElement.
2837 [main] DEBUG fr.expression4j.basic.impl.BinaryOperatorExpressionElement  - In parseElement.
2837 [main] DEBUG fr.expression4j.basic.impl.BinaryOperatorExpressionElement  - In parseElement.
2837 [main] DEBUG fr.expression4j.basic.impl.BinaryOperatorExpressionElement  - In parseElement.
2837 [main] DEBUG fr.expression4j.basic.impl.BinaryOperatorExpressionElement  - Current end position: 2
2837 [main] DEBUG fr.expression4j.basic.impl.BinaryOperatorExpressionElement  - Current end position: 2
2837 [main] DEBUG fr.expression4j.basic.impl.BinaryOperatorExpressionElement  - Current end position: 2
2837 [main] DEBUG fr.expression4j.basic.impl.BinaryOperatorExpressionElement  - Current end position: 2
2837 [main] DEBUG fr.expression4j.basic.impl.BinaryOperatorExpressionElement  - Current end position: 2
2837 [main] DEBUG fr.expression4j.basic.impl.BinaryOperatorExpressionElement  - In checkOperator.
2837 [main] DEBUG fr.expression4j.basic.impl.BinaryOperatorExpressionElement  - In checkOperator.
2837 [main] DEBUG fr.expression4j.basic.impl.BinaryOperatorExpressionElement  - In checkOperator.
2837 [main] DEBUG fr.expression4j.basic.impl.BinaryOperatorExpressionElement  - In checkOperator.
2837 [main] DEBUG fr.expression4j.basic.impl.BinaryOperatorExpressionElement  - In checkOperator.
2837 [main] DEBUG fr.expression4j.basic.impl.BinaryOperatorExpressionElement  - Operator Multiply not found.
2837 [main] DEBUG fr.expression4j.basic.impl.BinaryOperatorExpressionElement  - Operator Multiply not found.
2837 [main] DEBUG fr.expression4j.basic.impl.BinaryOperatorExpressionElement  - Operator Multiply not found.
2837 [main] DEBUG fr.expression4j.basic.impl.BinaryOperatorExpressionElement  - Operator Multiply not found.
2837 [main] DEBUG fr.expression4j.basic.impl.BinaryOperatorExpressionElement  - Operator Multiply not found.
2839 [main] DEBUG fr.expression4j.basic.impl.BinaryOperatorExpressionElement  - In checkOperator.
2839 [main] DEBUG fr.expression4j.basic.impl.BinaryOperatorExpressionElement  - In checkOperator.
2839 [main] DEBUG fr.expression4j.basic.impl.BinaryOperatorExpressionElement  - In checkOperator.
2839 [main] DEBUG fr.expression4j.basic.impl.BinaryOperatorExpressionElement  - In checkOperator.
2839 [main] DEBUG fr.expression4j.basic.impl.BinaryOperatorExpressionElement  - In checkOperator.
2839 [main] DEBUG fr.expression4j.basic.impl.BinaryOperatorExpressionElement  - Operator Divide not found.
2839 [main] DEBUG fr.expression4j.basic.impl.BinaryOperatorExpressionElement  - Operator Divide not found.
2839 [main] DEBUG fr.expression4j.basic.impl.BinaryOperatorExpressionElement  - Operator Divide not found.
2839 [main] DEBUG fr.expression4j.basic.impl.BinaryOperatorExpressionElement  - Operator Divide not found.
2839 [main] DEBUG fr.expression4j.basic.impl.BinaryOperatorExpressionElement  - Operator Divide not found.
2839 [main] DEBUG fr.expression4j.basic.impl.BinaryOperatorExpressionElement  - No operator found.
2839 [main] DEBUG fr.expression4j.basic.impl.BinaryOperatorExpressionElement  - No operator found.
2839 [main] DEBUG fr.expression4j.basic.impl.BinaryOperatorExpressionElement  - No operator found.
2839 [main] DEBUG fr.expression4j.basic.impl.BinaryOperatorExpressionElement  - No operator found.
2839 [main] DEBUG fr.expression4j.basic.impl.BinaryOperatorExpressionElement  - No operator found.
2839 [main] DEBUG fr.expression4j.basic.impl.BinaryOperatorExpressionElement  - In parseElement.
2839 [main] DEBUG fr.expression4j.basic.impl.BinaryOperatorExpressionElement  - In parseElement.
2839 [main] DEBUG fr.expression4j.basic.impl.BinaryOperatorExpressionElement  - In parseElement.
2839 [main] DEBUG fr.expression4j.basic.impl.BinaryOperatorExpressionElement  - In parseElement.
2839 [main] DEBUG fr.expression4j.basic.impl.BinaryOperatorExpressionElement  - In parseElement.
2842 [main] DEBUG fr.expression4j.basic.impl.BinaryOperatorExpressionElement  - Current end position: 2
2842 [main] DEBUG fr.expression4j.basic.impl.BinaryOperatorExpressionElement  - Current end position: 2
2842 [main] DEBUG fr.expression4j.basic.impl.BinaryOperatorExpressionElement  - Current end position: 2
2842 [main] DEBUG fr.expression4j.basic.impl.BinaryOperatorExpressionElement  - Current end position: 2
2842 [main] DEBUG fr.expression4j.basic.impl.BinaryOperatorExpressionElement  - Current end position: 2
2842 [main] DEBUG fr.expression4j.basic.impl.BinaryOperatorExpressionElement  - In checkOperator.
2842 [main] DEBUG fr.expression4j.basic.impl.BinaryOperatorExpressionElement  - In checkOperator.
2842 [main] DEBUG fr.expression4j.basic.impl.BinaryOperatorExpressionElement  - In checkOperator.
2842 [main] DEBUG fr.expression4j.basic.impl.BinaryOperatorExpressionElement  - In checkOperator.
2842 [main] DEBUG fr.expression4j.basic.impl.BinaryOperatorExpressionElement  - In checkOperator.
2843 [main] DEBUG fr.expression4j.basic.impl.BinaryOperatorExpressionElement  - Operator Plus not found.
2843 [main] DEBUG fr.expression4j.basic.impl.BinaryOperatorExpressionElement  - Operator Plus not found.
2843 [main] DEBUG fr.expression4j.basic.impl.BinaryOperatorExpressionElement  - Operator Plus not found.
2843 [main] DEBUG fr.expression4j.basic.impl.BinaryOperatorExpressionElement  - Operator Plus not found.
2843 [main] DEBUG fr.expression4j.basic.impl.BinaryOperatorExpressionElement  - Operator Plus not found.
2843 [main] DEBUG fr.expression4j.basic.impl.BinaryOperatorExpressionElement  - In checkOperator.
2843 [main] DEBUG fr.expression4j.basic.impl.BinaryOperatorExpressionElement  - In checkOperator.
2843 [main] DEBUG fr.expression4j.basic.impl.BinaryOperatorExpressionElement  - In checkOperator.
2843 [main] DEBUG fr.expression4j.basic.impl.BinaryOperatorExpressionElement  - In checkOperator.
2843 [main] DEBUG fr.expression4j.basic.impl.BinaryOperatorExpressionElement  - In checkOperator.
2843 [main] DEBUG fr.expression4j.basic.impl.BinaryOperatorExpressionElement  - Operator Minus not found.
2843 [main] DEBUG fr.expression4j.basic.impl.BinaryOperatorExpressionElement  - Operator Minus not found.
2843 [main] DEBUG fr.expression4j.basic.impl.BinaryOperatorExpressionElement  - Operator Minus not found.
2843 [main] DEBUG fr.expression4j.basic.impl.BinaryOperatorExpressionElement  - Operator Minus not found.
2843 [main] DEBUG fr.expression4j.basic.impl.BinaryOperatorExpressionElement  - Operator Minus not found.
2843 [main] DEBUG fr.expression4j.basic.impl.BinaryOperatorExpressionElement  - No operator found.
2843 [main] DEBUG fr.expression4j.basic.impl.BinaryOperatorExpressionElement  - No operator found.
2843 [main] DEBUG fr.expression4j.basic.impl.BinaryOperatorExpressionElement  - No operator found.
2843 [main] DEBUG fr.expression4j.basic.impl.BinaryOperatorExpressionElement  - No operator found.
2843 [main] DEBUG fr.expression4j.basic.impl.BinaryOperatorExpressionElement  - No operator found.
2843 [main] DEBUG fr.expression4j.basic.impl.ComplexOrRealExpressionElement  - In parseElement
2843 [main] DEBUG fr.expression4j.basic.impl.ComplexOrRealExpressionElement  - In parseElement
2843 [main] DEBUG fr.expression4j.basic.impl.ComplexOrRealExpressionElement  - In parseElement
2843 [main] DEBUG fr.expression4j.basic.impl.ComplexOrRealExpressionElement  - In parseElement
2843 [main] DEBUG fr.expression4j.basic.impl.ComplexOrRealExpressionElement  - In parseElement
2843 [main] DEBUG fr.expression4j.basic.impl.ComplexOrRealExpressionElement  - start position: 1
2843 [main] DEBUG fr.expression4j.basic.impl.ComplexOrRealExpressionElement  - start position: 1
2843 [main] DEBUG fr.expression4j.basic.impl.ComplexOrRealExpressionElement  - start position: 1
2843 [main] DEBUG fr.expression4j.basic.impl.ComplexOrRealExpressionElement  - start position: 1
2843 [main] DEBUG fr.expression4j.basic.impl.ComplexOrRealExpressionElement  - start position: 1
2843 [main] DEBUG fr.expression4j.basic.impl.ComplexOrRealExpressionElement  - In parseElement
2843 [main] DEBUG fr.expression4j.basic.impl.ComplexOrRealExpressionElement  - In parseElement
2843 [main] DEBUG fr.expression4j.basic.impl.ComplexOrRealExpressionElement  - In parseElement
2843 [main] DEBUG fr.expression4j.basic.impl.ComplexOrRealExpressionElement  - In parseElement
2843 [main] DEBUG fr.expression4j.basic.impl.ComplexOrRealExpressionElement  - In parseElement
2843 [main] DEBUG fr.expression4j.basic.impl.ComplexOrRealExpressionElement  - start position: 2
2843 [main] DEBUG fr.expression4j.basic.impl.ComplexOrRealExpressionElement  - start position: 2
2843 [main] DEBUG fr.expression4j.basic.impl.ComplexOrRealExpressionElement  - start position: 2
2843 [main] DEBUG fr.expression4j.basic.impl.ComplexOrRealExpressionElement  - start position: 2
2843 [main] DEBUG fr.expression4j.basic.impl.ComplexOrRealExpressionElement  - start position: 2
2843 [main] DEBUG fr.expression4j.basic.impl.ComplexOrRealExpressionElement  - In parseElement
2843 [main] DEBUG fr.expression4j.basic.impl.ComplexOrRealExpressionElement  - In parseElement
2843 [main] DEBUG fr.expression4j.basic.impl.ComplexOrRealExpressionElement  - In parseElement
2843 [main] DEBUG fr.expression4j.basic.impl.ComplexOrRealExpressionElement  - In parseElement
2843 [main] DEBUG fr.expression4j.basic.impl.ComplexOrRealExpressionElement  - In parseElement
2843 [main] DEBUG fr.expression4j.basic.impl.ComplexOrRealExpressionElement  - start position: 3
2843 [main] DEBUG fr.expression4j.basic.impl.ComplexOrRealExpressionElement  - start position: 3
2843 [main] DEBUG fr.expression4j.basic.impl.ComplexOrRealExpressionElement  - start position: 3
2843 [main] DEBUG fr.expression4j.basic.impl.ComplexOrRealExpressionElement  - start position: 3
2843 [main] DEBUG fr.expression4j.basic.impl.ComplexOrRealExpressionElement  - start position: 3
2844 [main] DEBUG fr.expression4j.basic.impl.ComplexOrRealExpressionElement  - In parseElement
2844 [main] DEBUG fr.expression4j.basic.impl.ComplexOrRealExpressionElement  - In parseElement
2844 [main] DEBUG fr.expression4j.basic.impl.ComplexOrRealExpressionElement  - In parseElement
2844 [main] DEBUG fr.expression4j.basic.impl.ComplexOrRealExpressionElement  - In parseElement
2844 [main] DEBUG fr.expression4j.basic.impl.ComplexOrRealExpressionElement  - In parseElement
2844 [main] DEBUG fr.expression4j.basic.impl.ComplexOrRealExpressionElement  - start position: 4
2844 [main] DEBUG fr.expression4j.basic.impl.ComplexOrRealExpressionElement  - start position: 4
2844 [main] DEBUG fr.expression4j.basic.impl.ComplexOrRealExpressionElement  - start position: 4
2844 [main] DEBUG fr.expression4j.basic.impl.ComplexOrRealExpressionElement  - start position: 4
2844 [main] DEBUG fr.expression4j.basic.impl.ComplexOrRealExpressionElement  - start position: 4
2844 [main] DEBUG fr.expression4j.basic.impl.BinaryOperatorExpressionElement  - In parseElement.
2844 [main] DEBUG fr.expression4j.basic.impl.BinaryOperatorExpressionElement  - In parseElement.
2844 [main] DEBUG fr.expression4j.basic.impl.BinaryOperatorExpressionElement  - In parseElement.
2844 [main] DEBUG fr.expression4j.basic.impl.BinaryOperatorExpressionElement  - In parseElement.
2844 [main] DEBUG fr.expression4j.basic.impl.BinaryOperatorExpressionElement  - In parseElement.
2844 [main] DEBUG fr.expression4j.basic.impl.BinaryOperatorExpressionElement  - Current end position: 5
2844 [main] DEBUG fr.expression4j.basic.impl.BinaryOperatorExpressionElement  - Current end position: 5
2844 [main] DEBUG fr.expression4j.basic.impl.BinaryOperatorExpressionElement  - Current end position: 5
2844 [main] DEBUG fr.expression4j.basic.impl.BinaryOperatorExpressionElement  - Current end position: 5
2844 [main] DEBUG fr.expression4j.basic.impl.BinaryOperatorExpressionElement  - Current end position: 5
2844 [main] DEBUG fr.expression4j.basic.impl.BinaryOperatorExpressionElement  - In checkOperator.
2844 [main] DEBUG fr.expression4j.basic.impl.BinaryOperatorExpressionElement  - In checkOperator.
2844 [main] DEBUG fr.expression4j.basic.impl.BinaryOperatorExpressionElement  - In checkOperator.
2844 [main] DEBUG fr.expression4j.basic.impl.BinaryOperatorExpressionElement  - In checkOperator.
2844 [main] DEBUG fr.expression4j.basic.impl.BinaryOperatorExpressionElement  - In checkOperator.
2844 [main] DEBUG fr.expression4j.basic.impl.BinaryOperatorExpressionElement  - Operator Pow not found.
2844 [main] DEBUG fr.expression4j.basic.impl.BinaryOperatorExpressionElement  - Operator Pow not found.
2844 [main] DEBUG fr.expression4j.basic.impl.BinaryOperatorExpressionElement  - Operator Pow not found.
2844 [main] DEBUG fr.expression4j.basic.impl.BinaryOperatorExpressionElement  - Operator Pow not found.
2844 [main] DEBUG fr.expression4j.basic.impl.BinaryOperatorExpressionElement  - Operator Pow not found.
2844 [main] DEBUG fr.expression4j.basic.impl.BinaryOperatorExpressionElement  - No operator found.
2844 [main] DEBUG fr.expression4j.basic.impl.BinaryOperatorExpressionElement  - No operator found.
2844 [main] DEBUG fr.expression4j.basic.impl.BinaryOperatorExpressionElement  - No operator found.
2844 [main] DEBUG fr.expression4j.basic.impl.BinaryOperatorExpressionElement  - No operator found.
2844 [main] DEBUG fr.expression4j.basic.impl.BinaryOperatorExpressionElement  - No operator found.
2844 [main] DEBUG fr.expression4j.basic.impl.BinaryOperatorExpressionElement  - In parseElement.
2844 [main] DEBUG fr.expression4j.basic.impl.BinaryOperatorExpressionElement  - In parseElement.
2844 [main] DEBUG fr.expression4j.basic.impl.BinaryOperatorExpressionElement  - In parseElement.
2844 [main] DEBUG fr.expression4j.basic.impl.BinaryOperatorExpressionElement  - In parseElement.
2844 [main] DEBUG fr.expression4j.basic.impl.BinaryOperatorExpressionElement  - In parseElement.
2844 [main] DEBUG fr.expression4j.basic.impl.BinaryOperatorExpressionElement  - Current end position: 5
2844 [main] DEBUG fr.expression4j.basic.impl.BinaryOperatorExpressionElement  - Current end position: 5
2844 [main] DEBUG fr.expression4j.basic.impl.BinaryOperatorExpressionElement  - Current end position: 5
2844 [main] DEBUG fr.expression4j.basic.impl.BinaryOperatorExpressionElement  - Current end position: 5
2844 [main] DEBUG fr.expression4j.basic.impl.BinaryOperatorExpressionElement  - Current end position: 5
2844 [main] DEBUG fr.expression4j.basic.impl.BinaryOperatorExpressionElement  - In checkOperator.
2844 [main] DEBUG fr.expression4j.basic.impl.BinaryOperatorExpressionElement  - In checkOperator.
2844 [main] DEBUG fr.expression4j.basic.impl.BinaryOperatorExpressionElement  - In checkOperator.
2844 [main] DEBUG fr.expression4j.basic.impl.BinaryOperatorExpressionElement  - In checkOperator.
2844 [main] DEBUG fr.expression4j.basic.impl.BinaryOperatorExpressionElement  - In checkOperator.
2844 [main] DEBUG fr.expression4j.basic.impl.BinaryOperatorExpressionElement  - Operator Multiply not found.
2844 [main] DEBUG fr.expression4j.basic.impl.BinaryOperatorExpressionElement  - Operator Multiply not found.
2844 [main] DEBUG fr.expression4j.basic.impl.BinaryOperatorExpressionElement  - Operator Multiply not found.
2844 [main] DEBUG fr.expression4j.basic.impl.BinaryOperatorExpressionElement  - Operator Multiply not found.
2844 [main] DEBUG fr.expression4j.basic.impl.BinaryOperatorExpressionElement  - Operator Multiply not found.
2844 [main] DEBUG fr.expression4j.basic.impl.BinaryOperatorExpressionElement  - In checkOperator.
2844 [main] DEBUG fr.expression4j.basic.impl.BinaryOperatorExpressionElement  - In checkOperator.
2844 [main] DEBUG fr.expression4j.basic.impl.BinaryOperatorExpressionElement  - In checkOperator.
2844 [main] DEBUG fr.expression4j.basic.impl.BinaryOperatorExpressionElement  - In checkOperator.
2844 [main] DEBUG fr.expression4j.basic.impl.BinaryOperatorExpressionElement  - In checkOperator.
2845 [main] DEBUG fr.expression4j.basic.impl.BinaryOperatorExpressionElement  - Operator Divide not found.
2845 [main] DEBUG fr.expression4j.basic.impl.BinaryOperatorExpressionElement  - Operator Divide not found.
2845 [main] DEBUG fr.expression4j.basic.impl.BinaryOperatorExpressionElement  - Operator Divide not found.
2845 [main] DEBUG fr.expression4j.basic.impl.BinaryOperatorExpressionElement  - Operator Divide not found.
2845 [main] DEBUG fr.expression4j.basic.impl.BinaryOperatorExpressionElement  - Operator Divide not found.
2845 [main] DEBUG fr.expression4j.basic.impl.BinaryOperatorExpressionElement  - No operator found.
2845 [main] DEBUG fr.expression4j.basic.impl.BinaryOperatorExpressionElement  - No operator found.
2845 [main] DEBUG fr.expression4j.basic.impl.BinaryOperatorExpressionElement  - No operator found.
2845 [main] DEBUG fr.expression4j.basic.impl.BinaryOperatorExpressionElement  - No operator found.
2845 [main] DEBUG fr.expression4j.basic.impl.BinaryOperatorExpressionElement  - No operator found.
2845 [main] DEBUG fr.expression4j.basic.impl.BinaryOperatorExpressionElement  - In parseElement.
2845 [main] DEBUG fr.expression4j.basic.impl.BinaryOperatorExpressionElement  - In parseElement.
2845 [main] DEBUG fr.expression4j.basic.impl.BinaryOperatorExpressionElement  - In parseElement.
2845 [main] DEBUG fr.expression4j.basic.impl.BinaryOperatorExpressionElement  - In parseElement.
2845 [main] DEBUG fr.expression4j.basic.impl.BinaryOperatorExpressionElement  - In parseElement.
2845 [main] DEBUG fr.expression4j.basic.impl.BinaryOperatorExpressionElement  - Current end position: 5
2845 [main] DEBUG fr.expression4j.basic.impl.BinaryOperatorExpressionElement  - Current end position: 5
2845 [main] DEBUG fr.expression4j.basic.impl.BinaryOperatorExpressionElement  - Current end position: 5
2845 [main] DEBUG fr.expression4j.basic.impl.BinaryOperatorExpressionElement  - Current end position: 5
2845 [main] DEBUG fr.expression4j.basic.impl.BinaryOperatorExpressionElement  - Current end position: 5
2845 [main] DEBUG fr.expression4j.basic.impl.BinaryOperatorExpressionElement  - In checkOperator.
2845 [main] DEBUG fr.expression4j.basic.impl.BinaryOperatorExpressionElement  - In checkOperator.
2845 [main] DEBUG fr.expression4j.basic.impl.BinaryOperatorExpressionElement  - In checkOperator.
2845 [main] DEBUG fr.expression4j.basic.impl.BinaryOperatorExpressionElement  - In checkOperator.
2845 [main] DEBUG fr.expression4j.basic.impl.BinaryOperatorExpressionElement  - In checkOperator.
2845 [main] DEBUG fr.expression4j.basic.impl.BinaryOperatorExpressionElement  - Operator Plus not found.
2845 [main] DEBUG fr.expression4j.basic.impl.BinaryOperatorExpressionElement  - Operator Plus not found.
2845 [main] DEBUG fr.expression4j.basic.impl.BinaryOperatorExpressionElement  - Operator Plus not found.
2845 [main] DEBUG fr.expression4j.basic.impl.BinaryOperatorExpressionElement  - Operator Plus not found.
2845 [main] DEBUG fr.expression4j.basic.impl.BinaryOperatorExpressionElement  - Operator Plus not found.
2845 [main] DEBUG fr.expression4j.basic.impl.BinaryOperatorExpressionElement  - In checkOperator.
2845 [main] DEBUG fr.expression4j.basic.impl.BinaryOperatorExpressionElement  - In checkOperator.
2845 [main] DEBUG fr.expression4j.basic.impl.BinaryOperatorExpressionElement  - In checkOperator.
2845 [main] DEBUG fr.expression4j.basic.impl.BinaryOperatorExpressionElement  - In checkOperator.
2845 [main] DEBUG fr.expression4j.basic.impl.BinaryOperatorExpressionElement  - In checkOperator.
2845 [main] DEBUG fr.expression4j.basic.impl.BinaryOperatorExpressionElement  - Operator Minus not found.
2845 [main] DEBUG fr.expression4j.basic.impl.BinaryOperatorExpressionElement  - Operator Minus not found.
2845 [main] DEBUG fr.expression4j.basic.impl.BinaryOperatorExpressionElement  - Operator Minus not found.
2845 [main] DEBUG fr.expression4j.basic.impl.BinaryOperatorExpressionElement  - Operator Minus not found.
2845 [main] DEBUG fr.expression4j.basic.impl.BinaryOperatorExpressionElement  - Operator Minus not found.
2845 [main] DEBUG fr.expression4j.basic.impl.BinaryOperatorExpressionElement  - No operator found.
2845 [main] DEBUG fr.expression4j.basic.impl.BinaryOperatorExpressionElement  - No operator found.
2845 [main] DEBUG fr.expression4j.basic.impl.BinaryOperatorExpressionElement  - No operator found.
2845 [main] DEBUG fr.expression4j.basic.impl.BinaryOperatorExpressionElement  - No operator found.
2845 [main] DEBUG fr.expression4j.basic.impl.BinaryOperatorExpressionElement  - No operator found.
2845 [main] DEBUG fr.expression4j.basic.impl.BinaryOperatorExpressionElement  - In parseElement.
2845 [main] DEBUG fr.expression4j.basic.impl.BinaryOperatorExpressionElement  - In parseElement.
2845 [main] DEBUG fr.expression4j.basic.impl.BinaryOperatorExpressionElement  - In parseElement.
2845 [main] DEBUG fr.expression4j.basic.impl.BinaryOperatorExpressionElement  - In parseElement.
2845 [main] DEBUG fr.expression4j.basic.impl.BinaryOperatorExpressionElement  - In parseElement.
2845 [main] DEBUG fr.expression4j.basic.impl.BinaryOperatorExpressionElement  - Current end position: 6
2845 [main] DEBUG fr.expression4j.basic.impl.BinaryOperatorExpressionElement  - Current end position: 6
2845 [main] DEBUG fr.expression4j.basic.impl.BinaryOperatorExpressionElement  - Current end position: 6
2845 [main] DEBUG fr.expression4j.basic.impl.BinaryOperatorExpressionElement  - Current end position: 6
2845 [main] DEBUG fr.expression4j.basic.impl.BinaryOperatorExpressionElement  - Current end position: 6
2845 [main] DEBUG fr.expression4j.basic.impl.BinaryOperatorExpressionElement  - In checkOperator.
2845 [main] DEBUG fr.expression4j.basic.impl.BinaryOperatorExpressionElement  - In checkOperator.
2845 [main] DEBUG fr.expression4j.basic.impl.BinaryOperatorExpressionElement  - In checkOperator.
2845 [main] DEBUG fr.expression4j.basic.impl.BinaryOperatorExpressionElement  - In checkOperator.
2845 [main] DEBUG fr.expression4j.basic.impl.BinaryOperatorExpressionElement  - In checkOperator.
2845 [main] DEBUG fr.expression4j.basic.impl.BinaryOperatorExpressionElement  - Operator Pow not found.
2845 [main] DEBUG fr.expression4j.basic.impl.BinaryOperatorExpressionElement  - Operator Pow not found.
2845 [main] DEBUG fr.expression4j.basic.impl.BinaryOperatorExpressionElement  - Operator Pow not found.
2845 [main] DEBUG fr.expression4j.basic.impl.BinaryOperatorExpressionElement  - Operator Pow not found.
2845 [main] DEBUG fr.expression4j.basic.impl.BinaryOperatorExpressionElement  - Operator Pow not found.
2846 [main] DEBUG fr.expression4j.basic.impl.BinaryOperatorExpressionElement  - No operator found.
2846 [main] DEBUG fr.expression4j.basic.impl.BinaryOperatorExpressionElement  - No operator found.
2846 [main] DEBUG fr.expression4j.basic.impl.BinaryOperatorExpressionElement  - No operator found.
2846 [main] DEBUG fr.expression4j.basic.impl.BinaryOperatorExpressionElement  - No operator found.
2846 [main] DEBUG fr.expression4j.basic.impl.BinaryOperatorExpressionElement  - No operator found.
2846 [main] DEBUG fr.expression4j.basic.impl.BinaryOperatorExpressionElement  - In parseElement.
2846 [main] DEBUG fr.expression4j.basic.impl.BinaryOperatorExpressionElement  - In parseElement.
2846 [main] DEBUG fr.expression4j.basic.impl.BinaryOperatorExpressionElement  - In parseElement.
2846 [main] DEBUG fr.expression4j.basic.impl.BinaryOperatorExpressionElement  - In parseElement.
2846 [main] DEBUG fr.expression4j.basic.impl.BinaryOperatorExpressionElement  - In parseElement.
2846 [main] DEBUG fr.expression4j.basic.impl.BinaryOperatorExpressionElement  - Current end position: 6
2846 [main] DEBUG fr.expression4j.basic.impl.BinaryOperatorExpressionElement  - Current end position: 6
2846 [main] DEBUG fr.expression4j.basic.impl.BinaryOperatorExpressionElement  - Current end position: 6
2846 [main] DEBUG fr.expression4j.basic.impl.BinaryOperatorExpressionElement  - Current end position: 6
2846 [main] DEBUG fr.expression4j.basic.impl.BinaryOperatorExpressionElement  - Current end position: 6
2846 [main] DEBUG fr.expression4j.basic.impl.BinaryOperatorExpressionElement  - In checkOperator.
2846 [main] DEBUG fr.expression4j.basic.impl.BinaryOperatorExpressionElement  - In checkOperator.
2846 [main] DEBUG fr.expression4j.basic.impl.BinaryOperatorExpressionElement  - In checkOperator.
2846 [main] DEBUG fr.expression4j.basic.impl.BinaryOperatorExpressionElement  - In checkOperator.
2846 [main] DEBUG fr.expression4j.basic.impl.BinaryOperatorExpressionElement  - In checkOperator.
2846 [main] DEBUG fr.expression4j.basic.impl.BinaryOperatorExpressionElement  - Operator Multiply not found.
2846 [main] DEBUG fr.expression4j.basic.impl.BinaryOperatorExpressionElement  - Operator Multiply not found.
2846 [main] DEBUG fr.expression4j.basic.impl.BinaryOperatorExpressionElement  - Operator Multiply not found.
2846 [main] DEBUG fr.expression4j.basic.impl.BinaryOperatorExpressionElement  - Operator Multiply not found.
2846 [main] DEBUG fr.expression4j.basic.impl.BinaryOperatorExpressionElement  - Operator Multiply not found.
2846 [main] DEBUG fr.expression4j.basic.impl.BinaryOperatorExpressionElement  - In checkOperator.
2846 [main] DEBUG fr.expression4j.basic.impl.BinaryOperatorExpressionElement  - In checkOperator.
2846 [main] DEBUG fr.expression4j.basic.impl.BinaryOperatorExpressionElement  - In checkOperator.
2846 [main] DEBUG fr.expression4j.basic.impl.BinaryOperatorExpressionElement  - In checkOperator.
2846 [main] DEBUG fr.expression4j.basic.impl.BinaryOperatorExpressionElement  - In checkOperator.
2846 [main] DEBUG fr.expression4j.basic.impl.BinaryOperatorExpressionElement  - Operator Divide not found.
2846 [main] DEBUG fr.expression4j.basic.impl.BinaryOperatorExpressionElement  - Operator Divide not found.
2846 [main] DEBUG fr.expression4j.basic.impl.BinaryOperatorExpressionElement  - Operator Divide not found.
2846 [main] DEBUG fr.expression4j.basic.impl.BinaryOperatorExpressionElement  - Operator Divide not found.
2846 [main] DEBUG fr.expression4j.basic.impl.BinaryOperatorExpressionElement  - Operator Divide not found.
2846 [main] DEBUG fr.expression4j.basic.impl.BinaryOperatorExpressionElement  - No operator found.
2846 [main] DEBUG fr.expression4j.basic.impl.BinaryOperatorExpressionElement  - No operator found.
2846 [main] DEBUG fr.expression4j.basic.impl.BinaryOperatorExpressionElement  - No operator found.
2846 [main] DEBUG fr.expression4j.basic.impl.BinaryOperatorExpressionElement  - No operator found.
2846 [main] DEBUG fr.expression4j.basic.impl.BinaryOperatorExpressionElement  - No operator found.
2846 [main] DEBUG fr.expression4j.basic.impl.BinaryOperatorExpressionElement  - In parseElement.
2846 [main] DEBUG fr.expression4j.basic.impl.BinaryOperatorExpressionElement  - In parseElement.
2846 [main] DEBUG fr.expression4j.basic.impl.BinaryOperatorExpressionElement  - In parseElement.
2846 [main] DEBUG fr.expression4j.basic.impl.BinaryOperatorExpressionElement  - In parseElement.
2846 [main] DEBUG fr.expression4j.basic.impl.BinaryOperatorExpressionElement  - In parseElement.
2846 [main] DEBUG fr.expression4j.basic.impl.BinaryOperatorExpressionElement  - Current end position: 6
2846 [main] DEBUG fr.expression4j.basic.impl.BinaryOperatorExpressionElement  - Current end position: 6
2846 [main] DEBUG fr.expression4j.basic.impl.BinaryOperatorExpressionElement  - Current end position: 6
2846 [main] DEBUG fr.expression4j.basic.impl.BinaryOperatorExpressionElement  - Current end position: 6
2846 [main] DEBUG fr.expression4j.basic.impl.BinaryOperatorExpressionElement  - Current end position: 6
2846 [main] DEBUG fr.expression4j.basic.impl.BinaryOperatorExpressionElement  - In checkOperator.
2846 [main] DEBUG fr.expression4j.basic.impl.BinaryOperatorExpressionElement  - In checkOperator.
2846 [main] DEBUG fr.expression4j.basic.impl.BinaryOperatorExpressionElement  - In checkOperator.
2846 [main] DEBUG fr.expression4j.basic.impl.BinaryOperatorExpressionElement  - In checkOperator.
2846 [main] DEBUG fr.expression4j.basic.impl.BinaryOperatorExpressionElement  - In checkOperator.
2846 [main] DEBUG fr.expression4j.basic.impl.BinaryOperatorExpressionElement  - Operator Plus not found.
2846 [main] DEBUG fr.expression4j.basic.impl.BinaryOperatorExpressionElement  - Operator Plus not found.
2846 [main] DEBUG fr.expression4j.basic.impl.BinaryOperatorExpressionElement  - Operator Plus not found.
2846 [main] DEBUG fr.expression4j.basic.impl.BinaryOperatorExpressionElement  - Operator Plus not found.
2846 [main] DEBUG fr.expression4j.basic.impl.BinaryOperatorExpressionElement  - Operator Plus not found.
2847 [main] DEBUG fr.expression4j.basic.impl.BinaryOperatorExpressionElement  - In checkOperator.
2847 [main] DEBUG fr.expression4j.basic.impl.BinaryOperatorExpressionElement  - In checkOperator.
2847 [main] DEBUG fr.expression4j.basic.impl.BinaryOperatorExpressionElement  - In checkOperator.
2847 [main] DEBUG fr.expression4j.basic.impl.BinaryOperatorExpressionElement  - In checkOperator.
2847 [main] DEBUG fr.expression4j.basic.impl.BinaryOperatorExpressionElement  - In checkOperator.
2847 [main] DEBUG fr.expression4j.basic.impl.BinaryOperatorExpressionElement  - Operator Minus not found.
2847 [main] DEBUG fr.expression4j.basic.impl.BinaryOperatorExpressionElement  - Operator Minus not found.
2847 [main] DEBUG fr.expression4j.basic.impl.BinaryOperatorExpressionElement  - Operator Minus not found.
2847 [main] DEBUG fr.expression4j.basic.impl.BinaryOperatorExpressionElement  - Operator Minus not found.
2847 [main] DEBUG fr.expression4j.basic.impl.BinaryOperatorExpressionElement  - Operator Minus not found.
2847 [main] DEBUG fr.expression4j.basic.impl.BinaryOperatorExpressionElement  - No operator found.
2847 [main] DEBUG fr.expression4j.basic.impl.BinaryOperatorExpressionElement  - No operator found.
2847 [main] DEBUG fr.expression4j.basic.impl.BinaryOperatorExpressionElement  - No operator found.
2847 [main] DEBUG fr.expression4j.basic.impl.BinaryOperatorExpressionElement  - No operator found.
2847 [main] DEBUG fr.expression4j.basic.impl.BinaryOperatorExpressionElement  - No operator found.
2847 [main] DEBUG fr.expression4j.basic.impl.BinaryOperatorExpressionElement  - In parseElement.
2847 [main] DEBUG fr.expression4j.basic.impl.BinaryOperatorExpressionElement  - In parseElement.
2847 [main] DEBUG fr.expression4j.basic.impl.BinaryOperatorExpressionElement  - In parseElement.
2847 [main] DEBUG fr.expression4j.basic.impl.BinaryOperatorExpressionElement  - In parseElement.
2847 [main] DEBUG fr.expression4j.basic.impl.BinaryOperatorExpressionElement  - In parseElement.
2847 [main] DEBUG fr.expression4j.basic.impl.BinaryOperatorExpressionElement  - Current end position: 7
2847 [main] DEBUG fr.expression4j.basic.impl.BinaryOperatorExpressionElement  - Current end position: 7
2847 [main] DEBUG fr.expression4j.basic.impl.BinaryOperatorExpressionElement  - Current end position: 7
2847 [main] DEBUG fr.expression4j.basic.impl.BinaryOperatorExpressionElement  - Current end position: 7
2847 [main] DEBUG fr.expression4j.basic.impl.BinaryOperatorExpressionElement  - Current end position: 7
2847 [main] DEBUG fr.expression4j.basic.impl.BinaryOperatorExpressionElement  - In checkOperator.
2847 [main] DEBUG fr.expression4j.basic.impl.BinaryOperatorExpressionElement  - In checkOperator.
2847 [main] DEBUG fr.expression4j.basic.impl.BinaryOperatorExpressionElement  - In checkOperator.
2847 [main] DEBUG fr.expression4j.basic.impl.BinaryOperatorExpressionElement  - In checkOperator.
2847 [main] DEBUG fr.expression4j.basic.impl.BinaryOperatorExpressionElement  - In checkOperator.
2847 [main] DEBUG fr.expression4j.basic.impl.BinaryOperatorExpressionElement  - Operator Pow not found.
2847 [main] DEBUG fr.expression4j.basic.impl.BinaryOperatorExpressionElement  - Operator Pow not found.
2847 [main] DEBUG fr.expression4j.basic.impl.BinaryOperatorExpressionElement  - Operator Pow not found.
2847 [main] DEBUG fr.expression4j.basic.impl.BinaryOperatorExpressionElement  - Operator Pow not found.
2847 [main] DEBUG fr.expression4j.basic.impl.BinaryOperatorExpressionElement  - Operator Pow not found.
2847 [main] DEBUG fr.expression4j.basic.impl.BinaryOperatorExpressionElement  - No operator found.
2847 [main] DEBUG fr.expression4j.basic.impl.BinaryOperatorExpressionElement  - No operator found.
2847 [main] DEBUG fr.expression4j.basic.impl.BinaryOperatorExpressionElement  - No operator found.
2847 [main] DEBUG fr.expression4j.basic.impl.BinaryOperatorExpressionElement  - No operator found.
2847 [main] DEBUG fr.expression4j.basic.impl.BinaryOperatorExpressionElement  - No operator found.
2847 [main] DEBUG fr.expression4j.basic.impl.BinaryOperatorExpressionElement  - In parseElement.
2847 [main] DEBUG fr.expression4j.basic.impl.BinaryOperatorExpressionElement  - In parseElement.
2847 [main] DEBUG fr.expression4j.basic.impl.BinaryOperatorExpressionElement  - In parseElement.
2847 [main] DEBUG fr.expression4j.basic.impl.BinaryOperatorExpressionElement  - In parseElement.
2847 [main] DEBUG fr.expression4j.basic.impl.BinaryOperatorExpressionElement  - In parseElement.
2847 [main] DEBUG fr.expression4j.basic.impl.BinaryOperatorExpressionElement  - Current end position: 7
2847 [main] DEBUG fr.expression4j.basic.impl.BinaryOperatorExpressionElement  - Current end position: 7
2847 [main] DEBUG fr.expression4j.basic.impl.BinaryOperatorExpressionElement  - Current end position: 7
2847 [main] DEBUG fr.expression4j.basic.impl.BinaryOperatorExpressionElement  - Current end position: 7
2847 [main] DEBUG fr.expression4j.basic.impl.BinaryOperatorExpressionElement  - Current end position: 7
2848 [main] DEBUG fr.expression4j.basic.impl.BinaryOperatorExpressionElement  - In checkOperator.
2848 [main] DEBUG fr.expression4j.basic.impl.BinaryOperatorExpressionElement  - In checkOperator.
2848 [main] DEBUG fr.expression4j.basic.impl.BinaryOperatorExpressionElement  - In checkOperator.
2848 [main] DEBUG fr.expression4j.basic.impl.BinaryOperatorExpressionElement  - In checkOperator.
2848 [main] DEBUG fr.expression4j.basic.impl.BinaryOperatorExpressionElement  - In checkOperator.
2848 [main] DEBUG fr.expression4j.basic.impl.BinaryOperatorExpressionElement  - Operator Multiply not found.
2848 [main] DEBUG fr.expression4j.basic.impl.BinaryOperatorExpressionElement  - Operator Multiply not found.
2848 [main] DEBUG fr.expression4j.basic.impl.BinaryOperatorExpressionElement  - Operator Multiply not found.
2848 [main] DEBUG fr.expression4j.basic.impl.BinaryOperatorExpressionElement  - Operator Multiply not found.
2848 [main] DEBUG fr.expression4j.basic.impl.BinaryOperatorExpressionElement  - Operator Multiply not found.
2848 [main] DEBUG fr.expression4j.basic.impl.BinaryOperatorExpressionElement  - In checkOperator.
2848 [main] DEBUG fr.expression4j.basic.impl.BinaryOperatorExpressionElement  - In checkOperator.
2848 [main] DEBUG fr.expression4j.basic.impl.BinaryOperatorExpressionElement  - In checkOperator.
2848 [main] DEBUG fr.expression4j.basic.impl.BinaryOperatorExpressionElement  - In checkOperator.
2848 [main] DEBUG fr.expression4j.basic.impl.BinaryOperatorExpressionElement  - In checkOperator.
2848 [main] DEBUG fr.expression4j.basic.impl.BinaryOperatorExpressionElement  - Operator Divide not found.
2848 [main] DEBUG fr.expression4j.basic.impl.BinaryOperatorExpressionElement  - Operator Divide not found.
2848 [main] DEBUG fr.expression4j.basic.impl.BinaryOperatorExpressionElement  - Operator Divide not found.
2848 [main] DEBUG fr.expression4j.basic.impl.BinaryOperatorExpressionElement  - Operator Divide not found.
2848 [main] DEBUG fr.expression4j.basic.impl.BinaryOperatorExpressionElement  - Operator Divide not found.
2848 [main] DEBUG fr.expression4j.basic.impl.BinaryOperatorExpressionElement  - No operator found.
2848 [main] DEBUG fr.expression4j.basic.impl.BinaryOperatorExpressionElement  - No operator found.
2848 [main] DEBUG fr.expression4j.basic.impl.BinaryOperatorExpressionElement  - No operator found.
2848 [main] DEBUG fr.expression4j.basic.impl.BinaryOperatorExpressionElement  - No operator found.
2848 [main] DEBUG fr.expression4j.basic.impl.BinaryOperatorExpressionElement  - No operator found.
2848 [main] DEBUG fr.expression4j.basic.impl.BinaryOperatorExpressionElement  - In parseElement.
2848 [main] DEBUG fr.expression4j.basic.impl.BinaryOperatorExpressionElement  - In parseElement.
2848 [main] DEBUG fr.expression4j.basic.impl.BinaryOperatorExpressionElement  - In parseElement.
2848 [main] DEBUG fr.expression4j.basic.impl.BinaryOperatorExpressionElement  - In parseElement.
2848 [main] DEBUG fr.expression4j.basic.impl.BinaryOperatorExpressionElement  - In parseElement.
2848 [main] DEBUG fr.expression4j.basic.impl.BinaryOperatorExpressionElement  - Current end position: 7
2848 [main] DEBUG fr.expression4j.basic.impl.BinaryOperatorExpressionElement  - Current end position: 7
2848 [main] DEBUG fr.expression4j.basic.impl.BinaryOperatorExpressionElement  - Current end position: 7
2848 [main] DEBUG fr.expression4j.basic.impl.BinaryOperatorExpressionElement  - Current end position: 7
2848 [main] DEBUG fr.expression4j.basic.impl.BinaryOperatorExpressionElement  - Current end position: 7
2848 [main] DEBUG fr.expression4j.basic.impl.BinaryOperatorExpressionElement  - In checkOperator.
2848 [main] DEBUG fr.expression4j.basic.impl.BinaryOperatorExpressionElement  - In checkOperator.
2848 [main] DEBUG fr.expression4j.basic.impl.BinaryOperatorExpressionElement  - In checkOperator.
2848 [main] DEBUG fr.expression4j.basic.impl.BinaryOperatorExpressionElement  - In checkOperator.
2848 [main] DEBUG fr.expression4j.basic.impl.BinaryOperatorExpressionElement  - In checkOperator.
2848 [main] DEBUG fr.expression4j.basic.impl.BinaryOperatorExpressionElement  - Operator Plus not found.
2848 [main] DEBUG fr.expression4j.basic.impl.BinaryOperatorExpressionElement  - Operator Plus not found.
2848 [main] DEBUG fr.expression4j.basic.impl.BinaryOperatorExpressionElement  - Operator Plus not found.
2848 [main] DEBUG fr.expression4j.basic.impl.BinaryOperatorExpressionElement  - Operator Plus not found.
2848 [main] DEBUG fr.expression4j.basic.impl.BinaryOperatorExpressionElement  - Operator Plus not found.
2848 [main] DEBUG fr.expression4j.basic.impl.BinaryOperatorExpressionElement  - In checkOperator.
2848 [main] DEBUG fr.expression4j.basic.impl.BinaryOperatorExpressionElement  - In checkOperator.
2848 [main] DEBUG fr.expression4j.basic.impl.BinaryOperatorExpressionElement  - In checkOperator.
2848 [main] DEBUG fr.expression4j.basic.impl.BinaryOperatorExpressionElement  - In checkOperator.
2848 [main] DEBUG fr.expression4j.basic.impl.BinaryOperatorExpressionElement  - In checkOperator.
2848 [main] DEBUG fr.expression4j.basic.impl.BinaryOperatorExpressionElement  - Operator Minus not found.
2848 [main] DEBUG fr.expression4j.basic.impl.BinaryOperatorExpressionElement  - Operator Minus not found.
2848 [main] DEBUG fr.expression4j.basic.impl.BinaryOperatorExpressionElement  - Operator Minus not found.
2848 [main] DEBUG fr.expression4j.basic.impl.BinaryOperatorExpressionElement  - Operator Minus not found.
2848 [main] DEBUG fr.expression4j.basic.impl.BinaryOperatorExpressionElement  - Operator Minus not found.
2848 [main] DEBUG fr.expression4j.basic.impl.BinaryOperatorExpressionElement  - No operator found.
2848 [main] DEBUG fr.expression4j.basic.impl.BinaryOperatorExpressionElement  - No operator found.
2848 [main] DEBUG fr.expression4j.basic.impl.BinaryOperatorExpressionElement  - No operator found.
2848 [main] DEBUG fr.expression4j.basic.impl.BinaryOperatorExpressionElement  - No operator found.
2848 [main] DEBUG fr.expression4j.basic.impl.BinaryOperatorExpressionElement  - No operator found.
2848 [main] DEBUG fr.expression4j.basic.impl.BinaryOperatorExpressionElement  - In parseElement.
2848 [main] DEBUG fr.expression4j.basic.impl.BinaryOperatorExpressionElement  - In parseElement.
2848 [main] DEBUG fr.expression4j.basic.impl.BinaryOperatorExpressionElement  - In parseElement.
2848 [main] DEBUG fr.expression4j.basic.impl.BinaryOperatorExpressionElement  - In parseElement.
2848 [main] DEBUG fr.expression4j.basic.impl.BinaryOperatorExpressionElement  - In parseElement.
2849 [main] DEBUG fr.expression4j.basic.impl.BinaryOperatorExpressionElement  - Current end position: 8
2849 [main] DEBUG fr.expression4j.basic.impl.BinaryOperatorExpressionElement  - Current end position: 8
2849 [main] DEBUG fr.expression4j.basic.impl.BinaryOperatorExpressionElement  - Current end position: 8
2849 [main] DEBUG fr.expression4j.basic.impl.BinaryOperatorExpressionElement  - Current end position: 8
2849 [main] DEBUG fr.expression4j.basic.impl.BinaryOperatorExpressionElement  - Current end position: 8
2849 [main] DEBUG fr.expression4j.basic.impl.BinaryOperatorExpressionElement  - In checkOperator.
2849 [main] DEBUG fr.expression4j.basic.impl.BinaryOperatorExpressionElement  - In checkOperator.
2849 [main] DEBUG fr.expression4j.basic.impl.BinaryOperatorExpressionElement  - In checkOperator.
2849 [main] DEBUG fr.expression4j.basic.impl.BinaryOperatorExpressionElement  - In checkOperator.
2849 [main] DEBUG fr.expression4j.basic.impl.BinaryOperatorExpressionElement  - In checkOperator.
2849 [main] DEBUG fr.expression4j.basic.impl.BinaryOperatorExpressionElement  - Operator Pow not found.
2849 [main] DEBUG fr.expression4j.basic.impl.BinaryOperatorExpressionElement  - Operator Pow not found.
2849 [main] DEBUG fr.expression4j.basic.impl.BinaryOperatorExpressionElement  - Operator Pow not found.
2849 [main] DEBUG fr.expression4j.basic.impl.BinaryOperatorExpressionElement  - Operator Pow not found.
2849 [main] DEBUG fr.expression4j.basic.impl.BinaryOperatorExpressionElement  - Operator Pow not found.
2849 [main] DEBUG fr.expression4j.basic.impl.BinaryOperatorExpressionElement  - No operator found.
2849 [main] DEBUG fr.expression4j.basic.impl.BinaryOperatorExpressionElement  - No operator found.
2849 [main] DEBUG fr.expression4j.basic.impl.BinaryOperatorExpressionElement  - No operator found.
2849 [main] DEBUG fr.expression4j.basic.impl.BinaryOperatorExpressionElement  - No operator found.
2849 [main] DEBUG fr.expression4j.basic.impl.BinaryOperatorExpressionElement  - No operator found.
2849 [main] DEBUG fr.expression4j.basic.impl.BinaryOperatorExpressionElement  - In parseElement.
2849 [main] DEBUG fr.expression4j.basic.impl.BinaryOperatorExpressionElement  - In parseElement.
2849 [main] DEBUG fr.expression4j.basic.impl.BinaryOperatorExpressionElement  - In parseElement.
2849 [main] DEBUG fr.expression4j.basic.impl.BinaryOperatorExpressionElement  - In parseElement.
2849 [main] DEBUG fr.expression4j.basic.impl.BinaryOperatorExpressionElement  - In parseElement.
2849 [main] DEBUG fr.expression4j.basic.impl.BinaryOperatorExpressionElement  - Current end position: 8
2849 [main] DEBUG fr.expression4j.basic.impl.BinaryOperatorExpressionElement  - Current end position: 8
2849 [main] DEBUG fr.expression4j.basic.impl.BinaryOperatorExpressionElement  - Current end position: 8
2849 [main] DEBUG fr.expression4j.basic.impl.BinaryOperatorExpressionElement  - Current end position: 8
2849 [main] DEBUG fr.expression4j.basic.impl.BinaryOperatorExpressionElement  - Current end position: 8
2849 [main] DEBUG fr.expression4j.basic.impl.BinaryOperatorExpressionElement  - In checkOperator.
2849 [main] DEBUG fr.expression4j.basic.impl.BinaryOperatorExpressionElement  - In checkOperator.
2849 [main] DEBUG fr.expression4j.basic.impl.BinaryOperatorExpressionElement  - In checkOperator.
2849 [main] DEBUG fr.expression4j.basic.impl.BinaryOperatorExpressionElement  - In checkOperator.
2849 [main] DEBUG fr.expression4j.basic.impl.BinaryOperatorExpressionElement  - In checkOperator.
2849 [main] DEBUG fr.expression4j.basic.impl.BinaryOperatorExpressionElement  - Operator Multiply not found.
2849 [main] DEBUG fr.expression4j.basic.impl.BinaryOperatorExpressionElement  - Operator Multiply not found.
2849 [main] DEBUG fr.expression4j.basic.impl.BinaryOperatorExpressionElement  - Operator Multiply not found.
2849 [main] DEBUG fr.expression4j.basic.impl.BinaryOperatorExpressionElement  - Operator Multiply not found.
2849 [main] DEBUG fr.expression4j.basic.impl.BinaryOperatorExpressionElement  - Operator Multiply not found.
2849 [main] DEBUG fr.expression4j.basic.impl.BinaryOperatorExpressionElement  - In checkOperator.
2849 [main] DEBUG fr.expression4j.basic.impl.BinaryOperatorExpressionElement  - In checkOperator.
2849 [main] DEBUG fr.expression4j.basic.impl.BinaryOperatorExpressionElement  - In checkOperator.
2849 [main] DEBUG fr.expression4j.basic.impl.BinaryOperatorExpressionElement  - In checkOperator.
2849 [main] DEBUG fr.expression4j.basic.impl.BinaryOperatorExpressionElement  - In checkOperator.
2849 [main] DEBUG fr.expression4j.basic.impl.BinaryOperatorExpressionElement  - Operator Divide not found.
2849 [main] DEBUG fr.expression4j.basic.impl.BinaryOperatorExpressionElement  - Operator Divide not found.
2849 [main] DEBUG fr.expression4j.basic.impl.BinaryOperatorExpressionElement  - Operator Divide not found.
2849 [main] DEBUG fr.expression4j.basic.impl.BinaryOperatorExpressionElement  - Operator Divide not found.
2849 [main] DEBUG fr.expression4j.basic.impl.BinaryOperatorExpressionElement  - Operator Divide not found.
2849 [main] DEBUG fr.expression4j.basic.impl.BinaryOperatorExpressionElement  - No operator found.
2849 [main] DEBUG fr.expression4j.basic.impl.BinaryOperatorExpressionElement  - No operator found.
2849 [main] DEBUG fr.expression4j.basic.impl.BinaryOperatorExpressionElement  - No operator found.
2849 [main] DEBUG fr.expression4j.basic.impl.BinaryOperatorExpressionElement  - No operator found.
2849 [main] DEBUG fr.expression4j.basic.impl.BinaryOperatorExpressionElement  - No operator found.
2849 [main] DEBUG fr.expression4j.basic.impl.BinaryOperatorExpressionElement  - In parseElement.
2849 [main] DEBUG fr.expression4j.basic.impl.BinaryOperatorExpressionElement  - In parseElement.
2849 [main] DEBUG fr.expression4j.basic.impl.BinaryOperatorExpressionElement  - In parseElement.
2849 [main] DEBUG fr.expression4j.basic.impl.BinaryOperatorExpressionElement  - In parseElement.
2849 [main] DEBUG fr.expression4j.basic.impl.BinaryOperatorExpressionElement  - In parseElement.
2849 [main] DEBUG fr.expression4j.basic.impl.BinaryOperatorExpressionElement  - Current end position: 8
2849 [main] DEBUG fr.expression4j.basic.impl.BinaryOperatorExpressionElement  - Current end position: 8
2849 [main] DEBUG fr.expression4j.basic.impl.BinaryOperatorExpressionElement  - Current end position: 8
2849 [main] DEBUG fr.expression4j.basic.impl.BinaryOperatorExpressionElement  - Current end position: 8
2849 [main] DEBUG fr.expression4j.basic.impl.BinaryOperatorExpressionElement  - Current end position: 8
2850 [main] DEBUG fr.expression4j.basic.impl.BinaryOperatorExpressionElement  - In checkOperator.
2850 [main] DEBUG fr.expression4j.basic.impl.BinaryOperatorExpressionElement  - In checkOperator.
2850 [main] DEBUG fr.expression4j.basic.impl.BinaryOperatorExpressionElement  - In checkOperator.
2850 [main] DEBUG fr.expression4j.basic.impl.BinaryOperatorExpressionElement  - In checkOperator.
2850 [main] DEBUG fr.expression4j.basic.impl.BinaryOperatorExpressionElement  - In checkOperator.
2850 [main] DEBUG fr.expression4j.basic.impl.BinaryOperatorExpressionElement  - Operator Plus not found.
2850 [main] DEBUG fr.expression4j.basic.impl.BinaryOperatorExpressionElement  - Operator Plus not found.
2850 [main] DEBUG fr.expression4j.basic.impl.BinaryOperatorExpressionElement  - Operator Plus not found.
2850 [main] DEBUG fr.expression4j.basic.impl.BinaryOperatorExpressionElement  - Operator Plus not found.
2850 [main] DEBUG fr.expression4j.basic.impl.BinaryOperatorExpressionElement  - Operator Plus not found.
2850 [main] DEBUG fr.expression4j.basic.impl.BinaryOperatorExpressionElement  - In checkOperator.
2850 [main] DEBUG fr.expression4j.basic.impl.BinaryOperatorExpressionElement  - In checkOperator.
2850 [main] DEBUG fr.expression4j.basic.impl.BinaryOperatorExpressionElement  - In checkOperator.
2850 [main] DEBUG fr.expression4j.basic.impl.BinaryOperatorExpressionElement  - In checkOperator.
2850 [main] DEBUG fr.expression4j.basic.impl.BinaryOperatorExpressionElement  - In checkOperator.
2850 [main] DEBUG fr.expression4j.basic.impl.BinaryOperatorExpressionElement  - Operator Minus not found.
2850 [main] DEBUG fr.expression4j.basic.impl.BinaryOperatorExpressionElement  - Operator Minus not found.
2850 [main] DEBUG fr.expression4j.basic.impl.BinaryOperatorExpressionElement  - Operator Minus not found.
2850 [main] DEBUG fr.expression4j.basic.impl.BinaryOperatorExpressionElement  - Operator Minus not found.
2850 [main] DEBUG fr.expression4j.basic.impl.BinaryOperatorExpressionElement  - Operator Minus not found.
2850 [main] DEBUG fr.expression4j.basic.impl.BinaryOperatorExpressionElement  - No operator found.
2850 [main] DEBUG fr.expression4j.basic.impl.BinaryOperatorExpressionElement  - No operator found.
2850 [main] DEBUG fr.expression4j.basic.impl.BinaryOperatorExpressionElement  - No operator found.
2850 [main] DEBUG fr.expression4j.basic.impl.BinaryOperatorExpressionElement  - No operator found.
2850 [main] DEBUG fr.expression4j.basic.impl.BinaryOperatorExpressionElement  - No operator found.
2850 [main] DEBUG fr.expression4j.basic.impl.ComplexOrRealExpressionElement  - In parseElement
2850 [main] DEBUG fr.expression4j.basic.impl.ComplexOrRealExpressionElement  - In parseElement
2850 [main] DEBUG fr.expression4j.basic.impl.ComplexOrRealExpressionElement  - In parseElement
2850 [main] DEBUG fr.expression4j.basic.impl.ComplexOrRealExpressionElement  - In parseElement
2850 [main] DEBUG fr.expression4j.basic.impl.ComplexOrRealExpressionElement  - In parseElement
2850 [main] DEBUG fr.expression4j.basic.impl.ComplexOrRealExpressionElement  - start position: 1
2850 [main] DEBUG fr.expression4j.basic.impl.ComplexOrRealExpressionElement  - start position: 1
2850 [main] DEBUG fr.expression4j.basic.impl.ComplexOrRealExpressionElement  - start position: 1
2850 [main] DEBUG fr.expression4j.basic.impl.ComplexOrRealExpressionElement  - start position: 1
2850 [main] DEBUG fr.expression4j.basic.impl.ComplexOrRealExpressionElement  - start position: 1
2850 [main] DEBUG fr.expression4j.basic.impl.BinaryOperatorExpressionElement  - In parseElement.
2850 [main] DEBUG fr.expression4j.basic.impl.BinaryOperatorExpressionElement  - In parseElement.
2850 [main] DEBUG fr.expression4j.basic.impl.BinaryOperatorExpressionElement  - In parseElement.
2850 [main] DEBUG fr.expression4j.basic.impl.BinaryOperatorExpressionElement  - In parseElement.
2850 [main] DEBUG fr.expression4j.basic.impl.BinaryOperatorExpressionElement  - In parseElement.
2850 [main] DEBUG fr.expression4j.basic.impl.BinaryOperatorExpressionElement  - Current end position: 2
2850 [main] DEBUG fr.expression4j.basic.impl.BinaryOperatorExpressionElement  - Current end position: 2
2850 [main] DEBUG fr.expression4j.basic.impl.BinaryOperatorExpressionElement  - Current end position: 2
2850 [main] DEBUG fr.expression4j.basic.impl.BinaryOperatorExpressionElement  - Current end position: 2
2850 [main] DEBUG fr.expression4j.basic.impl.BinaryOperatorExpressionElement  - Current end position: 2
2850 [main] DEBUG fr.expression4j.basic.impl.BinaryOperatorExpressionElement  - In checkOperator.
2850 [main] DEBUG fr.expression4j.basic.impl.BinaryOperatorExpressionElement  - In checkOperator.
2850 [main] DEBUG fr.expression4j.basic.impl.BinaryOperatorExpressionElement  - In checkOperator.
2850 [main] DEBUG fr.expression4j.basic.impl.BinaryOperatorExpressionElement  - In checkOperator.
2850 [main] DEBUG fr.expression4j.basic.impl.BinaryOperatorExpressionElement  - In checkOperator.
2851 [main] DEBUG fr.expression4j.basic.impl.BinaryOperatorExpressionElement  - Operator Pow not found.
2851 [main] DEBUG fr.expression4j.basic.impl.BinaryOperatorExpressionElement  - Operator Pow not found.
2851 [main] DEBUG fr.expression4j.basic.impl.BinaryOperatorExpressionElement  - Operator Pow not found.
2851 [main] DEBUG fr.expression4j.basic.impl.BinaryOperatorExpressionElement  - Operator Pow not found.
2851 [main] DEBUG fr.expression4j.basic.impl.BinaryOperatorExpressionElement  - Operator Pow not found.
2851 [main] DEBUG fr.expression4j.basic.impl.BinaryOperatorExpressionElement  - No operator found.
2851 [main] DEBUG fr.expression4j.basic.impl.BinaryOperatorExpressionElement  - No operator found.
2851 [main] DEBUG fr.expression4j.basic.impl.BinaryOperatorExpressionElement  - No operator found.
2851 [main] DEBUG fr.expression4j.basic.impl.BinaryOperatorExpressionElement  - No operator found.
2851 [main] DEBUG fr.expression4j.basic.impl.BinaryOperatorExpressionElement  - No operator found.
2851 [main] DEBUG fr.expression4j.basic.impl.BinaryOperatorExpressionElement  - In parseElement.
2851 [main] DEBUG fr.expression4j.basic.impl.BinaryOperatorExpressionElement  - In parseElement.
2851 [main] DEBUG fr.expression4j.basic.impl.BinaryOperatorExpressionElement  - In parseElement.
2851 [main] DEBUG fr.expression4j.basic.impl.BinaryOperatorExpressionElement  - In parseElement.
2851 [main] DEBUG fr.expression4j.basic.impl.BinaryOperatorExpressionElement  - In parseElement.
2851 [main] DEBUG fr.expression4j.basic.impl.BinaryOperatorExpressionElement  - Current end position: 2
2851 [main] DEBUG fr.expression4j.basic.impl.BinaryOperatorExpressionElement  - Current end position: 2
2851 [main] DEBUG fr.expression4j.basic.impl.BinaryOperatorExpressionElement  - Current end position: 2
2851 [main] DEBUG fr.expression4j.basic.impl.BinaryOperatorExpressionElement  - Current end position: 2
2851 [main] DEBUG fr.expression4j.basic.impl.BinaryOperatorExpressionElement  - Current end position: 2
2851 [main] DEBUG fr.expression4j.basic.impl.BinaryOperatorExpressionElement  - In checkOperator.
2851 [main] DEBUG fr.expression4j.basic.impl.BinaryOperatorExpressionElement  - In checkOperator.
2851 [main] DEBUG fr.expression4j.basic.impl.BinaryOperatorExpressionElement  - In checkOperator.
2851 [main] DEBUG fr.expression4j.basic.impl.BinaryOperatorExpressionElement  - In checkOperator.
2851 [main] DEBUG fr.expression4j.basic.impl.BinaryOperatorExpressionElement  - In checkOperator.
2851 [main] DEBUG fr.expression4j.basic.impl.BinaryOperatorExpressionElement  - Operator Multiply not found.
2851 [main] DEBUG fr.expression4j.basic.impl.BinaryOperatorExpressionElement  - Operator Multiply not found.
2851 [main] DEBUG fr.expression4j.basic.impl.BinaryOperatorExpressionElement  - Operator Multiply not found.
2851 [main] DEBUG fr.expression4j.basic.impl.BinaryOperatorExpressionElement  - Operator Multiply not found.
2851 [main] DEBUG fr.expression4j.basic.impl.BinaryOperatorExpressionElement  - Operator Multiply not found.
2851 [main] DEBUG fr.expression4j.basic.impl.BinaryOperatorExpressionElement  - In checkOperator.
2851 [main] DEBUG fr.expression4j.basic.impl.BinaryOperatorExpressionElement  - In checkOperator.
2851 [main] DEBUG fr.expression4j.basic.impl.BinaryOperatorExpressionElement  - In checkOperator.
2851 [main] DEBUG fr.expression4j.basic.impl.BinaryOperatorExpressionElement  - In checkOperator.
2851 [main] DEBUG fr.expression4j.basic.impl.BinaryOperatorExpressionElement  - In checkOperator.
2851 [main] DEBUG fr.expression4j.basic.impl.BinaryOperatorExpressionElement  - Operator Divide not found.
2851 [main] DEBUG fr.expression4j.basic.impl.BinaryOperatorExpressionElement  - Operator Divide not found.
2851 [main] DEBUG fr.expression4j.basic.impl.BinaryOperatorExpressionElement  - Operator Divide not found.
2851 [main] DEBUG fr.expression4j.basic.impl.BinaryOperatorExpressionElement  - Operator Divide not found.
2851 [main] DEBUG fr.expression4j.basic.impl.BinaryOperatorExpressionElement  - Operator Divide not found.
2851 [main] DEBUG fr.expression4j.basic.impl.BinaryOperatorExpressionElement  - No operator found.
2851 [main] DEBUG fr.expression4j.basic.impl.BinaryOperatorExpressionElement  - No operator found.
2851 [main] DEBUG fr.expression4j.basic.impl.BinaryOperatorExpressionElement  - No operator found.
2851 [main] DEBUG fr.expression4j.basic.impl.BinaryOperatorExpressionElement  - No operator found.
2851 [main] DEBUG fr.expression4j.basic.impl.BinaryOperatorExpressionElement  - No operator found.
2851 [main] DEBUG fr.expression4j.basic.impl.BinaryOperatorExpressionElement  - In parseElement.
2851 [main] DEBUG fr.expression4j.basic.impl.BinaryOperatorExpressionElement  - In parseElement.
2851 [main] DEBUG fr.expression4j.basic.impl.BinaryOperatorExpressionElement  - In parseElement.
2851 [main] DEBUG fr.expression4j.basic.impl.BinaryOperatorExpressionElement  - In parseElement.
2851 [main] DEBUG fr.expression4j.basic.impl.BinaryOperatorExpressionElement  - In parseElement.
2851 [main] DEBUG fr.expression4j.basic.impl.BinaryOperatorExpressionElement  - Current end position: 2
2851 [main] DEBUG fr.expression4j.basic.impl.BinaryOperatorExpressionElement  - Current end position: 2
2851 [main] DEBUG fr.expression4j.basic.impl.BinaryOperatorExpressionElement  - Current end position: 2
2851 [main] DEBUG fr.expression4j.basic.impl.BinaryOperatorExpressionElement  - Current end position: 2
2851 [main] DEBUG fr.expression4j.basic.impl.BinaryOperatorExpressionElement  - Current end position: 2
2851 [main] DEBUG fr.expression4j.basic.impl.BinaryOperatorExpressionElement  - In checkOperator.
2851 [main] DEBUG fr.expression4j.basic.impl.BinaryOperatorExpressionElement  - In checkOperator.
2851 [main] DEBUG fr.expression4j.basic.impl.BinaryOperatorExpressionElement  - In checkOperator.
2851 [main] DEBUG fr.expression4j.basic.impl.BinaryOperatorExpressionElement  - In checkOperator.
2851 [main] DEBUG fr.expression4j.basic.impl.BinaryOperatorExpressionElement  - In checkOperator.
2852 [main] DEBUG fr.expression4j.basic.impl.BinaryOperatorExpressionElement  - Operator Plus found.
2852 [main] DEBUG fr.expression4j.basic.impl.BinaryOperatorExpressionElement  - Operator Plus found.
2852 [main] DEBUG fr.expression4j.basic.impl.BinaryOperatorExpressionElement  - Operator Plus found.
2852 [main] DEBUG fr.expression4j.basic.impl.BinaryOperatorExpressionElement  - Operator Plus found.
2852 [main] DEBUG fr.expression4j.basic.impl.BinaryOperatorExpressionElement  - Operator Plus found.
2852 [main] DEBUG fr.expression4j.basic.impl.BinaryOperatorExpressionElement  - Found operator Plus
2852 [main] DEBUG fr.expression4j.basic.impl.BinaryOperatorExpressionElement  - Found operator Plus
2852 [main] DEBUG fr.expression4j.basic.impl.BinaryOperatorExpressionElement  - Found operator Plus
2852 [main] DEBUG fr.expression4j.basic.impl.BinaryOperatorExpressionElement  - Found operator Plus
2852 [main] DEBUG fr.expression4j.basic.impl.BinaryOperatorExpressionElement  - Found operator Plus
2852 [main] DEBUG fr.expression4j.basic.impl.ComplexOrRealExpressionElement  - In parseElement
2852 [main] DEBUG fr.expression4j.basic.impl.ComplexOrRealExpressionElement  - In parseElement
2852 [main] DEBUG fr.expression4j.basic.impl.ComplexOrRealExpressionElement  - In parseElement
2852 [main] DEBUG fr.expression4j.basic.impl.ComplexOrRealExpressionElement  - In parseElement
2852 [main] DEBUG fr.expression4j.basic.impl.ComplexOrRealExpressionElement  - In parseElement
2852 [main] DEBUG fr.expression4j.basic.impl.ComplexOrRealExpressionElement  - start position: 3
2852 [main] DEBUG fr.expression4j.basic.impl.ComplexOrRealExpressionElement  - start position: 3
2852 [main] DEBUG fr.expression4j.basic.impl.ComplexOrRealExpressionElement  - start position: 3
2852 [main] DEBUG fr.expression4j.basic.impl.ComplexOrRealExpressionElement  - start position: 3
2852 [main] DEBUG fr.expression4j.basic.impl.ComplexOrRealExpressionElement  - start position: 3
2852 [main] DEBUG fr.expression4j.basic.impl.ComplexOrRealExpressionElement  - In parseElement
2852 [main] DEBUG fr.expression4j.basic.impl.ComplexOrRealExpressionElement  - In parseElement
2852 [main] DEBUG fr.expression4j.basic.impl.ComplexOrRealExpressionElement  - In parseElement
2852 [main] DEBUG fr.expression4j.basic.impl.ComplexOrRealExpressionElement  - In parseElement
2852 [main] DEBUG fr.expression4j.basic.impl.ComplexOrRealExpressionElement  - In parseElement
2852 [main] DEBUG fr.expression4j.basic.impl.ComplexOrRealExpressionElement  - start position: 4
2852 [main] DEBUG fr.expression4j.basic.impl.ComplexOrRealExpressionElement  - start position: 4
2852 [main] DEBUG fr.expression4j.basic.impl.ComplexOrRealExpressionElement  - start position: 4
2852 [main] DEBUG fr.expression4j.basic.impl.ComplexOrRealExpressionElement  - start position: 4
2852 [main] DEBUG fr.expression4j.basic.impl.ComplexOrRealExpressionElement  - start position: 4
2852 [main] DEBUG fr.expression4j.basic.impl.BinaryOperatorExpressionElement  - In parseElement.
2852 [main] DEBUG fr.expression4j.basic.impl.BinaryOperatorExpressionElement  - In parseElement.
2852 [main] DEBUG fr.expression4j.basic.impl.BinaryOperatorExpressionElement  - In parseElement.
2852 [main] DEBUG fr.expression4j.basic.impl.BinaryOperatorExpressionElement  - In parseElement.
2852 [main] DEBUG fr.expression4j.basic.impl.BinaryOperatorExpressionElement  - In parseElement.
2852 [main] DEBUG fr.expression4j.basic.impl.BinaryOperatorExpressionElement  - Current end position: 5
2852 [main] DEBUG fr.expression4j.basic.impl.BinaryOperatorExpressionElement  - Current end position: 5
2852 [main] DEBUG fr.expression4j.basic.impl.BinaryOperatorExpressionElement  - Current end position: 5
2852 [main] DEBUG fr.expression4j.basic.impl.BinaryOperatorExpressionElement  - Current end position: 5
2852 [main] DEBUG fr.expression4j.basic.impl.BinaryOperatorExpressionElement  - Current end position: 5
2852 [main] DEBUG fr.expression4j.basic.impl.BinaryOperatorExpressionElement  - In checkOperator.
2852 [main] DEBUG fr.expression4j.basic.impl.BinaryOperatorExpressionElement  - In checkOperator.
2852 [main] DEBUG fr.expression4j.basic.impl.BinaryOperatorExpressionElement  - In checkOperator.
2852 [main] DEBUG fr.expression4j.basic.impl.BinaryOperatorExpressionElement  - In checkOperator.
2852 [main] DEBUG fr.expression4j.basic.impl.BinaryOperatorExpressionElement  - In checkOperator.
2854 [main] DEBUG fr.expression4j.basic.impl.BinaryOperatorExpressionElement  - Operator Pow not found.
2854 [main] DEBUG fr.expression4j.basic.impl.BinaryOperatorExpressionElement  - Operator Pow not found.
2854 [main] DEBUG fr.expression4j.basic.impl.BinaryOperatorExpressionElement  - Operator Pow not found.
2854 [main] DEBUG fr.expression4j.basic.impl.BinaryOperatorExpressionElement  - Operator Pow not found.
2854 [main] DEBUG fr.expression4j.basic.impl.BinaryOperatorExpressionElement  - Operator Pow not found.
2854 [main] DEBUG fr.expression4j.basic.impl.BinaryOperatorExpressionElement  - No operator found.
2854 [main] DEBUG fr.expression4j.basic.impl.BinaryOperatorExpressionElement  - No operator found.
2854 [main] DEBUG fr.expression4j.basic.impl.BinaryOperatorExpressionElement  - No operator found.
2854 [main] DEBUG fr.expression4j.basic.impl.BinaryOperatorExpressionElement  - No operator found.
2854 [main] DEBUG fr.expression4j.basic.impl.BinaryOperatorExpressionElement  - No operator found.
2854 [main] DEBUG fr.expression4j.basic.impl.BinaryOperatorExpressionElement  - In parseElement.
2854 [main] DEBUG fr.expression4j.basic.impl.BinaryOperatorExpressionElement  - In parseElement.
2854 [main] DEBUG fr.expression4j.basic.impl.BinaryOperatorExpressionElement  - In parseElement.
2854 [main] DEBUG fr.expression4j.basic.impl.BinaryOperatorExpressionElement  - In parseElement.
2854 [main] DEBUG fr.expression4j.basic.impl.BinaryOperatorExpressionElement  - In parseElement.
2855 [main] DEBUG fr.expression4j.basic.impl.BinaryOperatorExpressionElement  - Current end position: 5
2855 [main] DEBUG fr.expression4j.basic.impl.BinaryOperatorExpressionElement  - Current end position: 5
2855 [main] DEBUG fr.expression4j.basic.impl.BinaryOperatorExpressionElement  - Current end position: 5
2855 [main] DEBUG fr.expression4j.basic.impl.BinaryOperatorExpressionElement  - Current end position: 5
2855 [main] DEBUG fr.expression4j.basic.impl.BinaryOperatorExpressionElement  - Current end position: 5
2855 [main] DEBUG fr.expression4j.basic.impl.BinaryOperatorExpressionElement  - In checkOperator.
2855 [main] DEBUG fr.expression4j.basic.impl.BinaryOperatorExpressionElement  - In checkOperator.
2855 [main] DEBUG fr.expression4j.basic.impl.BinaryOperatorExpressionElement  - In checkOperator.
2855 [main] DEBUG fr.expression4j.basic.impl.BinaryOperatorExpressionElement  - In checkOperator.
2855 [main] DEBUG fr.expression4j.basic.impl.BinaryOperatorExpressionElement  - In checkOperator.
2855 [main] DEBUG fr.expression4j.basic.impl.BinaryOperatorExpressionElement  - Operator Multiply not found.
2855 [main] DEBUG fr.expression4j.basic.impl.BinaryOperatorExpressionElement  - Operator Multiply not found.
2855 [main] DEBUG fr.expression4j.basic.impl.BinaryOperatorExpressionElement  - Operator Multiply not found.
2855 [main] DEBUG fr.expression4j.basic.impl.BinaryOperatorExpressionElement  - Operator Multiply not found.
2855 [main] DEBUG fr.expression4j.basic.impl.BinaryOperatorExpressionElement  - Operator Multiply not found.
2855 [main] DEBUG fr.expression4j.basic.impl.BinaryOperatorExpressionElement  - In checkOperator.
2855 [main] DEBUG fr.expression4j.basic.impl.BinaryOperatorExpressionElement  - In checkOperator.
2855 [main] DEBUG fr.expression4j.basic.impl.BinaryOperatorExpressionElement  - In checkOperator.
2855 [main] DEBUG fr.expression4j.basic.impl.BinaryOperatorExpressionElement  - In checkOperator.
2855 [main] DEBUG fr.expression4j.basic.impl.BinaryOperatorExpressionElement  - In checkOperator.
2855 [main] DEBUG fr.expression4j.basic.impl.BinaryOperatorExpressionElement  - Operator Divide not found.
2855 [main] DEBUG fr.expression4j.basic.impl.BinaryOperatorExpressionElement  - Operator Divide not found.
2855 [main] DEBUG fr.expression4j.basic.impl.BinaryOperatorExpressionElement  - Operator Divide not found.
2855 [main] DEBUG fr.expression4j.basic.impl.BinaryOperatorExpressionElement  - Operator Divide not found.
2855 [main] DEBUG fr.expression4j.basic.impl.BinaryOperatorExpressionElement  - Operator Divide not found.
2855 [main] DEBUG fr.expression4j.basic.impl.BinaryOperatorExpressionElement  - No operator found.
2855 [main] DEBUG fr.expression4j.basic.impl.BinaryOperatorExpressionElement  - No operator found.
2855 [main] DEBUG fr.expression4j.basic.impl.BinaryOperatorExpressionElement  - No operator found.
2855 [main] DEBUG fr.expression4j.basic.impl.BinaryOperatorExpressionElement  - No operator found.
2855 [main] DEBUG fr.expression4j.basic.impl.BinaryOperatorExpressionElement  - No operator found.
2855 [main] DEBUG fr.expression4j.basic.impl.BinaryOperatorExpressionElement  - In parseElement.
2855 [main] DEBUG fr.expression4j.basic.impl.BinaryOperatorExpressionElement  - In parseElement.
2855 [main] DEBUG fr.expression4j.basic.impl.BinaryOperatorExpressionElement  - In parseElement.
2855 [main] DEBUG fr.expression4j.basic.impl.BinaryOperatorExpressionElement  - In parseElement.
2855 [main] DEBUG fr.expression4j.basic.impl.BinaryOperatorExpressionElement  - In parseElement.
2855 [main] DEBUG fr.expression4j.basic.impl.BinaryOperatorExpressionElement  - Current end position: 5
2855 [main] DEBUG fr.expression4j.basic.impl.BinaryOperatorExpressionElement  - Current end position: 5
2855 [main] DEBUG fr.expression4j.basic.impl.BinaryOperatorExpressionElement  - Current end position: 5
2855 [main] DEBUG fr.expression4j.basic.impl.BinaryOperatorExpressionElement  - Current end position: 5
2855 [main] DEBUG fr.expression4j.basic.impl.BinaryOperatorExpressionElement  - Current end position: 5
2855 [main] DEBUG fr.expression4j.basic.impl.BinaryOperatorExpressionElement  - In checkOperator.
2855 [main] DEBUG fr.expression4j.basic.impl.BinaryOperatorExpressionElement  - In checkOperator.
2855 [main] DEBUG fr.expression4j.basic.impl.BinaryOperatorExpressionElement  - In checkOperator.
2855 [main] DEBUG fr.expression4j.basic.impl.BinaryOperatorExpressionElement  - In checkOperator.
2855 [main] DEBUG fr.expression4j.basic.impl.BinaryOperatorExpressionElement  - In checkOperator.
2855 [main] DEBUG fr.expression4j.basic.impl.BinaryOperatorExpressionElement  - Operator Plus found.
2855 [main] DEBUG fr.expression4j.basic.impl.BinaryOperatorExpressionElement  - Operator Plus found.
2855 [main] DEBUG fr.expression4j.basic.impl.BinaryOperatorExpressionElement  - Operator Plus found.
2855 [main] DEBUG fr.expression4j.basic.impl.BinaryOperatorExpressionElement  - Operator Plus found.
2855 [main] DEBUG fr.expression4j.basic.impl.BinaryOperatorExpressionElement  - Operator Plus found.
2855 [main] DEBUG fr.expression4j.basic.impl.BinaryOperatorExpressionElement  - Found operator Plus
2855 [main] DEBUG fr.expression4j.basic.impl.BinaryOperatorExpressionElement  - Found operator Plus
2855 [main] DEBUG fr.expression4j.basic.impl.BinaryOperatorExpressionElement  - Found operator Plus
2855 [main] DEBUG fr.expression4j.basic.impl.BinaryOperatorExpressionElement  - Found operator Plus
2855 [main] DEBUG fr.expression4j.basic.impl.BinaryOperatorExpressionElement  - Found operator Plus
2855 [main] DEBUG fr.expression4j.basic.impl.ComplexOrRealExpressionElement  - In parseElement
2855 [main] DEBUG fr.expression4j.basic.impl.ComplexOrRealExpressionElement  - In parseElement
2855 [main] DEBUG fr.expression4j.basic.impl.ComplexOrRealExpressionElement  - In parseElement
2855 [main] DEBUG fr.expression4j.basic.impl.ComplexOrRealExpressionElement  - In parseElement
2855 [main] DEBUG fr.expression4j.basic.impl.ComplexOrRealExpressionElement  - In parseElement
2856 [main] DEBUG fr.expression4j.basic.impl.ComplexOrRealExpressionElement  - start position: 6
2856 [main] DEBUG fr.expression4j.basic.impl.ComplexOrRealExpressionElement  - start position: 6
2856 [main] DEBUG fr.expression4j.basic.impl.ComplexOrRealExpressionElement  - start position: 6
2856 [main] DEBUG fr.expression4j.basic.impl.ComplexOrRealExpressionElement  - start position: 6
2856 [main] DEBUG fr.expression4j.basic.impl.ComplexOrRealExpressionElement  - start position: 6
2856 [main] DEBUG fr.expression4j.basic.impl.ComplexOrRealExpressionElement  - In parseElement
2856 [main] DEBUG fr.expression4j.basic.impl.ComplexOrRealExpressionElement  - In parseElement
2856 [main] DEBUG fr.expression4j.basic.impl.ComplexOrRealExpressionElement  - In parseElement
2856 [main] DEBUG fr.expression4j.basic.impl.ComplexOrRealExpressionElement  - In parseElement
2856 [main] DEBUG fr.expression4j.basic.impl.ComplexOrRealExpressionElement  - In parseElement
2856 [main] DEBUG fr.expression4j.basic.impl.ComplexOrRealExpressionElement  - start position: 7
2856 [main] DEBUG fr.expression4j.basic.impl.ComplexOrRealExpressionElement  - start position: 7
2856 [main] DEBUG fr.expression4j.basic.impl.ComplexOrRealExpressionElement  - start position: 7
2856 [main] DEBUG fr.expression4j.basic.impl.ComplexOrRealExpressionElement  - start position: 7
2856 [main] DEBUG fr.expression4j.basic.impl.ComplexOrRealExpressionElement  - start position: 7
2856 [main] DEBUG fr.expression4j.basic.impl.BinaryOperatorExpressionElement  - In parseElement.
2856 [main] DEBUG fr.expression4j.basic.impl.BinaryOperatorExpressionElement  - In parseElement.
2856 [main] DEBUG fr.expression4j.basic.impl.BinaryOperatorExpressionElement  - In parseElement.
2856 [main] DEBUG fr.expression4j.basic.impl.BinaryOperatorExpressionElement  - In parseElement.
2856 [main] DEBUG fr.expression4j.basic.impl.BinaryOperatorExpressionElement  - In parseElement.
2856 [main] DEBUG fr.expression4j.basic.impl.BinaryOperatorExpressionElement  - Current end position: 8
2856 [main] DEBUG fr.expression4j.basic.impl.BinaryOperatorExpressionElement  - Current end position: 8
2856 [main] DEBUG fr.expression4j.basic.impl.BinaryOperatorExpressionElement  - Current end position: 8
2856 [main] DEBUG fr.expression4j.basic.impl.BinaryOperatorExpressionElement  - Current end position: 8
2856 [main] DEBUG fr.expression4j.basic.impl.BinaryOperatorExpressionElement  - Current end position: 8
2856 [main] DEBUG fr.expression4j.basic.impl.BinaryOperatorExpressionElement  - In checkOperator.
2856 [main] DEBUG fr.expression4j.basic.impl.BinaryOperatorExpressionElement  - In checkOperator.
2856 [main] DEBUG fr.expression4j.basic.impl.BinaryOperatorExpressionElement  - In checkOperator.
2856 [main] DEBUG fr.expression4j.basic.impl.BinaryOperatorExpressionElement  - In checkOperator.
2856 [main] DEBUG fr.expression4j.basic.impl.BinaryOperatorExpressionElement  - In checkOperator.
2856 [main] DEBUG fr.expression4j.basic.impl.BinaryOperatorExpressionElement  - Operator Pow not found.
2856 [main] DEBUG fr.expression4j.basic.impl.BinaryOperatorExpressionElement  - Operator Pow not found.
2856 [main] DEBUG fr.expression4j.basic.impl.BinaryOperatorExpressionElement  - Operator Pow not found.
2856 [main] DEBUG fr.expression4j.basic.impl.BinaryOperatorExpressionElement  - Operator Pow not found.
2856 [main] DEBUG fr.expression4j.basic.impl.BinaryOperatorExpressionElement  - Operator Pow not found.
2856 [main] DEBUG fr.expression4j.basic.impl.BinaryOperatorExpressionElement  - No operator found.
2856 [main] DEBUG fr.expression4j.basic.impl.BinaryOperatorExpressionElement  - No operator found.
2856 [main] DEBUG fr.expression4j.basic.impl.BinaryOperatorExpressionElement  - No operator found.
2856 [main] DEBUG fr.expression4j.basic.impl.BinaryOperatorExpressionElement  - No operator found.
2856 [main] DEBUG fr.expression4j.basic.impl.BinaryOperatorExpressionElement  - No operator found.
2856 [main] DEBUG fr.expression4j.basic.impl.BinaryOperatorExpressionElement  - In parseElement.
2856 [main] DEBUG fr.expression4j.basic.impl.BinaryOperatorExpressionElement  - In parseElement.
2856 [main] DEBUG fr.expression4j.basic.impl.BinaryOperatorExpressionElement  - In parseElement.
2856 [main] DEBUG fr.expression4j.basic.impl.BinaryOperatorExpressionElement  - In parseElement.
2856 [main] DEBUG fr.expression4j.basic.impl.BinaryOperatorExpressionElement  - In parseElement.
2856 [main] DEBUG fr.expression4j.basic.impl.BinaryOperatorExpressionElement  - Current end position: 8
2856 [main] DEBUG fr.expression4j.basic.impl.BinaryOperatorExpressionElement  - Current end position: 8
2856 [main] DEBUG fr.expression4j.basic.impl.BinaryOperatorExpressionElement  - Current end position: 8
2856 [main] DEBUG fr.expression4j.basic.impl.BinaryOperatorExpressionElement  - Current end position: 8
2856 [main] DEBUG fr.expression4j.basic.impl.BinaryOperatorExpressionElement  - Current end position: 8
2857 [main] DEBUG fr.expression4j.basic.impl.BinaryOperatorExpressionElement  - In checkOperator.
2857 [main] DEBUG fr.expression4j.basic.impl.BinaryOperatorExpressionElement  - In checkOperator.
2857 [main] DEBUG fr.expression4j.basic.impl.BinaryOperatorExpressionElement  - In checkOperator.
2857 [main] DEBUG fr.expression4j.basic.impl.BinaryOperatorExpressionElement  - In checkOperator.
2857 [main] DEBUG fr.expression4j.basic.impl.BinaryOperatorExpressionElement  - In checkOperator.
2857 [main] DEBUG fr.expression4j.basic.impl.BinaryOperatorExpressionElement  - Operator Multiply not found.
2857 [main] DEBUG fr.expression4j.basic.impl.BinaryOperatorExpressionElement  - Operator Multiply not found.
2857 [main] DEBUG fr.expression4j.basic.impl.BinaryOperatorExpressionElement  - Operator Multiply not found.
2857 [main] DEBUG fr.expression4j.basic.impl.BinaryOperatorExpressionElement  - Operator Multiply not found.
2857 [main] DEBUG fr.expression4j.basic.impl.BinaryOperatorExpressionElement  - Operator Multiply not found.
2857 [main] DEBUG fr.expression4j.basic.impl.BinaryOperatorExpressionElement  - In checkOperator.
2857 [main] DEBUG fr.expression4j.basic.impl.BinaryOperatorExpressionElement  - In checkOperator.
2857 [main] DEBUG fr.expression4j.basic.impl.BinaryOperatorExpressionElement  - In checkOperator.
2857 [main] DEBUG fr.expression4j.basic.impl.BinaryOperatorExpressionElement  - In checkOperator.
2857 [main] DEBUG fr.expression4j.basic.impl.BinaryOperatorExpressionElement  - In checkOperator.
2857 [main] DEBUG fr.expression4j.basic.impl.BinaryOperatorExpressionElement  - Operator Divide not found.
2857 [main] DEBUG fr.expression4j.basic.impl.BinaryOperatorExpressionElement  - Operator Divide not found.
2857 [main] DEBUG fr.expression4j.basic.impl.BinaryOperatorExpressionElement  - Operator Divide not found.
2857 [main] DEBUG fr.expression4j.basic.impl.BinaryOperatorExpressionElement  - Operator Divide not found.
2857 [main] DEBUG fr.expression4j.basic.impl.BinaryOperatorExpressionElement  - Operator Divide not found.
2857 [main] DEBUG fr.expression4j.basic.impl.BinaryOperatorExpressionElement  - No operator found.
2857 [main] DEBUG fr.expression4j.basic.impl.BinaryOperatorExpressionElement  - No operator found.
2857 [main] DEBUG fr.expression4j.basic.impl.BinaryOperatorExpressionElement  - No operator found.
2857 [main] DEBUG fr.expression4j.basic.impl.BinaryOperatorExpressionElement  - No operator found.
2857 [main] DEBUG fr.expression4j.basic.impl.BinaryOperatorExpressionElement  - No operator found.
2857 [main] DEBUG fr.expression4j.basic.impl.BinaryOperatorExpressionElement  - In parseElement.
2857 [main] DEBUG fr.expression4j.basic.impl.BinaryOperatorExpressionElement  - In parseElement.
2857 [main] DEBUG fr.expression4j.basic.impl.BinaryOperatorExpressionElement  - In parseElement.
2857 [main] DEBUG fr.expression4j.basic.impl.BinaryOperatorExpressionElement  - In parseElement.
2857 [main] DEBUG fr.expression4j.basic.impl.BinaryOperatorExpressionElement  - In parseElement.
2857 [main] DEBUG fr.expression4j.basic.impl.BinaryOperatorExpressionElement  - Current end position: 8
2857 [main] DEBUG fr.expression4j.basic.impl.BinaryOperatorExpressionElement  - Current end position: 8
2857 [main] DEBUG fr.expression4j.basic.impl.BinaryOperatorExpressionElement  - Current end position: 8
2857 [main] DEBUG fr.expression4j.basic.impl.BinaryOperatorExpressionElement  - Current end position: 8
2857 [main] DEBUG fr.expression4j.basic.impl.BinaryOperatorExpressionElement  - Current end position: 8
2857 [main] DEBUG fr.expression4j.basic.impl.BinaryOperatorExpressionElement  - In checkOperator.
2857 [main] DEBUG fr.expression4j.basic.impl.BinaryOperatorExpressionElement  - In checkOperator.
2857 [main] DEBUG fr.expression4j.basic.impl.BinaryOperatorExpressionElement  - In checkOperator.
2857 [main] DEBUG fr.expression4j.basic.impl.BinaryOperatorExpressionElement  - In checkOperator.
2857 [main] DEBUG fr.expression4j.basic.impl.BinaryOperatorExpressionElement  - In checkOperator.
2857 [main] DEBUG fr.expression4j.basic.impl.BinaryOperatorExpressionElement  - Operator Plus found.
2857 [main] DEBUG fr.expression4j.basic.impl.BinaryOperatorExpressionElement  - Operator Plus found.
2857 [main] DEBUG fr.expression4j.basic.impl.BinaryOperatorExpressionElement  - Operator Plus found.
2857 [main] DEBUG fr.expression4j.basic.impl.BinaryOperatorExpressionElement  - Operator Plus found.
2857 [main] DEBUG fr.expression4j.basic.impl.BinaryOperatorExpressionElement  - Operator Plus found.
2857 [main] DEBUG fr.expression4j.basic.impl.BinaryOperatorExpressionElement  - Found operator Plus
2857 [main] DEBUG fr.expression4j.basic.impl.BinaryOperatorExpressionElement  - Found operator Plus
2857 [main] DEBUG fr.expression4j.basic.impl.BinaryOperatorExpressionElement  - Found operator Plus
2857 [main] DEBUG fr.expression4j.basic.impl.BinaryOperatorExpressionElement  - Found operator Plus
2857 [main] DEBUG fr.expression4j.basic.impl.BinaryOperatorExpressionElement  - Found operator Plus
2857 [main] DEBUG fr.expression4j.basic.impl.ComplexOrRealExpressionElement  - In parseElement
2857 [main] DEBUG fr.expression4j.basic.impl.ComplexOrRealExpressionElement  - In parseElement
2857 [main] DEBUG fr.expression4j.basic.impl.ComplexOrRealExpressionElement  - In parseElement
2857 [main] DEBUG fr.expression4j.basic.impl.ComplexOrRealExpressionElement  - In parseElement
2857 [main] DEBUG fr.expression4j.basic.impl.ComplexOrRealExpressionElement  - In parseElement
2857 [main] DEBUG fr.expression4j.basic.impl.ComplexOrRealExpressionElement  - start position: 9
2857 [main] DEBUG fr.expression4j.basic.impl.ComplexOrRealExpressionElement  - start position: 9
2857 [main] DEBUG fr.expression4j.basic.impl.ComplexOrRealExpressionElement  - start position: 9
2857 [main] DEBUG fr.expression4j.basic.impl.ComplexOrRealExpressionElement  - start position: 9
2857 [main] DEBUG fr.expression4j.basic.impl.ComplexOrRealExpressionElement  - start position: 9
2857 [main] DEBUG fr.expression4j.basic.impl.ComplexOrRealExpressionElement  - In parseElement
2857 [main] DEBUG fr.expression4j.basic.impl.ComplexOrRealExpressionElement  - In parseElement
2857 [main] DEBUG fr.expression4j.basic.impl.ComplexOrRealExpressionElement  - In parseElement
2857 [main] DEBUG fr.expression4j.basic.impl.ComplexOrRealExpressionElement  - In parseElement
2857 [main] DEBUG fr.expression4j.basic.impl.ComplexOrRealExpressionElement  - In parseElement
2858 [main] DEBUG fr.expression4j.basic.impl.ComplexOrRealExpressionElement  - start position: 10
2858 [main] DEBUG fr.expression4j.basic.impl.ComplexOrRealExpressionElement  - start position: 10
2858 [main] DEBUG fr.expression4j.basic.impl.ComplexOrRealExpressionElement  - start position: 10
2858 [main] DEBUG fr.expression4j.basic.impl.ComplexOrRealExpressionElement  - start position: 10
2858 [main] DEBUG fr.expression4j.basic.impl.ComplexOrRealExpressionElement  - start position: 10
2858 [main] DEBUG fr.expression4j.basic.impl.BinaryOperatorExpressionElement  - In parseElement.
2858 [main] DEBUG fr.expression4j.basic.impl.BinaryOperatorExpressionElement  - In parseElement.
2858 [main] DEBUG fr.expression4j.basic.impl.BinaryOperatorExpressionElement  - In parseElement.
2858 [main] DEBUG fr.expression4j.basic.impl.BinaryOperatorExpressionElement  - In parseElement.
2858 [main] DEBUG fr.expression4j.basic.impl.BinaryOperatorExpressionElement  - In parseElement.
2858 [main] DEBUG fr.expression4j.basic.impl.BinaryOperatorExpressionElement  - Current end position: 11
2858 [main] DEBUG fr.expression4j.basic.impl.BinaryOperatorExpressionElement  - Current end position: 11
2858 [main] DEBUG fr.expression4j.basic.impl.BinaryOperatorExpressionElement  - Current end position: 11
2858 [main] DEBUG fr.expression4j.basic.impl.BinaryOperatorExpressionElement  - Current end position: 11
2858 [main] DEBUG fr.expression4j.basic.impl.BinaryOperatorExpressionElement  - Current end position: 11
2858 [main] DEBUG fr.expression4j.basic.impl.BinaryOperatorExpressionElement  - In checkOperator.
2858 [main] DEBUG fr.expression4j.basic.impl.BinaryOperatorExpressionElement  - In checkOperator.
2858 [main] DEBUG fr.expression4j.basic.impl.BinaryOperatorExpressionElement  - In checkOperator.
2858 [main] DEBUG fr.expression4j.basic.impl.BinaryOperatorExpressionElement  - In checkOperator.
2858 [main] DEBUG fr.expression4j.basic.impl.BinaryOperatorExpressionElement  - In checkOperator.
2858 [main] DEBUG fr.expression4j.basic.impl.BinaryOperatorExpressionElement  - Operator Pow not found.
2858 [main] DEBUG fr.expression4j.basic.impl.BinaryOperatorExpressionElement  - Operator Pow not found.
2858 [main] DEBUG fr.expression4j.basic.impl.BinaryOperatorExpressionElement  - Operator Pow not found.
2858 [main] DEBUG fr.expression4j.basic.impl.BinaryOperatorExpressionElement  - Operator Pow not found.
2858 [main] DEBUG fr.expression4j.basic.impl.BinaryOperatorExpressionElement  - Operator Pow not found.
2858 [main] DEBUG fr.expression4j.basic.impl.BinaryOperatorExpressionElement  - No operator found.
2858 [main] DEBUG fr.expression4j.basic.impl.BinaryOperatorExpressionElement  - No operator found.
2858 [main] DEBUG fr.expression4j.basic.impl.BinaryOperatorExpressionElement  - No operator found.
2858 [main] DEBUG fr.expression4j.basic.impl.BinaryOperatorExpressionElement  - No operator found.
2858 [main] DEBUG fr.expression4j.basic.impl.BinaryOperatorExpressionElement  - No operator found.
2858 [main] DEBUG fr.expression4j.basic.impl.BinaryOperatorExpressionElement  - In parseElement.
2858 [main] DEBUG fr.expression4j.basic.impl.BinaryOperatorExpressionElement  - In parseElement.
2858 [main] DEBUG fr.expression4j.basic.impl.BinaryOperatorExpressionElement  - In parseElement.
2858 [main] DEBUG fr.expression4j.basic.impl.BinaryOperatorExpressionElement  - In parseElement.
2858 [main] DEBUG fr.expression4j.basic.impl.BinaryOperatorExpressionElement  - In parseElement.
2858 [main] DEBUG fr.expression4j.basic.impl.BinaryOperatorExpressionElement  - Current end position: 11
2858 [main] DEBUG fr.expression4j.basic.impl.BinaryOperatorExpressionElement  - Current end position: 11
2858 [main] DEBUG fr.expression4j.basic.impl.BinaryOperatorExpressionElement  - Current end position: 11
2858 [main] DEBUG fr.expression4j.basic.impl.BinaryOperatorExpressionElement  - Current end position: 11
2858 [main] DEBUG fr.expression4j.basic.impl.BinaryOperatorExpressionElement  - Current end position: 11
2858 [main] DEBUG fr.expression4j.basic.impl.BinaryOperatorExpressionElement  - In checkOperator.
2858 [main] DEBUG fr.expression4j.basic.impl.BinaryOperatorExpressionElement  - In checkOperator.
2858 [main] DEBUG fr.expression4j.basic.impl.BinaryOperatorExpressionElement  - In checkOperator.
2858 [main] DEBUG fr.expression4j.basic.impl.BinaryOperatorExpressionElement  - In checkOperator.
2858 [main] DEBUG fr.expression4j.basic.impl.BinaryOperatorExpressionElement  - In checkOperator.
2858 [main] DEBUG fr.expression4j.basic.impl.BinaryOperatorExpressionElement  - Operator Multiply not found.
2858 [main] DEBUG fr.expression4j.basic.impl.BinaryOperatorExpressionElement  - Operator Multiply not found.
2858 [main] DEBUG fr.expression4j.basic.impl.BinaryOperatorExpressionElement  - Operator Multiply not found.
2858 [main] DEBUG fr.expression4j.basic.impl.BinaryOperatorExpressionElement  - Operator Multiply not found.
2858 [main] DEBUG fr.expression4j.basic.impl.BinaryOperatorExpressionElement  - Operator Multiply not found.
2858 [main] DEBUG fr.expression4j.basic.impl.BinaryOperatorExpressionElement  - In checkOperator.
2858 [main] DEBUG fr.expression4j.basic.impl.BinaryOperatorExpressionElement  - In checkOperator.
2858 [main] DEBUG fr.expression4j.basic.impl.BinaryOperatorExpressionElement  - In checkOperator.
2858 [main] DEBUG fr.expression4j.basic.impl.BinaryOperatorExpressionElement  - In checkOperator.
2858 [main] DEBUG fr.expression4j.basic.impl.BinaryOperatorExpressionElement  - In checkOperator.
2859 [main] DEBUG fr.expression4j.basic.impl.BinaryOperatorExpressionElement  - Operator Divide not found.
2859 [main] DEBUG fr.expression4j.basic.impl.BinaryOperatorExpressionElement  - Operator Divide not found.
2859 [main] DEBUG fr.expression4j.basic.impl.BinaryOperatorExpressionElement  - Operator Divide not found.
2859 [main] DEBUG fr.expression4j.basic.impl.BinaryOperatorExpressionElement  - Operator Divide not found.
2859 [main] DEBUG fr.expression4j.basic.impl.BinaryOperatorExpressionElement  - Operator Divide not found.
2859 [main] DEBUG fr.expression4j.basic.impl.BinaryOperatorExpressionElement  - No operator found.
2859 [main] DEBUG fr.expression4j.basic.impl.BinaryOperatorExpressionElement  - No operator found.
2859 [main] DEBUG fr.expression4j.basic.impl.BinaryOperatorExpressionElement  - No operator found.
2859 [main] DEBUG fr.expression4j.basic.impl.BinaryOperatorExpressionElement  - No operator found.
2859 [main] DEBUG fr.expression4j.basic.impl.BinaryOperatorExpressionElement  - No operator found.
2859 [main] DEBUG fr.expression4j.basic.impl.BinaryOperatorExpressionElement  - In parseElement.
2859 [main] DEBUG fr.expression4j.basic.impl.BinaryOperatorExpressionElement  - In parseElement.
2859 [main] DEBUG fr.expression4j.basic.impl.BinaryOperatorExpressionElement  - In parseElement.
2859 [main] DEBUG fr.expression4j.basic.impl.BinaryOperatorExpressionElement  - In parseElement.
2859 [main] DEBUG fr.expression4j.basic.impl.BinaryOperatorExpressionElement  - In parseElement.
2859 [main] DEBUG fr.expression4j.basic.impl.BinaryOperatorExpressionElement  - Current end position: 11
2859 [main] DEBUG fr.expression4j.basic.impl.BinaryOperatorExpressionElement  - Current end position: 11
2859 [main] DEBUG fr.expression4j.basic.impl.BinaryOperatorExpressionElement  - Current end position: 11
2859 [main] DEBUG fr.expression4j.basic.impl.BinaryOperatorExpressionElement  - Current end position: 11
2859 [main] DEBUG fr.expression4j.basic.impl.BinaryOperatorExpressionElement  - Current end position: 11
2859 [main] DEBUG fr.expression4j.basic.impl.BinaryOperatorExpressionElement  - In checkOperator.
2859 [main] DEBUG fr.expression4j.basic.impl.BinaryOperatorExpressionElement  - In checkOperator.
2859 [main] DEBUG fr.expression4j.basic.impl.BinaryOperatorExpressionElement  - In checkOperator.
2859 [main] DEBUG fr.expression4j.basic.impl.BinaryOperatorExpressionElement  - In checkOperator.
2859 [main] DEBUG fr.expression4j.basic.impl.BinaryOperatorExpressionElement  - In checkOperator.
2859 [main] DEBUG fr.expression4j.basic.impl.BinaryOperatorExpressionElement  - Operator Plus found.
2859 [main] DEBUG fr.expression4j.basic.impl.BinaryOperatorExpressionElement  - Operator Plus found.
2859 [main] DEBUG fr.expression4j.basic.impl.BinaryOperatorExpressionElement  - Operator Plus found.
2859 [main] DEBUG fr.expression4j.basic.impl.BinaryOperatorExpressionElement  - Operator Plus found.
2859 [main] DEBUG fr.expression4j.basic.impl.BinaryOperatorExpressionElement  - Operator Plus found.
2859 [main] DEBUG fr.expression4j.basic.impl.BinaryOperatorExpressionElement  - Found operator Plus
2859 [main] DEBUG fr.expression4j.basic.impl.BinaryOperatorExpressionElement  - Found operator Plus
2859 [main] DEBUG fr.expression4j.basic.impl.BinaryOperatorExpressionElement  - Found operator Plus
2859 [main] DEBUG fr.expression4j.basic.impl.BinaryOperatorExpressionElement  - Found operator Plus
2859 [main] DEBUG fr.expression4j.basic.impl.BinaryOperatorExpressionElement  - Found operator Plus
2859 [main] DEBUG fr.expression4j.basic.impl.ComplexOrRealExpressionElement  - In parseElement
2859 [main] DEBUG fr.expression4j.basic.impl.ComplexOrRealExpressionElement  - In parseElement
2859 [main] DEBUG fr.expression4j.basic.impl.ComplexOrRealExpressionElement  - In parseElement
2859 [main] DEBUG fr.expression4j.basic.impl.ComplexOrRealExpressionElement  - In parseElement
2859 [main] DEBUG fr.expression4j.basic.impl.ComplexOrRealExpressionElement  - In parseElement
2859 [main] DEBUG fr.expression4j.basic.impl.ComplexOrRealExpressionElement  - start position: 12
2859 [main] DEBUG fr.expression4j.basic.impl.ComplexOrRealExpressionElement  - start position: 12
2859 [main] DEBUG fr.expression4j.basic.impl.ComplexOrRealExpressionElement  - start position: 12
2859 [main] DEBUG fr.expression4j.basic.impl.ComplexOrRealExpressionElement  - start position: 12
2859 [main] DEBUG fr.expression4j.basic.impl.ComplexOrRealExpressionElement  - start position: 12
2860 [main] DEBUG fr.expression4j.basic.impl.BinaryOperatorExpressionElement  - In parseElement.
2860 [main] DEBUG fr.expression4j.basic.impl.BinaryOperatorExpressionElement  - In parseElement.
2860 [main] DEBUG fr.expression4j.basic.impl.BinaryOperatorExpressionElement  - In parseElement.
2860 [main] DEBUG fr.expression4j.basic.impl.BinaryOperatorExpressionElement  - In parseElement.
2860 [main] DEBUG fr.expression4j.basic.impl.BinaryOperatorExpressionElement  - In parseElement.
2860 [main] DEBUG fr.expression4j.basic.impl.BinaryOperatorExpressionElement  - Current end position: 13
2860 [main] DEBUG fr.expression4j.basic.impl.BinaryOperatorExpressionElement  - Current end position: 13
2860 [main] DEBUG fr.expression4j.basic.impl.BinaryOperatorExpressionElement  - Current end position: 13
2860 [main] DEBUG fr.expression4j.basic.impl.BinaryOperatorExpressionElement  - Current end position: 13
2860 [main] DEBUG fr.expression4j.basic.impl.BinaryOperatorExpressionElement  - Current end position: 13
2860 [main] DEBUG fr.expression4j.basic.impl.BinaryOperatorExpressionElement  - In checkOperator.
2860 [main] DEBUG fr.expression4j.basic.impl.BinaryOperatorExpressionElement  - In checkOperator.
2860 [main] DEBUG fr.expression4j.basic.impl.BinaryOperatorExpressionElement  - In checkOperator.
2860 [main] DEBUG fr.expression4j.basic.impl.BinaryOperatorExpressionElement  - In checkOperator.
2860 [main] DEBUG fr.expression4j.basic.impl.BinaryOperatorExpressionElement  - In checkOperator.
2860 [main] DEBUG fr.expression4j.basic.impl.BinaryOperatorExpressionElement  - Operator Pow not found.
2860 [main] DEBUG fr.expression4j.basic.impl.BinaryOperatorExpressionElement  - Operator Pow not found.
2860 [main] DEBUG fr.expression4j.basic.impl.BinaryOperatorExpressionElement  - Operator Pow not found.
2860 [main] DEBUG fr.expression4j.basic.impl.BinaryOperatorExpressionElement  - Operator Pow not found.
2860 [main] DEBUG fr.expression4j.basic.impl.BinaryOperatorExpressionElement  - Operator Pow not found.
2860 [main] DEBUG fr.expression4j.basic.impl.BinaryOperatorExpressionElement  - No operator found.
2860 [main] DEBUG fr.expression4j.basic.impl.BinaryOperatorExpressionElement  - No operator found.
2860 [main] DEBUG fr.expression4j.basic.impl.BinaryOperatorExpressionElement  - No operator found.
2860 [main] DEBUG fr.expression4j.basic.impl.BinaryOperatorExpressionElement  - No operator found.
2860 [main] DEBUG fr.expression4j.basic.impl.BinaryOperatorExpressionElement  - No operator found.
2860 [main] DEBUG fr.expression4j.basic.impl.BinaryOperatorExpressionElement  - In parseElement.
2860 [main] DEBUG fr.expression4j.basic.impl.BinaryOperatorExpressionElement  - In parseElement.
2860 [main] DEBUG fr.expression4j.basic.impl.BinaryOperatorExpressionElement  - In parseElement.
2860 [main] DEBUG fr.expression4j.basic.impl.BinaryOperatorExpressionElement  - In parseElement.
2860 [main] DEBUG fr.expression4j.basic.impl.BinaryOperatorExpressionElement  - In parseElement.
2860 [main] DEBUG fr.expression4j.basic.impl.BinaryOperatorExpressionElement  - Current end position: 13
2860 [main] DEBUG fr.expression4j.basic.impl.BinaryOperatorExpressionElement  - Current end position: 13
2860 [main] DEBUG fr.expression4j.basic.impl.BinaryOperatorExpressionElement  - Current end position: 13
2860 [main] DEBUG fr.expression4j.basic.impl.BinaryOperatorExpressionElement  - Current end position: 13
2860 [main] DEBUG fr.expression4j.basic.impl.BinaryOperatorExpressionElement  - Current end position: 13
2860 [main] DEBUG fr.expression4j.basic.impl.BinaryOperatorExpressionElement  - In checkOperator.
2860 [main] DEBUG fr.expression4j.basic.impl.BinaryOperatorExpressionElement  - In checkOperator.
2860 [main] DEBUG fr.expression4j.basic.impl.BinaryOperatorExpressionElement  - In checkOperator.
2860 [main] DEBUG fr.expression4j.basic.impl.BinaryOperatorExpressionElement  - In checkOperator.
2860 [main] DEBUG fr.expression4j.basic.impl.BinaryOperatorExpressionElement  - In checkOperator.
2860 [main] DEBUG fr.expression4j.basic.impl.BinaryOperatorExpressionElement  - Operator Multiply not found.
2860 [main] DEBUG fr.expression4j.basic.impl.BinaryOperatorExpressionElement  - Operator Multiply not found.
2860 [main] DEBUG fr.expression4j.basic.impl.BinaryOperatorExpressionElement  - Operator Multiply not found.
2860 [main] DEBUG fr.expression4j.basic.impl.BinaryOperatorExpressionElement  - Operator Multiply not found.
2860 [main] DEBUG fr.expression4j.basic.impl.BinaryOperatorExpressionElement  - Operator Multiply not found.
2860 [main] DEBUG fr.expression4j.basic.impl.BinaryOperatorExpressionElement  - In checkOperator.
2860 [main] DEBUG fr.expression4j.basic.impl.BinaryOperatorExpressionElement  - In checkOperator.
2860 [main] DEBUG fr.expression4j.basic.impl.BinaryOperatorExpressionElement  - In checkOperator.
2860 [main] DEBUG fr.expression4j.basic.impl.BinaryOperatorExpressionElement  - In checkOperator.
2860 [main] DEBUG fr.expression4j.basic.impl.BinaryOperatorExpressionElement  - In checkOperator.
2860 [main] DEBUG fr.expression4j.basic.impl.BinaryOperatorExpressionElement  - Operator Divide not found.
2860 [main] DEBUG fr.expression4j.basic.impl.BinaryOperatorExpressionElement  - Operator Divide not found.
2860 [main] DEBUG fr.expression4j.basic.impl.BinaryOperatorExpressionElement  - Operator Divide not found.
2860 [main] DEBUG fr.expression4j.basic.impl.BinaryOperatorExpressionElement  - Operator Divide not found.
2860 [main] DEBUG fr.expression4j.basic.impl.BinaryOperatorExpressionElement  - Operator Divide not found.
2860 [main] DEBUG fr.expression4j.basic.impl.BinaryOperatorExpressionElement  - No operator found.
2860 [main] DEBUG fr.expression4j.basic.impl.BinaryOperatorExpressionElement  - No operator found.
2860 [main] DEBUG fr.expression4j.basic.impl.BinaryOperatorExpressionElement  - No operator found.
2860 [main] DEBUG fr.expression4j.basic.impl.BinaryOperatorExpressionElement  - No operator found.
2860 [main] DEBUG fr.expression4j.basic.impl.BinaryOperatorExpressionElement  - No operator found.
2861 [main] DEBUG fr.expression4j.basic.impl.BinaryOperatorExpressionElement  - In parseElement.
2861 [main] DEBUG fr.expression4j.basic.impl.BinaryOperatorExpressionElement  - In parseElement.
2861 [main] DEBUG fr.expression4j.basic.impl.BinaryOperatorExpressionElement  - In parseElement.
2861 [main] DEBUG fr.expression4j.basic.impl.BinaryOperatorExpressionElement  - In parseElement.
2861 [main] DEBUG fr.expression4j.basic.impl.BinaryOperatorExpressionElement  - In parseElement.
2861 [main] DEBUG fr.expression4j.basic.impl.BinaryOperatorExpressionElement  - Current end position: 13
2861 [main] DEBUG fr.expression4j.basic.impl.BinaryOperatorExpressionElement  - Current end position: 13
2861 [main] DEBUG fr.expression4j.basic.impl.BinaryOperatorExpressionElement  - Current end position: 13
2861 [main] DEBUG fr.expression4j.basic.impl.BinaryOperatorExpressionElement  - Current end position: 13
2861 [main] DEBUG fr.expression4j.basic.impl.BinaryOperatorExpressionElement  - Current end position: 13
2861 [main] DEBUG fr.expression4j.basic.impl.BinaryOperatorExpressionElement  - In checkOperator.
2861 [main] DEBUG fr.expression4j.basic.impl.BinaryOperatorExpressionElement  - In checkOperator.
2861 [main] DEBUG fr.expression4j.basic.impl.BinaryOperatorExpressionElement  - In checkOperator.
2861 [main] DEBUG fr.expression4j.basic.impl.BinaryOperatorExpressionElement  - In checkOperator.
2861 [main] DEBUG fr.expression4j.basic.impl.BinaryOperatorExpressionElement  - In checkOperator.
2861 [main] DEBUG fr.expression4j.basic.impl.BinaryOperatorExpressionElement  - Operator Plus not found.
2861 [main] DEBUG fr.expression4j.basic.impl.BinaryOperatorExpressionElement  - Operator Plus not found.
2861 [main] DEBUG fr.expression4j.basic.impl.BinaryOperatorExpressionElement  - Operator Plus not found.
2861 [main] DEBUG fr.expression4j.basic.impl.BinaryOperatorExpressionElement  - Operator Plus not found.
2861 [main] DEBUG fr.expression4j.basic.impl.BinaryOperatorExpressionElement  - Operator Plus not found.
2861 [main] DEBUG fr.expression4j.basic.impl.BinaryOperatorExpressionElement  - In checkOperator.
2861 [main] DEBUG fr.expression4j.basic.impl.BinaryOperatorExpressionElement  - In checkOperator.
2861 [main] DEBUG fr.expression4j.basic.impl.BinaryOperatorExpressionElement  - In checkOperator.
2861 [main] DEBUG fr.expression4j.basic.impl.BinaryOperatorExpressionElement  - In checkOperator.
2861 [main] DEBUG fr.expression4j.basic.impl.BinaryOperatorExpressionElement  - In checkOperator.
2861 [main] DEBUG fr.expression4j.basic.impl.BinaryOperatorExpressionElement  - Operator Minus not found.
2861 [main] DEBUG fr.expression4j.basic.impl.BinaryOperatorExpressionElement  - Operator Minus not found.
2861 [main] DEBUG fr.expression4j.basic.impl.BinaryOperatorExpressionElement  - Operator Minus not found.
2861 [main] DEBUG fr.expression4j.basic.impl.BinaryOperatorExpressionElement  - Operator Minus not found.
2861 [main] DEBUG fr.expression4j.basic.impl.BinaryOperatorExpressionElement  - Operator Minus not found.
2861 [main] DEBUG fr.expression4j.basic.impl.BinaryOperatorExpressionElement  - No operator found.
2861 [main] DEBUG fr.expression4j.basic.impl.BinaryOperatorExpressionElement  - No operator found.
2861 [main] DEBUG fr.expression4j.basic.impl.BinaryOperatorExpressionElement  - No operator found.
2861 [main] DEBUG fr.expression4j.basic.impl.BinaryOperatorExpressionElement  - No operator found.
2861 [main] DEBUG fr.expression4j.basic.impl.BinaryOperatorExpressionElement  - No operator found.
2861 [main] DEBUG fr.expression4j.basic.impl.BinaryOperatorExpressionElement  - In parseElement.
2861 [main] DEBUG fr.expression4j.basic.impl.BinaryOperatorExpressionElement  - In parseElement.
2861 [main] DEBUG fr.expression4j.basic.impl.BinaryOperatorExpressionElement  - In parseElement.
2861 [main] DEBUG fr.expression4j.basic.impl.BinaryOperatorExpressionElement  - In parseElement.
2861 [main] DEBUG fr.expression4j.basic.impl.BinaryOperatorExpressionElement  - In parseElement.
2861 [main] DEBUG fr.expression4j.basic.impl.BinaryOperatorExpressionElement  - Current end position: 14
2861 [main] DEBUG fr.expression4j.basic.impl.BinaryOperatorExpressionElement  - Current end position: 14
2861 [main] DEBUG fr.expression4j.basic.impl.BinaryOperatorExpressionElement  - Current end position: 14
2861 [main] DEBUG fr.expression4j.basic.impl.BinaryOperatorExpressionElement  - Current end position: 14
2861 [main] DEBUG fr.expression4j.basic.impl.BinaryOperatorExpressionElement  - Current end position: 14
2861 [main] DEBUG fr.expression4j.basic.impl.BinaryOperatorExpressionElement  - In checkOperator.
2861 [main] DEBUG fr.expression4j.basic.impl.BinaryOperatorExpressionElement  - In checkOperator.
2861 [main] DEBUG fr.expression4j.basic.impl.BinaryOperatorExpressionElement  - In checkOperator.
2861 [main] DEBUG fr.expression4j.basic.impl.BinaryOperatorExpressionElement  - In checkOperator.
2861 [main] DEBUG fr.expression4j.basic.impl.BinaryOperatorExpressionElement  - In checkOperator.
2861 [main] DEBUG fr.expression4j.basic.impl.BinaryOperatorExpressionElement  - Operator Pow not found.
2861 [main] DEBUG fr.expression4j.basic.impl.BinaryOperatorExpressionElement  - Operator Pow not found.
2861 [main] DEBUG fr.expression4j.basic.impl.BinaryOperatorExpressionElement  - Operator Pow not found.
2861 [main] DEBUG fr.expression4j.basic.impl.BinaryOperatorExpressionElement  - Operator Pow not found.
2861 [main] DEBUG fr.expression4j.basic.impl.BinaryOperatorExpressionElement  - Operator Pow not found.
2861 [main] DEBUG fr.expression4j.basic.impl.BinaryOperatorExpressionElement  - No operator found.
2861 [main] DEBUG fr.expression4j.basic.impl.BinaryOperatorExpressionElement  - No operator found.
2861 [main] DEBUG fr.expression4j.basic.impl.BinaryOperatorExpressionElement  - No operator found.
2861 [main] DEBUG fr.expression4j.basic.impl.BinaryOperatorExpressionElement  - No operator found.
2861 [main] DEBUG fr.expression4j.basic.impl.BinaryOperatorExpressionElement  - No operator found.
2861 [main] DEBUG fr.expression4j.basic.impl.BinaryOperatorExpressionElement  - In parseElement.
2861 [main] DEBUG fr.expression4j.basic.impl.BinaryOperatorExpressionElement  - In parseElement.
2861 [main] DEBUG fr.expression4j.basic.impl.BinaryOperatorExpressionElement  - In parseElement.
2861 [main] DEBUG fr.expression4j.basic.impl.BinaryOperatorExpressionElement  - In parseElement.
2861 [main] DEBUG fr.expression4j.basic.impl.BinaryOperatorExpressionElement  - In parseElement.
2862 [main] DEBUG fr.expression4j.basic.impl.BinaryOperatorExpressionElement  - Current end position: 14
2862 [main] DEBUG fr.expression4j.basic.impl.BinaryOperatorExpressionElement  - Current end position: 14
2862 [main] DEBUG fr.expression4j.basic.impl.BinaryOperatorExpressionElement  - Current end position: 14
2862 [main] DEBUG fr.expression4j.basic.impl.BinaryOperatorExpressionElement  - Current end position: 14
2862 [main] DEBUG fr.expression4j.basic.impl.BinaryOperatorExpressionElement  - Current end position: 14
2862 [main] DEBUG fr.expression4j.basic.impl.BinaryOperatorExpressionElement  - In checkOperator.
2862 [main] DEBUG fr.expression4j.basic.impl.BinaryOperatorExpressionElement  - In checkOperator.
2862 [main] DEBUG fr.expression4j.basic.impl.BinaryOperatorExpressionElement  - In checkOperator.
2862 [main] DEBUG fr.expression4j.basic.impl.BinaryOperatorExpressionElement  - In checkOperator.
2862 [main] DEBUG fr.expression4j.basic.impl.BinaryOperatorExpressionElement  - In checkOperator.
2862 [main] DEBUG fr.expression4j.basic.impl.BinaryOperatorExpressionElement  - Operator Multiply not found.
2862 [main] DEBUG fr.expression4j.basic.impl.BinaryOperatorExpressionElement  - Operator Multiply not found.
2862 [main] DEBUG fr.expression4j.basic.impl.BinaryOperatorExpressionElement  - Operator Multiply not found.
2862 [main] DEBUG fr.expression4j.basic.impl.BinaryOperatorExpressionElement  - Operator Multiply not found.
2862 [main] DEBUG fr.expression4j.basic.impl.BinaryOperatorExpressionElement  - Operator Multiply not found.
2862 [main] DEBUG fr.expression4j.basic.impl.BinaryOperatorExpressionElement  - In checkOperator.
2862 [main] DEBUG fr.expression4j.basic.impl.BinaryOperatorExpressionElement  - In checkOperator.
2862 [main] DEBUG fr.expression4j.basic.impl.BinaryOperatorExpressionElement  - In checkOperator.
2862 [main] DEBUG fr.expression4j.basic.impl.BinaryOperatorExpressionElement  - In checkOperator.
2862 [main] DEBUG fr.expression4j.basic.impl.BinaryOperatorExpressionElement  - In checkOperator.
2862 [main] DEBUG fr.expression4j.basic.impl.BinaryOperatorExpressionElement  - Operator Divide not found.
2862 [main] DEBUG fr.expression4j.basic.impl.BinaryOperatorExpressionElement  - Operator Divide not found.
2862 [main] DEBUG fr.expression4j.basic.impl.BinaryOperatorExpressionElement  - Operator Divide not found.
2862 [main] DEBUG fr.expression4j.basic.impl.BinaryOperatorExpressionElement  - Operator Divide not found.
2862 [main] DEBUG fr.expression4j.basic.impl.BinaryOperatorExpressionElement  - Operator Divide not found.
2862 [main] DEBUG fr.expression4j.basic.impl.BinaryOperatorExpressionElement  - No operator found.
2862 [main] DEBUG fr.expression4j.basic.impl.BinaryOperatorExpressionElement  - No operator found.
2862 [main] DEBUG fr.expression4j.basic.impl.BinaryOperatorExpressionElement  - No operator found.
2862 [main] DEBUG fr.expression4j.basic.impl.BinaryOperatorExpressionElement  - No operator found.
2862 [main] DEBUG fr.expression4j.basic.impl.BinaryOperatorExpressionElement  - No operator found.
2862 [main] DEBUG fr.expression4j.basic.impl.BinaryOperatorExpressionElement  - In parseElement.
2862 [main] DEBUG fr.expression4j.basic.impl.BinaryOperatorExpressionElement  - In parseElement.
2862 [main] DEBUG fr.expression4j.basic.impl.BinaryOperatorExpressionElement  - In parseElement.
2862 [main] DEBUG fr.expression4j.basic.impl.BinaryOperatorExpressionElement  - In parseElement.
2862 [main] DEBUG fr.expression4j.basic.impl.BinaryOperatorExpressionElement  - In parseElement.
2862 [main] DEBUG fr.expression4j.basic.impl.BinaryOperatorExpressionElement  - Current end position: 14
2862 [main] DEBUG fr.expression4j.basic.impl.BinaryOperatorExpressionElement  - Current end position: 14
2862 [main] DEBUG fr.expression4j.basic.impl.BinaryOperatorExpressionElement  - Current end position: 14
2862 [main] DEBUG fr.expression4j.basic.impl.BinaryOperatorExpressionElement  - Current end position: 14
2862 [main] DEBUG fr.expression4j.basic.impl.BinaryOperatorExpressionElement  - Current end position: 14
2862 [main] DEBUG fr.expression4j.basic.impl.BinaryOperatorExpressionElement  - In checkOperator.
2862 [main] DEBUG fr.expression4j.basic.impl.BinaryOperatorExpressionElement  - In checkOperator.
2862 [main] DEBUG fr.expression4j.basic.impl.BinaryOperatorExpressionElement  - In checkOperator.
2862 [main] DEBUG fr.expression4j.basic.impl.BinaryOperatorExpressionElement  - In checkOperator.
2862 [main] DEBUG fr.expression4j.basic.impl.BinaryOperatorExpressionElement  - In checkOperator.
2862 [main] DEBUG fr.expression4j.basic.impl.BinaryOperatorExpressionElement  - Operator Plus found.
2862 [main] DEBUG fr.expression4j.basic.impl.BinaryOperatorExpressionElement  - Operator Plus found.
2862 [main] DEBUG fr.expression4j.basic.impl.BinaryOperatorExpressionElement  - Operator Plus found.
2862 [main] DEBUG fr.expression4j.basic.impl.BinaryOperatorExpressionElement  - Operator Plus found.
2862 [main] DEBUG fr.expression4j.basic.impl.BinaryOperatorExpressionElement  - Operator Plus found.
2862 [main] DEBUG fr.expression4j.basic.impl.BinaryOperatorExpressionElement  - Found operator Plus
2862 [main] DEBUG fr.expression4j.basic.impl.BinaryOperatorExpressionElement  - Found operator Plus
2862 [main] DEBUG fr.expression4j.basic.impl.BinaryOperatorExpressionElement  - Found operator Plus
2862 [main] DEBUG fr.expression4j.basic.impl.BinaryOperatorExpressionElement  - Found operator Plus
2862 [main] DEBUG fr.expression4j.basic.impl.BinaryOperatorExpressionElement  - Found operator Plus
2862 [main] DEBUG fr.expression4j.basic.impl.ComplexOrRealExpressionElement  - In parseElement
2862 [main] DEBUG fr.expression4j.basic.impl.ComplexOrRealExpressionElement  - In parseElement
2862 [main] DEBUG fr.expression4j.basic.impl.ComplexOrRealExpressionElement  - In parseElement
2862 [main] DEBUG fr.expression4j.basic.impl.ComplexOrRealExpressionElement  - In parseElement
2862 [main] DEBUG fr.expression4j.basic.impl.ComplexOrRealExpressionElement  - In parseElement
2863 [main] DEBUG fr.expression4j.basic.impl.ComplexOrRealExpressionElement  - start position: 15
2863 [main] DEBUG fr.expression4j.basic.impl.ComplexOrRealExpressionElement  - start position: 15
2863 [main] DEBUG fr.expression4j.basic.impl.ComplexOrRealExpressionElement  - start position: 15
2863 [main] DEBUG fr.expression4j.basic.impl.ComplexOrRealExpressionElement  - start position: 15
2863 [main] DEBUG fr.expression4j.basic.impl.ComplexOrRealExpressionElement  - start position: 15
2863 [main] DEBUG fr.expression4j.basic.impl.BinaryOperatorExpressionElement  - In parseElement.
2863 [main] DEBUG fr.expression4j.basic.impl.BinaryOperatorExpressionElement  - In parseElement.
2863 [main] DEBUG fr.expression4j.basic.impl.BinaryOperatorExpressionElement  - In parseElement.
2863 [main] DEBUG fr.expression4j.basic.impl.BinaryOperatorExpressionElement  - In parseElement.
2863 [main] DEBUG fr.expression4j.basic.impl.BinaryOperatorExpressionElement  - In parseElement.
2863 [main] DEBUG fr.expression4j.basic.impl.BinaryOperatorExpressionElement  - Current end position: 16
2863 [main] DEBUG fr.expression4j.basic.impl.BinaryOperatorExpressionElement  - Current end position: 16
2863 [main] DEBUG fr.expression4j.basic.impl.BinaryOperatorExpressionElement  - Current end position: 16
2863 [main] DEBUG fr.expression4j.basic.impl.BinaryOperatorExpressionElement  - Current end position: 16
2863 [main] DEBUG fr.expression4j.basic.impl.BinaryOperatorExpressionElement  - Current end position: 16
2863 [main] DEBUG fr.expression4j.basic.impl.BinaryOperatorExpressionElement  - In checkOperator.
2863 [main] DEBUG fr.expression4j.basic.impl.BinaryOperatorExpressionElement  - In checkOperator.
2863 [main] DEBUG fr.expression4j.basic.impl.BinaryOperatorExpressionElement  - In checkOperator.
2863 [main] DEBUG fr.expression4j.basic.impl.BinaryOperatorExpressionElement  - In checkOperator.
2863 [main] DEBUG fr.expression4j.basic.impl.BinaryOperatorExpressionElement  - In checkOperator.
2863 [main] DEBUG fr.expression4j.basic.impl.BinaryOperatorExpressionElement  - Operator Pow not found.
2863 [main] DEBUG fr.expression4j.basic.impl.BinaryOperatorExpressionElement  - Operator Pow not found.
2863 [main] DEBUG fr.expression4j.basic.impl.BinaryOperatorExpressionElement  - Operator Pow not found.
2863 [main] DEBUG fr.expression4j.basic.impl.BinaryOperatorExpressionElement  - Operator Pow not found.
2863 [main] DEBUG fr.expression4j.basic.impl.BinaryOperatorExpressionElement  - Operator Pow not found.
2863 [main] DEBUG fr.expression4j.basic.impl.BinaryOperatorExpressionElement  - No operator found.
2863 [main] DEBUG fr.expression4j.basic.impl.BinaryOperatorExpressionElement  - No operator found.
2863 [main] DEBUG fr.expression4j.basic.impl.BinaryOperatorExpressionElement  - No operator found.
2863 [main] DEBUG fr.expression4j.basic.impl.BinaryOperatorExpressionElement  - No operator found.
2863 [main] DEBUG fr.expression4j.basic.impl.BinaryOperatorExpressionElement  - No operator found.
2863 [main] DEBUG fr.expression4j.basic.impl.BinaryOperatorExpressionElement  - In parseElement.
2863 [main] DEBUG fr.expression4j.basic.impl.BinaryOperatorExpressionElement  - In parseElement.
2863 [main] DEBUG fr.expression4j.basic.impl.BinaryOperatorExpressionElement  - In parseElement.
2863 [main] DEBUG fr.expression4j.basic.impl.BinaryOperatorExpressionElement  - In parseElement.
2863 [main] DEBUG fr.expression4j.basic.impl.BinaryOperatorExpressionElement  - In parseElement.
2863 [main] DEBUG fr.expression4j.basic.impl.BinaryOperatorExpressionElement  - Current end position: 16
2863 [main] DEBUG fr.expression4j.basic.impl.BinaryOperatorExpressionElement  - Current end position: 16
2863 [main] DEBUG fr.expression4j.basic.impl.BinaryOperatorExpressionElement  - Current end position: 16
2863 [main] DEBUG fr.expression4j.basic.impl.BinaryOperatorExpressionElement  - Current end position: 16
2863 [main] DEBUG fr.expression4j.basic.impl.BinaryOperatorExpressionElement  - Current end position: 16
2863 [main] DEBUG fr.expression4j.basic.impl.BinaryOperatorExpressionElement  - In checkOperator.
2863 [main] DEBUG fr.expression4j.basic.impl.BinaryOperatorExpressionElement  - In checkOperator.
2863 [main] DEBUG fr.expression4j.basic.impl.BinaryOperatorExpressionElement  - In checkOperator.
2863 [main] DEBUG fr.expression4j.basic.impl.BinaryOperatorExpressionElement  - In checkOperator.
2863 [main] DEBUG fr.expression4j.basic.impl.BinaryOperatorExpressionElement  - In checkOperator.
2863 [main] DEBUG fr.expression4j.basic.impl.BinaryOperatorExpressionElement  - Operator Multiply not found.
2863 [main] DEBUG fr.expression4j.basic.impl.BinaryOperatorExpressionElement  - Operator Multiply not found.
2863 [main] DEBUG fr.expression4j.basic.impl.BinaryOperatorExpressionElement  - Operator Multiply not found.
2863 [main] DEBUG fr.expression4j.basic.impl.BinaryOperatorExpressionElement  - Operator Multiply not found.
2863 [main] DEBUG fr.expression4j.basic.impl.BinaryOperatorExpressionElement  - Operator Multiply not found.
2863 [main] DEBUG fr.expression4j.basic.impl.BinaryOperatorExpressionElement  - In checkOperator.
2863 [main] DEBUG fr.expression4j.basic.impl.BinaryOperatorExpressionElement  - In checkOperator.
2863 [main] DEBUG fr.expression4j.basic.impl.BinaryOperatorExpressionElement  - In checkOperator.
2863 [main] DEBUG fr.expression4j.basic.impl.BinaryOperatorExpressionElement  - In checkOperator.
2863 [main] DEBUG fr.expression4j.basic.impl.BinaryOperatorExpressionElement  - In checkOperator.
2863 [main] DEBUG fr.expression4j.basic.impl.BinaryOperatorExpressionElement  - Operator Divide not found.
2863 [main] DEBUG fr.expression4j.basic.impl.BinaryOperatorExpressionElement  - Operator Divide not found.
2863 [main] DEBUG fr.expression4j.basic.impl.BinaryOperatorExpressionElement  - Operator Divide not found.
2863 [main] DEBUG fr.expression4j.basic.impl.BinaryOperatorExpressionElement  - Operator Divide not found.
2863 [main] DEBUG fr.expression4j.basic.impl.BinaryOperatorExpressionElement  - Operator Divide not found.
2864 [main] DEBUG fr.expression4j.basic.impl.BinaryOperatorExpressionElement  - No operator found.
2864 [main] DEBUG fr.expression4j.basic.impl.BinaryOperatorExpressionElement  - No operator found.
2864 [main] DEBUG fr.expression4j.basic.impl.BinaryOperatorExpressionElement  - No operator found.
2864 [main] DEBUG fr.expression4j.basic.impl.BinaryOperatorExpressionElement  - No operator found.
2864 [main] DEBUG fr.expression4j.basic.impl.BinaryOperatorExpressionElement  - No operator found.
2864 [main] DEBUG fr.expression4j.basic.impl.BinaryOperatorExpressionElement  - In parseElement.
2864 [main] DEBUG fr.expression4j.basic.impl.BinaryOperatorExpressionElement  - In parseElement.
2864 [main] DEBUG fr.expression4j.basic.impl.BinaryOperatorExpressionElement  - In parseElement.
2864 [main] DEBUG fr.expression4j.basic.impl.BinaryOperatorExpressionElement  - In parseElement.
2864 [main] DEBUG fr.expression4j.basic.impl.BinaryOperatorExpressionElement  - In parseElement.
2864 [main] DEBUG fr.expression4j.basic.impl.BinaryOperatorExpressionElement  - Current end position: 16
2864 [main] DEBUG fr.expression4j.basic.impl.BinaryOperatorExpressionElement  - Current end position: 16
2864 [main] DEBUG fr.expression4j.basic.impl.BinaryOperatorExpressionElement  - Current end position: 16
2864 [main] DEBUG fr.expression4j.basic.impl.BinaryOperatorExpressionElement  - Current end position: 16
2864 [main] DEBUG fr.expression4j.basic.impl.BinaryOperatorExpressionElement  - Current end position: 16
2864 [main] DEBUG fr.expression4j.basic.impl.BinaryOperatorExpressionElement  - In checkOperator.
2864 [main] DEBUG fr.expression4j.basic.impl.BinaryOperatorExpressionElement  - In checkOperator.
2864 [main] DEBUG fr.expression4j.basic.impl.BinaryOperatorExpressionElement  - In checkOperator.
2864 [main] DEBUG fr.expression4j.basic.impl.BinaryOperatorExpressionElement  - In checkOperator.
2864 [main] DEBUG fr.expression4j.basic.impl.BinaryOperatorExpressionElement  - In checkOperator.
2864 [main] DEBUG fr.expression4j.basic.impl.BinaryOperatorExpressionElement  - Operator Plus not found.
2864 [main] DEBUG fr.expression4j.basic.impl.BinaryOperatorExpressionElement  - Operator Plus not found.
2864 [main] DEBUG fr.expression4j.basic.impl.BinaryOperatorExpressionElement  - Operator Plus not found.
2864 [main] DEBUG fr.expression4j.basic.impl.BinaryOperatorExpressionElement  - Operator Plus not found.
2864 [main] DEBUG fr.expression4j.basic.impl.BinaryOperatorExpressionElement  - Operator Plus not found.
2864 [main] DEBUG fr.expression4j.basic.impl.BinaryOperatorExpressionElement  - In checkOperator.
2864 [main] DEBUG fr.expression4j.basic.impl.BinaryOperatorExpressionElement  - In checkOperator.
2864 [main] DEBUG fr.expression4j.basic.impl.BinaryOperatorExpressionElement  - In checkOperator.
2864 [main] DEBUG fr.expression4j.basic.impl.BinaryOperatorExpressionElement  - In checkOperator.
2864 [main] DEBUG fr.expression4j.basic.impl.BinaryOperatorExpressionElement  - In checkOperator.
2864 [main] DEBUG fr.expression4j.basic.impl.BinaryOperatorExpressionElement  - Operator Minus not found.
2864 [main] DEBUG fr.expression4j.basic.impl.BinaryOperatorExpressionElement  - Operator Minus not found.
2864 [main] DEBUG fr.expression4j.basic.impl.BinaryOperatorExpressionElement  - Operator Minus not found.
2864 [main] DEBUG fr.expression4j.basic.impl.BinaryOperatorExpressionElement  - Operator Minus not found.
2864 [main] DEBUG fr.expression4j.basic.impl.BinaryOperatorExpressionElement  - Operator Minus not found.
2864 [main] DEBUG fr.expression4j.basic.impl.BinaryOperatorExpressionElement  - No operator found.
2864 [main] DEBUG fr.expression4j.basic.impl.BinaryOperatorExpressionElement  - No operator found.
2864 [main] DEBUG fr.expression4j.basic.impl.BinaryOperatorExpressionElement  - No operator found.
2864 [main] DEBUG fr.expression4j.basic.impl.BinaryOperatorExpressionElement  - No operator found.
2864 [main] DEBUG fr.expression4j.basic.impl.BinaryOperatorExpressionElement  - No operator found.
2864 [main] DEBUG fr.expression4j.basic.impl.BinaryOperatorExpressionElement  - In parseElement.
2864 [main] DEBUG fr.expression4j.basic.impl.BinaryOperatorExpressionElement  - In parseElement.
2864 [main] DEBUG fr.expression4j.basic.impl.BinaryOperatorExpressionElement  - In parseElement.
2864 [main] DEBUG fr.expression4j.basic.impl.BinaryOperatorExpressionElement  - In parseElement.
2864 [main] DEBUG fr.expression4j.basic.impl.BinaryOperatorExpressionElement  - In parseElement.
2866 [main] DEBUG fr.expression4j.basic.impl.BinaryOperatorExpressionElement  - Current end position: 17
2866 [main] DEBUG fr.expression4j.basic.impl.BinaryOperatorExpressionElement  - Current end position: 17
2866 [main] DEBUG fr.expression4j.basic.impl.BinaryOperatorExpressionElement  - Current end position: 17
2866 [main] DEBUG fr.expression4j.basic.impl.BinaryOperatorExpressionElement  - Current end position: 17
2866 [main] DEBUG fr.expression4j.basic.impl.BinaryOperatorExpressionElement  - Current end position: 17
2866 [main] DEBUG fr.expression4j.basic.impl.BinaryOperatorExpressionElement  - In checkOperator.
2866 [main] DEBUG fr.expression4j.basic.impl.BinaryOperatorExpressionElement  - In checkOperator.
2866 [main] DEBUG fr.expression4j.basic.impl.BinaryOperatorExpressionElement  - In checkOperator.
2866 [main] DEBUG fr.expression4j.basic.impl.BinaryOperatorExpressionElement  - In checkOperator.
2866 [main] DEBUG fr.expression4j.basic.impl.BinaryOperatorExpressionElement  - In checkOperator.
2866 [main] DEBUG fr.expression4j.basic.impl.BinaryOperatorExpressionElement  - Operator Pow not found.
2866 [main] DEBUG fr.expression4j.basic.impl.BinaryOperatorExpressionElement  - Operator Pow not found.
2866 [main] DEBUG fr.expression4j.basic.impl.BinaryOperatorExpressionElement  - Operator Pow not found.
2866 [main] DEBUG fr.expression4j.basic.impl.BinaryOperatorExpressionElement  - Operator Pow not found.
2866 [main] DEBUG fr.expression4j.basic.impl.BinaryOperatorExpressionElement  - Operator Pow not found.
2866 [main] DEBUG fr.expression4j.basic.impl.BinaryOperatorExpressionElement  - No operator found.
2866 [main] DEBUG fr.expression4j.basic.impl.BinaryOperatorExpressionElement  - No operator found.
2866 [main] DEBUG fr.expression4j.basic.impl.BinaryOperatorExpressionElement  - No operator found.
2866 [main] DEBUG fr.expression4j.basic.impl.BinaryOperatorExpressionElement  - No operator found.
2866 [main] DEBUG fr.expression4j.basic.impl.BinaryOperatorExpressionElement  - No operator found.
2866 [main] DEBUG fr.expression4j.basic.impl.BinaryOperatorExpressionElement  - In parseElement.
2866 [main] DEBUG fr.expression4j.basic.impl.BinaryOperatorExpressionElement  - In parseElement.
2866 [main] DEBUG fr.expression4j.basic.impl.BinaryOperatorExpressionElement  - In parseElement.
2866 [main] DEBUG fr.expression4j.basic.impl.BinaryOperatorExpressionElement  - In parseElement.
2866 [main] DEBUG fr.expression4j.basic.impl.BinaryOperatorExpressionElement  - In parseElement.
2866 [main] DEBUG fr.expression4j.basic.impl.BinaryOperatorExpressionElement  - Current end position: 17
2866 [main] DEBUG fr.expression4j.basic.impl.BinaryOperatorExpressionElement  - Current end position: 17
2866 [main] DEBUG fr.expression4j.basic.impl.BinaryOperatorExpressionElement  - Current end position: 17
2866 [main] DEBUG fr.expression4j.basic.impl.BinaryOperatorExpressionElement  - Current end position: 17
2866 [main] DEBUG fr.expression4j.basic.impl.BinaryOperatorExpressionElement  - Current end position: 17
2866 [main] DEBUG fr.expression4j.basic.impl.BinaryOperatorExpressionElement  - In checkOperator.
2866 [main] DEBUG fr.expression4j.basic.impl.BinaryOperatorExpressionElement  - In checkOperator.
2866 [main] DEBUG fr.expression4j.basic.impl.BinaryOperatorExpressionElement  - In checkOperator.
2866 [main] DEBUG fr.expression4j.basic.impl.BinaryOperatorExpressionElement  - In checkOperator.
2866 [main] DEBUG fr.expression4j.basic.impl.BinaryOperatorExpressionElement  - In checkOperator.
2866 [main] DEBUG fr.expression4j.basic.impl.BinaryOperatorExpressionElement  - Operator Multiply not found.
2866 [main] DEBUG fr.expression4j.basic.impl.BinaryOperatorExpressionElement  - Operator Multiply not found.
2866 [main] DEBUG fr.expression4j.basic.impl.BinaryOperatorExpressionElement  - Operator Multiply not found.
2866 [main] DEBUG fr.expression4j.basic.impl.BinaryOperatorExpressionElement  - Operator Multiply not found.
2866 [main] DEBUG fr.expression4j.basic.impl.BinaryOperatorExpressionElement  - Operator Multiply not found.
2866 [main] DEBUG fr.expression4j.basic.impl.BinaryOperatorExpressionElement  - In checkOperator.
2866 [main] DEBUG fr.expression4j.basic.impl.BinaryOperatorExpressionElement  - In checkOperator.
2866 [main] DEBUG fr.expression4j.basic.impl.BinaryOperatorExpressionElement  - In checkOperator.
2866 [main] DEBUG fr.expression4j.basic.impl.BinaryOperatorExpressionElement  - In checkOperator.
2866 [main] DEBUG fr.expression4j.basic.impl.BinaryOperatorExpressionElement  - In checkOperator.
2867 [main] DEBUG fr.expression4j.basic.impl.BinaryOperatorExpressionElement  - Operator Divide not found.
2867 [main] DEBUG fr.expression4j.basic.impl.BinaryOperatorExpressionElement  - Operator Divide not found.
2867 [main] DEBUG fr.expression4j.basic.impl.BinaryOperatorExpressionElement  - Operator Divide not found.
2867 [main] DEBUG fr.expression4j.basic.impl.BinaryOperatorExpressionElement  - Operator Divide not found.
2867 [main] DEBUG fr.expression4j.basic.impl.BinaryOperatorExpressionElement  - Operator Divide not found.
2867 [main] DEBUG fr.expression4j.basic.impl.BinaryOperatorExpressionElement  - No operator found.
2867 [main] DEBUG fr.expression4j.basic.impl.BinaryOperatorExpressionElement  - No operator found.
2867 [main] DEBUG fr.expression4j.basic.impl.BinaryOperatorExpressionElement  - No operator found.
2867 [main] DEBUG fr.expression4j.basic.impl.BinaryOperatorExpressionElement  - No operator found.
2867 [main] DEBUG fr.expression4j.basic.impl.BinaryOperatorExpressionElement  - No operator found.
2867 [main] DEBUG fr.expression4j.basic.impl.BinaryOperatorExpressionElement  - In parseElement.
2867 [main] DEBUG fr.expression4j.basic.impl.BinaryOperatorExpressionElement  - In parseElement.
2867 [main] DEBUG fr.expression4j.basic.impl.BinaryOperatorExpressionElement  - In parseElement.
2867 [main] DEBUG fr.expression4j.basic.impl.BinaryOperatorExpressionElement  - In parseElement.
2867 [main] DEBUG fr.expression4j.basic.impl.BinaryOperatorExpressionElement  - In parseElement.
2867 [main] DEBUG fr.expression4j.basic.impl.BinaryOperatorExpressionElement  - Current end position: 17
2867 [main] DEBUG fr.expression4j.basic.impl.BinaryOperatorExpressionElement  - Current end position: 17
2867 [main] DEBUG fr.expression4j.basic.impl.BinaryOperatorExpressionElement  - Current end position: 17
2867 [main] DEBUG fr.expression4j.basic.impl.BinaryOperatorExpressionElement  - Current end position: 17
2867 [main] DEBUG fr.expression4j.basic.impl.BinaryOperatorExpressionElement  - Current end position: 17
2867 [main] DEBUG fr.expression4j.basic.impl.BinaryOperatorExpressionElement  - In checkOperator.
2867 [main] DEBUG fr.expression4j.basic.impl.BinaryOperatorExpressionElement  - In checkOperator.
2867 [main] DEBUG fr.expression4j.basic.impl.BinaryOperatorExpressionElement  - In checkOperator.
2867 [main] DEBUG fr.expression4j.basic.impl.BinaryOperatorExpressionElement  - In checkOperator.
2867 [main] DEBUG fr.expression4j.basic.impl.BinaryOperatorExpressionElement  - In checkOperator.
2867 [main] DEBUG fr.expression4j.basic.impl.BinaryOperatorExpressionElement  - Operator Plus found.
2867 [main] DEBUG fr.expression4j.basic.impl.BinaryOperatorExpressionElement  - Operator Plus found.
2867 [main] DEBUG fr.expression4j.basic.impl.BinaryOperatorExpressionElement  - Operator Plus found.
2867 [main] DEBUG fr.expression4j.basic.impl.BinaryOperatorExpressionElement  - Operator Plus found.
2867 [main] DEBUG fr.expression4j.basic.impl.BinaryOperatorExpressionElement  - Operator Plus found.
2867 [main] DEBUG fr.expression4j.basic.impl.BinaryOperatorExpressionElement  - Found operator Plus
2867 [main] DEBUG fr.expression4j.basic.impl.BinaryOperatorExpressionElement  - Found operator Plus
2867 [main] DEBUG fr.expression4j.basic.impl.BinaryOperatorExpressionElement  - Found operator Plus
2867 [main] DEBUG fr.expression4j.basic.impl.BinaryOperatorExpressionElement  - Found operator Plus
2867 [main] DEBUG fr.expression4j.basic.impl.BinaryOperatorExpressionElement  - Found operator Plus
2867 [main] DEBUG fr.expression4j.basic.impl.ComplexOrRealExpressionElement  - In parseElement
2867 [main] DEBUG fr.expression4j.basic.impl.ComplexOrRealExpressionElement  - In parseElement
2867 [main] DEBUG fr.expression4j.basic.impl.ComplexOrRealExpressionElement  - In parseElement
2867 [main] DEBUG fr.expression4j.basic.impl.ComplexOrRealExpressionElement  - In parseElement
2867 [main] DEBUG fr.expression4j.basic.impl.ComplexOrRealExpressionElement  - In parseElement
2867 [main] DEBUG fr.expression4j.basic.impl.ComplexOrRealExpressionElement  - start position: 18
2867 [main] DEBUG fr.expression4j.basic.impl.ComplexOrRealExpressionElement  - start position: 18
2867 [main] DEBUG fr.expression4j.basic.impl.ComplexOrRealExpressionElement  - start position: 18
2867 [main] DEBUG fr.expression4j.basic.impl.ComplexOrRealExpressionElement  - start position: 18
2867 [main] DEBUG fr.expression4j.basic.impl.ComplexOrRealExpressionElement  - start position: 18
2867 [main] DEBUG fr.expression4j.basic.impl.BinaryOperatorExpressionElement  - In parseElement.
2867 [main] DEBUG fr.expression4j.basic.impl.BinaryOperatorExpressionElement  - In parseElement.
2867 [main] DEBUG fr.expression4j.basic.impl.BinaryOperatorExpressionElement  - In parseElement.
2867 [main] DEBUG fr.expression4j.basic.impl.BinaryOperatorExpressionElement  - In parseElement.
2867 [main] DEBUG fr.expression4j.basic.impl.BinaryOperatorExpressionElement  - In parseElement.
2868 [main] DEBUG fr.expression4j.basic.impl.BinaryOperatorExpressionElement  - Current end position: 19
2868 [main] DEBUG fr.expression4j.basic.impl.BinaryOperatorExpressionElement  - Current end position: 19
2868 [main] DEBUG fr.expression4j.basic.impl.BinaryOperatorExpressionElement  - Current end position: 19
2868 [main] DEBUG fr.expression4j.basic.impl.BinaryOperatorExpressionElement  - Current end position: 19
2868 [main] DEBUG fr.expression4j.basic.impl.BinaryOperatorExpressionElement  - Current end position: 19
2868 [main] DEBUG fr.expression4j.basic.impl.BinaryOperatorExpressionElement  - In checkOperator.
2868 [main] DEBUG fr.expression4j.basic.impl.BinaryOperatorExpressionElement  - In checkOperator.
2868 [main] DEBUG fr.expression4j.basic.impl.BinaryOperatorExpressionElement  - In checkOperator.
2868 [main] DEBUG fr.expression4j.basic.impl.BinaryOperatorExpressionElement  - In checkOperator.
2868 [main] DEBUG fr.expression4j.basic.impl.BinaryOperatorExpressionElement  - In checkOperator.
2868 [main] DEBUG fr.expression4j.basic.impl.BinaryOperatorExpressionElement  - Operator Pow not found.
2868 [main] DEBUG fr.expression4j.basic.impl.BinaryOperatorExpressionElement  - Operator Pow not found.
2868 [main] DEBUG fr.expression4j.basic.impl.BinaryOperatorExpressionElement  - Operator Pow not found.
2868 [main] DEBUG fr.expression4j.basic.impl.BinaryOperatorExpressionElement  - Operator Pow not found.
2868 [main] DEBUG fr.expression4j.basic.impl.BinaryOperatorExpressionElement  - Operator Pow not found.
2868 [main] DEBUG fr.expression4j.basic.impl.BinaryOperatorExpressionElement  - No operator found.
2868 [main] DEBUG fr.expression4j.basic.impl.BinaryOperatorExpressionElement  - No operator found.
2868 [main] DEBUG fr.expression4j.basic.impl.BinaryOperatorExpressionElement  - No operator found.
2868 [main] DEBUG fr.expression4j.basic.impl.BinaryOperatorExpressionElement  - No operator found.
2868 [main] DEBUG fr.expression4j.basic.impl.BinaryOperatorExpressionElement  - No operator found.
2868 [main] DEBUG fr.expression4j.basic.impl.BinaryOperatorExpressionElement  - In parseElement.
2868 [main] DEBUG fr.expression4j.basic.impl.BinaryOperatorExpressionElement  - In parseElement.
2868 [main] DEBUG fr.expression4j.basic.impl.BinaryOperatorExpressionElement  - In parseElement.
2868 [main] DEBUG fr.expression4j.basic.impl.BinaryOperatorExpressionElement  - In parseElement.
2868 [main] DEBUG fr.expression4j.basic.impl.BinaryOperatorExpressionElement  - In parseElement.
2868 [main] DEBUG fr.expression4j.basic.impl.BinaryOperatorExpressionElement  - Current end position: 19
2868 [main] DEBUG fr.expression4j.basic.impl.BinaryOperatorExpressionElement  - Current end position: 19
2868 [main] DEBUG fr.expression4j.basic.impl.BinaryOperatorExpressionElement  - Current end position: 19
2868 [main] DEBUG fr.expression4j.basic.impl.BinaryOperatorExpressionElement  - Current end position: 19
2868 [main] DEBUG fr.expression4j.basic.impl.BinaryOperatorExpressionElement  - Current end position: 19
2868 [main] DEBUG fr.expression4j.basic.impl.BinaryOperatorExpressionElement  - In checkOperator.
2868 [main] DEBUG fr.expression4j.basic.impl.BinaryOperatorExpressionElement  - In checkOperator.
2868 [main] DEBUG fr.expression4j.basic.impl.BinaryOperatorExpressionElement  - In checkOperator.
2868 [main] DEBUG fr.expression4j.basic.impl.BinaryOperatorExpressionElement  - In checkOperator.
2868 [main] DEBUG fr.expression4j.basic.impl.BinaryOperatorExpressionElement  - In checkOperator.
2868 [main] DEBUG fr.expression4j.basic.impl.BinaryOperatorExpressionElement  - Operator Multiply not found.
2868 [main] DEBUG fr.expression4j.basic.impl.BinaryOperatorExpressionElement  - Operator Multiply not found.
2868 [main] DEBUG fr.expression4j.basic.impl.BinaryOperatorExpressionElement  - Operator Multiply not found.
2868 [main] DEBUG fr.expression4j.basic.impl.BinaryOperatorExpressionElement  - Operator Multiply not found.
2868 [main] DEBUG fr.expression4j.basic.impl.BinaryOperatorExpressionElement  - Operator Multiply not found.
2868 [main] DEBUG fr.expression4j.basic.impl.BinaryOperatorExpressionElement  - In checkOperator.
2868 [main] DEBUG fr.expression4j.basic.impl.BinaryOperatorExpressionElement  - In checkOperator.
2868 [main] DEBUG fr.expression4j.basic.impl.BinaryOperatorExpressionElement  - In checkOperator.
2868 [main] DEBUG fr.expression4j.basic.impl.BinaryOperatorExpressionElement  - In checkOperator.
2868 [main] DEBUG fr.expression4j.basic.impl.BinaryOperatorExpressionElement  - In checkOperator.
2868 [main] DEBUG fr.expression4j.basic.impl.BinaryOperatorExpressionElement  - Operator Divide not found.
2868 [main] DEBUG fr.expression4j.basic.impl.BinaryOperatorExpressionElement  - Operator Divide not found.
2868 [main] DEBUG fr.expression4j.basic.impl.BinaryOperatorExpressionElement  - Operator Divide not found.
2868 [main] DEBUG fr.expression4j.basic.impl.BinaryOperatorExpressionElement  - Operator Divide not found.
2868 [main] DEBUG fr.expression4j.basic.impl.BinaryOperatorExpressionElement  - Operator Divide not found.
2868 [main] DEBUG fr.expression4j.basic.impl.BinaryOperatorExpressionElement  - No operator found.
2868 [main] DEBUG fr.expression4j.basic.impl.BinaryOperatorExpressionElement  - No operator found.
2868 [main] DEBUG fr.expression4j.basic.impl.BinaryOperatorExpressionElement  - No operator found.
2868 [main] DEBUG fr.expression4j.basic.impl.BinaryOperatorExpressionElement  - No operator found.
2868 [main] DEBUG fr.expression4j.basic.impl.BinaryOperatorExpressionElement  - No operator found.
2868 [main] DEBUG fr.expression4j.basic.impl.BinaryOperatorExpressionElement  - In parseElement.
2868 [main] DEBUG fr.expression4j.basic.impl.BinaryOperatorExpressionElement  - In parseElement.
2868 [main] DEBUG fr.expression4j.basic.impl.BinaryOperatorExpressionElement  - In parseElement.
2868 [main] DEBUG fr.expression4j.basic.impl.BinaryOperatorExpressionElement  - In parseElement.
2868 [main] DEBUG fr.expression4j.basic.impl.BinaryOperatorExpressionElement  - In parseElement.
2868 [main] DEBUG fr.expression4j.basic.impl.BinaryOperatorExpressionElement  - Current end position: 19
2868 [main] DEBUG fr.expression4j.basic.impl.BinaryOperatorExpressionElement  - Current end position: 19
2868 [main] DEBUG fr.expression4j.basic.impl.BinaryOperatorExpressionElement  - Current end position: 19
2868 [main] DEBUG fr.expression4j.basic.impl.BinaryOperatorExpressionElement  - Current end position: 19
2868 [main] DEBUG fr.expression4j.basic.impl.BinaryOperatorExpressionElement  - Current end position: 19
2869 [main] DEBUG fr.expression4j.basic.impl.BinaryOperatorExpressionElement  - In checkOperator.
2869 [main] DEBUG fr.expression4j.basic.impl.BinaryOperatorExpressionElement  - In checkOperator.
2869 [main] DEBUG fr.expression4j.basic.impl.BinaryOperatorExpressionElement  - In checkOperator.
2869 [main] DEBUG fr.expression4j.basic.impl.BinaryOperatorExpressionElement  - In checkOperator.
2869 [main] DEBUG fr.expression4j.basic.impl.BinaryOperatorExpressionElement  - In checkOperator.
2869 [main] DEBUG fr.expression4j.basic.impl.BinaryOperatorExpressionElement  - Operator Plus not found.
2869 [main] DEBUG fr.expression4j.basic.impl.BinaryOperatorExpressionElement  - Operator Plus not found.
2869 [main] DEBUG fr.expression4j.basic.impl.BinaryOperatorExpressionElement  - Operator Plus not found.
2869 [main] DEBUG fr.expression4j.basic.impl.BinaryOperatorExpressionElement  - Operator Plus not found.
2869 [main] DEBUG fr.expression4j.basic.impl.BinaryOperatorExpressionElement  - Operator Plus not found.
2869 [main] DEBUG fr.expression4j.basic.impl.BinaryOperatorExpressionElement  - In checkOperator.
2869 [main] DEBUG fr.expression4j.basic.impl.BinaryOperatorExpressionElement  - In checkOperator.
2869 [main] DEBUG fr.expression4j.basic.impl.BinaryOperatorExpressionElement  - In checkOperator.
2869 [main] DEBUG fr.expression4j.basic.impl.BinaryOperatorExpressionElement  - In checkOperator.
2869 [main] DEBUG fr.expression4j.basic.impl.BinaryOperatorExpressionElement  - In checkOperator.
2869 [main] DEBUG fr.expression4j.basic.impl.BinaryOperatorExpressionElement  - Operator Minus not found.
2869 [main] DEBUG fr.expression4j.basic.impl.BinaryOperatorExpressionElement  - Operator Minus not found.
2869 [main] DEBUG fr.expression4j.basic.impl.BinaryOperatorExpressionElement  - Operator Minus not found.
2869 [main] DEBUG fr.expression4j.basic.impl.BinaryOperatorExpressionElement  - Operator Minus not found.
2869 [main] DEBUG fr.expression4j.basic.impl.BinaryOperatorExpressionElement  - Operator Minus not found.
2869 [main] DEBUG fr.expression4j.basic.impl.BinaryOperatorExpressionElement  - No operator found.
2869 [main] DEBUG fr.expression4j.basic.impl.BinaryOperatorExpressionElement  - No operator found.
2869 [main] DEBUG fr.expression4j.basic.impl.BinaryOperatorExpressionElement  - No operator found.
2869 [main] DEBUG fr.expression4j.basic.impl.BinaryOperatorExpressionElement  - No operator found.
2869 [main] DEBUG fr.expression4j.basic.impl.BinaryOperatorExpressionElement  - No operator found.
2869 [main] DEBUG fr.expression4j.basic.impl.BinaryOperatorExpressionElement  - In parseElement.
2869 [main] DEBUG fr.expression4j.basic.impl.BinaryOperatorExpressionElement  - In parseElement.
2869 [main] DEBUG fr.expression4j.basic.impl.BinaryOperatorExpressionElement  - In parseElement.
2869 [main] DEBUG fr.expression4j.basic.impl.BinaryOperatorExpressionElement  - In parseElement.
2869 [main] DEBUG fr.expression4j.basic.impl.BinaryOperatorExpressionElement  - In parseElement.
2869 [main] DEBUG fr.expression4j.basic.impl.BinaryOperatorExpressionElement  - Current end position: 20
2869 [main] DEBUG fr.expression4j.basic.impl.BinaryOperatorExpressionElement  - Current end position: 20
2869 [main] DEBUG fr.expression4j.basic.impl.BinaryOperatorExpressionElement  - Current end position: 20
2869 [main] DEBUG fr.expression4j.basic.impl.BinaryOperatorExpressionElement  - Current end position: 20
2869 [main] DEBUG fr.expression4j.basic.impl.BinaryOperatorExpressionElement  - Current end position: 20
2869 [main] DEBUG fr.expression4j.basic.impl.BinaryOperatorExpressionElement  - In checkOperator.
2869 [main] DEBUG fr.expression4j.basic.impl.BinaryOperatorExpressionElement  - In checkOperator.
2869 [main] DEBUG fr.expression4j.basic.impl.BinaryOperatorExpressionElement  - In checkOperator.
2869 [main] DEBUG fr.expression4j.basic.impl.BinaryOperatorExpressionElement  - In checkOperator.
2869 [main] DEBUG fr.expression4j.basic.impl.BinaryOperatorExpressionElement  - In checkOperator.
2869 [main] DEBUG fr.expression4j.basic.impl.BinaryOperatorExpressionElement  - Operator Pow not found.
2869 [main] DEBUG fr.expression4j.basic.impl.BinaryOperatorExpressionElement  - Operator Pow not found.
2869 [main] DEBUG fr.expression4j.basic.impl.BinaryOperatorExpressionElement  - Operator Pow not found.
2869 [main] DEBUG fr.expression4j.basic.impl.BinaryOperatorExpressionElement  - Operator Pow not found.
2869 [main] DEBUG fr.expression4j.basic.impl.BinaryOperatorExpressionElement  - Operator Pow not found.
2869 [main] DEBUG fr.expression4j.basic.impl.BinaryOperatorExpressionElement  - No operator found.
2869 [main] DEBUG fr.expression4j.basic.impl.BinaryOperatorExpressionElement  - No operator found.
2869 [main] DEBUG fr.expression4j.basic.impl.BinaryOperatorExpressionElement  - No operator found.
2869 [main] DEBUG fr.expression4j.basic.impl.BinaryOperatorExpressionElement  - No operator found.
2869 [main] DEBUG fr.expression4j.basic.impl.BinaryOperatorExpressionElement  - No operator found.
2869 [main] DEBUG fr.expression4j.basic.impl.BinaryOperatorExpressionElement  - In parseElement.
2869 [main] DEBUG fr.expression4j.basic.impl.BinaryOperatorExpressionElement  - In parseElement.
2869 [main] DEBUG fr.expression4j.basic.impl.BinaryOperatorExpressionElement  - In parseElement.
2869 [main] DEBUG fr.expression4j.basic.impl.BinaryOperatorExpressionElement  - In parseElement.
2869 [main] DEBUG fr.expression4j.basic.impl.BinaryOperatorExpressionElement  - In parseElement.
2869 [main] DEBUG fr.expression4j.basic.impl.BinaryOperatorExpressionElement  - Current end position: 20
2869 [main] DEBUG fr.expression4j.basic.impl.BinaryOperatorExpressionElement  - Current end position: 20
2869 [main] DEBUG fr.expression4j.basic.impl.BinaryOperatorExpressionElement  - Current end position: 20
2869 [main] DEBUG fr.expression4j.basic.impl.BinaryOperatorExpressionElement  - Current end position: 20
2869 [main] DEBUG fr.expression4j.basic.impl.BinaryOperatorExpressionElement  - Current end position: 20
2869 [main] DEBUG fr.expression4j.basic.impl.BinaryOperatorExpressionElement  - In checkOperator.
2869 [main] DEBUG fr.expression4j.basic.impl.BinaryOperatorExpressionElement  - In checkOperator.
2869 [main] DEBUG fr.expression4j.basic.impl.BinaryOperatorExpressionElement  - In checkOperator.
2869 [main] DEBUG fr.expression4j.basic.impl.BinaryOperatorExpressionElement  - In checkOperator.
2869 [main] DEBUG fr.expression4j.basic.impl.BinaryOperatorExpressionElement  - In checkOperator.
2870 [main] DEBUG fr.expression4j.basic.impl.BinaryOperatorExpressionElement  - Operator Multiply not found.
2870 [main] DEBUG fr.expression4j.basic.impl.BinaryOperatorExpressionElement  - Operator Multiply not found.
2870 [main] DEBUG fr.expression4j.basic.impl.BinaryOperatorExpressionElement  - Operator Multiply not found.
2870 [main] DEBUG fr.expression4j.basic.impl.BinaryOperatorExpressionElement  - Operator Multiply not found.
2870 [main] DEBUG fr.expression4j.basic.impl.BinaryOperatorExpressionElement  - Operator Multiply not found.
2870 [main] DEBUG fr.expression4j.basic.impl.BinaryOperatorExpressionElement  - In checkOperator.
2870 [main] DEBUG fr.expression4j.basic.impl.BinaryOperatorExpressionElement  - In checkOperator.
2870 [main] DEBUG fr.expression4j.basic.impl.BinaryOperatorExpressionElement  - In checkOperator.
2870 [main] DEBUG fr.expression4j.basic.impl.BinaryOperatorExpressionElement  - In checkOperator.
2870 [main] DEBUG fr.expression4j.basic.impl.BinaryOperatorExpressionElement  - In checkOperator.
2870 [main] DEBUG fr.expression4j.basic.impl.BinaryOperatorExpressionElement  - Operator Divide not found.
2870 [main] DEBUG fr.expression4j.basic.impl.BinaryOperatorExpressionElement  - Operator Divide not found.
2870 [main] DEBUG fr.expression4j.basic.impl.BinaryOperatorExpressionElement  - Operator Divide not found.
2870 [main] DEBUG fr.expression4j.basic.impl.BinaryOperatorExpressionElement  - Operator Divide not found.
2870 [main] DEBUG fr.expression4j.basic.impl.BinaryOperatorExpressionElement  - Operator Divide not found.
2870 [main] DEBUG fr.expression4j.basic.impl.BinaryOperatorExpressionElement  - No operator found.
2870 [main] DEBUG fr.expression4j.basic.impl.BinaryOperatorExpressionElement  - No operator found.
2870 [main] DEBUG fr.expression4j.basic.impl.BinaryOperatorExpressionElement  - No operator found.
2870 [main] DEBUG fr.expression4j.basic.impl.BinaryOperatorExpressionElement  - No operator found.
2870 [main] DEBUG fr.expression4j.basic.impl.BinaryOperatorExpressionElement  - No operator found.
2870 [main] DEBUG fr.expression4j.basic.impl.BinaryOperatorExpressionElement  - In parseElement.
2870 [main] DEBUG fr.expression4j.basic.impl.BinaryOperatorExpressionElement  - In parseElement.
2870 [main] DEBUG fr.expression4j.basic.impl.BinaryOperatorExpressionElement  - In parseElement.
2870 [main] DEBUG fr.expression4j.basic.impl.BinaryOperatorExpressionElement  - In parseElement.
2870 [main] DEBUG fr.expression4j.basic.impl.BinaryOperatorExpressionElement  - In parseElement.
2870 [main] DEBUG fr.expression4j.basic.impl.BinaryOperatorExpressionElement  - Current end position: 20
2870 [main] DEBUG fr.expression4j.basic.impl.BinaryOperatorExpressionElement  - Current end position: 20
2870 [main] DEBUG fr.expression4j.basic.impl.BinaryOperatorExpressionElement  - Current end position: 20
2870 [main] DEBUG fr.expression4j.basic.impl.BinaryOperatorExpressionElement  - Current end position: 20
2870 [main] DEBUG fr.expression4j.basic.impl.BinaryOperatorExpressionElement  - Current end position: 20
2870 [main] DEBUG fr.expression4j.basic.impl.BinaryOperatorExpressionElement  - In checkOperator.
2870 [main] DEBUG fr.expression4j.basic.impl.BinaryOperatorExpressionElement  - In checkOperator.
2870 [main] DEBUG fr.expression4j.basic.impl.BinaryOperatorExpressionElement  - In checkOperator.
2870 [main] DEBUG fr.expression4j.basic.impl.BinaryOperatorExpressionElement  - In checkOperator.
2870 [main] DEBUG fr.expression4j.basic.impl.BinaryOperatorExpressionElement  - In checkOperator.
2870 [main] DEBUG fr.expression4j.basic.impl.BinaryOperatorExpressionElement  - Operator Plus found.
2870 [main] DEBUG fr.expression4j.basic.impl.BinaryOperatorExpressionElement  - Operator Plus found.
2870 [main] DEBUG fr.expression4j.basic.impl.BinaryOperatorExpressionElement  - Operator Plus found.
2870 [main] DEBUG fr.expression4j.basic.impl.BinaryOperatorExpressionElement  - Operator Plus found.
2870 [main] DEBUG fr.expression4j.basic.impl.BinaryOperatorExpressionElement  - Operator Plus found.
2870 [main] DEBUG fr.expression4j.basic.impl.BinaryOperatorExpressionElement  - Found operator Plus
2870 [main] DEBUG fr.expression4j.basic.impl.BinaryOperatorExpressionElement  - Found operator Plus
2870 [main] DEBUG fr.expression4j.basic.impl.BinaryOperatorExpressionElement  - Found operator Plus
2870 [main] DEBUG fr.expression4j.basic.impl.BinaryOperatorExpressionElement  - Found operator Plus
2870 [main] DEBUG fr.expression4j.basic.impl.BinaryOperatorExpressionElement  - Found operator Plus
2870 [main] DEBUG fr.expression4j.basic.impl.ComplexOrRealExpressionElement  - In parseElement
2870 [main] DEBUG fr.expression4j.basic.impl.ComplexOrRealExpressionElement  - In parseElement
2870 [main] DEBUG fr.expression4j.basic.impl.ComplexOrRealExpressionElement  - In parseElement
2870 [main] DEBUG fr.expression4j.basic.impl.ComplexOrRealExpressionElement  - In parseElement
2870 [main] DEBUG fr.expression4j.basic.impl.ComplexOrRealExpressionElement  - In parseElement
2870 [main] DEBUG fr.expression4j.basic.impl.ComplexOrRealExpressionElement  - start position: 21
2870 [main] DEBUG fr.expression4j.basic.impl.ComplexOrRealExpressionElement  - start position: 21
2870 [main] DEBUG fr.expression4j.basic.impl.ComplexOrRealExpressionElement  - start position: 21
2870 [main] DEBUG fr.expression4j.basic.impl.ComplexOrRealExpressionElement  - start position: 21
2870 [main] DEBUG fr.expression4j.basic.impl.ComplexOrRealExpressionElement  - start position: 21
2871 [main] DEBUG fr.expression4j.basic.impl.BinaryOperatorExpressionElement  - In parseElement.
2871 [main] DEBUG fr.expression4j.basic.impl.BinaryOperatorExpressionElement  - In parseElement.
2871 [main] DEBUG fr.expression4j.basic.impl.BinaryOperatorExpressionElement  - In parseElement.
2871 [main] DEBUG fr.expression4j.basic.impl.BinaryOperatorExpressionElement  - In parseElement.
2871 [main] DEBUG fr.expression4j.basic.impl.BinaryOperatorExpressionElement  - In parseElement.
2871 [main] DEBUG fr.expression4j.basic.impl.BinaryOperatorExpressionElement  - Current end position: 22
2871 [main] DEBUG fr.expression4j.basic.impl.BinaryOperatorExpressionElement  - Current end position: 22
2871 [main] DEBUG fr.expression4j.basic.impl.BinaryOperatorExpressionElement  - Current end position: 22
2871 [main] DEBUG fr.expression4j.basic.impl.BinaryOperatorExpressionElement  - Current end position: 22
2871 [main] DEBUG fr.expression4j.basic.impl.BinaryOperatorExpressionElement  - Current end position: 22
2871 [main] DEBUG fr.expression4j.basic.impl.BinaryOperatorExpressionElement  - In checkOperator.
2871 [main] DEBUG fr.expression4j.basic.impl.BinaryOperatorExpressionElement  - In checkOperator.
2871 [main] DEBUG fr.expression4j.basic.impl.BinaryOperatorExpressionElement  - In checkOperator.
2871 [main] DEBUG fr.expression4j.basic.impl.BinaryOperatorExpressionElement  - In checkOperator.
2871 [main] DEBUG fr.expression4j.basic.impl.BinaryOperatorExpressionElement  - In checkOperator.
2871 [main] DEBUG fr.expression4j.basic.impl.BinaryOperatorExpressionElement  - Operator Pow not found.
2871 [main] DEBUG fr.expression4j.basic.impl.BinaryOperatorExpressionElement  - Operator Pow not found.
2871 [main] DEBUG fr.expression4j.basic.impl.BinaryOperatorExpressionElement  - Operator Pow not found.
2871 [main] DEBUG fr.expression4j.basic.impl.BinaryOperatorExpressionElement  - Operator Pow not found.
2871 [main] DEBUG fr.expression4j.basic.impl.BinaryOperatorExpressionElement  - Operator Pow not found.
2871 [main] DEBUG fr.expression4j.basic.impl.BinaryOperatorExpressionElement  - No operator found.
2871 [main] DEBUG fr.expression4j.basic.impl.BinaryOperatorExpressionElement  - No operator found.
2871 [main] DEBUG fr.expression4j.basic.impl.BinaryOperatorExpressionElement  - No operator found.
2871 [main] DEBUG fr.expression4j.basic.impl.BinaryOperatorExpressionElement  - No operator found.
2871 [main] DEBUG fr.expression4j.basic.impl.BinaryOperatorExpressionElement  - No operator found.
2871 [main] DEBUG fr.expression4j.basic.impl.BinaryOperatorExpressionElement  - In parseElement.
2871 [main] DEBUG fr.expression4j.basic.impl.BinaryOperatorExpressionElement  - In parseElement.
2871 [main] DEBUG fr.expression4j.basic.impl.BinaryOperatorExpressionElement  - In parseElement.
2871 [main] DEBUG fr.expression4j.basic.impl.BinaryOperatorExpressionElement  - In parseElement.
2871 [main] DEBUG fr.expression4j.basic.impl.BinaryOperatorExpressionElement  - In parseElement.
2871 [main] DEBUG fr.expression4j.basic.impl.BinaryOperatorExpressionElement  - Current end position: 22
2871 [main] DEBUG fr.expression4j.basic.impl.BinaryOperatorExpressionElement  - Current end position: 22
2871 [main] DEBUG fr.expression4j.basic.impl.BinaryOperatorExpressionElement  - Current end position: 22
2871 [main] DEBUG fr.expression4j.basic.impl.BinaryOperatorExpressionElement  - Current end position: 22
2871 [main] DEBUG fr.expression4j.basic.impl.BinaryOperatorExpressionElement  - Current end position: 22
2871 [main] DEBUG fr.expression4j.basic.impl.BinaryOperatorExpressionElement  - In checkOperator.
2871 [main] DEBUG fr.expression4j.basic.impl.BinaryOperatorExpressionElement  - In checkOperator.
2871 [main] DEBUG fr.expression4j.basic.impl.BinaryOperatorExpressionElement  - In checkOperator.
2871 [main] DEBUG fr.expression4j.basic.impl.BinaryOperatorExpressionElement  - In checkOperator.
2871 [main] DEBUG fr.expression4j.basic.impl.BinaryOperatorExpressionElement  - In checkOperator.
2871 [main] DEBUG fr.expression4j.basic.impl.BinaryOperatorExpressionElement  - Operator Multiply not found.
2871 [main] DEBUG fr.expression4j.basic.impl.BinaryOperatorExpressionElement  - Operator Multiply not found.
2871 [main] DEBUG fr.expression4j.basic.impl.BinaryOperatorExpressionElement  - Operator Multiply not found.
2871 [main] DEBUG fr.expression4j.basic.impl.BinaryOperatorExpressionElement  - Operator Multiply not found.
2871 [main] DEBUG fr.expression4j.basic.impl.BinaryOperatorExpressionElement  - Operator Multiply not found.
2872 [main] DEBUG fr.expression4j.basic.impl.BinaryOperatorExpressionElement  - In checkOperator.
2872 [main] DEBUG fr.expression4j.basic.impl.BinaryOperatorExpressionElement  - In checkOperator.
2872 [main] DEBUG fr.expression4j.basic.impl.BinaryOperatorExpressionElement  - In checkOperator.
2872 [main] DEBUG fr.expression4j.basic.impl.BinaryOperatorExpressionElement  - In checkOperator.
2872 [main] DEBUG fr.expression4j.basic.impl.BinaryOperatorExpressionElement  - In checkOperator.
2872 [main] DEBUG fr.expression4j.basic.impl.BinaryOperatorExpressionElement  - Operator Divide not found.
2872 [main] DEBUG fr.expression4j.basic.impl.BinaryOperatorExpressionElement  - Operator Divide not found.
2872 [main] DEBUG fr.expression4j.basic.impl.BinaryOperatorExpressionElement  - Operator Divide not found.
2872 [main] DEBUG fr.expression4j.basic.impl.BinaryOperatorExpressionElement  - Operator Divide not found.
2872 [main] DEBUG fr.expression4j.basic.impl.BinaryOperatorExpressionElement  - Operator Divide not found.
2872 [main] DEBUG fr.expression4j.basic.impl.BinaryOperatorExpressionElement  - No operator found.
2872 [main] DEBUG fr.expression4j.basic.impl.BinaryOperatorExpressionElement  - No operator found.
2872 [main] DEBUG fr.expression4j.basic.impl.BinaryOperatorExpressionElement  - No operator found.
2872 [main] DEBUG fr.expression4j.basic.impl.BinaryOperatorExpressionElement  - No operator found.
2872 [main] DEBUG fr.expression4j.basic.impl.BinaryOperatorExpressionElement  - No operator found.
2872 [main] DEBUG fr.expression4j.basic.impl.BinaryOperatorExpressionElement  - In parseElement.
2872 [main] DEBUG fr.expression4j.basic.impl.BinaryOperatorExpressionElement  - In parseElement.
2872 [main] DEBUG fr.expression4j.basic.impl.BinaryOperatorExpressionElement  - In parseElement.
2872 [main] DEBUG fr.expression4j.basic.impl.BinaryOperatorExpressionElement  - In parseElement.
2872 [main] DEBUG fr.expression4j.basic.impl.BinaryOperatorExpressionElement  - In parseElement.
2872 [main] DEBUG fr.expression4j.basic.impl.BinaryOperatorExpressionElement  - Current end position: 22
2872 [main] DEBUG fr.expression4j.basic.impl.BinaryOperatorExpressionElement  - Current end position: 22
2872 [main] DEBUG fr.expression4j.basic.impl.BinaryOperatorExpressionElement  - Current end position: 22
2872 [main] DEBUG fr.expression4j.basic.impl.BinaryOperatorExpressionElement  - Current end position: 22
2872 [main] DEBUG fr.expression4j.basic.impl.BinaryOperatorExpressionElement  - Current end position: 22
2872 [main] DEBUG fr.expression4j.basic.impl.BinaryOperatorExpressionElement  - In checkOperator.
2872 [main] DEBUG fr.expression4j.basic.impl.BinaryOperatorExpressionElement  - In checkOperator.
2872 [main] DEBUG fr.expression4j.basic.impl.BinaryOperatorExpressionElement  - In checkOperator.
2872 [main] DEBUG fr.expression4j.basic.impl.BinaryOperatorExpressionElement  - In checkOperator.
2872 [main] DEBUG fr.expression4j.basic.impl.BinaryOperatorExpressionElement  - In checkOperator.
2872 [main] DEBUG fr.expression4j.basic.impl.BinaryOperatorExpressionElement  - Operator Plus not found.
2872 [main] DEBUG fr.expression4j.basic.impl.BinaryOperatorExpressionElement  - Operator Plus not found.
2872 [main] DEBUG fr.expression4j.basic.impl.BinaryOperatorExpressionElement  - Operator Plus not found.
2872 [main] DEBUG fr.expression4j.basic.impl.BinaryOperatorExpressionElement  - Operator Plus not found.
2872 [main] DEBUG fr.expression4j.basic.impl.BinaryOperatorExpressionElement  - Operator Plus not found.
2872 [main] DEBUG fr.expression4j.basic.impl.BinaryOperatorExpressionElement  - In checkOperator.
2872 [main] DEBUG fr.expression4j.basic.impl.BinaryOperatorExpressionElement  - In checkOperator.
2872 [main] DEBUG fr.expression4j.basic.impl.BinaryOperatorExpressionElement  - In checkOperator.
2872 [main] DEBUG fr.expression4j.basic.impl.BinaryOperatorExpressionElement  - In checkOperator.
2872 [main] DEBUG fr.expression4j.basic.impl.BinaryOperatorExpressionElement  - In checkOperator.
2872 [main] DEBUG fr.expression4j.basic.impl.BinaryOperatorExpressionElement  - Operator Minus not found.
2872 [main] DEBUG fr.expression4j.basic.impl.BinaryOperatorExpressionElement  - Operator Minus not found.
2872 [main] DEBUG fr.expression4j.basic.impl.BinaryOperatorExpressionElement  - Operator Minus not found.
2872 [main] DEBUG fr.expression4j.basic.impl.BinaryOperatorExpressionElement  - Operator Minus not found.
2872 [main] DEBUG fr.expression4j.basic.impl.BinaryOperatorExpressionElement  - Operator Minus not found.
2872 [main] DEBUG fr.expression4j.basic.impl.BinaryOperatorExpressionElement  - No operator found.
2872 [main] DEBUG fr.expression4j.basic.impl.BinaryOperatorExpressionElement  - No operator found.
2872 [main] DEBUG fr.expression4j.basic.impl.BinaryOperatorExpressionElement  - No operator found.
2872 [main] DEBUG fr.expression4j.basic.impl.BinaryOperatorExpressionElement  - No operator found.
2872 [main] DEBUG fr.expression4j.basic.impl.BinaryOperatorExpressionElement  - No operator found.
2872 [main] DEBUG fr.expression4j.basic.impl.ComplexOrRealExpressionElement  - In parseElement
2872 [main] DEBUG fr.expression4j.basic.impl.ComplexOrRealExpressionElement  - In parseElement
2872 [main] DEBUG fr.expression4j.basic.impl.ComplexOrRealExpressionElement  - In parseElement
2872 [main] DEBUG fr.expression4j.basic.impl.ComplexOrRealExpressionElement  - In parseElement
2872 [main] DEBUG fr.expression4j.basic.impl.ComplexOrRealExpressionElement  - In parseElement
2872 [main] DEBUG fr.expression4j.basic.impl.ComplexOrRealExpressionElement  - start position: 1
2872 [main] DEBUG fr.expression4j.basic.impl.ComplexOrRealExpressionElement  - start position: 1
2872 [main] DEBUG fr.expression4j.basic.impl.ComplexOrRealExpressionElement  - start position: 1
2872 [main] DEBUG fr.expression4j.basic.impl.ComplexOrRealExpressionElement  - start position: 1
2872 [main] DEBUG fr.expression4j.basic.impl.ComplexOrRealExpressionElement  - start position: 1
2873 [main] DEBUG fr.expression4j.basic.impl.ComplexOrRealExpressionElement  - In parseElement
2873 [main] DEBUG fr.expression4j.basic.impl.ComplexOrRealExpressionElement  - In parseElement
2873 [main] DEBUG fr.expression4j.basic.impl.ComplexOrRealExpressionElement  - In parseElement
2873 [main] DEBUG fr.expression4j.basic.impl.ComplexOrRealExpressionElement  - In parseElement
2873 [main] DEBUG fr.expression4j.basic.impl.ComplexOrRealExpressionElement  - In parseElement
2873 [main] DEBUG fr.expression4j.basic.impl.ComplexOrRealExpressionElement  - start position: 2
2873 [main] DEBUG fr.expression4j.basic.impl.ComplexOrRealExpressionElement  - start position: 2
2873 [main] DEBUG fr.expression4j.basic.impl.ComplexOrRealExpressionElement  - start position: 2
2873 [main] DEBUG fr.expression4j.basic.impl.ComplexOrRealExpressionElement  - start position: 2
2873 [main] DEBUG fr.expression4j.basic.impl.ComplexOrRealExpressionElement  - start position: 2
2873 [main] DEBUG fr.expression4j.basic.impl.ComplexOrRealExpressionElement  - In parseElement
2873 [main] DEBUG fr.expression4j.basic.impl.ComplexOrRealExpressionElement  - In parseElement
2873 [main] DEBUG fr.expression4j.basic.impl.ComplexOrRealExpressionElement  - In parseElement
2873 [main] DEBUG fr.expression4j.basic.impl.ComplexOrRealExpressionElement  - In parseElement
2873 [main] DEBUG fr.expression4j.basic.impl.ComplexOrRealExpressionElement  - In parseElement
2873 [main] DEBUG fr.expression4j.basic.impl.ComplexOrRealExpressionElement  - start position: 3
2873 [main] DEBUG fr.expression4j.basic.impl.ComplexOrRealExpressionElement  - start position: 3
2873 [main] DEBUG fr.expression4j.basic.impl.ComplexOrRealExpressionElement  - start position: 3
2873 [main] DEBUG fr.expression4j.basic.impl.ComplexOrRealExpressionElement  - start position: 3
2873 [main] DEBUG fr.expression4j.basic.impl.ComplexOrRealExpressionElement  - start position: 3
2873 [main] DEBUG fr.expression4j.basic.impl.BinaryOperatorExpressionElement  - In parseElement.
2873 [main] DEBUG fr.expression4j.basic.impl.BinaryOperatorExpressionElement  - In parseElement.
2873 [main] DEBUG fr.expression4j.basic.impl.BinaryOperatorExpressionElement  - In parseElement.
2873 [main] DEBUG fr.expression4j.basic.impl.BinaryOperatorExpressionElement  - In parseElement.
2873 [main] DEBUG fr.expression4j.basic.impl.BinaryOperatorExpressionElement  - In parseElement.
2873 [main] DEBUG fr.expression4j.basic.impl.BinaryOperatorExpressionElement  - Current end position: 4
2873 [main] DEBUG fr.expression4j.basic.impl.BinaryOperatorExpressionElement  - Current end position: 4
2873 [main] DEBUG fr.expression4j.basic.impl.BinaryOperatorExpressionElement  - Current end position: 4
2873 [main] DEBUG fr.expression4j.basic.impl.BinaryOperatorExpressionElement  - Current end position: 4
2873 [main] DEBUG fr.expression4j.basic.impl.BinaryOperatorExpressionElement  - Current end position: 4
2873 [main] DEBUG fr.expression4j.basic.impl.BinaryOperatorExpressionElement  - In checkOperator.
2873 [main] DEBUG fr.expression4j.basic.impl.BinaryOperatorExpressionElement  - In checkOperator.
2873 [main] DEBUG fr.expression4j.basic.impl.BinaryOperatorExpressionElement  - In checkOperator.
2873 [main] DEBUG fr.expression4j.basic.impl.BinaryOperatorExpressionElement  - In checkOperator.
2873 [main] DEBUG fr.expression4j.basic.impl.BinaryOperatorExpressionElement  - In checkOperator.
2873 [main] DEBUG fr.expression4j.basic.impl.BinaryOperatorExpressionElement  - Operator Pow not found.
2873 [main] DEBUG fr.expression4j.basic.impl.BinaryOperatorExpressionElement  - Operator Pow not found.
2873 [main] DEBUG fr.expression4j.basic.impl.BinaryOperatorExpressionElement  - Operator Pow not found.
2873 [main] DEBUG fr.expression4j.basic.impl.BinaryOperatorExpressionElement  - Operator Pow not found.
2873 [main] DEBUG fr.expression4j.basic.impl.BinaryOperatorExpressionElement  - Operator Pow not found.
2873 [main] DEBUG fr.expression4j.basic.impl.BinaryOperatorExpressionElement  - No operator found.
2873 [main] DEBUG fr.expression4j.basic.impl.BinaryOperatorExpressionElement  - No operator found.
2873 [main] DEBUG fr.expression4j.basic.impl.BinaryOperatorExpressionElement  - No operator found.
2873 [main] DEBUG fr.expression4j.basic.impl.BinaryOperatorExpressionElement  - No operator found.
2873 [main] DEBUG fr.expression4j.basic.impl.BinaryOperatorExpressionElement  - No operator found.
2873 [main] DEBUG fr.expression4j.basic.impl.BinaryOperatorExpressionElement  - In parseElement.
2873 [main] DEBUG fr.expression4j.basic.impl.BinaryOperatorExpressionElement  - In parseElement.
2873 [main] DEBUG fr.expression4j.basic.impl.BinaryOperatorExpressionElement  - In parseElement.
2873 [main] DEBUG fr.expression4j.basic.impl.BinaryOperatorExpressionElement  - In parseElement.
2873 [main] DEBUG fr.expression4j.basic.impl.BinaryOperatorExpressionElement  - In parseElement.
2874 [main] DEBUG fr.expression4j.basic.impl.BinaryOperatorExpressionElement  - Current end position: 4
2874 [main] DEBUG fr.expression4j.basic.impl.BinaryOperatorExpressionElement  - Current end position: 4
2874 [main] DEBUG fr.expression4j.basic.impl.BinaryOperatorExpressionElement  - Current end position: 4
2874 [main] DEBUG fr.expression4j.basic.impl.BinaryOperatorExpressionElement  - Current end position: 4
2874 [main] DEBUG fr.expression4j.basic.impl.BinaryOperatorExpressionElement  - Current end position: 4
2874 [main] DEBUG fr.expression4j.basic.impl.BinaryOperatorExpressionElement  - In checkOperator.
2874 [main] DEBUG fr.expression4j.basic.impl.BinaryOperatorExpressionElement  - In checkOperator.
2874 [main] DEBUG fr.expression4j.basic.impl.BinaryOperatorExpressionElement  - In checkOperator.
2874 [main] DEBUG fr.expression4j.basic.impl.BinaryOperatorExpressionElement  - In checkOperator.
2874 [main] DEBUG fr.expression4j.basic.impl.BinaryOperatorExpressionElement  - In checkOperator.
2874 [main] DEBUG fr.expression4j.basic.impl.BinaryOperatorExpressionElement  - Operator Multiply not found.
2874 [main] DEBUG fr.expression4j.basic.impl.BinaryOperatorExpressionElement  - Operator Multiply not found.
2874 [main] DEBUG fr.expression4j.basic.impl.BinaryOperatorExpressionElement  - Operator Multiply not found.
2874 [main] DEBUG fr.expression4j.basic.impl.BinaryOperatorExpressionElement  - Operator Multiply not found.
2874 [main] DEBUG fr.expression4j.basic.impl.BinaryOperatorExpressionElement  - Operator Multiply not found.
2874 [main] DEBUG fr.expression4j.basic.impl.BinaryOperatorExpressionElement  - In checkOperator.
2874 [main] DEBUG fr.expression4j.basic.impl.BinaryOperatorExpressionElement  - In checkOperator.
2874 [main] DEBUG fr.expression4j.basic.impl.BinaryOperatorExpressionElement  - In checkOperator.
2874 [main] DEBUG fr.expression4j.basic.impl.BinaryOperatorExpressionElement  - In checkOperator.
2874 [main] DEBUG fr.expression4j.basic.impl.BinaryOperatorExpressionElement  - In checkOperator.
2874 [main] DEBUG fr.expression4j.basic.impl.BinaryOperatorExpressionElement  - Operator Divide not found.
2874 [main] DEBUG fr.expression4j.basic.impl.BinaryOperatorExpressionElement  - Operator Divide not found.
2874 [main] DEBUG fr.expression4j.basic.impl.BinaryOperatorExpressionElement  - Operator Divide not found.
2874 [main] DEBUG fr.expression4j.basic.impl.BinaryOperatorExpressionElement  - Operator Divide not found.
2874 [main] DEBUG fr.expression4j.basic.impl.BinaryOperatorExpressionElement  - Operator Divide not found.
2874 [main] DEBUG fr.expression4j.basic.impl.BinaryOperatorExpressionElement  - No operator found.
2874 [main] DEBUG fr.expression4j.basic.impl.BinaryOperatorExpressionElement  - No operator found.
2874 [main] DEBUG fr.expression4j.basic.impl.BinaryOperatorExpressionElement  - No operator found.
2874 [main] DEBUG fr.expression4j.basic.impl.BinaryOperatorExpressionElement  - No operator found.
2874 [main] DEBUG fr.expression4j.basic.impl.BinaryOperatorExpressionElement  - No operator found.
2874 [main] DEBUG fr.expression4j.basic.impl.BinaryOperatorExpressionElement  - In parseElement.
2874 [main] DEBUG fr.expression4j.basic.impl.BinaryOperatorExpressionElement  - In parseElement.
2874 [main] DEBUG fr.expression4j.basic.impl.BinaryOperatorExpressionElement  - In parseElement.
2874 [main] DEBUG fr.expression4j.basic.impl.BinaryOperatorExpressionElement  - In parseElement.
2874 [main] DEBUG fr.expression4j.basic.impl.BinaryOperatorExpressionElement  - In parseElement.
2874 [main] DEBUG fr.expression4j.basic.impl.BinaryOperatorExpressionElement  - Current end position: 4
2874 [main] DEBUG fr.expression4j.basic.impl.BinaryOperatorExpressionElement  - Current end position: 4
2874 [main] DEBUG fr.expression4j.basic.impl.BinaryOperatorExpressionElement  - Current end position: 4
2874 [main] DEBUG fr.expression4j.basic.impl.BinaryOperatorExpressionElement  - Current end position: 4
2874 [main] DEBUG fr.expression4j.basic.impl.BinaryOperatorExpressionElement  - Current end position: 4
2874 [main] DEBUG fr.expression4j.basic.impl.BinaryOperatorExpressionElement  - In checkOperator.
2874 [main] DEBUG fr.expression4j.basic.impl.BinaryOperatorExpressionElement  - In checkOperator.
2874 [main] DEBUG fr.expression4j.basic.impl.BinaryOperatorExpressionElement  - In checkOperator.
2874 [main] DEBUG fr.expression4j.basic.impl.BinaryOperatorExpressionElement  - In checkOperator.
2874 [main] DEBUG fr.expression4j.basic.impl.BinaryOperatorExpressionElement  - In checkOperator.
2874 [main] DEBUG fr.expression4j.basic.impl.BinaryOperatorExpressionElement  - Operator Plus not found.
2874 [main] DEBUG fr.expression4j.basic.impl.BinaryOperatorExpressionElement  - Operator Plus not found.
2874 [main] DEBUG fr.expression4j.basic.impl.BinaryOperatorExpressionElement  - Operator Plus not found.
2874 [main] DEBUG fr.expression4j.basic.impl.BinaryOperatorExpressionElement  - Operator Plus not found.
2874 [main] DEBUG fr.expression4j.basic.impl.BinaryOperatorExpressionElement  - Operator Plus not found.
2874 [main] DEBUG fr.expression4j.basic.impl.BinaryOperatorExpressionElement  - In checkOperator.
2874 [main] DEBUG fr.expression4j.basic.impl.BinaryOperatorExpressionElement  - In checkOperator.
2874 [main] DEBUG fr.expression4j.basic.impl.BinaryOperatorExpressionElement  - In checkOperator.
2874 [main] DEBUG fr.expression4j.basic.impl.BinaryOperatorExpressionElement  - In checkOperator.
2874 [main] DEBUG fr.expression4j.basic.impl.BinaryOperatorExpressionElement  - In checkOperator.
2874 [main] DEBUG fr.expression4j.basic.impl.BinaryOperatorExpressionElement  - Operator Minus not found.
2874 [main] DEBUG fr.expression4j.basic.impl.BinaryOperatorExpressionElement  - Operator Minus not found.
2874 [main] DEBUG fr.expression4j.basic.impl.BinaryOperatorExpressionElement  - Operator Minus not found.
2874 [main] DEBUG fr.expression4j.basic.impl.BinaryOperatorExpressionElement  - Operator Minus not found.
2874 [main] DEBUG fr.expression4j.basic.impl.BinaryOperatorExpressionElement  - Operator Minus not found.
2874 [main] DEBUG fr.expression4j.basic.impl.BinaryOperatorExpressionElement  - No operator found.
2874 [main] DEBUG fr.expression4j.basic.impl.BinaryOperatorExpressionElement  - No operator found.
2874 [main] DEBUG fr.expression4j.basic.impl.BinaryOperatorExpressionElement  - No operator found.
2874 [main] DEBUG fr.expression4j.basic.impl.BinaryOperatorExpressionElement  - No operator found.
2874 [main] DEBUG fr.expression4j.basic.impl.BinaryOperatorExpressionElement  - No operator found.
2875 [main] DEBUG fr.expression4j.basic.impl.BinaryOperatorExpressionElement  - In parseElement.
2875 [main] DEBUG fr.expression4j.basic.impl.BinaryOperatorExpressionElement  - In parseElement.
2875 [main] DEBUG fr.expression4j.basic.impl.BinaryOperatorExpressionElement  - In parseElement.
2875 [main] DEBUG fr.expression4j.basic.impl.BinaryOperatorExpressionElement  - In parseElement.
2875 [main] DEBUG fr.expression4j.basic.impl.BinaryOperatorExpressionElement  - In parseElement.
2875 [main] DEBUG fr.expression4j.basic.impl.BinaryOperatorExpressionElement  - Current end position: 5
2875 [main] DEBUG fr.expression4j.basic.impl.BinaryOperatorExpressionElement  - Current end position: 5
2875 [main] DEBUG fr.expression4j.basic.impl.BinaryOperatorExpressionElement  - Current end position: 5
2875 [main] DEBUG fr.expression4j.basic.impl.BinaryOperatorExpressionElement  - Current end position: 5
2875 [main] DEBUG fr.expression4j.basic.impl.BinaryOperatorExpressionElement  - Current end position: 5
2875 [main] DEBUG fr.expression4j.basic.impl.BinaryOperatorExpressionElement  - In checkOperator.
2875 [main] DEBUG fr.expression4j.basic.impl.BinaryOperatorExpressionElement  - In checkOperator.
2875 [main] DEBUG fr.expression4j.basic.impl.BinaryOperatorExpressionElement  - In checkOperator.
2875 [main] DEBUG fr.expression4j.basic.impl.BinaryOperatorExpressionElement  - In checkOperator.
2875 [main] DEBUG fr.expression4j.basic.impl.BinaryOperatorExpressionElement  - In checkOperator.
2875 [main] DEBUG fr.expression4j.basic.impl.BinaryOperatorExpressionElement  - Operator Pow not found.
2875 [main] DEBUG fr.expression4j.basic.impl.BinaryOperatorExpressionElement  - Operator Pow not found.
2875 [main] DEBUG fr.expression4j.basic.impl.BinaryOperatorExpressionElement  - Operator Pow not found.
2875 [main] DEBUG fr.expression4j.basic.impl.BinaryOperatorExpressionElement  - Operator Pow not found.
2875 [main] DEBUG fr.expression4j.basic.impl.BinaryOperatorExpressionElement  - Operator Pow not found.
2875 [main] DEBUG fr.expression4j.basic.impl.BinaryOperatorExpressionElement  - No operator found.
2875 [main] DEBUG fr.expression4j.basic.impl.BinaryOperatorExpressionElement  - No operator found.
2875 [main] DEBUG fr.expression4j.basic.impl.BinaryOperatorExpressionElement  - No operator found.
2875 [main] DEBUG fr.expression4j.basic.impl.BinaryOperatorExpressionElement  - No operator found.
2875 [main] DEBUG fr.expression4j.basic.impl.BinaryOperatorExpressionElement  - No operator found.
2875 [main] DEBUG fr.expression4j.basic.impl.BinaryOperatorExpressionElement  - In parseElement.
2875 [main] DEBUG fr.expression4j.basic.impl.BinaryOperatorExpressionElement  - In parseElement.
2875 [main] DEBUG fr.expression4j.basic.impl.BinaryOperatorExpressionElement  - In parseElement.
2875 [main] DEBUG fr.expression4j.basic.impl.BinaryOperatorExpressionElement  - In parseElement.
2875 [main] DEBUG fr.expression4j.basic.impl.BinaryOperatorExpressionElement  - In parseElement.
2875 [main] DEBUG fr.expression4j.basic.impl.BinaryOperatorExpressionElement  - Current end position: 5
2875 [main] DEBUG fr.expression4j.basic.impl.BinaryOperatorExpressionElement  - Current end position: 5
2875 [main] DEBUG fr.expression4j.basic.impl.BinaryOperatorExpressionElement  - Current end position: 5
2875 [main] DEBUG fr.expression4j.basic.impl.BinaryOperatorExpressionElement  - Current end position: 5
2875 [main] DEBUG fr.expression4j.basic.impl.BinaryOperatorExpressionElement  - Current end position: 5
2875 [main] DEBUG fr.expression4j.basic.impl.BinaryOperatorExpressionElement  - In checkOperator.
2875 [main] DEBUG fr.expression4j.basic.impl.BinaryOperatorExpressionElement  - In checkOperator.
2875 [main] DEBUG fr.expression4j.basic.impl.BinaryOperatorExpressionElement  - In checkOperator.
2875 [main] DEBUG fr.expression4j.basic.impl.BinaryOperatorExpressionElement  - In checkOperator.
2875 [main] DEBUG fr.expression4j.basic.impl.BinaryOperatorExpressionElement  - In checkOperator.
2875 [main] DEBUG fr.expression4j.basic.impl.BinaryOperatorExpressionElement  - Operator Multiply not found.
2875 [main] DEBUG fr.expression4j.basic.impl.BinaryOperatorExpressionElement  - Operator Multiply not found.
2875 [main] DEBUG fr.expression4j.basic.impl.BinaryOperatorExpressionElement  - Operator Multiply not found.
2875 [main] DEBUG fr.expression4j.basic.impl.BinaryOperatorExpressionElement  - Operator Multiply not found.
2875 [main] DEBUG fr.expression4j.basic.impl.BinaryOperatorExpressionElement  - Operator Multiply not found.
2875 [main] DEBUG fr.expression4j.basic.impl.BinaryOperatorExpressionElement  - In checkOperator.
2875 [main] DEBUG fr.expression4j.basic.impl.BinaryOperatorExpressionElement  - In checkOperator.
2875 [main] DEBUG fr.expression4j.basic.impl.BinaryOperatorExpressionElement  - In checkOperator.
2875 [main] DEBUG fr.expression4j.basic.impl.BinaryOperatorExpressionElement  - In checkOperator.
2875 [main] DEBUG fr.expression4j.basic.impl.BinaryOperatorExpressionElement  - In checkOperator.
2875 [main] DEBUG fr.expression4j.basic.impl.BinaryOperatorExpressionElement  - Operator Divide not found.
2875 [main] DEBUG fr.expression4j.basic.impl.BinaryOperatorExpressionElement  - Operator Divide not found.
2875 [main] DEBUG fr.expression4j.basic.impl.BinaryOperatorExpressionElement  - Operator Divide not found.
2875 [main] DEBUG fr.expression4j.basic.impl.BinaryOperatorExpressionElement  - Operator Divide not found.
2875 [main] DEBUG fr.expression4j.basic.impl.BinaryOperatorExpressionElement  - Operator Divide not found.
2876 [main] DEBUG fr.expression4j.basic.impl.BinaryOperatorExpressionElement  - No operator found.
2876 [main] DEBUG fr.expression4j.basic.impl.BinaryOperatorExpressionElement  - No operator found.
2876 [main] DEBUG fr.expression4j.basic.impl.BinaryOperatorExpressionElement  - No operator found.
2876 [main] DEBUG fr.expression4j.basic.impl.BinaryOperatorExpressionElement  - No operator found.
2876 [main] DEBUG fr.expression4j.basic.impl.BinaryOperatorExpressionElement  - No operator found.
2876 [main] DEBUG fr.expression4j.basic.impl.BinaryOperatorExpressionElement  - In parseElement.
2876 [main] DEBUG fr.expression4j.basic.impl.BinaryOperatorExpressionElement  - In parseElement.
2876 [main] DEBUG fr.expression4j.basic.impl.BinaryOperatorExpressionElement  - In parseElement.
2876 [main] DEBUG fr.expression4j.basic.impl.BinaryOperatorExpressionElement  - In parseElement.
2876 [main] DEBUG fr.expression4j.basic.impl.BinaryOperatorExpressionElement  - In parseElement.
2876 [main] DEBUG fr.expression4j.basic.impl.BinaryOperatorExpressionElement  - Current end position: 5
2876 [main] DEBUG fr.expression4j.basic.impl.BinaryOperatorExpressionElement  - Current end position: 5
2876 [main] DEBUG fr.expression4j.basic.impl.BinaryOperatorExpressionElement  - Current end position: 5
2876 [main] DEBUG fr.expression4j.basic.impl.BinaryOperatorExpressionElement  - Current end position: 5
2876 [main] DEBUG fr.expression4j.basic.impl.BinaryOperatorExpressionElement  - Current end position: 5
2876 [main] DEBUG fr.expression4j.basic.impl.BinaryOperatorExpressionElement  - In checkOperator.
2876 [main] DEBUG fr.expression4j.basic.impl.BinaryOperatorExpressionElement  - In checkOperator.
2876 [main] DEBUG fr.expression4j.basic.impl.BinaryOperatorExpressionElement  - In checkOperator.
2876 [main] DEBUG fr.expression4j.basic.impl.BinaryOperatorExpressionElement  - In checkOperator.
2876 [main] DEBUG fr.expression4j.basic.impl.BinaryOperatorExpressionElement  - In checkOperator.
2876 [main] DEBUG fr.expression4j.basic.impl.BinaryOperatorExpressionElement  - Operator Plus not found.
2876 [main] DEBUG fr.expression4j.basic.impl.BinaryOperatorExpressionElement  - Operator Plus not found.
2876 [main] DEBUG fr.expression4j.basic.impl.BinaryOperatorExpressionElement  - Operator Plus not found.
2876 [main] DEBUG fr.expression4j.basic.impl.BinaryOperatorExpressionElement  - Operator Plus not found.
2876 [main] DEBUG fr.expression4j.basic.impl.BinaryOperatorExpressionElement  - Operator Plus not found.
2878 [main] DEBUG fr.expression4j.basic.impl.BinaryOperatorExpressionElement  - In checkOperator.
2878 [main] DEBUG fr.expression4j.basic.impl.BinaryOperatorExpressionElement  - In checkOperator.
2878 [main] DEBUG fr.expression4j.basic.impl.BinaryOperatorExpressionElement  - In checkOperator.
2878 [main] DEBUG fr.expression4j.basic.impl.BinaryOperatorExpressionElement  - In checkOperator.
2878 [main] DEBUG fr.expression4j.basic.impl.BinaryOperatorExpressionElement  - In checkOperator.
2878 [main] DEBUG fr.expression4j.basic.impl.BinaryOperatorExpressionElement  - Operator Minus not found.
2878 [main] DEBUG fr.expression4j.basic.impl.BinaryOperatorExpressionElement  - Operator Minus not found.
2878 [main] DEBUG fr.expression4j.basic.impl.BinaryOperatorExpressionElement  - Operator Minus not found.
2878 [main] DEBUG fr.expression4j.basic.impl.BinaryOperatorExpressionElement  - Operator Minus not found.
2878 [main] DEBUG fr.expression4j.basic.impl.BinaryOperatorExpressionElement  - Operator Minus not found.
2878 [main] DEBUG fr.expression4j.basic.impl.BinaryOperatorExpressionElement  - No operator found.
2878 [main] DEBUG fr.expression4j.basic.impl.BinaryOperatorExpressionElement  - No operator found.
2878 [main] DEBUG fr.expression4j.basic.impl.BinaryOperatorExpressionElement  - No operator found.
2878 [main] DEBUG fr.expression4j.basic.impl.BinaryOperatorExpressionElement  - No operator found.
2878 [main] DEBUG fr.expression4j.basic.impl.BinaryOperatorExpressionElement  - No operator found.
2878 [main] DEBUG fr.expression4j.basic.impl.BinaryOperatorExpressionElement  - In parseElement.
2878 [main] DEBUG fr.expression4j.basic.impl.BinaryOperatorExpressionElement  - In parseElement.
2878 [main] DEBUG fr.expression4j.basic.impl.BinaryOperatorExpressionElement  - In parseElement.
2878 [main] DEBUG fr.expression4j.basic.impl.BinaryOperatorExpressionElement  - In parseElement.
2878 [main] DEBUG fr.expression4j.basic.impl.BinaryOperatorExpressionElement  - In parseElement.
2878 [main] DEBUG fr.expression4j.basic.impl.BinaryOperatorExpressionElement  - Current end position: 6
2878 [main] DEBUG fr.expression4j.basic.impl.BinaryOperatorExpressionElement  - Current end position: 6
2878 [main] DEBUG fr.expression4j.basic.impl.BinaryOperatorExpressionElement  - Current end position: 6
2878 [main] DEBUG fr.expression4j.basic.impl.BinaryOperatorExpressionElement  - Current end position: 6
2878 [main] DEBUG fr.expression4j.basic.impl.BinaryOperatorExpressionElement  - Current end position: 6
2878 [main] DEBUG fr.expression4j.basic.impl.BinaryOperatorExpressionElement  - In checkOperator.
2878 [main] DEBUG fr.expression4j.basic.impl.BinaryOperatorExpressionElement  - In checkOperator.
2878 [main] DEBUG fr.expression4j.basic.impl.BinaryOperatorExpressionElement  - In checkOperator.
2878 [main] DEBUG fr.expression4j.basic.impl.BinaryOperatorExpressionElement  - In checkOperator.
2878 [main] DEBUG fr.expression4j.basic.impl.BinaryOperatorExpressionElement  - In checkOperator.
2878 [main] DEBUG fr.expression4j.basic.impl.BinaryOperatorExpressionElement  - Operator Pow not found.
2878 [main] DEBUG fr.expression4j.basic.impl.BinaryOperatorExpressionElement  - Operator Pow not found.
2878 [main] DEBUG fr.expression4j.basic.impl.BinaryOperatorExpressionElement  - Operator Pow not found.
2878 [main] DEBUG fr.expression4j.basic.impl.BinaryOperatorExpressionElement  - Operator Pow not found.
2878 [main] DEBUG fr.expression4j.basic.impl.BinaryOperatorExpressionElement  - Operator Pow not found.
2878 [main] DEBUG fr.expression4j.basic.impl.BinaryOperatorExpressionElement  - No operator found.
2878 [main] DEBUG fr.expression4j.basic.impl.BinaryOperatorExpressionElement  - No operator found.
2878 [main] DEBUG fr.expression4j.basic.impl.BinaryOperatorExpressionElement  - No operator found.
2878 [main] DEBUG fr.expression4j.basic.impl.BinaryOperatorExpressionElement  - No operator found.
2878 [main] DEBUG fr.expression4j.basic.impl.BinaryOperatorExpressionElement  - No operator found.
2878 [main] DEBUG fr.expression4j.basic.impl.BinaryOperatorExpressionElement  - In parseElement.
2878 [main] DEBUG fr.expression4j.basic.impl.BinaryOperatorExpressionElement  - In parseElement.
2878 [main] DEBUG fr.expression4j.basic.impl.BinaryOperatorExpressionElement  - In parseElement.
2878 [main] DEBUG fr.expression4j.basic.impl.BinaryOperatorExpressionElement  - In parseElement.
2878 [main] DEBUG fr.expression4j.basic.impl.BinaryOperatorExpressionElement  - In parseElement.
2878 [main] DEBUG fr.expression4j.basic.impl.BinaryOperatorExpressionElement  - Current end position: 6
2878 [main] DEBUG fr.expression4j.basic.impl.BinaryOperatorExpressionElement  - Current end position: 6
2878 [main] DEBUG fr.expression4j.basic.impl.BinaryOperatorExpressionElement  - Current end position: 6
2878 [main] DEBUG fr.expression4j.basic.impl.BinaryOperatorExpressionElement  - Current end position: 6
2878 [main] DEBUG fr.expression4j.basic.impl.BinaryOperatorExpressionElement  - Current end position: 6
2878 [main] DEBUG fr.expression4j.basic.impl.BinaryOperatorExpressionElement  - In checkOperator.
2878 [main] DEBUG fr.expression4j.basic.impl.BinaryOperatorExpressionElement  - In checkOperator.
2878 [main] DEBUG fr.expression4j.basic.impl.BinaryOperatorExpressionElement  - In checkOperator.
2878 [main] DEBUG fr.expression4j.basic.impl.BinaryOperatorExpressionElement  - In checkOperator.
2878 [main] DEBUG fr.expression4j.basic.impl.BinaryOperatorExpressionElement  - In checkOperator.
2879 [main] DEBUG fr.expression4j.basic.impl.BinaryOperatorExpressionElement  - Operator Multiply not found.
2879 [main] DEBUG fr.expression4j.basic.impl.BinaryOperatorExpressionElement  - Operator Multiply not found.
2879 [main] DEBUG fr.expression4j.basic.impl.BinaryOperatorExpressionElement  - Operator Multiply not found.
2879 [main] DEBUG fr.expression4j.basic.impl.BinaryOperatorExpressionElement  - Operator Multiply not found.
2879 [main] DEBUG fr.expression4j.basic.impl.BinaryOperatorExpressionElement  - Operator Multiply not found.
2879 [main] DEBUG fr.expression4j.basic.impl.BinaryOperatorExpressionElement  - In checkOperator.
2879 [main] DEBUG fr.expression4j.basic.impl.BinaryOperatorExpressionElement  - In checkOperator.
2879 [main] DEBUG fr.expression4j.basic.impl.BinaryOperatorExpressionElement  - In checkOperator.
2879 [main] DEBUG fr.expression4j.basic.impl.BinaryOperatorExpressionElement  - In checkOperator.
2879 [main] DEBUG fr.expression4j.basic.impl.BinaryOperatorExpressionElement  - In checkOperator.
2879 [main] DEBUG fr.expression4j.basic.impl.BinaryOperatorExpressionElement  - Operator Divide not found.
2879 [main] DEBUG fr.expression4j.basic.impl.BinaryOperatorExpressionElement  - Operator Divide not found.
2879 [main] DEBUG fr.expression4j.basic.impl.BinaryOperatorExpressionElement  - Operator Divide not found.
2879 [main] DEBUG fr.expression4j.basic.impl.BinaryOperatorExpressionElement  - Operator Divide not found.
2879 [main] DEBUG fr.expression4j.basic.impl.BinaryOperatorExpressionElement  - Operator Divide not found.
2879 [main] DEBUG fr.expression4j.basic.impl.BinaryOperatorExpressionElement  - No operator found.
2879 [main] DEBUG fr.expression4j.basic.impl.BinaryOperatorExpressionElement  - No operator found.
2879 [main] DEBUG fr.expression4j.basic.impl.BinaryOperatorExpressionElement  - No operator found.
2879 [main] DEBUG fr.expression4j.basic.impl.BinaryOperatorExpressionElement  - No operator found.
2879 [main] DEBUG fr.expression4j.basic.impl.BinaryOperatorExpressionElement  - No operator found.
2879 [main] DEBUG fr.expression4j.basic.impl.BinaryOperatorExpressionElement  - In parseElement.
2879 [main] DEBUG fr.expression4j.basic.impl.BinaryOperatorExpressionElement  - In parseElement.
2879 [main] DEBUG fr.expression4j.basic.impl.BinaryOperatorExpressionElement  - In parseElement.
2879 [main] DEBUG fr.expression4j.basic.impl.BinaryOperatorExpressionElement  - In parseElement.
2879 [main] DEBUG fr.expression4j.basic.impl.BinaryOperatorExpressionElement  - In parseElement.
2879 [main] DEBUG fr.expression4j.basic.impl.BinaryOperatorExpressionElement  - Current end position: 6
2879 [main] DEBUG fr.expression4j.basic.impl.BinaryOperatorExpressionElement  - Current end position: 6
2879 [main] DEBUG fr.expression4j.basic.impl.BinaryOperatorExpressionElement  - Current end position: 6
2879 [main] DEBUG fr.expression4j.basic.impl.BinaryOperatorExpressionElement  - Current end position: 6
2879 [main] DEBUG fr.expression4j.basic.impl.BinaryOperatorExpressionElement  - Current end position: 6
2879 [main] DEBUG fr.expression4j.basic.impl.BinaryOperatorExpressionElement  - In checkOperator.
2879 [main] DEBUG fr.expression4j.basic.impl.BinaryOperatorExpressionElement  - In checkOperator.
2879 [main] DEBUG fr.expression4j.basic.impl.BinaryOperatorExpressionElement  - In checkOperator.
2879 [main] DEBUG fr.expression4j.basic.impl.BinaryOperatorExpressionElement  - In checkOperator.
2879 [main] DEBUG fr.expression4j.basic.impl.BinaryOperatorExpressionElement  - In checkOperator.
2879 [main] DEBUG fr.expression4j.basic.impl.BinaryOperatorExpressionElement  - Operator Plus not found.
2879 [main] DEBUG fr.expression4j.basic.impl.BinaryOperatorExpressionElement  - Operator Plus not found.
2879 [main] DEBUG fr.expression4j.basic.impl.BinaryOperatorExpressionElement  - Operator Plus not found.
2879 [main] DEBUG fr.expression4j.basic.impl.BinaryOperatorExpressionElement  - Operator Plus not found.
2879 [main] DEBUG fr.expression4j.basic.impl.BinaryOperatorExpressionElement  - Operator Plus not found.
2879 [main] DEBUG fr.expression4j.basic.impl.BinaryOperatorExpressionElement  - In checkOperator.
2879 [main] DEBUG fr.expression4j.basic.impl.BinaryOperatorExpressionElement  - In checkOperator.
2879 [main] DEBUG fr.expression4j.basic.impl.BinaryOperatorExpressionElement  - In checkOperator.
2879 [main] DEBUG fr.expression4j.basic.impl.BinaryOperatorExpressionElement  - In checkOperator.
2879 [main] DEBUG fr.expression4j.basic.impl.BinaryOperatorExpressionElement  - In checkOperator.
2879 [main] DEBUG fr.expression4j.basic.impl.BinaryOperatorExpressionElement  - Operator Minus not found.
2879 [main] DEBUG fr.expression4j.basic.impl.BinaryOperatorExpressionElement  - Operator Minus not found.
2879 [main] DEBUG fr.expression4j.basic.impl.BinaryOperatorExpressionElement  - Operator Minus not found.
2879 [main] DEBUG fr.expression4j.basic.impl.BinaryOperatorExpressionElement  - Operator Minus not found.
2879 [main] DEBUG fr.expression4j.basic.impl.BinaryOperatorExpressionElement  - Operator Minus not found.
2879 [main] DEBUG fr.expression4j.basic.impl.BinaryOperatorExpressionElement  - No operator found.
2879 [main] DEBUG fr.expression4j.basic.impl.BinaryOperatorExpressionElement  - No operator found.
2879 [main] DEBUG fr.expression4j.basic.impl.BinaryOperatorExpressionElement  - No operator found.
2879 [main] DEBUG fr.expression4j.basic.impl.BinaryOperatorExpressionElement  - No operator found.
2879 [main] DEBUG fr.expression4j.basic.impl.BinaryOperatorExpressionElement  - No operator found.
2879 [main] DEBUG fr.expression4j.basic.impl.ComplexOrRealExpressionElement  - In parseElement
2879 [main] DEBUG fr.expression4j.basic.impl.ComplexOrRealExpressionElement  - In parseElement
2879 [main] DEBUG fr.expression4j.basic.impl.ComplexOrRealExpressionElement  - In parseElement
2879 [main] DEBUG fr.expression4j.basic.impl.ComplexOrRealExpressionElement  - In parseElement
2879 [main] DEBUG fr.expression4j.basic.impl.ComplexOrRealExpressionElement  - In parseElement
2880 [main] DEBUG fr.expression4j.basic.impl.ComplexOrRealExpressionElement  - start position: 1
2880 [main] DEBUG fr.expression4j.basic.impl.ComplexOrRealExpressionElement  - start position: 1
2880 [main] DEBUG fr.expression4j.basic.impl.ComplexOrRealExpressionElement  - start position: 1
2880 [main] DEBUG fr.expression4j.basic.impl.ComplexOrRealExpressionElement  - start position: 1
2880 [main] DEBUG fr.expression4j.basic.impl.ComplexOrRealExpressionElement  - start position: 1
2880 [main] DEBUG fr.expression4j.basic.impl.ComplexOrRealExpressionElement  - In parseElement
2880 [main] DEBUG fr.expression4j.basic.impl.ComplexOrRealExpressionElement  - In parseElement
2880 [main] DEBUG fr.expression4j.basic.impl.ComplexOrRealExpressionElement  - In parseElement
2880 [main] DEBUG fr.expression4j.basic.impl.ComplexOrRealExpressionElement  - In parseElement
2880 [main] DEBUG fr.expression4j.basic.impl.ComplexOrRealExpressionElement  - In parseElement
2880 [main] DEBUG fr.expression4j.basic.impl.ComplexOrRealExpressionElement  - start position: 2
2880 [main] DEBUG fr.expression4j.basic.impl.ComplexOrRealExpressionElement  - start position: 2
2880 [main] DEBUG fr.expression4j.basic.impl.ComplexOrRealExpressionElement  - start position: 2
2880 [main] DEBUG fr.expression4j.basic.impl.ComplexOrRealExpressionElement  - start position: 2
2880 [main] DEBUG fr.expression4j.basic.impl.ComplexOrRealExpressionElement  - start position: 2
2880 [main] DEBUG fr.expression4j.basic.impl.ComplexOrRealExpressionElement  - In parseElement
2880 [main] DEBUG fr.expression4j.basic.impl.ComplexOrRealExpressionElement  - In parseElement
2880 [main] DEBUG fr.expression4j.basic.impl.ComplexOrRealExpressionElement  - In parseElement
2880 [main] DEBUG fr.expression4j.basic.impl.ComplexOrRealExpressionElement  - In parseElement
2880 [main] DEBUG fr.expression4j.basic.impl.ComplexOrRealExpressionElement  - In parseElement
2880 [main] DEBUG fr.expression4j.basic.impl.ComplexOrRealExpressionElement  - start position: 3
2880 [main] DEBUG fr.expression4j.basic.impl.ComplexOrRealExpressionElement  - start position: 3
2880 [main] DEBUG fr.expression4j.basic.impl.ComplexOrRealExpressionElement  - start position: 3
2880 [main] DEBUG fr.expression4j.basic.impl.ComplexOrRealExpressionElement  - start position: 3
2880 [main] DEBUG fr.expression4j.basic.impl.ComplexOrRealExpressionElement  - start position: 3
2880 [main] DEBUG fr.expression4j.basic.impl.BinaryOperatorExpressionElement  - In parseElement.
2880 [main] DEBUG fr.expression4j.basic.impl.BinaryOperatorExpressionElement  - In parseElement.
2880 [main] DEBUG fr.expression4j.basic.impl.BinaryOperatorExpressionElement  - In parseElement.
2880 [main] DEBUG fr.expression4j.basic.impl.BinaryOperatorExpressionElement  - In parseElement.
2880 [main] DEBUG fr.expression4j.basic.impl.BinaryOperatorExpressionElement  - In parseElement.
2880 [main] DEBUG fr.expression4j.basic.impl.BinaryOperatorExpressionElement  - Current end position: 4
2880 [main] DEBUG fr.expression4j.basic.impl.BinaryOperatorExpressionElement  - Current end position: 4
2880 [main] DEBUG fr.expression4j.basic.impl.BinaryOperatorExpressionElement  - Current end position: 4
2880 [main] DEBUG fr.expression4j.basic.impl.BinaryOperatorExpressionElement  - Current end position: 4
2880 [main] DEBUG fr.expression4j.basic.impl.BinaryOperatorExpressionElement  - Current end position: 4
2880 [main] DEBUG fr.expression4j.basic.impl.BinaryOperatorExpressionElement  - In checkOperator.
2880 [main] DEBUG fr.expression4j.basic.impl.BinaryOperatorExpressionElement  - In checkOperator.
2880 [main] DEBUG fr.expression4j.basic.impl.BinaryOperatorExpressionElement  - In checkOperator.
2880 [main] DEBUG fr.expression4j.basic.impl.BinaryOperatorExpressionElement  - In checkOperator.
2880 [main] DEBUG fr.expression4j.basic.impl.BinaryOperatorExpressionElement  - In checkOperator.
2880 [main] DEBUG fr.expression4j.basic.impl.BinaryOperatorExpressionElement  - Operator Pow not found.
2880 [main] DEBUG fr.expression4j.basic.impl.BinaryOperatorExpressionElement  - Operator Pow not found.
2880 [main] DEBUG fr.expression4j.basic.impl.BinaryOperatorExpressionElement  - Operator Pow not found.
2880 [main] DEBUG fr.expression4j.basic.impl.BinaryOperatorExpressionElement  - Operator Pow not found.
2880 [main] DEBUG fr.expression4j.basic.impl.BinaryOperatorExpressionElement  - Operator Pow not found.
2880 [main] DEBUG fr.expression4j.basic.impl.BinaryOperatorExpressionElement  - No operator found.
2880 [main] DEBUG fr.expression4j.basic.impl.BinaryOperatorExpressionElement  - No operator found.
2880 [main] DEBUG fr.expression4j.basic.impl.BinaryOperatorExpressionElement  - No operator found.
2880 [main] DEBUG fr.expression4j.basic.impl.BinaryOperatorExpressionElement  - No operator found.
2880 [main] DEBUG fr.expression4j.basic.impl.BinaryOperatorExpressionElement  - No operator found.
2880 [main] DEBUG fr.expression4j.basic.impl.BinaryOperatorExpressionElement  - In parseElement.
2880 [main] DEBUG fr.expression4j.basic.impl.BinaryOperatorExpressionElement  - In parseElement.
2880 [main] DEBUG fr.expression4j.basic.impl.BinaryOperatorExpressionElement  - In parseElement.
2880 [main] DEBUG fr.expression4j.basic.impl.BinaryOperatorExpressionElement  - In parseElement.
2880 [main] DEBUG fr.expression4j.basic.impl.BinaryOperatorExpressionElement  - In parseElement.
2881 [main] DEBUG fr.expression4j.basic.impl.BinaryOperatorExpressionElement  - Current end position: 4
2881 [main] DEBUG fr.expression4j.basic.impl.BinaryOperatorExpressionElement  - Current end position: 4
2881 [main] DEBUG fr.expression4j.basic.impl.BinaryOperatorExpressionElement  - Current end position: 4
2881 [main] DEBUG fr.expression4j.basic.impl.BinaryOperatorExpressionElement  - Current end position: 4
2881 [main] DEBUG fr.expression4j.basic.impl.BinaryOperatorExpressionElement  - Current end position: 4
2881 [main] DEBUG fr.expression4j.basic.impl.BinaryOperatorExpressionElement  - In checkOperator.
2881 [main] DEBUG fr.expression4j.basic.impl.BinaryOperatorExpressionElement  - In checkOperator.
2881 [main] DEBUG fr.expression4j.basic.impl.BinaryOperatorExpressionElement  - In checkOperator.
2881 [main] DEBUG fr.expression4j.basic.impl.BinaryOperatorExpressionElement  - In checkOperator.
2881 [main] DEBUG fr.expression4j.basic.impl.BinaryOperatorExpressionElement  - In checkOperator.
2881 [main] DEBUG fr.expression4j.basic.impl.BinaryOperatorExpressionElement  - Operator Multiply not found.
2881 [main] DEBUG fr.expression4j.basic.impl.BinaryOperatorExpressionElement  - Operator Multiply not found.
2881 [main] DEBUG fr.expression4j.basic.impl.BinaryOperatorExpressionElement  - Operator Multiply not found.
2881 [main] DEBUG fr.expression4j.basic.impl.BinaryOperatorExpressionElement  - Operator Multiply not found.
2881 [main] DEBUG fr.expression4j.basic.impl.BinaryOperatorExpressionElement  - Operator Multiply not found.
2881 [main] DEBUG fr.expression4j.basic.impl.BinaryOperatorExpressionElement  - In checkOperator.
2881 [main] DEBUG fr.expression4j.basic.impl.BinaryOperatorExpressionElement  - In checkOperator.
2881 [main] DEBUG fr.expression4j.basic.impl.BinaryOperatorExpressionElement  - In checkOperator.
2881 [main] DEBUG fr.expression4j.basic.impl.BinaryOperatorExpressionElement  - In checkOperator.
2881 [main] DEBUG fr.expression4j.basic.impl.BinaryOperatorExpressionElement  - In checkOperator.
2881 [main] DEBUG fr.expression4j.basic.impl.BinaryOperatorExpressionElement  - Operator Divide not found.
2881 [main] DEBUG fr.expression4j.basic.impl.BinaryOperatorExpressionElement  - Operator Divide not found.
2881 [main] DEBUG fr.expression4j.basic.impl.BinaryOperatorExpressionElement  - Operator Divide not found.
2881 [main] DEBUG fr.expression4j.basic.impl.BinaryOperatorExpressionElement  - Operator Divide not found.
2881 [main] DEBUG fr.expression4j.basic.impl.BinaryOperatorExpressionElement  - Operator Divide not found.
2881 [main] DEBUG fr.expression4j.basic.impl.BinaryOperatorExpressionElement  - No operator found.
2881 [main] DEBUG fr.expression4j.basic.impl.BinaryOperatorExpressionElement  - No operator found.
2881 [main] DEBUG fr.expression4j.basic.impl.BinaryOperatorExpressionElement  - No operator found.
2881 [main] DEBUG fr.expression4j.basic.impl.BinaryOperatorExpressionElement  - No operator found.
2881 [main] DEBUG fr.expression4j.basic.impl.BinaryOperatorExpressionElement  - No operator found.
2881 [main] DEBUG fr.expression4j.basic.impl.BinaryOperatorExpressionElement  - In parseElement.
2881 [main] DEBUG fr.expression4j.basic.impl.BinaryOperatorExpressionElement  - In parseElement.
2881 [main] DEBUG fr.expression4j.basic.impl.BinaryOperatorExpressionElement  - In parseElement.
2881 [main] DEBUG fr.expression4j.basic.impl.BinaryOperatorExpressionElement  - In parseElement.
2881 [main] DEBUG fr.expression4j.basic.impl.BinaryOperatorExpressionElement  - In parseElement.
2881 [main] DEBUG fr.expression4j.basic.impl.BinaryOperatorExpressionElement  - Current end position: 4
2881 [main] DEBUG fr.expression4j.basic.impl.BinaryOperatorExpressionElement  - Current end position: 4
2881 [main] DEBUG fr.expression4j.basic.impl.BinaryOperatorExpressionElement  - Current end position: 4
2881 [main] DEBUG fr.expression4j.basic.impl.BinaryOperatorExpressionElement  - Current end position: 4
2881 [main] DEBUG fr.expression4j.basic.impl.BinaryOperatorExpressionElement  - Current end position: 4
2881 [main] DEBUG fr.expression4j.basic.impl.BinaryOperatorExpressionElement  - In checkOperator.
2881 [main] DEBUG fr.expression4j.basic.impl.BinaryOperatorExpressionElement  - In checkOperator.
2881 [main] DEBUG fr.expression4j.basic.impl.BinaryOperatorExpressionElement  - In checkOperator.
2881 [main] DEBUG fr.expression4j.basic.impl.BinaryOperatorExpressionElement  - In checkOperator.
2881 [main] DEBUG fr.expression4j.basic.impl.BinaryOperatorExpressionElement  - In checkOperator.
2886 [main] DEBUG fr.expression4j.basic.impl.BinaryOperatorExpressionElement  - Operator Plus not found.
2886 [main] DEBUG fr.expression4j.basic.impl.BinaryOperatorExpressionElement  - Operator Plus not found.
2886 [main] DEBUG fr.expression4j.basic.impl.BinaryOperatorExpressionElement  - Operator Plus not found.
2886 [main] DEBUG fr.expression4j.basic.impl.BinaryOperatorExpressionElement  - Operator Plus not found.
2886 [main] DEBUG fr.expression4j.basic.impl.BinaryOperatorExpressionElement  - Operator Plus not found.
2886 [main] DEBUG fr.expression4j.basic.impl.BinaryOperatorExpressionElement  - In checkOperator.
2886 [main] DEBUG fr.expression4j.basic.impl.BinaryOperatorExpressionElement  - In checkOperator.
2886 [main] DEBUG fr.expression4j.basic.impl.BinaryOperatorExpressionElement  - In checkOperator.
2886 [main] DEBUG fr.expression4j.basic.impl.BinaryOperatorExpressionElement  - In checkOperator.
2886 [main] DEBUG fr.expression4j.basic.impl.BinaryOperatorExpressionElement  - In checkOperator.
2886 [main] DEBUG fr.expression4j.basic.impl.BinaryOperatorExpressionElement  - Operator Minus not found.
2886 [main] DEBUG fr.expression4j.basic.impl.BinaryOperatorExpressionElement  - Operator Minus not found.
2886 [main] DEBUG fr.expression4j.basic.impl.BinaryOperatorExpressionElement  - Operator Minus not found.
2886 [main] DEBUG fr.expression4j.basic.impl.BinaryOperatorExpressionElement  - Operator Minus not found.
2886 [main] DEBUG fr.expression4j.basic.impl.BinaryOperatorExpressionElement  - Operator Minus not found.
2886 [main] DEBUG fr.expression4j.basic.impl.BinaryOperatorExpressionElement  - No operator found.
2886 [main] DEBUG fr.expression4j.basic.impl.BinaryOperatorExpressionElement  - No operator found.
2886 [main] DEBUG fr.expression4j.basic.impl.BinaryOperatorExpressionElement  - No operator found.
2886 [main] DEBUG fr.expression4j.basic.impl.BinaryOperatorExpressionElement  - No operator found.
2886 [main] DEBUG fr.expression4j.basic.impl.BinaryOperatorExpressionElement  - No operator found.
2886 [main] DEBUG fr.expression4j.basic.impl.BinaryOperatorExpressionElement  - In parseElement.
2886 [main] DEBUG fr.expression4j.basic.impl.BinaryOperatorExpressionElement  - In parseElement.
2886 [main] DEBUG fr.expression4j.basic.impl.BinaryOperatorExpressionElement  - In parseElement.
2886 [main] DEBUG fr.expression4j.basic.impl.BinaryOperatorExpressionElement  - In parseElement.
2886 [main] DEBUG fr.expression4j.basic.impl.BinaryOperatorExpressionElement  - In parseElement.
2886 [main] DEBUG fr.expression4j.basic.impl.BinaryOperatorExpressionElement  - Current end position: 5
2886 [main] DEBUG fr.expression4j.basic.impl.BinaryOperatorExpressionElement  - Current end position: 5
2886 [main] DEBUG fr.expression4j.basic.impl.BinaryOperatorExpressionElement  - Current end position: 5
2886 [main] DEBUG fr.expression4j.basic.impl.BinaryOperatorExpressionElement  - Current end position: 5
2886 [main] DEBUG fr.expression4j.basic.impl.BinaryOperatorExpressionElement  - Current end position: 5
2886 [main] DEBUG fr.expression4j.basic.impl.BinaryOperatorExpressionElement  - In checkOperator.
2886 [main] DEBUG fr.expression4j.basic.impl.BinaryOperatorExpressionElement  - In checkOperator.
2886 [main] DEBUG fr.expression4j.basic.impl.BinaryOperatorExpressionElement  - In checkOperator.
2886 [main] DEBUG fr.expression4j.basic.impl.BinaryOperatorExpressionElement  - In checkOperator.
2886 [main] DEBUG fr.expression4j.basic.impl.BinaryOperatorExpressionElement  - In checkOperator.
2887 [main] DEBUG fr.expression4j.basic.impl.BinaryOperatorExpressionElement  - Operator Pow not found.
2887 [main] DEBUG fr.expression4j.basic.impl.BinaryOperatorExpressionElement  - Operator Pow not found.
2887 [main] DEBUG fr.expression4j.basic.impl.BinaryOperatorExpressionElement  - Operator Pow not found.
2887 [main] DEBUG fr.expression4j.basic.impl.BinaryOperatorExpressionElement  - Operator Pow not found.
2887 [main] DEBUG fr.expression4j.basic.impl.BinaryOperatorExpressionElement  - Operator Pow not found.
2887 [main] DEBUG fr.expression4j.basic.impl.BinaryOperatorExpressionElement  - No operator found.
2887 [main] DEBUG fr.expression4j.basic.impl.BinaryOperatorExpressionElement  - No operator found.
2887 [main] DEBUG fr.expression4j.basic.impl.BinaryOperatorExpressionElement  - No operator found.
2887 [main] DEBUG fr.expression4j.basic.impl.BinaryOperatorExpressionElement  - No operator found.
2887 [main] DEBUG fr.expression4j.basic.impl.BinaryOperatorExpressionElement  - No operator found.
2887 [main] DEBUG fr.expression4j.basic.impl.BinaryOperatorExpressionElement  - In parseElement.
2887 [main] DEBUG fr.expression4j.basic.impl.BinaryOperatorExpressionElement  - In parseElement.
2887 [main] DEBUG fr.expression4j.basic.impl.BinaryOperatorExpressionElement  - In parseElement.
2887 [main] DEBUG fr.expression4j.basic.impl.BinaryOperatorExpressionElement  - In parseElement.
2887 [main] DEBUG fr.expression4j.basic.impl.BinaryOperatorExpressionElement  - In parseElement.
2887 [main] DEBUG fr.expression4j.basic.impl.BinaryOperatorExpressionElement  - Current end position: 5
2887 [main] DEBUG fr.expression4j.basic.impl.BinaryOperatorExpressionElement  - Current end position: 5
2887 [main] DEBUG fr.expression4j.basic.impl.BinaryOperatorExpressionElement  - Current end position: 5
2887 [main] DEBUG fr.expression4j.basic.impl.BinaryOperatorExpressionElement  - Current end position: 5
2887 [main] DEBUG fr.expression4j.basic.impl.BinaryOperatorExpressionElement  - Current end position: 5
2887 [main] DEBUG fr.expression4j.basic.impl.BinaryOperatorExpressionElement  - In checkOperator.
2887 [main] DEBUG fr.expression4j.basic.impl.BinaryOperatorExpressionElement  - In checkOperator.
2887 [main] DEBUG fr.expression4j.basic.impl.BinaryOperatorExpressionElement  - In checkOperator.
2887 [main] DEBUG fr.expression4j.basic.impl.BinaryOperatorExpressionElement  - In checkOperator.
2887 [main] DEBUG fr.expression4j.basic.impl.BinaryOperatorExpressionElement  - In checkOperator.
2887 [main] DEBUG fr.expression4j.basic.impl.BinaryOperatorExpressionElement  - Operator Multiply not found.
2887 [main] DEBUG fr.expression4j.basic.impl.BinaryOperatorExpressionElement  - Operator Multiply not found.
2887 [main] DEBUG fr.expression4j.basic.impl.BinaryOperatorExpressionElement  - Operator Multiply not found.
2887 [main] DEBUG fr.expression4j.basic.impl.BinaryOperatorExpressionElement  - Operator Multiply not found.
2887 [main] DEBUG fr.expression4j.basic.impl.BinaryOperatorExpressionElement  - Operator Multiply not found.
2887 [main] DEBUG fr.expression4j.basic.impl.BinaryOperatorExpressionElement  - In checkOperator.
2887 [main] DEBUG fr.expression4j.basic.impl.BinaryOperatorExpressionElement  - In checkOperator.
2887 [main] DEBUG fr.expression4j.basic.impl.BinaryOperatorExpressionElement  - In checkOperator.
2887 [main] DEBUG fr.expression4j.basic.impl.BinaryOperatorExpressionElement  - In checkOperator.
2887 [main] DEBUG fr.expression4j.basic.impl.BinaryOperatorExpressionElement  - In checkOperator.
2887 [main] DEBUG fr.expression4j.basic.impl.BinaryOperatorExpressionElement  - Operator Divide not found.
2887 [main] DEBUG fr.expression4j.basic.impl.BinaryOperatorExpressionElement  - Operator Divide not found.
2887 [main] DEBUG fr.expression4j.basic.impl.BinaryOperatorExpressionElement  - Operator Divide not found.
2887 [main] DEBUG fr.expression4j.basic.impl.BinaryOperatorExpressionElement  - Operator Divide not found.
2887 [main] DEBUG fr.expression4j.basic.impl.BinaryOperatorExpressionElement  - Operator Divide not found.
2887 [main] DEBUG fr.expression4j.basic.impl.BinaryOperatorExpressionElement  - No operator found.
2887 [main] DEBUG fr.expression4j.basic.impl.BinaryOperatorExpressionElement  - No operator found.
2887 [main] DEBUG fr.expression4j.basic.impl.BinaryOperatorExpressionElement  - No operator found.
2887 [main] DEBUG fr.expression4j.basic.impl.BinaryOperatorExpressionElement  - No operator found.
2887 [main] DEBUG fr.expression4j.basic.impl.BinaryOperatorExpressionElement  - No operator found.
2887 [main] DEBUG fr.expression4j.basic.impl.BinaryOperatorExpressionElement  - In parseElement.
2887 [main] DEBUG fr.expression4j.basic.impl.BinaryOperatorExpressionElement  - In parseElement.
2887 [main] DEBUG fr.expression4j.basic.impl.BinaryOperatorExpressionElement  - In parseElement.
2887 [main] DEBUG fr.expression4j.basic.impl.BinaryOperatorExpressionElement  - In parseElement.
2887 [main] DEBUG fr.expression4j.basic.impl.BinaryOperatorExpressionElement  - In parseElement.
2887 [main] DEBUG fr.expression4j.basic.impl.BinaryOperatorExpressionElement  - Current end position: 5
2887 [main] DEBUG fr.expression4j.basic.impl.BinaryOperatorExpressionElement  - Current end position: 5
2887 [main] DEBUG fr.expression4j.basic.impl.BinaryOperatorExpressionElement  - Current end position: 5
2887 [main] DEBUG fr.expression4j.basic.impl.BinaryOperatorExpressionElement  - Current end position: 5
2887 [main] DEBUG fr.expression4j.basic.impl.BinaryOperatorExpressionElement  - Current end position: 5
2887 [main] DEBUG fr.expression4j.basic.impl.BinaryOperatorExpressionElement  - In checkOperator.
2887 [main] DEBUG fr.expression4j.basic.impl.BinaryOperatorExpressionElement  - In checkOperator.
2887 [main] DEBUG fr.expression4j.basic.impl.BinaryOperatorExpressionElement  - In checkOperator.
2887 [main] DEBUG fr.expression4j.basic.impl.BinaryOperatorExpressionElement  - In checkOperator.
2887 [main] DEBUG fr.expression4j.basic.impl.BinaryOperatorExpressionElement  - In checkOperator.
2887 [main] DEBUG fr.expression4j.basic.impl.BinaryOperatorExpressionElement  - Operator Plus not found.
2887 [main] DEBUG fr.expression4j.basic.impl.BinaryOperatorExpressionElement  - Operator Plus not found.
2887 [main] DEBUG fr.expression4j.basic.impl.BinaryOperatorExpressionElement  - Operator Plus not found.
2887 [main] DEBUG fr.expression4j.basic.impl.BinaryOperatorExpressionElement  - Operator Plus not found.
2887 [main] DEBUG fr.expression4j.basic.impl.BinaryOperatorExpressionElement  - Operator Plus not found.
2888 [main] DEBUG fr.expression4j.basic.impl.BinaryOperatorExpressionElement  - In checkOperator.
2888 [main] DEBUG fr.expression4j.basic.impl.BinaryOperatorExpressionElement  - In checkOperator.
2888 [main] DEBUG fr.expression4j.basic.impl.BinaryOperatorExpressionElement  - In checkOperator.
2888 [main] DEBUG fr.expression4j.basic.impl.BinaryOperatorExpressionElement  - In checkOperator.
2888 [main] DEBUG fr.expression4j.basic.impl.BinaryOperatorExpressionElement  - In checkOperator.
2888 [main] DEBUG fr.expression4j.basic.impl.BinaryOperatorExpressionElement  - Operator Minus not found.
2888 [main] DEBUG fr.expression4j.basic.impl.BinaryOperatorExpressionElement  - Operator Minus not found.
2888 [main] DEBUG fr.expression4j.basic.impl.BinaryOperatorExpressionElement  - Operator Minus not found.
2888 [main] DEBUG fr.expression4j.basic.impl.BinaryOperatorExpressionElement  - Operator Minus not found.
2888 [main] DEBUG fr.expression4j.basic.impl.BinaryOperatorExpressionElement  - Operator Minus not found.
2888 [main] DEBUG fr.expression4j.basic.impl.BinaryOperatorExpressionElement  - No operator found.
2888 [main] DEBUG fr.expression4j.basic.impl.BinaryOperatorExpressionElement  - No operator found.
2888 [main] DEBUG fr.expression4j.basic.impl.BinaryOperatorExpressionElement  - No operator found.
2888 [main] DEBUG fr.expression4j.basic.impl.BinaryOperatorExpressionElement  - No operator found.
2888 [main] DEBUG fr.expression4j.basic.impl.BinaryOperatorExpressionElement  - No operator found.
2888 [main] DEBUG fr.expression4j.basic.impl.ComplexOrRealExpressionElement  - In parseElement
2888 [main] DEBUG fr.expression4j.basic.impl.ComplexOrRealExpressionElement  - In parseElement
2888 [main] DEBUG fr.expression4j.basic.impl.ComplexOrRealExpressionElement  - In parseElement
2888 [main] DEBUG fr.expression4j.basic.impl.ComplexOrRealExpressionElement  - In parseElement
2888 [main] DEBUG fr.expression4j.basic.impl.ComplexOrRealExpressionElement  - In parseElement
2888 [main] DEBUG fr.expression4j.basic.impl.ComplexOrRealExpressionElement  - start position: 0
2888 [main] DEBUG fr.expression4j.basic.impl.ComplexOrRealExpressionElement  - start position: 0
2888 [main] DEBUG fr.expression4j.basic.impl.ComplexOrRealExpressionElement  - start position: 0
2888 [main] DEBUG fr.expression4j.basic.impl.ComplexOrRealExpressionElement  - start position: 0
2888 [main] DEBUG fr.expression4j.basic.impl.ComplexOrRealExpressionElement  - start position: 0
2889 [main] DEBUG fr.expression4j.basic.impl.ComplexOrRealExpressionElement  - In parseElement
2889 [main] DEBUG fr.expression4j.basic.impl.ComplexOrRealExpressionElement  - In parseElement
2889 [main] DEBUG fr.expression4j.basic.impl.ComplexOrRealExpressionElement  - In parseElement
2889 [main] DEBUG fr.expression4j.basic.impl.ComplexOrRealExpressionElement  - In parseElement
2889 [main] DEBUG fr.expression4j.basic.impl.ComplexOrRealExpressionElement  - In parseElement
2889 [main] DEBUG fr.expression4j.basic.impl.ComplexOrRealExpressionElement  - start position: 0
2889 [main] DEBUG fr.expression4j.basic.impl.ComplexOrRealExpressionElement  - start position: 0
2889 [main] DEBUG fr.expression4j.basic.impl.ComplexOrRealExpressionElement  - start position: 0
2889 [main] DEBUG fr.expression4j.basic.impl.ComplexOrRealExpressionElement  - start position: 0
2889 [main] DEBUG fr.expression4j.basic.impl.ComplexOrRealExpressionElement  - start position: 0
2894 [main] DEBUG fr.expression4j.basic.impl.ComplexOrRealExpressionElement  - In parseElement
2894 [main] DEBUG fr.expression4j.basic.impl.ComplexOrRealExpressionElement  - In parseElement
2894 [main] DEBUG fr.expression4j.basic.impl.ComplexOrRealExpressionElement  - In parseElement
2894 [main] DEBUG fr.expression4j.basic.impl.ComplexOrRealExpressionElement  - In parseElement
2894 [main] DEBUG fr.expression4j.basic.impl.ComplexOrRealExpressionElement  - In parseElement
2894 [main] DEBUG fr.expression4j.basic.impl.ComplexOrRealExpressionElement  - start position: 0
2894 [main] DEBUG fr.expression4j.basic.impl.ComplexOrRealExpressionElement  - start position: 0
2894 [main] DEBUG fr.expression4j.basic.impl.ComplexOrRealExpressionElement  - start position: 0
2894 [main] DEBUG fr.expression4j.basic.impl.ComplexOrRealExpressionElement  - start position: 0
2894 [main] DEBUG fr.expression4j.basic.impl.ComplexOrRealExpressionElement  - start position: 0
2894 [main] DEBUG fr.expression4j.basic.impl.ComplexImpl  - In constructor: real: 0.0 complex: 6.0
2894 [main] DEBUG fr.expression4j.basic.impl.ComplexImpl  - In constructor: real: 0.0 complex: 6.0
2894 [main] DEBUG fr.expression4j.basic.impl.ComplexImpl  - In constructor: real: 0.0 complex: 6.0
2894 [main] DEBUG fr.expression4j.basic.impl.ComplexImpl  - In constructor: real: 0.0 complex: 6.0
2894 [main] DEBUG fr.expression4j.basic.impl.ComplexImpl  - In constructor: real: 0.0 complex: 6.0
2894 [main] DEBUG fr.expression4j.basic.impl.ComplexOrRealExpressionElement  - In parseElement
2894 [main] DEBUG fr.expression4j.basic.impl.ComplexOrRealExpressionElement  - In parseElement
2894 [main] DEBUG fr.expression4j.basic.impl.ComplexOrRealExpressionElement  - In parseElement
2894 [main] DEBUG fr.expression4j.basic.impl.ComplexOrRealExpressionElement  - In parseElement
2894 [main] DEBUG fr.expression4j.basic.impl.ComplexOrRealExpressionElement  - In parseElement
2894 [main] DEBUG fr.expression4j.basic.impl.ComplexOrRealExpressionElement  - start position: 0
2894 [main] DEBUG fr.expression4j.basic.impl.ComplexOrRealExpressionElement  - start position: 0
2894 [main] DEBUG fr.expression4j.basic.impl.ComplexOrRealExpressionElement  - start position: 0
2894 [main] DEBUG fr.expression4j.basic.impl.ComplexOrRealExpressionElement  - start position: 0
2894 [main] DEBUG fr.expression4j.basic.impl.ComplexOrRealExpressionElement  - start position: 0
2895 [main] DEBUG fr.expression4j.basic.impl.ComplexImpl  - In constructor: real: 0.0 complex: 6.2E-5
2895 [main] DEBUG fr.expression4j.basic.impl.ComplexImpl  - In constructor: real: 0.0 complex: 6.2E-5
2895 [main] DEBUG fr.expression4j.basic.impl.ComplexImpl  - In constructor: real: 0.0 complex: 6.2E-5
2895 [main] DEBUG fr.expression4j.basic.impl.ComplexImpl  - In constructor: real: 0.0 complex: 6.2E-5
2895 [main] DEBUG fr.expression4j.basic.impl.ComplexImpl  - In constructor: real: 0.0 complex: 6.2E-5
2895 [main] DEBUG fr.expression4j.basic.impl.ComplexOrRealExpressionElement  - In parseElement
2895 [main] DEBUG fr.expression4j.basic.impl.ComplexOrRealExpressionElement  - In parseElement
2895 [main] DEBUG fr.expression4j.basic.impl.ComplexOrRealExpressionElement  - In parseElement
2895 [main] DEBUG fr.expression4j.basic.impl.ComplexOrRealExpressionElement  - In parseElement
2895 [main] DEBUG fr.expression4j.basic.impl.ComplexOrRealExpressionElement  - In parseElement
2895 [main] DEBUG fr.expression4j.basic.impl.ComplexOrRealExpressionElement  - start position: 0
2895 [main] DEBUG fr.expression4j.basic.impl.ComplexOrRealExpressionElement  - start position: 0
2895 [main] DEBUG fr.expression4j.basic.impl.ComplexOrRealExpressionElement  - start position: 0
2895 [main] DEBUG fr.expression4j.basic.impl.ComplexOrRealExpressionElement  - start position: 0
2895 [main] DEBUG fr.expression4j.basic.impl.ComplexOrRealExpressionElement  - start position: 0
2895 [main] DEBUG fr.expression4j.basic.impl.ComplexOrRealExpressionElement  - In parseElement
2895 [main] DEBUG fr.expression4j.basic.impl.ComplexOrRealExpressionElement  - In parseElement
2895 [main] DEBUG fr.expression4j.basic.impl.ComplexOrRealExpressionElement  - In parseElement
2895 [main] DEBUG fr.expression4j.basic.impl.ComplexOrRealExpressionElement  - In parseElement
2895 [main] DEBUG fr.expression4j.basic.impl.ComplexOrRealExpressionElement  - In parseElement
2896 [main] DEBUG fr.expression4j.basic.impl.ComplexOrRealExpressionElement  - start position: 0
2896 [main] DEBUG fr.expression4j.basic.impl.ComplexOrRealExpressionElement  - start position: 0
2896 [main] DEBUG fr.expression4j.basic.impl.ComplexOrRealExpressionElement  - start position: 0
2896 [main] DEBUG fr.expression4j.basic.impl.ComplexOrRealExpressionElement  - start position: 0
2896 [main] DEBUG fr.expression4j.basic.impl.ComplexOrRealExpressionElement  - start position: 0
2896 [main] DEBUG fr.expression4j.factory.ExpressionFactory  - Create expression.
2896 [main] DEBUG fr.expression4j.factory.ExpressionFactory  - Create expression.
2896 [main] DEBUG fr.expression4j.factory.ExpressionFactory  - Create expression.
2896 [main] DEBUG fr.expression4j.factory.ExpressionFactory  - Create expression.
2896 [main] DEBUG fr.expression4j.factory.ExpressionFactory  - Create expression.
2896 [main] DEBUG fr.expression4j.factory.ExpressionFactory  - Expression to create: f(x)=3
2896 [main] DEBUG fr.expression4j.factory.ExpressionFactory  - Expression to create: f(x)=3
2896 [main] DEBUG fr.expression4j.factory.ExpressionFactory  - Expression to create: f(x)=3
2896 [main] DEBUG fr.expression4j.factory.ExpressionFactory  - Expression to create: f(x)=3
2896 [main] DEBUG fr.expression4j.factory.ExpressionFactory  - Expression to create: f(x)=3
2896 [main] DEBUG fr.expression4j.factory.ExpressionFactory  - Catalog: general
2896 [main] DEBUG fr.expression4j.factory.ExpressionFactory  - Catalog: general
2896 [main] DEBUG fr.expression4j.factory.ExpressionFactory  - Catalog: general
2896 [main] DEBUG fr.expression4j.factory.ExpressionFactory  - Catalog: general
2896 [main] DEBUG fr.expression4j.factory.ExpressionFactory  - Catalog: general
2896 [main] DEBUG fr.expression4j.factory.ExpressionFactory  - Model: default
2896 [main] DEBUG fr.expression4j.factory.ExpressionFactory  - Model: default
2896 [main] DEBUG fr.expression4j.factory.ExpressionFactory  - Model: default
2896 [main] DEBUG fr.expression4j.factory.ExpressionFactory  - Model: default
2896 [main] DEBUG fr.expression4j.factory.ExpressionFactory  - Model: default
2896 [main] DEBUG fr.expression4j.basic.impl.ComplexOrRealExpressionElement  - In parseElement
2896 [main] DEBUG fr.expression4j.basic.impl.ComplexOrRealExpressionElement  - In parseElement
2896 [main] DEBUG fr.expression4j.basic.impl.ComplexOrRealExpressionElement  - In parseElement
2896 [main] DEBUG fr.expression4j.basic.impl.ComplexOrRealExpressionElement  - In parseElement
2896 [main] DEBUG fr.expression4j.basic.impl.ComplexOrRealExpressionElement  - In parseElement
2896 [main] DEBUG fr.expression4j.basic.impl.ComplexOrRealExpressionElement  - start position: 5
2896 [main] DEBUG fr.expression4j.basic.impl.ComplexOrRealExpressionElement  - start position: 5
2896 [main] DEBUG fr.expression4j.basic.impl.ComplexOrRealExpressionElement  - start position: 5
2896 [main] DEBUG fr.expression4j.basic.impl.ComplexOrRealExpressionElement  - start position: 5
2896 [main] DEBUG fr.expression4j.basic.impl.ComplexOrRealExpressionElement  - start position: 5
2896 [main] DEBUG fr.expression4j.factory.ExpressionFactory  - Expression created
2896 [main] DEBUG fr.expression4j.factory.ExpressionFactory  - Expression created
2896 [main] DEBUG fr.expression4j.factory.ExpressionFactory  - Expression created
2896 [main] DEBUG fr.expression4j.factory.ExpressionFactory  - Expression created
2896 [main] DEBUG fr.expression4j.factory.ExpressionFactory  - Expression created
2896 [main] DEBUG fr.expression4j.basic.impl.ComplexOrRealExpressionElement  - In parseElement
2896 [main] DEBUG fr.expression4j.basic.impl.ComplexOrRealExpressionElement  - In parseElement
2896 [main] DEBUG fr.expression4j.basic.impl.ComplexOrRealExpressionElement  - In parseElement
2896 [main] DEBUG fr.expression4j.basic.impl.ComplexOrRealExpressionElement  - In parseElement
2896 [main] DEBUG fr.expression4j.basic.impl.ComplexOrRealExpressionElement  - In parseElement
2896 [main] DEBUG fr.expression4j.basic.impl.ComplexOrRealExpressionElement  - start position: 0
2896 [main] DEBUG fr.expression4j.basic.impl.ComplexOrRealExpressionElement  - start position: 0
2896 [main] DEBUG fr.expression4j.basic.impl.ComplexOrRealExpressionElement  - start position: 0
2896 [main] DEBUG fr.expression4j.basic.impl.ComplexOrRealExpressionElement  - start position: 0
2896 [main] DEBUG fr.expression4j.basic.impl.ComplexOrRealExpressionElement  - start position: 0
2896 [main] DEBUG fr.expression4j.basic.impl.ComplexOrRealExpressionElement  - In parseElement
2896 [main] DEBUG fr.expression4j.basic.impl.ComplexOrRealExpressionElement  - In parseElement
2896 [main] DEBUG fr.expression4j.basic.impl.ComplexOrRealExpressionElement  - In parseElement
2896 [main] DEBUG fr.expression4j.basic.impl.ComplexOrRealExpressionElement  - In parseElement
2896 [main] DEBUG fr.expression4j.basic.impl.ComplexOrRealExpressionElement  - In parseElement
2897 [main] DEBUG fr.expression4j.basic.impl.ComplexOrRealExpressionElement  - start position: 2
2897 [main] DEBUG fr.expression4j.basic.impl.ComplexOrRealExpressionElement  - start position: 2
2897 [main] DEBUG fr.expression4j.basic.impl.ComplexOrRealExpressionElement  - start position: 2
2897 [main] DEBUG fr.expression4j.basic.impl.ComplexOrRealExpressionElement  - start position: 2
2897 [main] DEBUG fr.expression4j.basic.impl.ComplexOrRealExpressionElement  - start position: 2
2897 [main] DEBUG fr.expression4j.basic.impl.BinaryOperatorExpressionElement  - In parseElement.
2897 [main] DEBUG fr.expression4j.basic.impl.BinaryOperatorExpressionElement  - In parseElement.
2897 [main] DEBUG fr.expression4j.basic.impl.BinaryOperatorExpressionElement  - In parseElement.
2897 [main] DEBUG fr.expression4j.basic.impl.BinaryOperatorExpressionElement  - In parseElement.
2897 [main] DEBUG fr.expression4j.basic.impl.BinaryOperatorExpressionElement  - In parseElement.
2897 [main] DEBUG fr.expression4j.basic.impl.BinaryOperatorExpressionElement  - Current end position: 3
2897 [main] DEBUG fr.expression4j.basic.impl.BinaryOperatorExpressionElement  - Current end position: 3
2897 [main] DEBUG fr.expression4j.basic.impl.BinaryOperatorExpressionElement  - Current end position: 3
2897 [main] DEBUG fr.expression4j.basic.impl.BinaryOperatorExpressionElement  - Current end position: 3
2897 [main] DEBUG fr.expression4j.basic.impl.BinaryOperatorExpressionElement  - Current end position: 3
2897 [main] DEBUG fr.expression4j.basic.impl.BinaryOperatorExpressionElement  - In checkOperator.
2897 [main] DEBUG fr.expression4j.basic.impl.BinaryOperatorExpressionElement  - In checkOperator.
2897 [main] DEBUG fr.expression4j.basic.impl.BinaryOperatorExpressionElement  - In checkOperator.
2897 [main] DEBUG fr.expression4j.basic.impl.BinaryOperatorExpressionElement  - In checkOperator.
2897 [main] DEBUG fr.expression4j.basic.impl.BinaryOperatorExpressionElement  - In checkOperator.
2897 [main] DEBUG fr.expression4j.basic.impl.BinaryOperatorExpressionElement  - Operator Pow not found.
2897 [main] DEBUG fr.expression4j.basic.impl.BinaryOperatorExpressionElement  - Operator Pow not found.
2897 [main] DEBUG fr.expression4j.basic.impl.BinaryOperatorExpressionElement  - Operator Pow not found.
2897 [main] DEBUG fr.expression4j.basic.impl.BinaryOperatorExpressionElement  - Operator Pow not found.
2897 [main] DEBUG fr.expression4j.basic.impl.BinaryOperatorExpressionElement  - Operator Pow not found.
2897 [main] DEBUG fr.expression4j.basic.impl.BinaryOperatorExpressionElement  - No operator found.
2897 [main] DEBUG fr.expression4j.basic.impl.BinaryOperatorExpressionElement  - No operator found.
2897 [main] DEBUG fr.expression4j.basic.impl.BinaryOperatorExpressionElement  - No operator found.
2897 [main] DEBUG fr.expression4j.basic.impl.BinaryOperatorExpressionElement  - No operator found.
2897 [main] DEBUG fr.expression4j.basic.impl.BinaryOperatorExpressionElement  - No operator found.
2897 [main] DEBUG fr.expression4j.basic.impl.BinaryOperatorExpressionElement  - In parseElement.
2897 [main] DEBUG fr.expression4j.basic.impl.BinaryOperatorExpressionElement  - In parseElement.
2897 [main] DEBUG fr.expression4j.basic.impl.BinaryOperatorExpressionElement  - In parseElement.
2897 [main] DEBUG fr.expression4j.basic.impl.BinaryOperatorExpressionElement  - In parseElement.
2897 [main] DEBUG fr.expression4j.basic.impl.BinaryOperatorExpressionElement  - In parseElement.
2897 [main] DEBUG fr.expression4j.basic.impl.BinaryOperatorExpressionElement  - Current end position: 3
2897 [main] DEBUG fr.expression4j.basic.impl.BinaryOperatorExpressionElement  - Current end position: 3
2897 [main] DEBUG fr.expression4j.basic.impl.BinaryOperatorExpressionElement  - Current end position: 3
2897 [main] DEBUG fr.expression4j.basic.impl.BinaryOperatorExpressionElement  - Current end position: 3
2897 [main] DEBUG fr.expression4j.basic.impl.BinaryOperatorExpressionElement  - Current end position: 3
2897 [main] DEBUG fr.expression4j.basic.impl.BinaryOperatorExpressionElement  - In checkOperator.
2897 [main] DEBUG fr.expression4j.basic.impl.BinaryOperatorExpressionElement  - In checkOperator.
2897 [main] DEBUG fr.expression4j.basic.impl.BinaryOperatorExpressionElement  - In checkOperator.
2897 [main] DEBUG fr.expression4j.basic.impl.BinaryOperatorExpressionElement  - In checkOperator.
2897 [main] DEBUG fr.expression4j.basic.impl.BinaryOperatorExpressionElement  - In checkOperator.
2897 [main] DEBUG fr.expression4j.basic.impl.BinaryOperatorExpressionElement  - Operator Multiply not found.
2897 [main] DEBUG fr.expression4j.basic.impl.BinaryOperatorExpressionElement  - Operator Multiply not found.
2897 [main] DEBUG fr.expression4j.basic.impl.BinaryOperatorExpressionElement  - Operator Multiply not found.
2897 [main] DEBUG fr.expression4j.basic.impl.BinaryOperatorExpressionElement  - Operator Multiply not found.
2897 [main] DEBUG fr.expression4j.basic.impl.BinaryOperatorExpressionElement  - Operator Multiply not found.
2897 [main] DEBUG fr.expression4j.basic.impl.BinaryOperatorExpressionElement  - In checkOperator.
2897 [main] DEBUG fr.expression4j.basic.impl.BinaryOperatorExpressionElement  - In checkOperator.
2897 [main] DEBUG fr.expression4j.basic.impl.BinaryOperatorExpressionElement  - In checkOperator.
2897 [main] DEBUG fr.expression4j.basic.impl.BinaryOperatorExpressionElement  - In checkOperator.
2897 [main] DEBUG fr.expression4j.basic.impl.BinaryOperatorExpressionElement  - In checkOperator.
2897 [main] DEBUG fr.expression4j.basic.impl.BinaryOperatorExpressionElement  - Operator Divide not found.
2897 [main] DEBUG fr.expression4j.basic.impl.BinaryOperatorExpressionElement  - Operator Divide not found.
2897 [main] DEBUG fr.expression4j.basic.impl.BinaryOperatorExpressionElement  - Operator Divide not found.
2897 [main] DEBUG fr.expression4j.basic.impl.BinaryOperatorExpressionElement  - Operator Divide not found.
2897 [main] DEBUG fr.expression4j.basic.impl.BinaryOperatorExpressionElement  - Operator Divide not found.
2898 [main] DEBUG fr.expression4j.basic.impl.BinaryOperatorExpressionElement  - No operator found.
2898 [main] DEBUG fr.expression4j.basic.impl.BinaryOperatorExpressionElement  - No operator found.
2898 [main] DEBUG fr.expression4j.basic.impl.BinaryOperatorExpressionElement  - No operator found.
2898 [main] DEBUG fr.expression4j.basic.impl.BinaryOperatorExpressionElement  - No operator found.
2898 [main] DEBUG fr.expression4j.basic.impl.BinaryOperatorExpressionElement  - No operator found.
2898 [main] DEBUG fr.expression4j.basic.impl.BinaryOperatorExpressionElement  - In parseElement.
2898 [main] DEBUG fr.expression4j.basic.impl.BinaryOperatorExpressionElement  - In parseElement.
2898 [main] DEBUG fr.expression4j.basic.impl.BinaryOperatorExpressionElement  - In parseElement.
2898 [main] DEBUG fr.expression4j.basic.impl.BinaryOperatorExpressionElement  - In parseElement.
2898 [main] DEBUG fr.expression4j.basic.impl.BinaryOperatorExpressionElement  - In parseElement.
2898 [main] DEBUG fr.expression4j.basic.impl.BinaryOperatorExpressionElement  - Current end position: 3
2898 [main] DEBUG fr.expression4j.basic.impl.BinaryOperatorExpressionElement  - Current end position: 3
2898 [main] DEBUG fr.expression4j.basic.impl.BinaryOperatorExpressionElement  - Current end position: 3
2898 [main] DEBUG fr.expression4j.basic.impl.BinaryOperatorExpressionElement  - Current end position: 3
2898 [main] DEBUG fr.expression4j.basic.impl.BinaryOperatorExpressionElement  - Current end position: 3
2898 [main] DEBUG fr.expression4j.basic.impl.BinaryOperatorExpressionElement  - In checkOperator.
2898 [main] DEBUG fr.expression4j.basic.impl.BinaryOperatorExpressionElement  - In checkOperator.
2898 [main] DEBUG fr.expression4j.basic.impl.BinaryOperatorExpressionElement  - In checkOperator.
2898 [main] DEBUG fr.expression4j.basic.impl.BinaryOperatorExpressionElement  - In checkOperator.
2898 [main] DEBUG fr.expression4j.basic.impl.BinaryOperatorExpressionElement  - In checkOperator.
2898 [main] DEBUG fr.expression4j.basic.impl.BinaryOperatorExpressionElement  - Operator Plus not found.
2898 [main] DEBUG fr.expression4j.basic.impl.BinaryOperatorExpressionElement  - Operator Plus not found.
2898 [main] DEBUG fr.expression4j.basic.impl.BinaryOperatorExpressionElement  - Operator Plus not found.
2898 [main] DEBUG fr.expression4j.basic.impl.BinaryOperatorExpressionElement  - Operator Plus not found.
2898 [main] DEBUG fr.expression4j.basic.impl.BinaryOperatorExpressionElement  - Operator Plus not found.
2898 [main] DEBUG fr.expression4j.basic.impl.BinaryOperatorExpressionElement  - In checkOperator.
2898 [main] DEBUG fr.expression4j.basic.impl.BinaryOperatorExpressionElement  - In checkOperator.
2898 [main] DEBUG fr.expression4j.basic.impl.BinaryOperatorExpressionElement  - In checkOperator.
2898 [main] DEBUG fr.expression4j.basic.impl.BinaryOperatorExpressionElement  - In checkOperator.
2898 [main] DEBUG fr.expression4j.basic.impl.BinaryOperatorExpressionElement  - In checkOperator.
2898 [main] DEBUG fr.expression4j.basic.impl.BinaryOperatorExpressionElement  - Operator Minus not found.
2898 [main] DEBUG fr.expression4j.basic.impl.BinaryOperatorExpressionElement  - Operator Minus not found.
2898 [main] DEBUG fr.expression4j.basic.impl.BinaryOperatorExpressionElement  - Operator Minus not found.
2898 [main] DEBUG fr.expression4j.basic.impl.BinaryOperatorExpressionElement  - Operator Minus not found.
2898 [main] DEBUG fr.expression4j.basic.impl.BinaryOperatorExpressionElement  - Operator Minus not found.
2898 [main] DEBUG fr.expression4j.basic.impl.BinaryOperatorExpressionElement  - No operator found.
2898 [main] DEBUG fr.expression4j.basic.impl.BinaryOperatorExpressionElement  - No operator found.
2898 [main] DEBUG fr.expression4j.basic.impl.BinaryOperatorExpressionElement  - No operator found.
2898 [main] DEBUG fr.expression4j.basic.impl.BinaryOperatorExpressionElement  - No operator found.
2898 [main] DEBUG fr.expression4j.basic.impl.BinaryOperatorExpressionElement  - No operator found.
2898 [main] DEBUG fr.expression4j.basic.impl.ComplexOrRealExpressionElement  - In parseElement
2898 [main] DEBUG fr.expression4j.basic.impl.ComplexOrRealExpressionElement  - In parseElement
2898 [main] DEBUG fr.expression4j.basic.impl.ComplexOrRealExpressionElement  - In parseElement
2898 [main] DEBUG fr.expression4j.basic.impl.ComplexOrRealExpressionElement  - In parseElement
2898 [main] DEBUG fr.expression4j.basic.impl.ComplexOrRealExpressionElement  - In parseElement
2898 [main] DEBUG fr.expression4j.basic.impl.ComplexOrRealExpressionElement  - start position: 0
2898 [main] DEBUG fr.expression4j.basic.impl.ComplexOrRealExpressionElement  - start position: 0
2898 [main] DEBUG fr.expression4j.basic.impl.ComplexOrRealExpressionElement  - start position: 0
2898 [main] DEBUG fr.expression4j.basic.impl.ComplexOrRealExpressionElement  - start position: 0
2898 [main] DEBUG fr.expression4j.basic.impl.ComplexOrRealExpressionElement  - start position: 0
2898 [main] DEBUG fr.expression4j.basic.impl.ComplexOrRealExpressionElement  - In parseElement
2898 [main] DEBUG fr.expression4j.basic.impl.ComplexOrRealExpressionElement  - In parseElement
2898 [main] DEBUG fr.expression4j.basic.impl.ComplexOrRealExpressionElement  - In parseElement
2898 [main] DEBUG fr.expression4j.basic.impl.ComplexOrRealExpressionElement  - In parseElement
2898 [main] DEBUG fr.expression4j.basic.impl.ComplexOrRealExpressionElement  - In parseElement
2898 [main] DEBUG fr.expression4j.basic.impl.ComplexOrRealExpressionElement  - start position: 1
2898 [main] DEBUG fr.expression4j.basic.impl.ComplexOrRealExpressionElement  - start position: 1
2898 [main] DEBUG fr.expression4j.basic.impl.ComplexOrRealExpressionElement  - start position: 1
2898 [main] DEBUG fr.expression4j.basic.impl.ComplexOrRealExpressionElement  - start position: 1
2898 [main] DEBUG fr.expression4j.basic.impl.ComplexOrRealExpressionElement  - start position: 1
2899 [main] DEBUG fr.expression4j.basic.impl.ComplexOrRealExpressionElement  - In parseElement
2899 [main] DEBUG fr.expression4j.basic.impl.ComplexOrRealExpressionElement  - In parseElement
2899 [main] DEBUG fr.expression4j.basic.impl.ComplexOrRealExpressionElement  - In parseElement
2899 [main] DEBUG fr.expression4j.basic.impl.ComplexOrRealExpressionElement  - In parseElement
2899 [main] DEBUG fr.expression4j.basic.impl.ComplexOrRealExpressionElement  - In parseElement
2899 [main] DEBUG fr.expression4j.basic.impl.ComplexOrRealExpressionElement  - start position: 3
2899 [main] DEBUG fr.expression4j.basic.impl.ComplexOrRealExpressionElement  - start position: 3
2899 [main] DEBUG fr.expression4j.basic.impl.ComplexOrRealExpressionElement  - start position: 3
2899 [main] DEBUG fr.expression4j.basic.impl.ComplexOrRealExpressionElement  - start position: 3
2899 [main] DEBUG fr.expression4j.basic.impl.ComplexOrRealExpressionElement  - start position: 3
2899 [main] DEBUG fr.expression4j.basic.impl.BinaryOperatorExpressionElement  - In parseElement.
2899 [main] DEBUG fr.expression4j.basic.impl.BinaryOperatorExpressionElement  - In parseElement.
2899 [main] DEBUG fr.expression4j.basic.impl.BinaryOperatorExpressionElement  - In parseElement.
2899 [main] DEBUG fr.expression4j.basic.impl.BinaryOperatorExpressionElement  - In parseElement.
2899 [main] DEBUG fr.expression4j.basic.impl.BinaryOperatorExpressionElement  - In parseElement.
2899 [main] DEBUG fr.expression4j.basic.impl.BinaryOperatorExpressionElement  - Current end position: 4
2899 [main] DEBUG fr.expression4j.basic.impl.BinaryOperatorExpressionElement  - Current end position: 4
2899 [main] DEBUG fr.expression4j.basic.impl.BinaryOperatorExpressionElement  - Current end position: 4
2899 [main] DEBUG fr.expression4j.basic.impl.BinaryOperatorExpressionElement  - Current end position: 4
2899 [main] DEBUG fr.expression4j.basic.impl.BinaryOperatorExpressionElement  - Current end position: 4
2899 [main] DEBUG fr.expression4j.basic.impl.BinaryOperatorExpressionElement  - In checkOperator.
2899 [main] DEBUG fr.expression4j.basic.impl.BinaryOperatorExpressionElement  - In checkOperator.
2899 [main] DEBUG fr.expression4j.basic.impl.BinaryOperatorExpressionElement  - In checkOperator.
2899 [main] DEBUG fr.expression4j.basic.impl.BinaryOperatorExpressionElement  - In checkOperator.
2899 [main] DEBUG fr.expression4j.basic.impl.BinaryOperatorExpressionElement  - In checkOperator.
2900 [main] DEBUG fr.expression4j.basic.impl.BinaryOperatorExpressionElement  - Operator Pow not found.
2900 [main] DEBUG fr.expression4j.basic.impl.BinaryOperatorExpressionElement  - Operator Pow not found.
2900 [main] DEBUG fr.expression4j.basic.impl.BinaryOperatorExpressionElement  - Operator Pow not found.
2900 [main] DEBUG fr.expression4j.basic.impl.BinaryOperatorExpressionElement  - Operator Pow not found.
2900 [main] DEBUG fr.expression4j.basic.impl.BinaryOperatorExpressionElement  - Operator Pow not found.
2900 [main] DEBUG fr.expression4j.basic.impl.BinaryOperatorExpressionElement  - No operator found.
2900 [main] DEBUG fr.expression4j.basic.impl.BinaryOperatorExpressionElement  - No operator found.
2900 [main] DEBUG fr.expression4j.basic.impl.BinaryOperatorExpressionElement  - No operator found.
2900 [main] DEBUG fr.expression4j.basic.impl.BinaryOperatorExpressionElement  - No operator found.
2900 [main] DEBUG fr.expression4j.basic.impl.BinaryOperatorExpressionElement  - No operator found.
2900 [main] DEBUG fr.expression4j.basic.impl.BinaryOperatorExpressionElement  - In parseElement.
2900 [main] DEBUG fr.expression4j.basic.impl.BinaryOperatorExpressionElement  - In parseElement.
2900 [main] DEBUG fr.expression4j.basic.impl.BinaryOperatorExpressionElement  - In parseElement.
2900 [main] DEBUG fr.expression4j.basic.impl.BinaryOperatorExpressionElement  - In parseElement.
2900 [main] DEBUG fr.expression4j.basic.impl.BinaryOperatorExpressionElement  - In parseElement.
2900 [main] DEBUG fr.expression4j.basic.impl.BinaryOperatorExpressionElement  - Current end position: 4
2900 [main] DEBUG fr.expression4j.basic.impl.BinaryOperatorExpressionElement  - Current end position: 4
2900 [main] DEBUG fr.expression4j.basic.impl.BinaryOperatorExpressionElement  - Current end position: 4
2900 [main] DEBUG fr.expression4j.basic.impl.BinaryOperatorExpressionElement  - Current end position: 4
2900 [main] DEBUG fr.expression4j.basic.impl.BinaryOperatorExpressionElement  - Current end position: 4
2900 [main] DEBUG fr.expression4j.basic.impl.BinaryOperatorExpressionElement  - In checkOperator.
2900 [main] DEBUG fr.expression4j.basic.impl.BinaryOperatorExpressionElement  - In checkOperator.
2900 [main] DEBUG fr.expression4j.basic.impl.BinaryOperatorExpressionElement  - In checkOperator.
2900 [main] DEBUG fr.expression4j.basic.impl.BinaryOperatorExpressionElement  - In checkOperator.
2900 [main] DEBUG fr.expression4j.basic.impl.BinaryOperatorExpressionElement  - In checkOperator.
2900 [main] DEBUG fr.expression4j.basic.impl.BinaryOperatorExpressionElement  - Operator Multiply not found.
2900 [main] DEBUG fr.expression4j.basic.impl.BinaryOperatorExpressionElement  - Operator Multiply not found.
2900 [main] DEBUG fr.expression4j.basic.impl.BinaryOperatorExpressionElement  - Operator Multiply not found.
2900 [main] DEBUG fr.expression4j.basic.impl.BinaryOperatorExpressionElement  - Operator Multiply not found.
2900 [main] DEBUG fr.expression4j.basic.impl.BinaryOperatorExpressionElement  - Operator Multiply not found.
2900 [main] DEBUG fr.expression4j.basic.impl.BinaryOperatorExpressionElement  - In checkOperator.
2900 [main] DEBUG fr.expression4j.basic.impl.BinaryOperatorExpressionElement  - In checkOperator.
2900 [main] DEBUG fr.expression4j.basic.impl.BinaryOperatorExpressionElement  - In checkOperator.
2900 [main] DEBUG fr.expression4j.basic.impl.BinaryOperatorExpressionElement  - In checkOperator.
2900 [main] DEBUG fr.expression4j.basic.impl.BinaryOperatorExpressionElement  - In checkOperator.
2900 [main] DEBUG fr.expression4j.basic.impl.BinaryOperatorExpressionElement  - Operator Divide not found.
2900 [main] DEBUG fr.expression4j.basic.impl.BinaryOperatorExpressionElement  - Operator Divide not found.
2900 [main] DEBUG fr.expression4j.basic.impl.BinaryOperatorExpressionElement  - Operator Divide not found.
2900 [main] DEBUG fr.expression4j.basic.impl.BinaryOperatorExpressionElement  - Operator Divide not found.
2900 [main] DEBUG fr.expression4j.basic.impl.BinaryOperatorExpressionElement  - Operator Divide not found.
2900 [main] DEBUG fr.expression4j.basic.impl.BinaryOperatorExpressionElement  - No operator found.
2900 [main] DEBUG fr.expression4j.basic.impl.BinaryOperatorExpressionElement  - No operator found.
2900 [main] DEBUG fr.expression4j.basic.impl.BinaryOperatorExpressionElement  - No operator found.
2900 [main] DEBUG fr.expression4j.basic.impl.BinaryOperatorExpressionElement  - No operator found.
2900 [main] DEBUG fr.expression4j.basic.impl.BinaryOperatorExpressionElement  - No operator found.
2900 [main] DEBUG fr.expression4j.basic.impl.BinaryOperatorExpressionElement  - In parseElement.
2900 [main] DEBUG fr.expression4j.basic.impl.BinaryOperatorExpressionElement  - In parseElement.
2900 [main] DEBUG fr.expression4j.basic.impl.BinaryOperatorExpressionElement  - In parseElement.
2900 [main] DEBUG fr.expression4j.basic.impl.BinaryOperatorExpressionElement  - In parseElement.
2900 [main] DEBUG fr.expression4j.basic.impl.BinaryOperatorExpressionElement  - In parseElement.
2900 [main] DEBUG fr.expression4j.basic.impl.BinaryOperatorExpressionElement  - Current end position: 4
2900 [main] DEBUG fr.expression4j.basic.impl.BinaryOperatorExpressionElement  - Current end position: 4
2900 [main] DEBUG fr.expression4j.basic.impl.BinaryOperatorExpressionElement  - Current end position: 4
2900 [main] DEBUG fr.expression4j.basic.impl.BinaryOperatorExpressionElement  - Current end position: 4
2900 [main] DEBUG fr.expression4j.basic.impl.BinaryOperatorExpressionElement  - Current end position: 4
2900 [main] DEBUG fr.expression4j.basic.impl.BinaryOperatorExpressionElement  - In checkOperator.
2900 [main] DEBUG fr.expression4j.basic.impl.BinaryOperatorExpressionElement  - In checkOperator.
2900 [main] DEBUG fr.expression4j.basic.impl.BinaryOperatorExpressionElement  - In checkOperator.
2900 [main] DEBUG fr.expression4j.basic.impl.BinaryOperatorExpressionElement  - In checkOperator.
2900 [main] DEBUG fr.expression4j.basic.impl.BinaryOperatorExpressionElement  - In checkOperator.
2900 [main] DEBUG fr.expression4j.basic.impl.BinaryOperatorExpressionElement  - Operator Plus not found.
2900 [main] DEBUG fr.expression4j.basic.impl.BinaryOperatorExpressionElement  - Operator Plus not found.
2900 [main] DEBUG fr.expression4j.basic.impl.BinaryOperatorExpressionElement  - Operator Plus not found.
2900 [main] DEBUG fr.expression4j.basic.impl.BinaryOperatorExpressionElement  - Operator Plus not found.
2900 [main] DEBUG fr.expression4j.basic.impl.BinaryOperatorExpressionElement  - Operator Plus not found.
2901 [main] DEBUG fr.expression4j.basic.impl.BinaryOperatorExpressionElement  - In checkOperator.
2901 [main] DEBUG fr.expression4j.basic.impl.BinaryOperatorExpressionElement  - In checkOperator.
2901 [main] DEBUG fr.expression4j.basic.impl.BinaryOperatorExpressionElement  - In checkOperator.
2901 [main] DEBUG fr.expression4j.basic.impl.BinaryOperatorExpressionElement  - In checkOperator.
2901 [main] DEBUG fr.expression4j.basic.impl.BinaryOperatorExpressionElement  - In checkOperator.
2901 [main] DEBUG fr.expression4j.basic.impl.BinaryOperatorExpressionElement  - Operator Minus not found.
2901 [main] DEBUG fr.expression4j.basic.impl.BinaryOperatorExpressionElement  - Operator Minus not found.
2901 [main] DEBUG fr.expression4j.basic.impl.BinaryOperatorExpressionElement  - Operator Minus not found.
2901 [main] DEBUG fr.expression4j.basic.impl.BinaryOperatorExpressionElement  - Operator Minus not found.
2901 [main] DEBUG fr.expression4j.basic.impl.BinaryOperatorExpressionElement  - Operator Minus not found.
2901 [main] DEBUG fr.expression4j.basic.impl.BinaryOperatorExpressionElement  - No operator found.
2901 [main] DEBUG fr.expression4j.basic.impl.BinaryOperatorExpressionElement  - No operator found.
2901 [main] DEBUG fr.expression4j.basic.impl.BinaryOperatorExpressionElement  - No operator found.
2901 [main] DEBUG fr.expression4j.basic.impl.BinaryOperatorExpressionElement  - No operator found.
2901 [main] DEBUG fr.expression4j.basic.impl.BinaryOperatorExpressionElement  - No operator found.
2901 [main] DEBUG fr.expression4j.basic.impl.BinaryOperatorExpressionElement  - In parseElement.
2901 [main] DEBUG fr.expression4j.basic.impl.BinaryOperatorExpressionElement  - In parseElement.
2901 [main] DEBUG fr.expression4j.basic.impl.BinaryOperatorExpressionElement  - In parseElement.
2901 [main] DEBUG fr.expression4j.basic.impl.BinaryOperatorExpressionElement  - In parseElement.
2901 [main] DEBUG fr.expression4j.basic.impl.BinaryOperatorExpressionElement  - In parseElement.
2901 [main] DEBUG fr.expression4j.basic.impl.BinaryOperatorExpressionElement  - Current end position: 5
2901 [main] DEBUG fr.expression4j.basic.impl.BinaryOperatorExpressionElement  - Current end position: 5
2901 [main] DEBUG fr.expression4j.basic.impl.BinaryOperatorExpressionElement  - Current end position: 5
2901 [main] DEBUG fr.expression4j.basic.impl.BinaryOperatorExpressionElement  - Current end position: 5
2901 [main] DEBUG fr.expression4j.basic.impl.BinaryOperatorExpressionElement  - Current end position: 5
2901 [main] DEBUG fr.expression4j.basic.impl.BinaryOperatorExpressionElement  - In checkOperator.
2901 [main] DEBUG fr.expression4j.basic.impl.BinaryOperatorExpressionElement  - In checkOperator.
2901 [main] DEBUG fr.expression4j.basic.impl.BinaryOperatorExpressionElement  - In checkOperator.
2901 [main] DEBUG fr.expression4j.basic.impl.BinaryOperatorExpressionElement  - In checkOperator.
2901 [main] DEBUG fr.expression4j.basic.impl.BinaryOperatorExpressionElement  - In checkOperator.
2901 [main] DEBUG fr.expression4j.basic.impl.BinaryOperatorExpressionElement  - Operator Pow not found.
2901 [main] DEBUG fr.expression4j.basic.impl.BinaryOperatorExpressionElement  - Operator Pow not found.
2901 [main] DEBUG fr.expression4j.basic.impl.BinaryOperatorExpressionElement  - Operator Pow not found.
2901 [main] DEBUG fr.expression4j.basic.impl.BinaryOperatorExpressionElement  - Operator Pow not found.
2901 [main] DEBUG fr.expression4j.basic.impl.BinaryOperatorExpressionElement  - Operator Pow not found.
2901 [main] DEBUG fr.expression4j.basic.impl.BinaryOperatorExpressionElement  - No operator found.
2901 [main] DEBUG fr.expression4j.basic.impl.BinaryOperatorExpressionElement  - No operator found.
2901 [main] DEBUG fr.expression4j.basic.impl.BinaryOperatorExpressionElement  - No operator found.
2901 [main] DEBUG fr.expression4j.basic.impl.BinaryOperatorExpressionElement  - No operator found.
2901 [main] DEBUG fr.expression4j.basic.impl.BinaryOperatorExpressionElement  - No operator found.
2901 [main] DEBUG fr.expression4j.basic.impl.BinaryOperatorExpressionElement  - In parseElement.
2901 [main] DEBUG fr.expression4j.basic.impl.BinaryOperatorExpressionElement  - In parseElement.
2901 [main] DEBUG fr.expression4j.basic.impl.BinaryOperatorExpressionElement  - In parseElement.
2901 [main] DEBUG fr.expression4j.basic.impl.BinaryOperatorExpressionElement  - In parseElement.
2901 [main] DEBUG fr.expression4j.basic.impl.BinaryOperatorExpressionElement  - In parseElement.
2901 [main] DEBUG fr.expression4j.basic.impl.BinaryOperatorExpressionElement  - Current end position: 5
2901 [main] DEBUG fr.expression4j.basic.impl.BinaryOperatorExpressionElement  - Current end position: 5
2901 [main] DEBUG fr.expression4j.basic.impl.BinaryOperatorExpressionElement  - Current end position: 5
2901 [main] DEBUG fr.expression4j.basic.impl.BinaryOperatorExpressionElement  - Current end position: 5
2901 [main] DEBUG fr.expression4j.basic.impl.BinaryOperatorExpressionElement  - Current end position: 5
2901 [main] DEBUG fr.expression4j.basic.impl.BinaryOperatorExpressionElement  - In checkOperator.
2901 [main] DEBUG fr.expression4j.basic.impl.BinaryOperatorExpressionElement  - In checkOperator.
2901 [main] DEBUG fr.expression4j.basic.impl.BinaryOperatorExpressionElement  - In checkOperator.
2901 [main] DEBUG fr.expression4j.basic.impl.BinaryOperatorExpressionElement  - In checkOperator.
2901 [main] DEBUG fr.expression4j.basic.impl.BinaryOperatorExpressionElement  - In checkOperator.
2901 [main] DEBUG fr.expression4j.basic.impl.BinaryOperatorExpressionElement  - Operator Multiply not found.
2901 [main] DEBUG fr.expression4j.basic.impl.BinaryOperatorExpressionElement  - Operator Multiply not found.
2901 [main] DEBUG fr.expression4j.basic.impl.BinaryOperatorExpressionElement  - Operator Multiply not found.
2901 [main] DEBUG fr.expression4j.basic.impl.BinaryOperatorExpressionElement  - Operator Multiply not found.
2901 [main] DEBUG fr.expression4j.basic.impl.BinaryOperatorExpressionElement  - Operator Multiply not found.
2901 [main] DEBUG fr.expression4j.basic.impl.BinaryOperatorExpressionElement  - In checkOperator.
2901 [main] DEBUG fr.expression4j.basic.impl.BinaryOperatorExpressionElement  - In checkOperator.
2901 [main] DEBUG fr.expression4j.basic.impl.BinaryOperatorExpressionElement  - In checkOperator.
2901 [main] DEBUG fr.expression4j.basic.impl.BinaryOperatorExpressionElement  - In checkOperator.
2901 [main] DEBUG fr.expression4j.basic.impl.BinaryOperatorExpressionElement  - In checkOperator.
2902 [main] DEBUG fr.expression4j.basic.impl.BinaryOperatorExpressionElement  - Operator Divide not found.
2902 [main] DEBUG fr.expression4j.basic.impl.BinaryOperatorExpressionElement  - Operator Divide not found.
2902 [main] DEBUG fr.expression4j.basic.impl.BinaryOperatorExpressionElement  - Operator Divide not found.
2902 [main] DEBUG fr.expression4j.basic.impl.BinaryOperatorExpressionElement  - Operator Divide not found.
2902 [main] DEBUG fr.expression4j.basic.impl.BinaryOperatorExpressionElement  - Operator Divide not found.
2902 [main] DEBUG fr.expression4j.basic.impl.BinaryOperatorExpressionElement  - No operator found.
2902 [main] DEBUG fr.expression4j.basic.impl.BinaryOperatorExpressionElement  - No operator found.
2902 [main] DEBUG fr.expression4j.basic.impl.BinaryOperatorExpressionElement  - No operator found.
2902 [main] DEBUG fr.expression4j.basic.impl.BinaryOperatorExpressionElement  - No operator found.
2902 [main] DEBUG fr.expression4j.basic.impl.BinaryOperatorExpressionElement  - No operator found.
2902 [main] DEBUG fr.expression4j.basic.impl.BinaryOperatorExpressionElement  - In parseElement.
2902 [main] DEBUG fr.expression4j.basic.impl.BinaryOperatorExpressionElement  - In parseElement.
2902 [main] DEBUG fr.expression4j.basic.impl.BinaryOperatorExpressionElement  - In parseElement.
2902 [main] DEBUG fr.expression4j.basic.impl.BinaryOperatorExpressionElement  - In parseElement.
2902 [main] DEBUG fr.expression4j.basic.impl.BinaryOperatorExpressionElement  - In parseElement.
2902 [main] DEBUG fr.expression4j.basic.impl.BinaryOperatorExpressionElement  - Current end position: 5
2902 [main] DEBUG fr.expression4j.basic.impl.BinaryOperatorExpressionElement  - Current end position: 5
2902 [main] DEBUG fr.expression4j.basic.impl.BinaryOperatorExpressionElement  - Current end position: 5
2902 [main] DEBUG fr.expression4j.basic.impl.BinaryOperatorExpressionElement  - Current end position: 5
2902 [main] DEBUG fr.expression4j.basic.impl.BinaryOperatorExpressionElement  - Current end position: 5
2902 [main] DEBUG fr.expression4j.basic.impl.BinaryOperatorExpressionElement  - In checkOperator.
2902 [main] DEBUG fr.expression4j.basic.impl.BinaryOperatorExpressionElement  - In checkOperator.
2902 [main] DEBUG fr.expression4j.basic.impl.BinaryOperatorExpressionElement  - In checkOperator.
2902 [main] DEBUG fr.expression4j.basic.impl.BinaryOperatorExpressionElement  - In checkOperator.
2902 [main] DEBUG fr.expression4j.basic.impl.BinaryOperatorExpressionElement  - In checkOperator.
2902 [main] DEBUG fr.expression4j.basic.impl.BinaryOperatorExpressionElement  - Operator Plus not found.
2902 [main] DEBUG fr.expression4j.basic.impl.BinaryOperatorExpressionElement  - Operator Plus not found.
2902 [main] DEBUG fr.expression4j.basic.impl.BinaryOperatorExpressionElement  - Operator Plus not found.
2902 [main] DEBUG fr.expression4j.basic.impl.BinaryOperatorExpressionElement  - Operator Plus not found.
2902 [main] DEBUG fr.expression4j.basic.impl.BinaryOperatorExpressionElement  - Operator Plus not found.
2902 [main] DEBUG fr.expression4j.basic.impl.BinaryOperatorExpressionElement  - In checkOperator.
2902 [main] DEBUG fr.expression4j.basic.impl.BinaryOperatorExpressionElement  - In checkOperator.
2902 [main] DEBUG fr.expression4j.basic.impl.BinaryOperatorExpressionElement  - In checkOperator.
2902 [main] DEBUG fr.expression4j.basic.impl.BinaryOperatorExpressionElement  - In checkOperator.
2902 [main] DEBUG fr.expression4j.basic.impl.BinaryOperatorExpressionElement  - In checkOperator.
2902 [main] DEBUG fr.expression4j.basic.impl.BinaryOperatorExpressionElement  - Operator Minus not found.
2902 [main] DEBUG fr.expression4j.basic.impl.BinaryOperatorExpressionElement  - Operator Minus not found.
2902 [main] DEBUG fr.expression4j.basic.impl.BinaryOperatorExpressionElement  - Operator Minus not found.
2902 [main] DEBUG fr.expression4j.basic.impl.BinaryOperatorExpressionElement  - Operator Minus not found.
2902 [main] DEBUG fr.expression4j.basic.impl.BinaryOperatorExpressionElement  - Operator Minus not found.
2902 [main] DEBUG fr.expression4j.basic.impl.BinaryOperatorExpressionElement  - No operator found.
2902 [main] DEBUG fr.expression4j.basic.impl.BinaryOperatorExpressionElement  - No operator found.
2902 [main] DEBUG fr.expression4j.basic.impl.BinaryOperatorExpressionElement  - No operator found.
2902 [main] DEBUG fr.expression4j.basic.impl.BinaryOperatorExpressionElement  - No operator found.
2902 [main] DEBUG fr.expression4j.basic.impl.BinaryOperatorExpressionElement  - No operator found.
]]></system-out>
  <system-err><![CDATA[]]></system-err>
</testsuite>
